
CPPTRAJ: Trajectory Analysis. V16.00
    ___  ___  ___  ___
     | \/ | \/ | \/ | 
    _|_/\_|_/\_|_/\_|_

| Date/time: 06/20/16 16:27:06
| Available memory: 215.770 GB

INPUT: Reading input from 'cpptraj.in'
  [parm ../../3qdo11_E102DA103EA104DA105QA106HA107SS108QE109IS110T/prmtop]
	Reading '../../3qdo11_E102DA103EA104DA105QA106HA107SS108QE109IS110T/prmtop' as Amber Topology
  [trajin ../../3qdo11_E102DA103EA104DA105QA106HA107SS108QE109IS110T/no_restraint_new_protocol/min_NoH_*rst7"]
	Reading '../../3qdo11_E102DA103EA104DA105QA106HA107SS108QE109IS110T/no_restraint_new_protocol/min_NoH_2_4_1_2_mut_E102DA103EA104DA105QA106HA107SS108QE109IS110T_round_4_0005.rst7' as Amber NC Restart
	Reading '../../3qdo11_E102DA103EA104DA105QA106HA107SS108QE109IS110T/no_restraint_new_protocol/min_NoH_2_4_2_2_mut_E102DA103EA104DA105QA106HA107SS108QE109IS110T_round_4_0021.rst7' as Amber NC Restart
	Reading '../../3qdo11_E102DA103EA104DA105QA106HA107SS108QE109IS110T/no_restraint_new_protocol/min_NoH_2_4_2_2_mut_E102DA103EA104DA105QA106HA107SS108QE109IS110T_round_4_0023.rst7' as Amber NC Restart
	Reading '../../3qdo11_E102DA103EA104DA105QA106HA107SS108QE109IS110T/no_restraint_new_protocol/min_NoH_2_4_3_2_mut_E102DA103EA104DA105QA106HA107SS108QE109IS110T_round_4_0012.rst7' as Amber NC Restart
	Reading '../../3qdo11_E102DA103EA104DA105QA106HA107SS108QE109IS110T/no_restraint_new_protocol/min_NoH_2_4_3_2_mut_E102DA103EA104DA105QA106HA107SS108QE109IS110T_round_4_0013.rst7' as Amber NC Restart
	Reading '../../3qdo11_E102DA103EA104DA105QA106HA107SS108QE109IS110T/no_restraint_new_protocol/min_NoH_2_4_3_2_mut_E102DA103EA104DA105QA106HA107SS108QE109IS110T_round_4_0016.rst7' as Amber NC Restart
	Reading '../../3qdo11_E102DA103EA104DA105QA106HA107SS108QE109IS110T/no_restraint_new_protocol/min_NoH_2_4_4_2_mut_E102DA103EA104DA105QA106HA107SS108QE109IS110T_round_4_0003.rst7' as Amber NC Restart
	Reading '../../3qdo11_E102DA103EA104DA105QA106HA107SS108QE109IS110T/no_restraint_new_protocol/min_NoH_2_4_4_2_mut_E102DA103EA104DA105QA106HA107SS108QE109IS110T_round_4_0008.rst7' as Amber NC Restart
	Reading '../../3qdo11_E102DA103EA104DA105QA106HA107SS108QE109IS110T/no_restraint_new_protocol/min_NoH_2_4_4_2_mut_E102DA103EA104DA105QA106HA107SS108QE109IS110T_round_4_0009.rst7' as Amber NC Restart
	Reading '../../3qdo11_E102DA103EA104DA105QA106HA107SS108QE109IS110T/no_restraint_new_protocol/min_NoH_2_4_4_2_mut_E102DA103EA104DA105QA106HA107SS108QE109IS110T_round_4_0010.rst7' as Amber NC Restart
	Reading '../../3qdo11_E102DA103EA104DA105QA106HA107SS108QE109IS110T/no_restraint_new_protocol/min_NoH_2_4_5_2_mut_E102DA103EA104DA105QA106HA107SS108QE109IS110T_round_4_0009.rst7' as Amber NC Restart
	Reading '../../3qdo11_E102DA103EA104DA105QA106HA107SS108QE109IS110T/no_restraint_new_protocol/min_NoH_2_4_5_2_mut_E102DA103EA104DA105QA106HA107SS108QE109IS110T_round_4_0011.rst7' as Amber NC Restart
	Reading '../../3qdo11_E102DA103EA104DA105QA106HA107SS108QE109IS110T/no_restraint_new_protocol/min_NoH_2_4_5_2_mut_E102DA103EA104DA105QA106HA107SS108QE109IS110T_round_4_0013.rst7' as Amber NC Restart
	Reading '../../3qdo11_E102DA103EA104DA105QA106HA107SS108QE109IS110T/no_restraint_new_protocol/min_NoH_2_4_6_2_mut_E102DA103EA104DA105QA106HA107SS108QE109IS110T_round_4_0015.rst7' as Amber NC Restart
	Reading '../../3qdo11_E102DA103EA104DA105QA106HA107SS108QE109IS110T/no_restraint_new_protocol/min_NoH_2_4_7_2_mut_E102DA103EA104DA105QA106HA107SS108QE109IS110T_round_4_0006.rst7' as Amber NC Restart
	Reading '../../3qdo11_E102DA103EA104DA105QA106HA107SS108QE109IS110T/no_restraint_new_protocol/min_NoH_2_4_7_2_mut_E102DA103EA104DA105QA106HA107SS108QE109IS110T_round_4_0007.rst7' as Amber NC Restart
	Reading '../../3qdo11_E102DA103EA104DA105QA106HA107SS108QE109IS110T/no_restraint_new_protocol/min_NoH_2_4_7_2_mut_E102DA103EA104DA105QA106HA107SS108QE109IS110T_round_4_0018.rst7' as Amber NC Restart
	Reading '../../3qdo11_E102DA103EA104DA105QA106HA107SS108QE109IS110T/no_restraint_new_protocol/min_NoH_2_4_7_2_mut_E102DA103EA104DA105QA106HA107SS108QE109IS110T_round_4_0023.rst7' as Amber NC Restart
	Reading '../../3qdo11_E102DA103EA104DA105QA106HA107SS108QE109IS110T/no_restraint_new_protocol/min_NoH_2_4_8_2_mut_E102DA103EA104DA105QA106HA107SS108QE109IS110T_round_4_0007.rst7' as Amber NC Restart
	Reading '../../3qdo11_E102DA103EA104DA105QA106HA107SS108QE109IS110T/no_restraint_new_protocol/min_NoH_2_4_8_2_mut_E102DA103EA104DA105QA106HA107SS108QE109IS110T_round_4_0008.rst7' as Amber NC Restart
	Reading '../../3qdo11_E102DA103EA104DA105QA106HA107SS108QE109IS110T/no_restraint_new_protocol/min_NoH_8_1_1_8_mut_E102DA103EA104DA105QA106HA107SS108QE109IS110T_round_1_0004.rst7' as Amber NC Restart
	Reading '../../3qdo11_E102DA103EA104DA105QA106HA107SS108QE109IS110T/no_restraint_new_protocol/min_NoH_8_1_1_8_mut_E102DA103EA104DA105QA106HA107SS108QE109IS110T_round_1_0016.rst7' as Amber NC Restart
	Reading '../../3qdo11_E102DA103EA104DA105QA106HA107SS108QE109IS110T/no_restraint_new_protocol/min_NoH_8_1_2_8_mut_E102DA103EA104DA105QA106HA107SS108QE109IS110T_round_1_0009.rst7' as Amber NC Restart
	Reading '../../3qdo11_E102DA103EA104DA105QA106HA107SS108QE109IS110T/no_restraint_new_protocol/min_NoH_8_1_2_8_mut_E102DA103EA104DA105QA106HA107SS108QE109IS110T_round_1_0013.rst7' as Amber NC Restart
	Reading '../../3qdo11_E102DA103EA104DA105QA106HA107SS108QE109IS110T/no_restraint_new_protocol/min_NoH_8_1_4_8_mut_E102DA103EA104DA105QA106HA107SS108QE109IS110T_round_1_0009.rst7' as Amber NC Restart
	Reading '../../3qdo11_E102DA103EA104DA105QA106HA107SS108QE109IS110T/no_restraint_new_protocol/min_NoH_8_1_4_8_mut_E102DA103EA104DA105QA106HA107SS108QE109IS110T_round_1_0019.rst7' as Amber NC Restart
	Reading '../../3qdo11_E102DA103EA104DA105QA106HA107SS108QE109IS110T/no_restraint_new_protocol/min_NoH_8_1_4_8_mut_E102DA103EA104DA105QA106HA107SS108QE109IS110T_round_1_0023.rst7' as Amber NC Restart
	Reading '../../3qdo11_E102DA103EA104DA105QA106HA107SS108QE109IS110T/no_restraint_new_protocol/min_NoH_8_1_5_8_mut_E102DA103EA104DA105QA106HA107SS108QE109IS110T_round_1_0014.rst7' as Amber NC Restart
	Reading '../../3qdo11_E102DA103EA104DA105QA106HA107SS108QE109IS110T/no_restraint_new_protocol/min_NoH_8_1_5_8_mut_E102DA103EA104DA105QA106HA107SS108QE109IS110T_round_1_0017.rst7' as Amber NC Restart
	Reading '../../3qdo11_E102DA103EA104DA105QA106HA107SS108QE109IS110T/no_restraint_new_protocol/min_NoH_8_1_6_8_mut_E102DA103EA104DA105QA106HA107SS108QE109IS110T_round_1_0005.rst7' as Amber NC Restart
	Reading '../../3qdo11_E102DA103EA104DA105QA106HA107SS108QE109IS110T/no_restraint_new_protocol/min_NoH_8_1_6_8_mut_E102DA103EA104DA105QA106HA107SS108QE109IS110T_round_1_0007.rst7' as Amber NC Restart
	Reading '../../3qdo11_E102DA103EA104DA105QA106HA107SS108QE109IS110T/no_restraint_new_protocol/min_NoH_8_1_7_8_mut_E102DA103EA104DA105QA106HA107SS108QE109IS110T_round_1_0001.rst7' as Amber NC Restart
	Reading '../../3qdo11_E102DA103EA104DA105QA106HA107SS108QE109IS110T/no_restraint_new_protocol/min_NoH_8_1_7_8_mut_E102DA103EA104DA105QA106HA107SS108QE109IS110T_round_1_0003.rst7' as Amber NC Restart
	Reading '../../3qdo11_E102DA103EA104DA105QA106HA107SS108QE109IS110T/no_restraint_new_protocol/min_NoH_8_1_7_8_mut_E102DA103EA104DA105QA106HA107SS108QE109IS110T_round_1_0016.rst7' as Amber NC Restart
	Reading '../../3qdo11_E102DA103EA104DA105QA106HA107SS108QE109IS110T/no_restraint_new_protocol/min_NoH_8_1_7_8_mut_E102DA103EA104DA105QA106HA107SS108QE109IS110T_round_1_0024.rst7' as Amber NC Restart
	Reading '../../3qdo11_E102DA103EA104DA105QA106HA107SS108QE109IS110T/no_restraint_new_protocol/min_NoH_8_3_1_8_mut_E102DA103EA104DA105QA106HA107SS108QE109IS110T_round_3_0003.rst7' as Amber NC Restart
	Reading '../../3qdo11_E102DA103EA104DA105QA106HA107SS108QE109IS110T/no_restraint_new_protocol/min_NoH_8_3_2_8_mut_E102DA103EA104DA105QA106HA107SS108QE109IS110T_round_3_0024.rst7' as Amber NC Restart
	Reading '../../3qdo11_E102DA103EA104DA105QA106HA107SS108QE109IS110T/no_restraint_new_protocol/min_NoH_8_3_3_8_mut_E102DA103EA104DA105QA106HA107SS108QE109IS110T_round_3_0006.rst7' as Amber NC Restart
	Reading '../../3qdo11_E102DA103EA104DA105QA106HA107SS108QE109IS110T/no_restraint_new_protocol/min_NoH_8_3_4_8_mut_E102DA103EA104DA105QA106HA107SS108QE109IS110T_round_3_0004.rst7' as Amber NC Restart
	Reading '../../3qdo11_E102DA103EA104DA105QA106HA107SS108QE109IS110T/no_restraint_new_protocol/min_NoH_8_3_4_8_mut_E102DA103EA104DA105QA106HA107SS108QE109IS110T_round_3_0023.rst7' as Amber NC Restart
	Reading '../../3qdo11_E102DA103EA104DA105QA106HA107SS108QE109IS110T/no_restraint_new_protocol/min_NoH_8_3_5_8_mut_E102DA103EA104DA105QA106HA107SS108QE109IS110T_round_3_0001.rst7' as Amber NC Restart
	Reading '../../3qdo11_E102DA103EA104DA105QA106HA107SS108QE109IS110T/no_restraint_new_protocol/min_NoH_8_3_5_8_mut_E102DA103EA104DA105QA106HA107SS108QE109IS110T_round_3_0014.rst7' as Amber NC Restart
	Reading '../../3qdo11_E102DA103EA104DA105QA106HA107SS108QE109IS110T/no_restraint_new_protocol/min_NoH_8_3_5_8_mut_E102DA103EA104DA105QA106HA107SS108QE109IS110T_round_3_0024.rst7' as Amber NC Restart
	Reading '../../3qdo11_E102DA103EA104DA105QA106HA107SS108QE109IS110T/no_restraint_new_protocol/min_NoH_8_3_6_8_mut_E102DA103EA104DA105QA106HA107SS108QE109IS110T_round_3_0006.rst7' as Amber NC Restart
	Reading '../../3qdo11_E102DA103EA104DA105QA106HA107SS108QE109IS110T/no_restraint_new_protocol/min_NoH_8_3_6_8_mut_E102DA103EA104DA105QA106HA107SS108QE109IS110T_round_3_0008.rst7' as Amber NC Restart
	Reading '../../3qdo11_E102DA103EA104DA105QA106HA107SS108QE109IS110T/no_restraint_new_protocol/min_NoH_8_3_6_8_mut_E102DA103EA104DA105QA106HA107SS108QE109IS110T_round_3_0023.rst7' as Amber NC Restart
	Reading '../../3qdo11_E102DA103EA104DA105QA106HA107SS108QE109IS110T/no_restraint_new_protocol/min_NoH_8_3_7_8_mut_E102DA103EA104DA105QA106HA107SS108QE109IS110T_round_3_0010.rst7' as Amber NC Restart
	Reading '../../3qdo11_E102DA103EA104DA105QA106HA107SS108QE109IS110T/no_restraint_new_protocol/min_NoH_8_3_7_8_mut_E102DA103EA104DA105QA106HA107SS108QE109IS110T_round_3_0011.rst7' as Amber NC Restart
	Reading '../../3qdo11_E102DA103EA104DA105QA106HA107SS108QE109IS110T/no_restraint_new_protocol/min_NoH_8_3_7_8_mut_E102DA103EA104DA105QA106HA107SS108QE109IS110T_round_3_0012.rst7' as Amber NC Restart
	Reading '../../3qdo11_E102DA103EA104DA105QA106HA107SS108QE109IS110T/no_restraint_new_protocol/min_NoH_8_3_8_8_mut_E102DA103EA104DA105QA106HA107SS108QE109IS110T_round_3_0020.rst7' as Amber NC Restart
TIME: Total execution time: 0.6883 seconds.
--------------------------------------------------------------------------------
To cite CPPTRAJ use:
Daniel R. Roe and Thomas E. Cheatham, III, "PTRAJ and CPPTRAJ: Software for
  Processing and Analysis of Molecular Dynamics Trajectory Data". J. Chem.
  Theory Comput., 2013, 9 (7), pp 3084-3095.

