
CPPTRAJ: Trajectory Analysis. V16.00
    ___  ___  ___  ___
     | \/ | \/ | \/ | 
    _|_/\_|_/\_|_/\_|_

| Date/time: 06/20/16 16:27:16
| Available memory: 215.790 GB

INPUT: Reading input from 'cpptraj.in'
  [parm ../../1be908_A117NA118YA119K/prmtop]
	Reading '../../1be908_A117NA118YA119K/prmtop' as Amber Topology
  [trajin ../../1be908_A117NA118YA119K/no_restraint_new_protocol/min_NoH_*rst7"]
	Reading '../../1be908_A117NA118YA119K/no_restraint_new_protocol/min_NoH_1_2_10_1_mut_A117NA118YA119K_round_2_0001.rst7' as Amber NC Restart
	Reading '../../1be908_A117NA118YA119K/no_restraint_new_protocol/min_NoH_1_2_2_1_mut_A117NA118YA119K_round_2_0019.rst7' as Amber NC Restart
	Reading '../../1be908_A117NA118YA119K/no_restraint_new_protocol/min_NoH_1_2_2_1_mut_A117NA118YA119K_round_2_0020.rst7' as Amber NC Restart
	Reading '../../1be908_A117NA118YA119K/no_restraint_new_protocol/min_NoH_1_2_3_1_mut_A117NA118YA119K_round_2_0003.rst7' as Amber NC Restart
	Reading '../../1be908_A117NA118YA119K/no_restraint_new_protocol/min_NoH_1_2_3_1_mut_A117NA118YA119K_round_2_0012.rst7' as Amber NC Restart
	Reading '../../1be908_A117NA118YA119K/no_restraint_new_protocol/min_NoH_1_2_3_1_mut_A117NA118YA119K_round_2_0016.rst7' as Amber NC Restart
	Reading '../../1be908_A117NA118YA119K/no_restraint_new_protocol/min_NoH_1_2_4_1_mut_A117NA118YA119K_round_2_0010.rst7' as Amber NC Restart
	Reading '../../1be908_A117NA118YA119K/no_restraint_new_protocol/min_NoH_1_2_4_1_mut_A117NA118YA119K_round_2_0017.rst7' as Amber NC Restart
	Reading '../../1be908_A117NA118YA119K/no_restraint_new_protocol/min_NoH_1_2_6_1_mut_A117NA118YA119K_round_2_0008.rst7' as Amber NC Restart
	Reading '../../1be908_A117NA118YA119K/no_restraint_new_protocol/min_NoH_1_2_8_1_mut_A117NA118YA119K_round_2_0012.rst7' as Amber NC Restart
	Reading '../../1be908_A117NA118YA119K/no_restraint_new_protocol/min_NoH_1_2_9_1_mut_A117NA118YA119K_round_2_0012.rst7' as Amber NC Restart
	Reading '../../1be908_A117NA118YA119K/no_restraint_new_protocol/min_NoH_8_2_10_8_mut_A117NA118YA119K_round_2_0016.rst7' as Amber NC Restart
	Reading '../../1be908_A117NA118YA119K/no_restraint_new_protocol/min_NoH_8_2_1_8_mut_A117NA118YA119K_round_2_0006.rst7' as Amber NC Restart
	Reading '../../1be908_A117NA118YA119K/no_restraint_new_protocol/min_NoH_8_2_1_8_mut_A117NA118YA119K_round_2_0011.rst7' as Amber NC Restart
	Reading '../../1be908_A117NA118YA119K/no_restraint_new_protocol/min_NoH_8_2_1_8_mut_A117NA118YA119K_round_2_0019.rst7' as Amber NC Restart
	Reading '../../1be908_A117NA118YA119K/no_restraint_new_protocol/min_NoH_8_2_2_8_mut_A117NA118YA119K_round_2_0012.rst7' as Amber NC Restart
	Reading '../../1be908_A117NA118YA119K/no_restraint_new_protocol/min_NoH_8_2_2_8_mut_A117NA118YA119K_round_2_0016.rst7' as Amber NC Restart
	Reading '../../1be908_A117NA118YA119K/no_restraint_new_protocol/min_NoH_8_2_3_8_mut_A117NA118YA119K_round_2_0014.rst7' as Amber NC Restart
	Reading '../../1be908_A117NA118YA119K/no_restraint_new_protocol/min_NoH_8_2_3_8_mut_A117NA118YA119K_round_2_0019.rst7' as Amber NC Restart
	Reading '../../1be908_A117NA118YA119K/no_restraint_new_protocol/min_NoH_8_2_4_8_mut_A117NA118YA119K_round_2_0010.rst7' as Amber NC Restart
	Reading '../../1be908_A117NA118YA119K/no_restraint_new_protocol/min_NoH_8_2_4_8_mut_A117NA118YA119K_round_2_0011.rst7' as Amber NC Restart
	Reading '../../1be908_A117NA118YA119K/no_restraint_new_protocol/min_NoH_8_2_5_8_mut_A117NA118YA119K_round_2_0008.rst7' as Amber NC Restart
	Reading '../../1be908_A117NA118YA119K/no_restraint_new_protocol/min_NoH_8_2_5_8_mut_A117NA118YA119K_round_2_0014.rst7' as Amber NC Restart
	Reading '../../1be908_A117NA118YA119K/no_restraint_new_protocol/min_NoH_8_2_5_8_mut_A117NA118YA119K_round_2_0018.rst7' as Amber NC Restart
	Reading '../../1be908_A117NA118YA119K/no_restraint_new_protocol/min_NoH_8_2_6_8_mut_A117NA118YA119K_round_2_0009.rst7' as Amber NC Restart
	Reading '../../1be908_A117NA118YA119K/no_restraint_new_protocol/min_NoH_8_2_6_8_mut_A117NA118YA119K_round_2_0010.rst7' as Amber NC Restart
	Reading '../../1be908_A117NA118YA119K/no_restraint_new_protocol/min_NoH_8_2_6_8_mut_A117NA118YA119K_round_2_0016.rst7' as Amber NC Restart
	Reading '../../1be908_A117NA118YA119K/no_restraint_new_protocol/min_NoH_8_2_6_8_mut_A117NA118YA119K_round_2_0018.rst7' as Amber NC Restart
	Reading '../../1be908_A117NA118YA119K/no_restraint_new_protocol/min_NoH_8_2_7_8_mut_A117NA118YA119K_round_2_0001.rst7' as Amber NC Restart
	Reading '../../1be908_A117NA118YA119K/no_restraint_new_protocol/min_NoH_8_2_7_8_mut_A117NA118YA119K_round_2_0019.rst7' as Amber NC Restart
	Reading '../../1be908_A117NA118YA119K/no_restraint_new_protocol/min_NoH_8_2_8_8_mut_A117NA118YA119K_round_2_0003.rst7' as Amber NC Restart
	Reading '../../1be908_A117NA118YA119K/no_restraint_new_protocol/min_NoH_8_2_8_8_mut_A117NA118YA119K_round_2_0011.rst7' as Amber NC Restart
	Reading '../../1be908_A117NA118YA119K/no_restraint_new_protocol/min_NoH_8_2_9_8_mut_A117NA118YA119K_round_2_0001.rst7' as Amber NC Restart
	Reading '../../1be908_A117NA118YA119K/no_restraint_new_protocol/min_NoH_8_2_9_8_mut_A117NA118YA119K_round_2_0003.rst7' as Amber NC Restart
	Reading '../../1be908_A117NA118YA119K/no_restraint_new_protocol/min_NoH_8_2_9_8_mut_A117NA118YA119K_round_2_0007.rst7' as Amber NC Restart
	Reading '../../1be908_A117NA118YA119K/no_restraint_new_protocol/min_NoH_8_2_9_8_mut_A117NA118YA119K_round_2_0014.rst7' as Amber NC Restart
	Reading '../../1be908_A117NA118YA119K/no_restraint_new_protocol/min_NoH_8_2_9_8_mut_A117NA118YA119K_round_2_0020.rst7' as Amber NC Restart
	Reading '../../1be908_A117NA118YA119K/no_restraint_new_protocol/min_NoH_9_1_10_9_mut_A117NA118YA119K_round_1_0016.rst7' as Amber NC Restart
	Reading '../../1be908_A117NA118YA119K/no_restraint_new_protocol/min_NoH_9_1_2_9_mut_A117NA118YA119K_round_1_0006.rst7' as Amber NC Restart
	Reading '../../1be908_A117NA118YA119K/no_restraint_new_protocol/min_NoH_9_1_3_9_mut_A117NA118YA119K_round_1_0013.rst7' as Amber NC Restart
	Reading '../../1be908_A117NA118YA119K/no_restraint_new_protocol/min_NoH_9_1_3_9_mut_A117NA118YA119K_round_1_0020.rst7' as Amber NC Restart
	Reading '../../1be908_A117NA118YA119K/no_restraint_new_protocol/min_NoH_9_1_5_9_mut_A117NA118YA119K_round_1_0011.rst7' as Amber NC Restart
	Reading '../../1be908_A117NA118YA119K/no_restraint_new_protocol/min_NoH_9_1_5_9_mut_A117NA118YA119K_round_1_0017.rst7' as Amber NC Restart
	Reading '../../1be908_A117NA118YA119K/no_restraint_new_protocol/min_NoH_9_1_6_9_mut_A117NA118YA119K_round_1_0007.rst7' as Amber NC Restart
	Reading '../../1be908_A117NA118YA119K/no_restraint_new_protocol/min_NoH_9_1_6_9_mut_A117NA118YA119K_round_1_0013.rst7' as Amber NC Restart
	Reading '../../1be908_A117NA118YA119K/no_restraint_new_protocol/min_NoH_9_1_6_9_mut_A117NA118YA119K_round_1_0014.rst7' as Amber NC Restart
	Reading '../../1be908_A117NA118YA119K/no_restraint_new_protocol/min_NoH_9_1_8_9_mut_A117NA118YA119K_round_1_0002.rst7' as Amber NC Restart
	Reading '../../1be908_A117NA118YA119K/no_restraint_new_protocol/min_NoH_9_1_8_9_mut_A117NA118YA119K_round_1_0013.rst7' as Amber NC Restart
	Reading '../../1be908_A117NA118YA119K/no_restraint_new_protocol/min_NoH_9_1_8_9_mut_A117NA118YA119K_round_1_0014.rst7' as Amber NC Restart
	Reading '../../1be908_A117NA118YA119K/no_restraint_new_protocol/min_NoH_9_1_9_9_mut_A117NA118YA119K_round_1_0018.rst7' as Amber NC Restart
TIME: Total execution time: 0.6899 seconds.
--------------------------------------------------------------------------------
To cite CPPTRAJ use:
Daniel R. Roe and Thomas E. Cheatham, III, "PTRAJ and CPPTRAJ: Software for
  Processing and Analysis of Molecular Dynamics Trajectory Data". J. Chem.
  Theory Comput., 2013, 9 (7), pp 3084-3095.

