
CPPTRAJ: Trajectory Analysis. V16.00
    ___  ___  ___  ___
     | \/ | \/ | \/ | 
    _|_/\_|_/\_|_/\_|_

| Date/time: 06/20/16 16:26:58
| Available memory: 215.745 GB

INPUT: Reading input from 'cpptraj.in'
  [parm ../../3qdo06_S103EK106RV107F/prmtop]
	Reading '../../3qdo06_S103EK106RV107F/prmtop' as Amber Topology
  [trajin ../../3qdo06_S103EK106RV107F/no_restraint_new_protocol/min_NoH_*rst7"]
	Reading '../../3qdo06_S103EK106RV107F/no_restraint_new_protocol/min_NoH_1_2_2_1_mut_S103EK106RV107F_round_2_0008.rst7' as Amber NC Restart
	Reading '../../3qdo06_S103EK106RV107F/no_restraint_new_protocol/min_NoH_1_2_2_1_mut_S103EK106RV107F_round_2_0014.rst7' as Amber NC Restart
	Reading '../../3qdo06_S103EK106RV107F/no_restraint_new_protocol/min_NoH_1_2_3_1_mut_S103EK106RV107F_round_2_0006.rst7' as Amber NC Restart
	Reading '../../3qdo06_S103EK106RV107F/no_restraint_new_protocol/min_NoH_1_2_3_1_mut_S103EK106RV107F_round_2_0020.rst7' as Amber NC Restart
	Reading '../../3qdo06_S103EK106RV107F/no_restraint_new_protocol/min_NoH_1_2_4_1_mut_S103EK106RV107F_round_2_0002.rst7' as Amber NC Restart
	Reading '../../3qdo06_S103EK106RV107F/no_restraint_new_protocol/min_NoH_1_2_4_1_mut_S103EK106RV107F_round_2_0006.rst7' as Amber NC Restart
	Reading '../../3qdo06_S103EK106RV107F/no_restraint_new_protocol/min_NoH_1_2_5_1_mut_S103EK106RV107F_round_2_0017.rst7' as Amber NC Restart
	Reading '../../3qdo06_S103EK106RV107F/no_restraint_new_protocol/min_NoH_1_2_5_1_mut_S103EK106RV107F_round_2_0023.rst7' as Amber NC Restart
	Reading '../../3qdo06_S103EK106RV107F/no_restraint_new_protocol/min_NoH_1_2_6_1_mut_S103EK106RV107F_round_2_0011.rst7' as Amber NC Restart
	Reading '../../3qdo06_S103EK106RV107F/no_restraint_new_protocol/min_NoH_1_2_6_1_mut_S103EK106RV107F_round_2_0017.rst7' as Amber NC Restart
	Reading '../../3qdo06_S103EK106RV107F/no_restraint_new_protocol/min_NoH_1_2_6_1_mut_S103EK106RV107F_round_2_0018.rst7' as Amber NC Restart
	Reading '../../3qdo06_S103EK106RV107F/no_restraint_new_protocol/min_NoH_1_2_7_1_mut_S103EK106RV107F_round_2_0020.rst7' as Amber NC Restart
	Reading '../../3qdo06_S103EK106RV107F/no_restraint_new_protocol/min_NoH_1_2_7_1_mut_S103EK106RV107F_round_2_0022.rst7' as Amber NC Restart
	Reading '../../3qdo06_S103EK106RV107F/no_restraint_new_protocol/min_NoH_1_2_8_1_mut_S103EK106RV107F_round_2_0013.rst7' as Amber NC Restart
	Reading '../../3qdo06_S103EK106RV107F/no_restraint_new_protocol/min_NoH_1_2_8_1_mut_S103EK106RV107F_round_2_0014.rst7' as Amber NC Restart
	Reading '../../3qdo06_S103EK106RV107F/no_restraint_new_protocol/min_NoH_1_5_1_1_mut_S103EK106RV107F_round_5_0009.rst7' as Amber NC Restart
	Reading '../../3qdo06_S103EK106RV107F/no_restraint_new_protocol/min_NoH_1_5_1_1_mut_S103EK106RV107F_round_5_0013.rst7' as Amber NC Restart
	Reading '../../3qdo06_S103EK106RV107F/no_restraint_new_protocol/min_NoH_1_5_1_1_mut_S103EK106RV107F_round_5_0015.rst7' as Amber NC Restart
	Reading '../../3qdo06_S103EK106RV107F/no_restraint_new_protocol/min_NoH_1_5_1_1_mut_S103EK106RV107F_round_5_0021.rst7' as Amber NC Restart
	Reading '../../3qdo06_S103EK106RV107F/no_restraint_new_protocol/min_NoH_1_5_2_1_mut_S103EK106RV107F_round_5_0003.rst7' as Amber NC Restart
	Reading '../../3qdo06_S103EK106RV107F/no_restraint_new_protocol/min_NoH_1_5_2_1_mut_S103EK106RV107F_round_5_0013.rst7' as Amber NC Restart
	Reading '../../3qdo06_S103EK106RV107F/no_restraint_new_protocol/min_NoH_1_5_4_1_mut_S103EK106RV107F_round_5_0002.rst7' as Amber NC Restart
	Reading '../../3qdo06_S103EK106RV107F/no_restraint_new_protocol/min_NoH_1_5_4_1_mut_S103EK106RV107F_round_5_0015.rst7' as Amber NC Restart
	Reading '../../3qdo06_S103EK106RV107F/no_restraint_new_protocol/min_NoH_1_5_6_1_mut_S103EK106RV107F_round_5_0019.rst7' as Amber NC Restart
	Reading '../../3qdo06_S103EK106RV107F/no_restraint_new_protocol/min_NoH_1_5_6_1_mut_S103EK106RV107F_round_5_0022.rst7' as Amber NC Restart
	Reading '../../3qdo06_S103EK106RV107F/no_restraint_new_protocol/min_NoH_1_5_6_1_mut_S103EK106RV107F_round_5_0023.rst7' as Amber NC Restart
	Reading '../../3qdo06_S103EK106RV107F/no_restraint_new_protocol/min_NoH_1_5_7_1_mut_S103EK106RV107F_round_5_0006.rst7' as Amber NC Restart
	Reading '../../3qdo06_S103EK106RV107F/no_restraint_new_protocol/min_NoH_1_5_8_1_mut_S103EK106RV107F_round_5_0009.rst7' as Amber NC Restart
	Reading '../../3qdo06_S103EK106RV107F/no_restraint_new_protocol/min_NoH_1_5_8_1_mut_S103EK106RV107F_round_5_0020.rst7' as Amber NC Restart
	Reading '../../3qdo06_S103EK106RV107F/no_restraint_new_protocol/min_NoH_9_3_2_9_mut_S103EK106RV107F_round_3_0003.rst7' as Amber NC Restart
	Reading '../../3qdo06_S103EK106RV107F/no_restraint_new_protocol/min_NoH_9_3_2_9_mut_S103EK106RV107F_round_3_0007.rst7' as Amber NC Restart
	Reading '../../3qdo06_S103EK106RV107F/no_restraint_new_protocol/min_NoH_9_3_2_9_mut_S103EK106RV107F_round_3_0008.rst7' as Amber NC Restart
	Reading '../../3qdo06_S103EK106RV107F/no_restraint_new_protocol/min_NoH_9_3_2_9_mut_S103EK106RV107F_round_3_0016.rst7' as Amber NC Restart
	Reading '../../3qdo06_S103EK106RV107F/no_restraint_new_protocol/min_NoH_9_3_2_9_mut_S103EK106RV107F_round_3_0018.rst7' as Amber NC Restart
	Reading '../../3qdo06_S103EK106RV107F/no_restraint_new_protocol/min_NoH_9_3_2_9_mut_S103EK106RV107F_round_3_0019.rst7' as Amber NC Restart
	Reading '../../3qdo06_S103EK106RV107F/no_restraint_new_protocol/min_NoH_9_3_3_9_mut_S103EK106RV107F_round_3_0009.rst7' as Amber NC Restart
	Reading '../../3qdo06_S103EK106RV107F/no_restraint_new_protocol/min_NoH_9_3_3_9_mut_S103EK106RV107F_round_3_0011.rst7' as Amber NC Restart
	Reading '../../3qdo06_S103EK106RV107F/no_restraint_new_protocol/min_NoH_9_3_3_9_mut_S103EK106RV107F_round_3_0013.rst7' as Amber NC Restart
	Reading '../../3qdo06_S103EK106RV107F/no_restraint_new_protocol/min_NoH_9_3_3_9_mut_S103EK106RV107F_round_3_0021.rst7' as Amber NC Restart
	Reading '../../3qdo06_S103EK106RV107F/no_restraint_new_protocol/min_NoH_9_3_4_9_mut_S103EK106RV107F_round_3_0015.rst7' as Amber NC Restart
	Reading '../../3qdo06_S103EK106RV107F/no_restraint_new_protocol/min_NoH_9_3_4_9_mut_S103EK106RV107F_round_3_0025.rst7' as Amber NC Restart
	Reading '../../3qdo06_S103EK106RV107F/no_restraint_new_protocol/min_NoH_9_3_5_9_mut_S103EK106RV107F_round_3_0009.rst7' as Amber NC Restart
	Reading '../../3qdo06_S103EK106RV107F/no_restraint_new_protocol/min_NoH_9_3_5_9_mut_S103EK106RV107F_round_3_0016.rst7' as Amber NC Restart
	Reading '../../3qdo06_S103EK106RV107F/no_restraint_new_protocol/min_NoH_9_3_5_9_mut_S103EK106RV107F_round_3_0023.rst7' as Amber NC Restart
	Reading '../../3qdo06_S103EK106RV107F/no_restraint_new_protocol/min_NoH_9_3_5_9_mut_S103EK106RV107F_round_3_0024.rst7' as Amber NC Restart
	Reading '../../3qdo06_S103EK106RV107F/no_restraint_new_protocol/min_NoH_9_3_7_9_mut_S103EK106RV107F_round_3_0010.rst7' as Amber NC Restart
	Reading '../../3qdo06_S103EK106RV107F/no_restraint_new_protocol/min_NoH_9_3_7_9_mut_S103EK106RV107F_round_3_0012.rst7' as Amber NC Restart
	Reading '../../3qdo06_S103EK106RV107F/no_restraint_new_protocol/min_NoH_9_3_7_9_mut_S103EK106RV107F_round_3_0022.rst7' as Amber NC Restart
	Reading '../../3qdo06_S103EK106RV107F/no_restraint_new_protocol/min_NoH_9_3_8_9_mut_S103EK106RV107F_round_3_0012.rst7' as Amber NC Restart
	Reading '../../3qdo06_S103EK106RV107F/no_restraint_new_protocol/min_NoH_9_3_8_9_mut_S103EK106RV107F_round_3_0017.rst7' as Amber NC Restart
TIME: Total execution time: 0.7018 seconds.
--------------------------------------------------------------------------------
To cite CPPTRAJ use:
Daniel R. Roe and Thomas E. Cheatham, III, "PTRAJ and CPPTRAJ: Software for
  Processing and Analysis of Molecular Dynamics Trajectory Data". J. Chem.
  Theory Comput., 2013, 9 (7), pp 3084-3095.

