
CPPTRAJ: Trajectory Analysis. V16.00
    ___  ___  ___  ___
     | \/ | \/ | \/ | 
    _|_/\_|_/\_|_/\_|_

| Date/time: 06/20/16 16:26:44
| Available memory: 215.688 GB

INPUT: Reading input from 'cpptraj.in'
  [parm ../../2i0406_H63FA87R/prmtop]
	Reading '../../2i0406_H63FA87R/prmtop' as Amber Topology
  [trajin ../../2i0406_H63FA87R/no_restraint_new_protocol/min_NoH_*rst7"]
	Reading '../../2i0406_H63FA87R/no_restraint_new_protocol/min_NoH_1_2_1_1_mut_H63FA87R_round_2_0010.rst7' as Amber NC Restart
	Reading '../../2i0406_H63FA87R/no_restraint_new_protocol/min_NoH_1_2_1_1_mut_H63FA87R_round_2_0020.rst7' as Amber NC Restart
	Reading '../../2i0406_H63FA87R/no_restraint_new_protocol/min_NoH_1_2_2_1_mut_H63FA87R_round_2_0007.rst7' as Amber NC Restart
	Reading '../../2i0406_H63FA87R/no_restraint_new_protocol/min_NoH_1_2_2_1_mut_H63FA87R_round_2_0017.rst7' as Amber NC Restart
	Reading '../../2i0406_H63FA87R/no_restraint_new_protocol/min_NoH_1_2_2_1_mut_H63FA87R_round_2_0021.rst7' as Amber NC Restart
	Reading '../../2i0406_H63FA87R/no_restraint_new_protocol/min_NoH_1_2_2_1_mut_H63FA87R_round_2_0022.rst7' as Amber NC Restart
	Reading '../../2i0406_H63FA87R/no_restraint_new_protocol/min_NoH_1_2_3_1_mut_H63FA87R_round_2_0002.rst7' as Amber NC Restart
	Reading '../../2i0406_H63FA87R/no_restraint_new_protocol/min_NoH_1_2_3_1_mut_H63FA87R_round_2_0008.rst7' as Amber NC Restart
	Reading '../../2i0406_H63FA87R/no_restraint_new_protocol/min_NoH_1_2_4_1_mut_H63FA87R_round_2_0005.rst7' as Amber NC Restart
	Reading '../../2i0406_H63FA87R/no_restraint_new_protocol/min_NoH_1_2_4_1_mut_H63FA87R_round_2_0018.rst7' as Amber NC Restart
	Reading '../../2i0406_H63FA87R/no_restraint_new_protocol/min_NoH_1_2_4_1_mut_H63FA87R_round_2_0020.rst7' as Amber NC Restart
	Reading '../../2i0406_H63FA87R/no_restraint_new_protocol/min_NoH_1_2_4_1_mut_H63FA87R_round_2_0023.rst7' as Amber NC Restart
	Reading '../../2i0406_H63FA87R/no_restraint_new_protocol/min_NoH_1_2_5_1_mut_H63FA87R_round_2_0005.rst7' as Amber NC Restart
	Reading '../../2i0406_H63FA87R/no_restraint_new_protocol/min_NoH_1_2_5_1_mut_H63FA87R_round_2_0007.rst7' as Amber NC Restart
	Reading '../../2i0406_H63FA87R/no_restraint_new_protocol/min_NoH_1_2_8_1_mut_H63FA87R_round_2_0019.rst7' as Amber NC Restart
	Reading '../../2i0406_H63FA87R/no_restraint_new_protocol/min_NoH_4_4_1_4_mut_H63FA87R_round_4_0002.rst7' as Amber NC Restart
	Reading '../../2i0406_H63FA87R/no_restraint_new_protocol/min_NoH_4_4_1_4_mut_H63FA87R_round_4_0024.rst7' as Amber NC Restart
	Reading '../../2i0406_H63FA87R/no_restraint_new_protocol/min_NoH_4_4_2_4_mut_H63FA87R_round_4_0003.rst7' as Amber NC Restart
	Reading '../../2i0406_H63FA87R/no_restraint_new_protocol/min_NoH_4_4_2_4_mut_H63FA87R_round_4_0006.rst7' as Amber NC Restart
	Reading '../../2i0406_H63FA87R/no_restraint_new_protocol/min_NoH_4_4_2_4_mut_H63FA87R_round_4_0016.rst7' as Amber NC Restart
	Reading '../../2i0406_H63FA87R/no_restraint_new_protocol/min_NoH_4_4_2_4_mut_H63FA87R_round_4_0023.rst7' as Amber NC Restart
	Reading '../../2i0406_H63FA87R/no_restraint_new_protocol/min_NoH_4_4_3_4_mut_H63FA87R_round_4_0001.rst7' as Amber NC Restart
	Reading '../../2i0406_H63FA87R/no_restraint_new_protocol/min_NoH_4_4_3_4_mut_H63FA87R_round_4_0002.rst7' as Amber NC Restart
	Reading '../../2i0406_H63FA87R/no_restraint_new_protocol/min_NoH_4_4_3_4_mut_H63FA87R_round_4_0017.rst7' as Amber NC Restart
	Reading '../../2i0406_H63FA87R/no_restraint_new_protocol/min_NoH_4_4_3_4_mut_H63FA87R_round_4_0018.rst7' as Amber NC Restart
	Reading '../../2i0406_H63FA87R/no_restraint_new_protocol/min_NoH_4_4_3_4_mut_H63FA87R_round_4_0023.rst7' as Amber NC Restart
	Reading '../../2i0406_H63FA87R/no_restraint_new_protocol/min_NoH_4_4_4_4_mut_H63FA87R_round_4_0014.rst7' as Amber NC Restart
	Reading '../../2i0406_H63FA87R/no_restraint_new_protocol/min_NoH_4_4_4_4_mut_H63FA87R_round_4_0019.rst7' as Amber NC Restart
	Reading '../../2i0406_H63FA87R/no_restraint_new_protocol/min_NoH_4_4_6_4_mut_H63FA87R_round_4_0009.rst7' as Amber NC Restart
	Reading '../../2i0406_H63FA87R/no_restraint_new_protocol/min_NoH_4_4_6_4_mut_H63FA87R_round_4_0025.rst7' as Amber NC Restart
	Reading '../../2i0406_H63FA87R/no_restraint_new_protocol/min_NoH_4_4_8_4_mut_H63FA87R_round_4_0009.rst7' as Amber NC Restart
	Reading '../../2i0406_H63FA87R/no_restraint_new_protocol/min_NoH_8_4_1_8_mut_H63FA87R_round_4_0001.rst7' as Amber NC Restart
	Reading '../../2i0406_H63FA87R/no_restraint_new_protocol/min_NoH_8_4_1_8_mut_H63FA87R_round_4_0007.rst7' as Amber NC Restart
	Reading '../../2i0406_H63FA87R/no_restraint_new_protocol/min_NoH_8_4_1_8_mut_H63FA87R_round_4_0011.rst7' as Amber NC Restart
	Reading '../../2i0406_H63FA87R/no_restraint_new_protocol/min_NoH_8_4_1_8_mut_H63FA87R_round_4_0015.rst7' as Amber NC Restart
	Reading '../../2i0406_H63FA87R/no_restraint_new_protocol/min_NoH_8_4_2_8_mut_H63FA87R_round_4_0010.rst7' as Amber NC Restart
	Reading '../../2i0406_H63FA87R/no_restraint_new_protocol/min_NoH_8_4_2_8_mut_H63FA87R_round_4_0023.rst7' as Amber NC Restart
	Reading '../../2i0406_H63FA87R/no_restraint_new_protocol/min_NoH_8_4_2_8_mut_H63FA87R_round_4_0024.rst7' as Amber NC Restart
	Reading '../../2i0406_H63FA87R/no_restraint_new_protocol/min_NoH_8_4_3_8_mut_H63FA87R_round_4_0002.rst7' as Amber NC Restart
	Reading '../../2i0406_H63FA87R/no_restraint_new_protocol/min_NoH_8_4_3_8_mut_H63FA87R_round_4_0003.rst7' as Amber NC Restart
	Reading '../../2i0406_H63FA87R/no_restraint_new_protocol/min_NoH_8_4_3_8_mut_H63FA87R_round_4_0014.rst7' as Amber NC Restart
	Reading '../../2i0406_H63FA87R/no_restraint_new_protocol/min_NoH_8_4_3_8_mut_H63FA87R_round_4_0015.rst7' as Amber NC Restart
	Reading '../../2i0406_H63FA87R/no_restraint_new_protocol/min_NoH_8_4_3_8_mut_H63FA87R_round_4_0018.rst7' as Amber NC Restart
	Reading '../../2i0406_H63FA87R/no_restraint_new_protocol/min_NoH_8_4_4_8_mut_H63FA87R_round_4_0017.rst7' as Amber NC Restart
	Reading '../../2i0406_H63FA87R/no_restraint_new_protocol/min_NoH_8_4_4_8_mut_H63FA87R_round_4_0022.rst7' as Amber NC Restart
	Reading '../../2i0406_H63FA87R/no_restraint_new_protocol/min_NoH_8_4_5_8_mut_H63FA87R_round_4_0004.rst7' as Amber NC Restart
	Reading '../../2i0406_H63FA87R/no_restraint_new_protocol/min_NoH_8_4_5_8_mut_H63FA87R_round_4_0023.rst7' as Amber NC Restart
	Reading '../../2i0406_H63FA87R/no_restraint_new_protocol/min_NoH_8_4_5_8_mut_H63FA87R_round_4_0025.rst7' as Amber NC Restart
	Reading '../../2i0406_H63FA87R/no_restraint_new_protocol/min_NoH_8_4_7_8_mut_H63FA87R_round_4_0018.rst7' as Amber NC Restart
	Reading '../../2i0406_H63FA87R/no_restraint_new_protocol/min_NoH_8_4_8_8_mut_H63FA87R_round_4_0004.rst7' as Amber NC Restart
TIME: Total execution time: 0.7643 seconds.
--------------------------------------------------------------------------------
To cite CPPTRAJ use:
Daniel R. Roe and Thomas E. Cheatham, III, "PTRAJ and CPPTRAJ: Software for
  Processing and Analysis of Molecular Dynamics Trajectory Data". J. Chem.
  Theory Comput., 2013, 9 (7), pp 3084-3095.

