
CPPTRAJ: Trajectory Analysis. V16.00
    ___  ___  ___  ___
     | \/ | \/ | \/ | 
    _|_/\_|_/\_|_/\_|_

| Date/time: 06/20/16 16:27:17
| Available memory: 215.792 GB

INPUT: Reading input from 'cpptraj.in'
  [parm ../../1qav06_H185SL186IT188ST189DF190V/prmtop]
	Reading '../../1qav06_H185SL186IT188ST189DF190V/prmtop' as Amber Topology
  [trajin ../../1qav06_H185SL186IT188ST189DF190V/no_restraint_new_protocol/min_NoH_*rst7"]
	Reading '../../1qav06_H185SL186IT188ST189DF190V/no_restraint_new_protocol/min_NoH_10_5_10_10_mut_H185SL186IT188ST189DF190V_round_5_0013.rst7' as Amber NC Restart
	Reading '../../1qav06_H185SL186IT188ST189DF190V/no_restraint_new_protocol/min_NoH_10_5_2_10_mut_H185SL186IT188ST189DF190V_round_5_0020.rst7' as Amber NC Restart
	Reading '../../1qav06_H185SL186IT188ST189DF190V/no_restraint_new_protocol/min_NoH_10_5_3_10_mut_H185SL186IT188ST189DF190V_round_5_0015.rst7' as Amber NC Restart
	Reading '../../1qav06_H185SL186IT188ST189DF190V/no_restraint_new_protocol/min_NoH_10_5_4_10_mut_H185SL186IT188ST189DF190V_round_5_0008.rst7' as Amber NC Restart
	Reading '../../1qav06_H185SL186IT188ST189DF190V/no_restraint_new_protocol/min_NoH_10_5_4_10_mut_H185SL186IT188ST189DF190V_round_5_0017.rst7' as Amber NC Restart
	Reading '../../1qav06_H185SL186IT188ST189DF190V/no_restraint_new_protocol/min_NoH_10_5_4_10_mut_H185SL186IT188ST189DF190V_round_5_0020.rst7' as Amber NC Restart
	Reading '../../1qav06_H185SL186IT188ST189DF190V/no_restraint_new_protocol/min_NoH_10_5_5_10_mut_H185SL186IT188ST189DF190V_round_5_0004.rst7' as Amber NC Restart
	Reading '../../1qav06_H185SL186IT188ST189DF190V/no_restraint_new_protocol/min_NoH_10_5_5_10_mut_H185SL186IT188ST189DF190V_round_5_0007.rst7' as Amber NC Restart
	Reading '../../1qav06_H185SL186IT188ST189DF190V/no_restraint_new_protocol/min_NoH_10_5_6_10_mut_H185SL186IT188ST189DF190V_round_5_0010.rst7' as Amber NC Restart
	Reading '../../1qav06_H185SL186IT188ST189DF190V/no_restraint_new_protocol/min_NoH_10_5_7_10_mut_H185SL186IT188ST189DF190V_round_5_0008.rst7' as Amber NC Restart
	Reading '../../1qav06_H185SL186IT188ST189DF190V/no_restraint_new_protocol/min_NoH_10_5_7_10_mut_H185SL186IT188ST189DF190V_round_5_0011.rst7' as Amber NC Restart
	Reading '../../1qav06_H185SL186IT188ST189DF190V/no_restraint_new_protocol/min_NoH_10_5_7_10_mut_H185SL186IT188ST189DF190V_round_5_0015.rst7' as Amber NC Restart
	Reading '../../1qav06_H185SL186IT188ST189DF190V/no_restraint_new_protocol/min_NoH_10_5_7_10_mut_H185SL186IT188ST189DF190V_round_5_0019.rst7' as Amber NC Restart
	Reading '../../1qav06_H185SL186IT188ST189DF190V/no_restraint_new_protocol/min_NoH_10_5_9_10_mut_H185SL186IT188ST189DF190V_round_5_0007.rst7' as Amber NC Restart
	Reading '../../1qav06_H185SL186IT188ST189DF190V/no_restraint_new_protocol/min_NoH_10_5_9_10_mut_H185SL186IT188ST189DF190V_round_5_0011.rst7' as Amber NC Restart
	Reading '../../1qav06_H185SL186IT188ST189DF190V/no_restraint_new_protocol/min_NoH_10_5_9_10_mut_H185SL186IT188ST189DF190V_round_5_0017.rst7' as Amber NC Restart
	Reading '../../1qav06_H185SL186IT188ST189DF190V/no_restraint_new_protocol/min_NoH_5_2_10_5_mut_H185SL186IT188ST189DF190V_round_2_0011.rst7' as Amber NC Restart
	Reading '../../1qav06_H185SL186IT188ST189DF190V/no_restraint_new_protocol/min_NoH_5_2_10_5_mut_H185SL186IT188ST189DF190V_round_2_0019.rst7' as Amber NC Restart
	Reading '../../1qav06_H185SL186IT188ST189DF190V/no_restraint_new_protocol/min_NoH_5_2_2_5_mut_H185SL186IT188ST189DF190V_round_2_0015.rst7' as Amber NC Restart
	Reading '../../1qav06_H185SL186IT188ST189DF190V/no_restraint_new_protocol/min_NoH_5_2_2_5_mut_H185SL186IT188ST189DF190V_round_2_0017.rst7' as Amber NC Restart
	Reading '../../1qav06_H185SL186IT188ST189DF190V/no_restraint_new_protocol/min_NoH_5_2_3_5_mut_H185SL186IT188ST189DF190V_round_2_0006.rst7' as Amber NC Restart
	Reading '../../1qav06_H185SL186IT188ST189DF190V/no_restraint_new_protocol/min_NoH_5_2_3_5_mut_H185SL186IT188ST189DF190V_round_2_0007.rst7' as Amber NC Restart
	Reading '../../1qav06_H185SL186IT188ST189DF190V/no_restraint_new_protocol/min_NoH_5_2_4_5_mut_H185SL186IT188ST189DF190V_round_2_0007.rst7' as Amber NC Restart
	Reading '../../1qav06_H185SL186IT188ST189DF190V/no_restraint_new_protocol/min_NoH_5_2_4_5_mut_H185SL186IT188ST189DF190V_round_2_0017.rst7' as Amber NC Restart
	Reading '../../1qav06_H185SL186IT188ST189DF190V/no_restraint_new_protocol/min_NoH_5_2_5_5_mut_H185SL186IT188ST189DF190V_round_2_0009.rst7' as Amber NC Restart
	Reading '../../1qav06_H185SL186IT188ST189DF190V/no_restraint_new_protocol/min_NoH_5_2_7_5_mut_H185SL186IT188ST189DF190V_round_2_0009.rst7' as Amber NC Restart
	Reading '../../1qav06_H185SL186IT188ST189DF190V/no_restraint_new_protocol/min_NoH_5_2_8_5_mut_H185SL186IT188ST189DF190V_round_2_0001.rst7' as Amber NC Restart
	Reading '../../1qav06_H185SL186IT188ST189DF190V/no_restraint_new_protocol/min_NoH_5_2_8_5_mut_H185SL186IT188ST189DF190V_round_2_0007.rst7' as Amber NC Restart
	Reading '../../1qav06_H185SL186IT188ST189DF190V/no_restraint_new_protocol/min_NoH_5_2_8_5_mut_H185SL186IT188ST189DF190V_round_2_0014.rst7' as Amber NC Restart
	Reading '../../1qav06_H185SL186IT188ST189DF190V/no_restraint_new_protocol/min_NoH_8_5_10_8_mut_H185SL186IT188ST189DF190V_round_5_0010.rst7' as Amber NC Restart
	Reading '../../1qav06_H185SL186IT188ST189DF190V/no_restraint_new_protocol/min_NoH_8_5_10_8_mut_H185SL186IT188ST189DF190V_round_5_0011.rst7' as Amber NC Restart
	Reading '../../1qav06_H185SL186IT188ST189DF190V/no_restraint_new_protocol/min_NoH_8_5_1_8_mut_H185SL186IT188ST189DF190V_round_5_0002.rst7' as Amber NC Restart
	Reading '../../1qav06_H185SL186IT188ST189DF190V/no_restraint_new_protocol/min_NoH_8_5_1_8_mut_H185SL186IT188ST189DF190V_round_5_0020.rst7' as Amber NC Restart
	Reading '../../1qav06_H185SL186IT188ST189DF190V/no_restraint_new_protocol/min_NoH_8_5_2_8_mut_H185SL186IT188ST189DF190V_round_5_0006.rst7' as Amber NC Restart
	Reading '../../1qav06_H185SL186IT188ST189DF190V/no_restraint_new_protocol/min_NoH_8_5_2_8_mut_H185SL186IT188ST189DF190V_round_5_0017.rst7' as Amber NC Restart
	Reading '../../1qav06_H185SL186IT188ST189DF190V/no_restraint_new_protocol/min_NoH_8_5_3_8_mut_H185SL186IT188ST189DF190V_round_5_0004.rst7' as Amber NC Restart
	Reading '../../1qav06_H185SL186IT188ST189DF190V/no_restraint_new_protocol/min_NoH_8_5_3_8_mut_H185SL186IT188ST189DF190V_round_5_0013.rst7' as Amber NC Restart
	Reading '../../1qav06_H185SL186IT188ST189DF190V/no_restraint_new_protocol/min_NoH_8_5_3_8_mut_H185SL186IT188ST189DF190V_round_5_0019.rst7' as Amber NC Restart
	Reading '../../1qav06_H185SL186IT188ST189DF190V/no_restraint_new_protocol/min_NoH_8_5_4_8_mut_H185SL186IT188ST189DF190V_round_5_0015.rst7' as Amber NC Restart
	Reading '../../1qav06_H185SL186IT188ST189DF190V/no_restraint_new_protocol/min_NoH_8_5_4_8_mut_H185SL186IT188ST189DF190V_round_5_0019.rst7' as Amber NC Restart
	Reading '../../1qav06_H185SL186IT188ST189DF190V/no_restraint_new_protocol/min_NoH_8_5_5_8_mut_H185SL186IT188ST189DF190V_round_5_0008.rst7' as Amber NC Restart
	Reading '../../1qav06_H185SL186IT188ST189DF190V/no_restraint_new_protocol/min_NoH_8_5_6_8_mut_H185SL186IT188ST189DF190V_round_5_0008.rst7' as Amber NC Restart
	Reading '../../1qav06_H185SL186IT188ST189DF190V/no_restraint_new_protocol/min_NoH_8_5_6_8_mut_H185SL186IT188ST189DF190V_round_5_0012.rst7' as Amber NC Restart
	Reading '../../1qav06_H185SL186IT188ST189DF190V/no_restraint_new_protocol/min_NoH_8_5_7_8_mut_H185SL186IT188ST189DF190V_round_5_0003.rst7' as Amber NC Restart
	Reading '../../1qav06_H185SL186IT188ST189DF190V/no_restraint_new_protocol/min_NoH_8_5_7_8_mut_H185SL186IT188ST189DF190V_round_5_0008.rst7' as Amber NC Restart
	Reading '../../1qav06_H185SL186IT188ST189DF190V/no_restraint_new_protocol/min_NoH_8_5_7_8_mut_H185SL186IT188ST189DF190V_round_5_0018.rst7' as Amber NC Restart
	Reading '../../1qav06_H185SL186IT188ST189DF190V/no_restraint_new_protocol/min_NoH_8_5_8_8_mut_H185SL186IT188ST189DF190V_round_5_0004.rst7' as Amber NC Restart
	Reading '../../1qav06_H185SL186IT188ST189DF190V/no_restraint_new_protocol/min_NoH_8_5_8_8_mut_H185SL186IT188ST189DF190V_round_5_0010.rst7' as Amber NC Restart
	Reading '../../1qav06_H185SL186IT188ST189DF190V/no_restraint_new_protocol/min_NoH_8_5_8_8_mut_H185SL186IT188ST189DF190V_round_5_0014.rst7' as Amber NC Restart
	Reading '../../1qav06_H185SL186IT188ST189DF190V/no_restraint_new_protocol/min_NoH_8_5_9_8_mut_H185SL186IT188ST189DF190V_round_5_0010.rst7' as Amber NC Restart
TIME: Total execution time: 0.9558 seconds.
--------------------------------------------------------------------------------
To cite CPPTRAJ use:
Daniel R. Roe and Thomas E. Cheatham, III, "PTRAJ and CPPTRAJ: Software for
  Processing and Analysis of Molecular Dynamics Trajectory Data". J. Chem.
  Theory Comput., 2013, 9 (7), pp 3084-3095.

