
CPPTRAJ: Trajectory Analysis. V16.00
    ___  ___  ___  ___
     | \/ | \/ | \/ | 
    _|_/\_|_/\_|_/\_|_

| Date/time: 06/20/16 16:27:18
| Available memory: 215.793 GB

INPUT: Reading input from 'cpptraj.in'
  [parm ../../1n7t07_H79F/prmtop]
	Reading '../../1n7t07_H79F/prmtop' as Amber Topology
  [trajin ../../1n7t07_H79F/no_restraint_new_protocol/min_NoH_*rst7"]
	Reading '../../1n7t07_H79F/no_restraint_new_protocol/min_NoH_0001_3_3_10_3_mut_H79F_round_3_0001.rst7' as Amber NC Restart
	Reading '../../1n7t07_H79F/no_restraint_new_protocol/min_NoH_0001_3_3_3_3_mut_H79F_round_3_0001.rst7' as Amber NC Restart
	Reading '../../1n7t07_H79F/no_restraint_new_protocol/min_NoH_0001_3_3_7_3_mut_H79F_round_3_0001.rst7' as Amber NC Restart
	Reading '../../1n7t07_H79F/no_restraint_new_protocol/min_NoH_0001_3_3_8_3_mut_H79F_round_3_0001.rst7' as Amber NC Restart
	Reading '../../1n7t07_H79F/no_restraint_new_protocol/min_NoH_0001_3_3_9_3_mut_H79F_round_3_0001.rst7' as Amber NC Restart
	Reading '../../1n7t07_H79F/no_restraint_new_protocol/min_NoH_0001_5_3_9_5_mut_H79F_round_3_0001.rst7' as Amber NC Restart
	Reading '../../1n7t07_H79F/no_restraint_new_protocol/min_NoH_0001_6_4_10_6_mut_H79F_round_4_0001.rst7' as Amber NC Restart
	Reading '../../1n7t07_H79F/no_restraint_new_protocol/min_NoH_0001_6_4_2_6_mut_H79F_round_4_0001.rst7' as Amber NC Restart
	Reading '../../1n7t07_H79F/no_restraint_new_protocol/min_NoH_0001_6_4_3_6_mut_H79F_round_4_0001.rst7' as Amber NC Restart
	Reading '../../1n7t07_H79F/no_restraint_new_protocol/min_NoH_0001_6_4_4_6_mut_H79F_round_4_0001.rst7' as Amber NC Restart
	Reading '../../1n7t07_H79F/no_restraint_new_protocol/min_NoH_0001_6_4_5_6_mut_H79F_round_4_0001.rst7' as Amber NC Restart
	Reading '../../1n7t07_H79F/no_restraint_new_protocol/min_NoH_0001_6_4_9_6_mut_H79F_round_4_0001.rst7' as Amber NC Restart
	Reading '../../1n7t07_H79F/no_restraint_new_protocol/min_NoH_0005_1_4_4_1_mut_H79F_round_4_0001.rst7' as Amber NC Restart
	Reading '../../1n7t07_H79F/no_restraint_new_protocol/min_NoH_0005_1_4_9_1_mut_H79F_round_4_0001.rst7' as Amber NC Restart
	Reading '../../1n7t07_H79F/no_restraint_new_protocol/min_NoH_0007_8_5_4_8_mut_H79F_round_5_0001.rst7' as Amber NC Restart
	Reading '../../1n7t07_H79F/no_restraint_new_protocol/min_NoH_0007_8_5_6_8_mut_H79F_round_5_0001.rst7' as Amber NC Restart
	Reading '../../1n7t07_H79F/no_restraint_new_protocol/min_NoH_0007_8_5_9_8_mut_H79F_round_5_0001.rst7' as Amber NC Restart
	Reading '../../1n7t07_H79F/no_restraint_new_protocol/min_NoH_0007_9_3_6_9_mut_H79F_round_3_0001.rst7' as Amber NC Restart
	Reading '../../1n7t07_H79F/no_restraint_new_protocol/min_NoH_0007_9_5_5_9_mut_H79F_round_5_0001.rst7' as Amber NC Restart
	Reading '../../1n7t07_H79F/no_restraint_new_protocol/min_NoH_0007_9_5_8_9_mut_H79F_round_5_0001.rst7' as Amber NC Restart
	Reading '../../1n7t07_H79F/no_restraint_new_protocol/min_NoH_0008_10_3_10_10_mut_H79F_round_3_0001.rst7' as Amber NC Restart
	Reading '../../1n7t07_H79F/no_restraint_new_protocol/min_NoH_0008_10_3_6_10_mut_H79F_round_3_0001.rst7' as Amber NC Restart
	Reading '../../1n7t07_H79F/no_restraint_new_protocol/min_NoH_0008_10_3_7_10_mut_H79F_round_3_0001.rst7' as Amber NC Restart
	Reading '../../1n7t07_H79F/no_restraint_new_protocol/min_NoH_0008_3_3_3_3_mut_H79F_round_3_0001.rst7' as Amber NC Restart
	Reading '../../1n7t07_H79F/no_restraint_new_protocol/min_NoH_0008_3_3_5_3_mut_H79F_round_3_0001.rst7' as Amber NC Restart
	Reading '../../1n7t07_H79F/no_restraint_new_protocol/min_NoH_0008_5_5_5_5_mut_H79F_round_5_0001.rst7' as Amber NC Restart
	Reading '../../1n7t07_H79F/no_restraint_new_protocol/min_NoH_0009_3_4_1_3_mut_H79F_round_4_0001.rst7' as Amber NC Restart
	Reading '../../1n7t07_H79F/no_restraint_new_protocol/min_NoH_0009_3_4_2_3_mut_H79F_round_4_0001.rst7' as Amber NC Restart
	Reading '../../1n7t07_H79F/no_restraint_new_protocol/min_NoH_0009_3_4_5_3_mut_H79F_round_4_0001.rst7' as Amber NC Restart
	Reading '../../1n7t07_H79F/no_restraint_new_protocol/min_NoH_0009_4_1_10_4_mut_H79F_round_1_0001.rst7' as Amber NC Restart
	Reading '../../1n7t07_H79F/no_restraint_new_protocol/min_NoH_0009_4_1_1_4_mut_H79F_round_1_0001.rst7' as Amber NC Restart
	Reading '../../1n7t07_H79F/no_restraint_new_protocol/min_NoH_0009_4_1_3_4_mut_H79F_round_1_0001.rst7' as Amber NC Restart
	Reading '../../1n7t07_H79F/no_restraint_new_protocol/min_NoH_0009_4_1_7_4_mut_H79F_round_1_0001.rst7' as Amber NC Restart
	Reading '../../1n7t07_H79F/no_restraint_new_protocol/min_NoH_0010_10_5_1_10_mut_H79F_round_5_0001.rst7' as Amber NC Restart
	Reading '../../1n7t07_H79F/no_restraint_new_protocol/min_NoH_0010_10_5_2_10_mut_H79F_round_5_0001.rst7' as Amber NC Restart
	Reading '../../1n7t07_H79F/no_restraint_new_protocol/min_NoH_0010_10_5_3_10_mut_H79F_round_5_0001.rst7' as Amber NC Restart
	Reading '../../1n7t07_H79F/no_restraint_new_protocol/min_NoH_0010_10_5_4_10_mut_H79F_round_5_0001.rst7' as Amber NC Restart
	Reading '../../1n7t07_H79F/no_restraint_new_protocol/min_NoH_0010_10_5_5_10_mut_H79F_round_5_0001.rst7' as Amber NC Restart
	Reading '../../1n7t07_H79F/no_restraint_new_protocol/min_NoH_0010_10_5_7_10_mut_H79F_round_5_0001.rst7' as Amber NC Restart
	Reading '../../1n7t07_H79F/no_restraint_new_protocol/min_NoH_0010_3_1_5_3_mut_H79F_round_1_0001.rst7' as Amber NC Restart
	Reading '../../1n7t07_H79F/no_restraint_new_protocol/min_NoH_0010_3_1_8_3_mut_H79F_round_1_0001.rst7' as Amber NC Restart
	Reading '../../1n7t07_H79F/no_restraint_new_protocol/min_NoH_0010_4_2_2_4_mut_H79F_round_2_0001.rst7' as Amber NC Restart
	Reading '../../1n7t07_H79F/no_restraint_new_protocol/min_NoH_0010_4_2_8_4_mut_H79F_round_2_0001.rst7' as Amber NC Restart
	Reading '../../1n7t07_H79F/no_restraint_new_protocol/min_NoH_0013_8_1_3_8_mut_H79F_round_1_0001.rst7' as Amber NC Restart
	Reading '../../1n7t07_H79F/no_restraint_new_protocol/min_NoH_0013_9_1_3_9_mut_H79F_round_1_0001.rst7' as Amber NC Restart
	Reading '../../1n7t07_H79F/no_restraint_new_protocol/min_NoH_0018_8_3_2_8_mut_H79F_round_3_0001.rst7' as Amber NC Restart
	Reading '../../1n7t07_H79F/no_restraint_new_protocol/min_NoH_0020_10_2_6_10_mut_H79F_round_2_0001.rst7' as Amber NC Restart
	Reading '../../1n7t07_H79F/no_restraint_new_protocol/min_NoH_0020_10_2_9_10_mut_H79F_round_2_0001.rst7' as Amber NC Restart
	Reading '../../1n7t07_H79F/no_restraint_new_protocol/min_NoH_0020_2_5_7_2_mut_H79F_round_5_0001.rst7' as Amber NC Restart
	Reading '../../1n7t07_H79F/no_restraint_new_protocol/min_NoH_0020_7_2_8_7_mut_H79F_round_2_0001.rst7' as Amber NC Restart
TIME: Total execution time: 0.8073 seconds.
--------------------------------------------------------------------------------
To cite CPPTRAJ use:
Daniel R. Roe and Thomas E. Cheatham, III, "PTRAJ and CPPTRAJ: Software for
  Processing and Analysis of Molecular Dynamics Trajectory Data". J. Chem.
  Theory Comput., 2013, 9 (7), pp 3084-3095.

