
CPPTRAJ: Trajectory Analysis. V16.00
    ___  ___  ___  ___
     | \/ | \/ | \/ | 
    _|_/\_|_/\_|_/\_|_

| Date/time: 06/20/16 16:26:50
| Available memory: 215.715 GB

INPUT: Reading input from 'cpptraj.in'
  [parm ../../3qdo06_E102MS103QE104TV107L/prmtop]
	Reading '../../3qdo06_E102MS103QE104TV107L/prmtop' as Amber Topology
  [trajin ../../3qdo06_E102MS103QE104TV107L/no_restraint_new_protocol/min_NoH_*rst7"]
	Reading '../../3qdo06_E102MS103QE104TV107L/no_restraint_new_protocol/min_NoH_10_4_3_10_mut_E102MS103QE104TV107L_round_4_0003.rst7' as Amber NC Restart
	Reading '../../3qdo06_E102MS103QE104TV107L/no_restraint_new_protocol/min_NoH_10_4_3_10_mut_E102MS103QE104TV107L_round_4_0013.rst7' as Amber NC Restart
	Reading '../../3qdo06_E102MS103QE104TV107L/no_restraint_new_protocol/min_NoH_10_4_4_10_mut_E102MS103QE104TV107L_round_4_0008.rst7' as Amber NC Restart
	Reading '../../3qdo06_E102MS103QE104TV107L/no_restraint_new_protocol/min_NoH_10_4_4_10_mut_E102MS103QE104TV107L_round_4_0017.rst7' as Amber NC Restart
	Reading '../../3qdo06_E102MS103QE104TV107L/no_restraint_new_protocol/min_NoH_10_4_4_10_mut_E102MS103QE104TV107L_round_4_0019.rst7' as Amber NC Restart
	Reading '../../3qdo06_E102MS103QE104TV107L/no_restraint_new_protocol/min_NoH_10_4_5_10_mut_E102MS103QE104TV107L_round_4_0006.rst7' as Amber NC Restart
	Reading '../../3qdo06_E102MS103QE104TV107L/no_restraint_new_protocol/min_NoH_10_4_5_10_mut_E102MS103QE104TV107L_round_4_0008.rst7' as Amber NC Restart
	Reading '../../3qdo06_E102MS103QE104TV107L/no_restraint_new_protocol/min_NoH_10_4_5_10_mut_E102MS103QE104TV107L_round_4_0010.rst7' as Amber NC Restart
	Reading '../../3qdo06_E102MS103QE104TV107L/no_restraint_new_protocol/min_NoH_10_4_5_10_mut_E102MS103QE104TV107L_round_4_0015.rst7' as Amber NC Restart
	Reading '../../3qdo06_E102MS103QE104TV107L/no_restraint_new_protocol/min_NoH_10_4_5_10_mut_E102MS103QE104TV107L_round_4_0025.rst7' as Amber NC Restart
	Reading '../../3qdo06_E102MS103QE104TV107L/no_restraint_new_protocol/min_NoH_10_4_6_10_mut_E102MS103QE104TV107L_round_4_0007.rst7' as Amber NC Restart
	Reading '../../3qdo06_E102MS103QE104TV107L/no_restraint_new_protocol/min_NoH_10_4_7_10_mut_E102MS103QE104TV107L_round_4_0010.rst7' as Amber NC Restart
	Reading '../../3qdo06_E102MS103QE104TV107L/no_restraint_new_protocol/min_NoH_10_4_7_10_mut_E102MS103QE104TV107L_round_4_0012.rst7' as Amber NC Restart
	Reading '../../3qdo06_E102MS103QE104TV107L/no_restraint_new_protocol/min_NoH_10_4_7_10_mut_E102MS103QE104TV107L_round_4_0021.rst7' as Amber NC Restart
	Reading '../../3qdo06_E102MS103QE104TV107L/no_restraint_new_protocol/min_NoH_10_4_8_10_mut_E102MS103QE104TV107L_round_4_0007.rst7' as Amber NC Restart
	Reading '../../3qdo06_E102MS103QE104TV107L/no_restraint_new_protocol/min_NoH_10_4_8_10_mut_E102MS103QE104TV107L_round_4_0010.rst7' as Amber NC Restart
	Reading '../../3qdo06_E102MS103QE104TV107L/no_restraint_new_protocol/min_NoH_10_4_8_10_mut_E102MS103QE104TV107L_round_4_0012.rst7' as Amber NC Restart
	Reading '../../3qdo06_E102MS103QE104TV107L/no_restraint_new_protocol/min_NoH_10_5_1_10_mut_E102MS103QE104TV107L_round_5_0003.rst7' as Amber NC Restart
	Reading '../../3qdo06_E102MS103QE104TV107L/no_restraint_new_protocol/min_NoH_10_5_1_10_mut_E102MS103QE104TV107L_round_5_0005.rst7' as Amber NC Restart
	Reading '../../3qdo06_E102MS103QE104TV107L/no_restraint_new_protocol/min_NoH_10_5_1_10_mut_E102MS103QE104TV107L_round_5_0006.rst7' as Amber NC Restart
	Reading '../../3qdo06_E102MS103QE104TV107L/no_restraint_new_protocol/min_NoH_10_5_1_10_mut_E102MS103QE104TV107L_round_5_0025.rst7' as Amber NC Restart
	Reading '../../3qdo06_E102MS103QE104TV107L/no_restraint_new_protocol/min_NoH_10_5_2_10_mut_E102MS103QE104TV107L_round_5_0006.rst7' as Amber NC Restart
	Reading '../../3qdo06_E102MS103QE104TV107L/no_restraint_new_protocol/min_NoH_10_5_3_10_mut_E102MS103QE104TV107L_round_5_0016.rst7' as Amber NC Restart
	Reading '../../3qdo06_E102MS103QE104TV107L/no_restraint_new_protocol/min_NoH_10_5_3_10_mut_E102MS103QE104TV107L_round_5_0022.rst7' as Amber NC Restart
	Reading '../../3qdo06_E102MS103QE104TV107L/no_restraint_new_protocol/min_NoH_10_5_4_10_mut_E102MS103QE104TV107L_round_5_0023.rst7' as Amber NC Restart
	Reading '../../3qdo06_E102MS103QE104TV107L/no_restraint_new_protocol/min_NoH_10_5_5_10_mut_E102MS103QE104TV107L_round_5_0001.rst7' as Amber NC Restart
	Reading '../../3qdo06_E102MS103QE104TV107L/no_restraint_new_protocol/min_NoH_10_5_5_10_mut_E102MS103QE104TV107L_round_5_0008.rst7' as Amber NC Restart
	Reading '../../3qdo06_E102MS103QE104TV107L/no_restraint_new_protocol/min_NoH_10_5_6_10_mut_E102MS103QE104TV107L_round_5_0001.rst7' as Amber NC Restart
	Reading '../../3qdo06_E102MS103QE104TV107L/no_restraint_new_protocol/min_NoH_10_5_6_10_mut_E102MS103QE104TV107L_round_5_0017.rst7' as Amber NC Restart
	Reading '../../3qdo06_E102MS103QE104TV107L/no_restraint_new_protocol/min_NoH_10_5_6_10_mut_E102MS103QE104TV107L_round_5_0018.rst7' as Amber NC Restart
	Reading '../../3qdo06_E102MS103QE104TV107L/no_restraint_new_protocol/min_NoH_10_5_6_10_mut_E102MS103QE104TV107L_round_5_0019.rst7' as Amber NC Restart
	Reading '../../3qdo06_E102MS103QE104TV107L/no_restraint_new_protocol/min_NoH_10_5_7_10_mut_E102MS103QE104TV107L_round_5_0018.rst7' as Amber NC Restart
	Reading '../../3qdo06_E102MS103QE104TV107L/no_restraint_new_protocol/min_NoH_10_5_7_10_mut_E102MS103QE104TV107L_round_5_0020.rst7' as Amber NC Restart
	Reading '../../3qdo06_E102MS103QE104TV107L/no_restraint_new_protocol/min_NoH_10_5_7_10_mut_E102MS103QE104TV107L_round_5_0022.rst7' as Amber NC Restart
	Reading '../../3qdo06_E102MS103QE104TV107L/no_restraint_new_protocol/min_NoH_10_5_8_10_mut_E102MS103QE104TV107L_round_5_0003.rst7' as Amber NC Restart
	Reading '../../3qdo06_E102MS103QE104TV107L/no_restraint_new_protocol/min_NoH_5_3_1_5_mut_E102MS103QE104TV107L_round_3_0011.rst7' as Amber NC Restart
	Reading '../../3qdo06_E102MS103QE104TV107L/no_restraint_new_protocol/min_NoH_5_3_1_5_mut_E102MS103QE104TV107L_round_3_0012.rst7' as Amber NC Restart
	Reading '../../3qdo06_E102MS103QE104TV107L/no_restraint_new_protocol/min_NoH_5_3_1_5_mut_E102MS103QE104TV107L_round_3_0014.rst7' as Amber NC Restart
	Reading '../../3qdo06_E102MS103QE104TV107L/no_restraint_new_protocol/min_NoH_5_3_2_5_mut_E102MS103QE104TV107L_round_3_0003.rst7' as Amber NC Restart
	Reading '../../3qdo06_E102MS103QE104TV107L/no_restraint_new_protocol/min_NoH_5_3_2_5_mut_E102MS103QE104TV107L_round_3_0008.rst7' as Amber NC Restart
	Reading '../../3qdo06_E102MS103QE104TV107L/no_restraint_new_protocol/min_NoH_5_3_2_5_mut_E102MS103QE104TV107L_round_3_0012.rst7' as Amber NC Restart
	Reading '../../3qdo06_E102MS103QE104TV107L/no_restraint_new_protocol/min_NoH_5_3_3_5_mut_E102MS103QE104TV107L_round_3_0015.rst7' as Amber NC Restart
	Reading '../../3qdo06_E102MS103QE104TV107L/no_restraint_new_protocol/min_NoH_5_3_3_5_mut_E102MS103QE104TV107L_round_3_0019.rst7' as Amber NC Restart
	Reading '../../3qdo06_E102MS103QE104TV107L/no_restraint_new_protocol/min_NoH_5_3_4_5_mut_E102MS103QE104TV107L_round_3_0022.rst7' as Amber NC Restart
	Reading '../../3qdo06_E102MS103QE104TV107L/no_restraint_new_protocol/min_NoH_5_3_4_5_mut_E102MS103QE104TV107L_round_3_0024.rst7' as Amber NC Restart
	Reading '../../3qdo06_E102MS103QE104TV107L/no_restraint_new_protocol/min_NoH_5_3_5_5_mut_E102MS103QE104TV107L_round_3_0015.rst7' as Amber NC Restart
	Reading '../../3qdo06_E102MS103QE104TV107L/no_restraint_new_protocol/min_NoH_5_3_6_5_mut_E102MS103QE104TV107L_round_3_0001.rst7' as Amber NC Restart
	Reading '../../3qdo06_E102MS103QE104TV107L/no_restraint_new_protocol/min_NoH_5_3_8_5_mut_E102MS103QE104TV107L_round_3_0004.rst7' as Amber NC Restart
	Reading '../../3qdo06_E102MS103QE104TV107L/no_restraint_new_protocol/min_NoH_5_3_8_5_mut_E102MS103QE104TV107L_round_3_0008.rst7' as Amber NC Restart
	Reading '../../3qdo06_E102MS103QE104TV107L/no_restraint_new_protocol/min_NoH_5_3_8_5_mut_E102MS103QE104TV107L_round_3_0023.rst7' as Amber NC Restart
TIME: Total execution time: 0.8944 seconds.
--------------------------------------------------------------------------------
To cite CPPTRAJ use:
Daniel R. Roe and Thomas E. Cheatham, III, "PTRAJ and CPPTRAJ: Software for
  Processing and Analysis of Molecular Dynamics Trajectory Data". J. Chem.
  Theory Comput., 2013, 9 (7), pp 3084-3095.

