
CPPTRAJ: Trajectory Analysis. V16.00
    ___  ___  ___  ___
     | \/ | \/ | \/ | 
    _|_/\_|_/\_|_/\_|_

| Date/time: 06/20/16 16:26:59
| Available memory: 215.749 GB

INPUT: Reading input from 'cpptraj.in'
  [parm ../../3qdo06_S103IE104SS105VK106GV107L/prmtop]
	Reading '../../3qdo06_S103IE104SS105VK106GV107L/prmtop' as Amber Topology
  [trajin ../../3qdo06_S103IE104SS105VK106GV107L/no_restraint_new_protocol/min_NoH_*rst7"]
	Reading '../../3qdo06_S103IE104SS105VK106GV107L/no_restraint_new_protocol/min_NoH_4_2_1_4_mut_S103IE104SS105VK106GV107L_round_2_0002.rst7' as Amber NC Restart
	Reading '../../3qdo06_S103IE104SS105VK106GV107L/no_restraint_new_protocol/min_NoH_4_2_1_4_mut_S103IE104SS105VK106GV107L_round_2_0004.rst7' as Amber NC Restart
	Reading '../../3qdo06_S103IE104SS105VK106GV107L/no_restraint_new_protocol/min_NoH_4_2_3_4_mut_S103IE104SS105VK106GV107L_round_2_0010.rst7' as Amber NC Restart
	Reading '../../3qdo06_S103IE104SS105VK106GV107L/no_restraint_new_protocol/min_NoH_4_2_4_4_mut_S103IE104SS105VK106GV107L_round_2_0011.rst7' as Amber NC Restart
	Reading '../../3qdo06_S103IE104SS105VK106GV107L/no_restraint_new_protocol/min_NoH_4_2_4_4_mut_S103IE104SS105VK106GV107L_round_2_0022.rst7' as Amber NC Restart
	Reading '../../3qdo06_S103IE104SS105VK106GV107L/no_restraint_new_protocol/min_NoH_4_2_4_4_mut_S103IE104SS105VK106GV107L_round_2_0023.rst7' as Amber NC Restart
	Reading '../../3qdo06_S103IE104SS105VK106GV107L/no_restraint_new_protocol/min_NoH_4_2_4_4_mut_S103IE104SS105VK106GV107L_round_2_0024.rst7' as Amber NC Restart
	Reading '../../3qdo06_S103IE104SS105VK106GV107L/no_restraint_new_protocol/min_NoH_4_2_5_4_mut_S103IE104SS105VK106GV107L_round_2_0003.rst7' as Amber NC Restart
	Reading '../../3qdo06_S103IE104SS105VK106GV107L/no_restraint_new_protocol/min_NoH_4_2_5_4_mut_S103IE104SS105VK106GV107L_round_2_0013.rst7' as Amber NC Restart
	Reading '../../3qdo06_S103IE104SS105VK106GV107L/no_restraint_new_protocol/min_NoH_4_2_5_4_mut_S103IE104SS105VK106GV107L_round_2_0024.rst7' as Amber NC Restart
	Reading '../../3qdo06_S103IE104SS105VK106GV107L/no_restraint_new_protocol/min_NoH_4_2_6_4_mut_S103IE104SS105VK106GV107L_round_2_0014.rst7' as Amber NC Restart
	Reading '../../3qdo06_S103IE104SS105VK106GV107L/no_restraint_new_protocol/min_NoH_4_2_6_4_mut_S103IE104SS105VK106GV107L_round_2_0021.rst7' as Amber NC Restart
	Reading '../../3qdo06_S103IE104SS105VK106GV107L/no_restraint_new_protocol/min_NoH_4_2_6_4_mut_S103IE104SS105VK106GV107L_round_2_0024.rst7' as Amber NC Restart
	Reading '../../3qdo06_S103IE104SS105VK106GV107L/no_restraint_new_protocol/min_NoH_4_2_7_4_mut_S103IE104SS105VK106GV107L_round_2_0023.rst7' as Amber NC Restart
	Reading '../../3qdo06_S103IE104SS105VK106GV107L/no_restraint_new_protocol/min_NoH_4_2_8_4_mut_S103IE104SS105VK106GV107L_round_2_0006.rst7' as Amber NC Restart
	Reading '../../3qdo06_S103IE104SS105VK106GV107L/no_restraint_new_protocol/min_NoH_4_2_8_4_mut_S103IE104SS105VK106GV107L_round_2_0013.rst7' as Amber NC Restart
	Reading '../../3qdo06_S103IE104SS105VK106GV107L/no_restraint_new_protocol/min_NoH_4_2_8_4_mut_S103IE104SS105VK106GV107L_round_2_0023.rst7' as Amber NC Restart
	Reading '../../3qdo06_S103IE104SS105VK106GV107L/no_restraint_new_protocol/min_NoH_5_4_1_5_mut_S103IE104SS105VK106GV107L_round_4_0011.rst7' as Amber NC Restart
	Reading '../../3qdo06_S103IE104SS105VK106GV107L/no_restraint_new_protocol/min_NoH_5_4_1_5_mut_S103IE104SS105VK106GV107L_round_4_0016.rst7' as Amber NC Restart
	Reading '../../3qdo06_S103IE104SS105VK106GV107L/no_restraint_new_protocol/min_NoH_5_4_2_5_mut_S103IE104SS105VK106GV107L_round_4_0001.rst7' as Amber NC Restart
	Reading '../../3qdo06_S103IE104SS105VK106GV107L/no_restraint_new_protocol/min_NoH_5_4_2_5_mut_S103IE104SS105VK106GV107L_round_4_0006.rst7' as Amber NC Restart
	Reading '../../3qdo06_S103IE104SS105VK106GV107L/no_restraint_new_protocol/min_NoH_5_4_2_5_mut_S103IE104SS105VK106GV107L_round_4_0019.rst7' as Amber NC Restart
	Reading '../../3qdo06_S103IE104SS105VK106GV107L/no_restraint_new_protocol/min_NoH_5_4_3_5_mut_S103IE104SS105VK106GV107L_round_4_0017.rst7' as Amber NC Restart
	Reading '../../3qdo06_S103IE104SS105VK106GV107L/no_restraint_new_protocol/min_NoH_5_4_4_5_mut_S103IE104SS105VK106GV107L_round_4_0024.rst7' as Amber NC Restart
	Reading '../../3qdo06_S103IE104SS105VK106GV107L/no_restraint_new_protocol/min_NoH_5_4_6_5_mut_S103IE104SS105VK106GV107L_round_4_0003.rst7' as Amber NC Restart
	Reading '../../3qdo06_S103IE104SS105VK106GV107L/no_restraint_new_protocol/min_NoH_5_4_6_5_mut_S103IE104SS105VK106GV107L_round_4_0012.rst7' as Amber NC Restart
	Reading '../../3qdo06_S103IE104SS105VK106GV107L/no_restraint_new_protocol/min_NoH_5_4_7_5_mut_S103IE104SS105VK106GV107L_round_4_0010.rst7' as Amber NC Restart
	Reading '../../3qdo06_S103IE104SS105VK106GV107L/no_restraint_new_protocol/min_NoH_5_4_7_5_mut_S103IE104SS105VK106GV107L_round_4_0014.rst7' as Amber NC Restart
	Reading '../../3qdo06_S103IE104SS105VK106GV107L/no_restraint_new_protocol/min_NoH_5_4_8_5_mut_S103IE104SS105VK106GV107L_round_4_0012.rst7' as Amber NC Restart
	Reading '../../3qdo06_S103IE104SS105VK106GV107L/no_restraint_new_protocol/min_NoH_5_4_8_5_mut_S103IE104SS105VK106GV107L_round_4_0023.rst7' as Amber NC Restart
	Reading '../../3qdo06_S103IE104SS105VK106GV107L/no_restraint_new_protocol/min_NoH_9_5_1_9_mut_S103IE104SS105VK106GV107L_round_5_0007.rst7' as Amber NC Restart
	Reading '../../3qdo06_S103IE104SS105VK106GV107L/no_restraint_new_protocol/min_NoH_9_5_1_9_mut_S103IE104SS105VK106GV107L_round_5_0015.rst7' as Amber NC Restart
	Reading '../../3qdo06_S103IE104SS105VK106GV107L/no_restraint_new_protocol/min_NoH_9_5_1_9_mut_S103IE104SS105VK106GV107L_round_5_0020.rst7' as Amber NC Restart
	Reading '../../3qdo06_S103IE104SS105VK106GV107L/no_restraint_new_protocol/min_NoH_9_5_1_9_mut_S103IE104SS105VK106GV107L_round_5_0023.rst7' as Amber NC Restart
	Reading '../../3qdo06_S103IE104SS105VK106GV107L/no_restraint_new_protocol/min_NoH_9_5_1_9_mut_S103IE104SS105VK106GV107L_round_5_0024.rst7' as Amber NC Restart
	Reading '../../3qdo06_S103IE104SS105VK106GV107L/no_restraint_new_protocol/min_NoH_9_5_2_9_mut_S103IE104SS105VK106GV107L_round_5_0003.rst7' as Amber NC Restart
	Reading '../../3qdo06_S103IE104SS105VK106GV107L/no_restraint_new_protocol/min_NoH_9_5_2_9_mut_S103IE104SS105VK106GV107L_round_5_0008.rst7' as Amber NC Restart
	Reading '../../3qdo06_S103IE104SS105VK106GV107L/no_restraint_new_protocol/min_NoH_9_5_2_9_mut_S103IE104SS105VK106GV107L_round_5_0015.rst7' as Amber NC Restart
	Reading '../../3qdo06_S103IE104SS105VK106GV107L/no_restraint_new_protocol/min_NoH_9_5_2_9_mut_S103IE104SS105VK106GV107L_round_5_0025.rst7' as Amber NC Restart
	Reading '../../3qdo06_S103IE104SS105VK106GV107L/no_restraint_new_protocol/min_NoH_9_5_3_9_mut_S103IE104SS105VK106GV107L_round_5_0011.rst7' as Amber NC Restart
	Reading '../../3qdo06_S103IE104SS105VK106GV107L/no_restraint_new_protocol/min_NoH_9_5_3_9_mut_S103IE104SS105VK106GV107L_round_5_0012.rst7' as Amber NC Restart
	Reading '../../3qdo06_S103IE104SS105VK106GV107L/no_restraint_new_protocol/min_NoH_9_5_3_9_mut_S103IE104SS105VK106GV107L_round_5_0018.rst7' as Amber NC Restart
	Reading '../../3qdo06_S103IE104SS105VK106GV107L/no_restraint_new_protocol/min_NoH_9_5_5_9_mut_S103IE104SS105VK106GV107L_round_5_0003.rst7' as Amber NC Restart
	Reading '../../3qdo06_S103IE104SS105VK106GV107L/no_restraint_new_protocol/min_NoH_9_5_6_9_mut_S103IE104SS105VK106GV107L_round_5_0002.rst7' as Amber NC Restart
	Reading '../../3qdo06_S103IE104SS105VK106GV107L/no_restraint_new_protocol/min_NoH_9_5_7_9_mut_S103IE104SS105VK106GV107L_round_5_0024.rst7' as Amber NC Restart
	Reading '../../3qdo06_S103IE104SS105VK106GV107L/no_restraint_new_protocol/min_NoH_9_5_8_9_mut_S103IE104SS105VK106GV107L_round_5_0002.rst7' as Amber NC Restart
	Reading '../../3qdo06_S103IE104SS105VK106GV107L/no_restraint_new_protocol/min_NoH_9_5_8_9_mut_S103IE104SS105VK106GV107L_round_5_0010.rst7' as Amber NC Restart
	Reading '../../3qdo06_S103IE104SS105VK106GV107L/no_restraint_new_protocol/min_NoH_9_5_8_9_mut_S103IE104SS105VK106GV107L_round_5_0014.rst7' as Amber NC Restart
	Reading '../../3qdo06_S103IE104SS105VK106GV107L/no_restraint_new_protocol/min_NoH_9_5_8_9_mut_S103IE104SS105VK106GV107L_round_5_0015.rst7' as Amber NC Restart
	Reading '../../3qdo06_S103IE104SS105VK106GV107L/no_restraint_new_protocol/min_NoH_9_5_8_9_mut_S103IE104SS105VK106GV107L_round_5_0018.rst7' as Amber NC Restart
TIME: Total execution time: 0.6674 seconds.
--------------------------------------------------------------------------------
To cite CPPTRAJ use:
Daniel R. Roe and Thomas E. Cheatham, III, "PTRAJ and CPPTRAJ: Software for
  Processing and Analysis of Molecular Dynamics Trajectory Data". J. Chem.
  Theory Comput., 2013, 9 (7), pp 3084-3095.

