
CPPTRAJ: Trajectory Analysis. V16.00
    ___  ___  ___  ___
     | \/ | \/ | \/ | 
    _|_/\_|_/\_|_/\_|_

| Date/time: 06/20/16 16:26:16
| Available memory: 215.558 GB

INPUT: Reading input from 'cpptraj.in'
  [parm ../../1g9o06_E92GS93ME94NS95KK96P/prmtop]
	Reading '../../1g9o06_E92GS93ME94NS95KK96P/prmtop' as Amber Topology
  [trajin ../../1g9o06_E92GS93ME94NS95KK96P/no_restraint_new_protocol/min_NoH_*rst7"]
	Reading '../../1g9o06_E92GS93ME94NS95KK96P/no_restraint_new_protocol/min_NoH_1_1_1_1_mut_E92GS93ME94NS95KK96P_round_1_0017.rst7' as Amber NC Restart
	Reading '../../1g9o06_E92GS93ME94NS95KK96P/no_restraint_new_protocol/min_NoH_1_1_1_1_mut_E92GS93ME94NS95KK96P_round_1_0018.rst7' as Amber NC Restart
	Reading '../../1g9o06_E92GS93ME94NS95KK96P/no_restraint_new_protocol/min_NoH_1_1_1_1_mut_E92GS93ME94NS95KK96P_round_1_0020.rst7' as Amber NC Restart
	Reading '../../1g9o06_E92GS93ME94NS95KK96P/no_restraint_new_protocol/min_NoH_1_1_2_1_mut_E92GS93ME94NS95KK96P_round_1_0011.rst7' as Amber NC Restart
	Reading '../../1g9o06_E92GS93ME94NS95KK96P/no_restraint_new_protocol/min_NoH_1_1_2_1_mut_E92GS93ME94NS95KK96P_round_1_0019.rst7' as Amber NC Restart
	Reading '../../1g9o06_E92GS93ME94NS95KK96P/no_restraint_new_protocol/min_NoH_1_1_3_1_mut_E92GS93ME94NS95KK96P_round_1_0014.rst7' as Amber NC Restart
	Reading '../../1g9o06_E92GS93ME94NS95KK96P/no_restraint_new_protocol/min_NoH_1_1_4_1_mut_E92GS93ME94NS95KK96P_round_1_0008.rst7' as Amber NC Restart
	Reading '../../1g9o06_E92GS93ME94NS95KK96P/no_restraint_new_protocol/min_NoH_1_1_4_1_mut_E92GS93ME94NS95KK96P_round_1_0020.rst7' as Amber NC Restart
	Reading '../../1g9o06_E92GS93ME94NS95KK96P/no_restraint_new_protocol/min_NoH_1_1_5_1_mut_E92GS93ME94NS95KK96P_round_1_0006.rst7' as Amber NC Restart
	Reading '../../1g9o06_E92GS93ME94NS95KK96P/no_restraint_new_protocol/min_NoH_1_1_5_1_mut_E92GS93ME94NS95KK96P_round_1_0013.rst7' as Amber NC Restart
	Reading '../../1g9o06_E92GS93ME94NS95KK96P/no_restraint_new_protocol/min_NoH_1_1_6_1_mut_E92GS93ME94NS95KK96P_round_1_0010.rst7' as Amber NC Restart
	Reading '../../1g9o06_E92GS93ME94NS95KK96P/no_restraint_new_protocol/min_NoH_1_1_6_1_mut_E92GS93ME94NS95KK96P_round_1_0015.rst7' as Amber NC Restart
	Reading '../../1g9o06_E92GS93ME94NS95KK96P/no_restraint_new_protocol/min_NoH_1_1_7_1_mut_E92GS93ME94NS95KK96P_round_1_0006.rst7' as Amber NC Restart
	Reading '../../1g9o06_E92GS93ME94NS95KK96P/no_restraint_new_protocol/min_NoH_1_1_7_1_mut_E92GS93ME94NS95KK96P_round_1_0016.rst7' as Amber NC Restart
	Reading '../../1g9o06_E92GS93ME94NS95KK96P/no_restraint_new_protocol/min_NoH_1_1_8_1_mut_E92GS93ME94NS95KK96P_round_1_0006.rst7' as Amber NC Restart
	Reading '../../1g9o06_E92GS93ME94NS95KK96P/no_restraint_new_protocol/min_NoH_1_1_8_1_mut_E92GS93ME94NS95KK96P_round_1_0022.rst7' as Amber NC Restart
	Reading '../../1g9o06_E92GS93ME94NS95KK96P/no_restraint_new_protocol/min_NoH_3_1_1_3_mut_E92GS93ME94NS95KK96P_round_1_0012.rst7' as Amber NC Restart
	Reading '../../1g9o06_E92GS93ME94NS95KK96P/no_restraint_new_protocol/min_NoH_3_1_2_3_mut_E92GS93ME94NS95KK96P_round_1_0016.rst7' as Amber NC Restart
	Reading '../../1g9o06_E92GS93ME94NS95KK96P/no_restraint_new_protocol/min_NoH_3_1_2_3_mut_E92GS93ME94NS95KK96P_round_1_0020.rst7' as Amber NC Restart
	Reading '../../1g9o06_E92GS93ME94NS95KK96P/no_restraint_new_protocol/min_NoH_3_1_2_3_mut_E92GS93ME94NS95KK96P_round_1_0023.rst7' as Amber NC Restart
	Reading '../../1g9o06_E92GS93ME94NS95KK96P/no_restraint_new_protocol/min_NoH_3_1_3_3_mut_E92GS93ME94NS95KK96P_round_1_0011.rst7' as Amber NC Restart
	Reading '../../1g9o06_E92GS93ME94NS95KK96P/no_restraint_new_protocol/min_NoH_3_1_3_3_mut_E92GS93ME94NS95KK96P_round_1_0023.rst7' as Amber NC Restart
	Reading '../../1g9o06_E92GS93ME94NS95KK96P/no_restraint_new_protocol/min_NoH_3_1_4_3_mut_E92GS93ME94NS95KK96P_round_1_0004.rst7' as Amber NC Restart
	Reading '../../1g9o06_E92GS93ME94NS95KK96P/no_restraint_new_protocol/min_NoH_3_1_4_3_mut_E92GS93ME94NS95KK96P_round_1_0010.rst7' as Amber NC Restart
	Reading '../../1g9o06_E92GS93ME94NS95KK96P/no_restraint_new_protocol/min_NoH_3_1_5_3_mut_E92GS93ME94NS95KK96P_round_1_0012.rst7' as Amber NC Restart
	Reading '../../1g9o06_E92GS93ME94NS95KK96P/no_restraint_new_protocol/min_NoH_3_1_6_3_mut_E92GS93ME94NS95KK96P_round_1_0012.rst7' as Amber NC Restart
	Reading '../../1g9o06_E92GS93ME94NS95KK96P/no_restraint_new_protocol/min_NoH_3_1_6_3_mut_E92GS93ME94NS95KK96P_round_1_0015.rst7' as Amber NC Restart
	Reading '../../1g9o06_E92GS93ME94NS95KK96P/no_restraint_new_protocol/min_NoH_3_1_6_3_mut_E92GS93ME94NS95KK96P_round_1_0017.rst7' as Amber NC Restart
	Reading '../../1g9o06_E92GS93ME94NS95KK96P/no_restraint_new_protocol/min_NoH_3_1_6_3_mut_E92GS93ME94NS95KK96P_round_1_0018.rst7' as Amber NC Restart
	Reading '../../1g9o06_E92GS93ME94NS95KK96P/no_restraint_new_protocol/min_NoH_3_1_6_3_mut_E92GS93ME94NS95KK96P_round_1_0019.rst7' as Amber NC Restart
	Reading '../../1g9o06_E92GS93ME94NS95KK96P/no_restraint_new_protocol/min_NoH_3_1_6_3_mut_E92GS93ME94NS95KK96P_round_1_0020.rst7' as Amber NC Restart
	Reading '../../1g9o06_E92GS93ME94NS95KK96P/no_restraint_new_protocol/min_NoH_3_1_7_3_mut_E92GS93ME94NS95KK96P_round_1_0016.rst7' as Amber NC Restart
	Reading '../../1g9o06_E92GS93ME94NS95KK96P/no_restraint_new_protocol/min_NoH_3_1_7_3_mut_E92GS93ME94NS95KK96P_round_1_0019.rst7' as Amber NC Restart
	Reading '../../1g9o06_E92GS93ME94NS95KK96P/no_restraint_new_protocol/min_NoH_3_1_7_3_mut_E92GS93ME94NS95KK96P_round_1_0024.rst7' as Amber NC Restart
	Reading '../../1g9o06_E92GS93ME94NS95KK96P/no_restraint_new_protocol/min_NoH_3_1_8_3_mut_E92GS93ME94NS95KK96P_round_1_0004.rst7' as Amber NC Restart
	Reading '../../1g9o06_E92GS93ME94NS95KK96P/no_restraint_new_protocol/min_NoH_3_1_8_3_mut_E92GS93ME94NS95KK96P_round_1_0016.rst7' as Amber NC Restart
	Reading '../../1g9o06_E92GS93ME94NS95KK96P/no_restraint_new_protocol/min_NoH_3_1_8_3_mut_E92GS93ME94NS95KK96P_round_1_0018.rst7' as Amber NC Restart
	Reading '../../1g9o06_E92GS93ME94NS95KK96P/no_restraint_new_protocol/min_NoH_3_1_8_3_mut_E92GS93ME94NS95KK96P_round_1_0024.rst7' as Amber NC Restart
	Reading '../../1g9o06_E92GS93ME94NS95KK96P/no_restraint_new_protocol/min_NoH_3_4_1_3_mut_E92GS93ME94NS95KK96P_round_4_0025.rst7' as Amber NC Restart
	Reading '../../1g9o06_E92GS93ME94NS95KK96P/no_restraint_new_protocol/min_NoH_3_4_2_3_mut_E92GS93ME94NS95KK96P_round_4_0021.rst7' as Amber NC Restart
	Reading '../../1g9o06_E92GS93ME94NS95KK96P/no_restraint_new_protocol/min_NoH_3_4_3_3_mut_E92GS93ME94NS95KK96P_round_4_0009.rst7' as Amber NC Restart
	Reading '../../1g9o06_E92GS93ME94NS95KK96P/no_restraint_new_protocol/min_NoH_3_4_3_3_mut_E92GS93ME94NS95KK96P_round_4_0012.rst7' as Amber NC Restart
	Reading '../../1g9o06_E92GS93ME94NS95KK96P/no_restraint_new_protocol/min_NoH_3_4_3_3_mut_E92GS93ME94NS95KK96P_round_4_0014.rst7' as Amber NC Restart
	Reading '../../1g9o06_E92GS93ME94NS95KK96P/no_restraint_new_protocol/min_NoH_3_4_5_3_mut_E92GS93ME94NS95KK96P_round_4_0010.rst7' as Amber NC Restart
	Reading '../../1g9o06_E92GS93ME94NS95KK96P/no_restraint_new_protocol/min_NoH_3_4_5_3_mut_E92GS93ME94NS95KK96P_round_4_0020.rst7' as Amber NC Restart
	Reading '../../1g9o06_E92GS93ME94NS95KK96P/no_restraint_new_protocol/min_NoH_3_4_6_3_mut_E92GS93ME94NS95KK96P_round_4_0009.rst7' as Amber NC Restart
	Reading '../../1g9o06_E92GS93ME94NS95KK96P/no_restraint_new_protocol/min_NoH_3_4_6_3_mut_E92GS93ME94NS95KK96P_round_4_0013.rst7' as Amber NC Restart
	Reading '../../1g9o06_E92GS93ME94NS95KK96P/no_restraint_new_protocol/min_NoH_3_4_6_3_mut_E92GS93ME94NS95KK96P_round_4_0025.rst7' as Amber NC Restart
	Reading '../../1g9o06_E92GS93ME94NS95KK96P/no_restraint_new_protocol/min_NoH_3_4_8_3_mut_E92GS93ME94NS95KK96P_round_4_0004.rst7' as Amber NC Restart
	Reading '../../1g9o06_E92GS93ME94NS95KK96P/no_restraint_new_protocol/min_NoH_3_4_8_3_mut_E92GS93ME94NS95KK96P_round_4_0011.rst7' as Amber NC Restart
TIME: Total execution time: 1.2447 seconds.
--------------------------------------------------------------------------------
To cite CPPTRAJ use:
Daniel R. Roe and Thomas E. Cheatham, III, "PTRAJ and CPPTRAJ: Software for
  Processing and Analysis of Molecular Dynamics Trajectory Data". J. Chem.
  Theory Comput., 2013, 9 (7), pp 3084-3095.

