
CPPTRAJ: Trajectory Analysis. V16.00
    ___  ___  ___  ___
     | \/ | \/ | \/ | 
    _|_/\_|_/\_|_/\_|_

| Date/time: 06/20/16 16:26:25
| Available memory: 215.593 GB

INPUT: Reading input from 'cpptraj.in'
  [parm ../../1g9o06_E92TS93NE94DK96LV97L/prmtop]
	Reading '../../1g9o06_E92TS93NE94DK96LV97L/prmtop' as Amber Topology
  [trajin ../../1g9o06_E92TS93NE94DK96LV97L/no_restraint_new_protocol/min_NoH_*rst7"]
	Reading '../../1g9o06_E92TS93NE94DK96LV97L/no_restraint_new_protocol/min_NoH_10_2_1_10_mut_E92TS93NE94DK96LV97L_round_2_0024.rst7' as Amber NC Restart
	Reading '../../1g9o06_E92TS93NE94DK96LV97L/no_restraint_new_protocol/min_NoH_10_2_2_10_mut_E92TS93NE94DK96LV97L_round_2_0002.rst7' as Amber NC Restart
	Reading '../../1g9o06_E92TS93NE94DK96LV97L/no_restraint_new_protocol/min_NoH_10_2_2_10_mut_E92TS93NE94DK96LV97L_round_2_0005.rst7' as Amber NC Restart
	Reading '../../1g9o06_E92TS93NE94DK96LV97L/no_restraint_new_protocol/min_NoH_10_2_2_10_mut_E92TS93NE94DK96LV97L_round_2_0008.rst7' as Amber NC Restart
	Reading '../../1g9o06_E92TS93NE94DK96LV97L/no_restraint_new_protocol/min_NoH_10_2_5_10_mut_E92TS93NE94DK96LV97L_round_2_0004.rst7' as Amber NC Restart
	Reading '../../1g9o06_E92TS93NE94DK96LV97L/no_restraint_new_protocol/min_NoH_10_2_5_10_mut_E92TS93NE94DK96LV97L_round_2_0020.rst7' as Amber NC Restart
	Reading '../../1g9o06_E92TS93NE94DK96LV97L/no_restraint_new_protocol/min_NoH_10_2_5_10_mut_E92TS93NE94DK96LV97L_round_2_0021.rst7' as Amber NC Restart
	Reading '../../1g9o06_E92TS93NE94DK96LV97L/no_restraint_new_protocol/min_NoH_10_2_7_10_mut_E92TS93NE94DK96LV97L_round_2_0009.rst7' as Amber NC Restart
	Reading '../../1g9o06_E92TS93NE94DK96LV97L/no_restraint_new_protocol/min_NoH_10_2_7_10_mut_E92TS93NE94DK96LV97L_round_2_0023.rst7' as Amber NC Restart
	Reading '../../1g9o06_E92TS93NE94DK96LV97L/no_restraint_new_protocol/min_NoH_10_2_8_10_mut_E92TS93NE94DK96LV97L_round_2_0003.rst7' as Amber NC Restart
	Reading '../../1g9o06_E92TS93NE94DK96LV97L/no_restraint_new_protocol/min_NoH_10_2_8_10_mut_E92TS93NE94DK96LV97L_round_2_0004.rst7' as Amber NC Restart
	Reading '../../1g9o06_E92TS93NE94DK96LV97L/no_restraint_new_protocol/min_NoH_10_2_8_10_mut_E92TS93NE94DK96LV97L_round_2_0014.rst7' as Amber NC Restart
	Reading '../../1g9o06_E92TS93NE94DK96LV97L/no_restraint_new_protocol/min_NoH_5_4_1_5_mut_E92TS93NE94DK96LV97L_round_4_0005.rst7' as Amber NC Restart
	Reading '../../1g9o06_E92TS93NE94DK96LV97L/no_restraint_new_protocol/min_NoH_5_4_1_5_mut_E92TS93NE94DK96LV97L_round_4_0006.rst7' as Amber NC Restart
	Reading '../../1g9o06_E92TS93NE94DK96LV97L/no_restraint_new_protocol/min_NoH_5_4_1_5_mut_E92TS93NE94DK96LV97L_round_4_0018.rst7' as Amber NC Restart
	Reading '../../1g9o06_E92TS93NE94DK96LV97L/no_restraint_new_protocol/min_NoH_5_4_2_5_mut_E92TS93NE94DK96LV97L_round_4_0002.rst7' as Amber NC Restart
	Reading '../../1g9o06_E92TS93NE94DK96LV97L/no_restraint_new_protocol/min_NoH_5_4_2_5_mut_E92TS93NE94DK96LV97L_round_4_0004.rst7' as Amber NC Restart
	Reading '../../1g9o06_E92TS93NE94DK96LV97L/no_restraint_new_protocol/min_NoH_5_4_2_5_mut_E92TS93NE94DK96LV97L_round_4_0007.rst7' as Amber NC Restart
	Reading '../../1g9o06_E92TS93NE94DK96LV97L/no_restraint_new_protocol/min_NoH_5_4_3_5_mut_E92TS93NE94DK96LV97L_round_4_0023.rst7' as Amber NC Restart
	Reading '../../1g9o06_E92TS93NE94DK96LV97L/no_restraint_new_protocol/min_NoH_5_4_4_5_mut_E92TS93NE94DK96LV97L_round_4_0008.rst7' as Amber NC Restart
	Reading '../../1g9o06_E92TS93NE94DK96LV97L/no_restraint_new_protocol/min_NoH_5_4_4_5_mut_E92TS93NE94DK96LV97L_round_4_0010.rst7' as Amber NC Restart
	Reading '../../1g9o06_E92TS93NE94DK96LV97L/no_restraint_new_protocol/min_NoH_5_4_4_5_mut_E92TS93NE94DK96LV97L_round_4_0011.rst7' as Amber NC Restart
	Reading '../../1g9o06_E92TS93NE94DK96LV97L/no_restraint_new_protocol/min_NoH_5_4_4_5_mut_E92TS93NE94DK96LV97L_round_4_0016.rst7' as Amber NC Restart
	Reading '../../1g9o06_E92TS93NE94DK96LV97L/no_restraint_new_protocol/min_NoH_5_4_5_5_mut_E92TS93NE94DK96LV97L_round_4_0005.rst7' as Amber NC Restart
	Reading '../../1g9o06_E92TS93NE94DK96LV97L/no_restraint_new_protocol/min_NoH_5_4_5_5_mut_E92TS93NE94DK96LV97L_round_4_0006.rst7' as Amber NC Restart
	Reading '../../1g9o06_E92TS93NE94DK96LV97L/no_restraint_new_protocol/min_NoH_5_4_5_5_mut_E92TS93NE94DK96LV97L_round_4_0017.rst7' as Amber NC Restart
	Reading '../../1g9o06_E92TS93NE94DK96LV97L/no_restraint_new_protocol/min_NoH_5_4_5_5_mut_E92TS93NE94DK96LV97L_round_4_0019.rst7' as Amber NC Restart
	Reading '../../1g9o06_E92TS93NE94DK96LV97L/no_restraint_new_protocol/min_NoH_5_4_6_5_mut_E92TS93NE94DK96LV97L_round_4_0008.rst7' as Amber NC Restart
	Reading '../../1g9o06_E92TS93NE94DK96LV97L/no_restraint_new_protocol/min_NoH_5_4_6_5_mut_E92TS93NE94DK96LV97L_round_4_0014.rst7' as Amber NC Restart
	Reading '../../1g9o06_E92TS93NE94DK96LV97L/no_restraint_new_protocol/min_NoH_5_4_6_5_mut_E92TS93NE94DK96LV97L_round_4_0019.rst7' as Amber NC Restart
	Reading '../../1g9o06_E92TS93NE94DK96LV97L/no_restraint_new_protocol/min_NoH_5_4_6_5_mut_E92TS93NE94DK96LV97L_round_4_0023.rst7' as Amber NC Restart
	Reading '../../1g9o06_E92TS93NE94DK96LV97L/no_restraint_new_protocol/min_NoH_5_4_6_5_mut_E92TS93NE94DK96LV97L_round_4_0024.rst7' as Amber NC Restart
	Reading '../../1g9o06_E92TS93NE94DK96LV97L/no_restraint_new_protocol/min_NoH_5_4_7_5_mut_E92TS93NE94DK96LV97L_round_4_0016.rst7' as Amber NC Restart
	Reading '../../1g9o06_E92TS93NE94DK96LV97L/no_restraint_new_protocol/min_NoH_5_4_7_5_mut_E92TS93NE94DK96LV97L_round_4_0019.rst7' as Amber NC Restart
	Reading '../../1g9o06_E92TS93NE94DK96LV97L/no_restraint_new_protocol/min_NoH_9_4_1_9_mut_E92TS93NE94DK96LV97L_round_4_0023.rst7' as Amber NC Restart
	Reading '../../1g9o06_E92TS93NE94DK96LV97L/no_restraint_new_protocol/min_NoH_9_4_2_9_mut_E92TS93NE94DK96LV97L_round_4_0023.rst7' as Amber NC Restart
	Reading '../../1g9o06_E92TS93NE94DK96LV97L/no_restraint_new_protocol/min_NoH_9_4_3_9_mut_E92TS93NE94DK96LV97L_round_4_0014.rst7' as Amber NC Restart
	Reading '../../1g9o06_E92TS93NE94DK96LV97L/no_restraint_new_protocol/min_NoH_9_4_4_9_mut_E92TS93NE94DK96LV97L_round_4_0013.rst7' as Amber NC Restart
	Reading '../../1g9o06_E92TS93NE94DK96LV97L/no_restraint_new_protocol/min_NoH_9_4_4_9_mut_E92TS93NE94DK96LV97L_round_4_0016.rst7' as Amber NC Restart
	Reading '../../1g9o06_E92TS93NE94DK96LV97L/no_restraint_new_protocol/min_NoH_9_4_4_9_mut_E92TS93NE94DK96LV97L_round_4_0020.rst7' as Amber NC Restart
	Reading '../../1g9o06_E92TS93NE94DK96LV97L/no_restraint_new_protocol/min_NoH_9_4_4_9_mut_E92TS93NE94DK96LV97L_round_4_0025.rst7' as Amber NC Restart
	Reading '../../1g9o06_E92TS93NE94DK96LV97L/no_restraint_new_protocol/min_NoH_9_4_6_9_mut_E92TS93NE94DK96LV97L_round_4_0005.rst7' as Amber NC Restart
	Reading '../../1g9o06_E92TS93NE94DK96LV97L/no_restraint_new_protocol/min_NoH_9_4_6_9_mut_E92TS93NE94DK96LV97L_round_4_0011.rst7' as Amber NC Restart
	Reading '../../1g9o06_E92TS93NE94DK96LV97L/no_restraint_new_protocol/min_NoH_9_4_6_9_mut_E92TS93NE94DK96LV97L_round_4_0018.rst7' as Amber NC Restart
	Reading '../../1g9o06_E92TS93NE94DK96LV97L/no_restraint_new_protocol/min_NoH_9_4_6_9_mut_E92TS93NE94DK96LV97L_round_4_0021.rst7' as Amber NC Restart
	Reading '../../1g9o06_E92TS93NE94DK96LV97L/no_restraint_new_protocol/min_NoH_9_4_6_9_mut_E92TS93NE94DK96LV97L_round_4_0025.rst7' as Amber NC Restart
	Reading '../../1g9o06_E92TS93NE94DK96LV97L/no_restraint_new_protocol/min_NoH_9_4_7_9_mut_E92TS93NE94DK96LV97L_round_4_0004.rst7' as Amber NC Restart
	Reading '../../1g9o06_E92TS93NE94DK96LV97L/no_restraint_new_protocol/min_NoH_9_4_7_9_mut_E92TS93NE94DK96LV97L_round_4_0006.rst7' as Amber NC Restart
	Reading '../../1g9o06_E92TS93NE94DK96LV97L/no_restraint_new_protocol/min_NoH_9_4_7_9_mut_E92TS93NE94DK96LV97L_round_4_0019.rst7' as Amber NC Restart
	Reading '../../1g9o06_E92TS93NE94DK96LV97L/no_restraint_new_protocol/min_NoH_9_4_7_9_mut_E92TS93NE94DK96LV97L_round_4_0024.rst7' as Amber NC Restart
TIME: Total execution time: 0.7533 seconds.
--------------------------------------------------------------------------------
To cite CPPTRAJ use:
Daniel R. Roe and Thomas E. Cheatham, III, "PTRAJ and CPPTRAJ: Software for
  Processing and Analysis of Molecular Dynamics Trajectory Data". J. Chem.
  Theory Comput., 2013, 9 (7), pp 3084-3095.

