
CPPTRAJ: Trajectory Analysis. V16.00
    ___  ___  ___  ___
     | \/ | \/ | \/ | 
    _|_/\_|_/\_|_/\_|_

| Date/time: 06/20/16 16:26:18
| Available memory: 215.565 GB

INPUT: Reading input from 'cpptraj.in'
  [parm ../../1g9o06_E92LS93GE94AS95TK96GV97L/prmtop]
	Reading '../../1g9o06_E92LS93GE94AS95TK96GV97L/prmtop' as Amber Topology
  [trajin ../../1g9o06_E92LS93GE94AS95TK96GV97L/no_restraint_new_protocol/min_NoH_*rst7"]
	Reading '../../1g9o06_E92LS93GE94AS95TK96GV97L/no_restraint_new_protocol/min_NoH_10_4_1_10_mut_E92LS93GE94AS95TK96GV97L_round_4_0004.rst7' as Amber NC Restart
	Reading '../../1g9o06_E92LS93GE94AS95TK96GV97L/no_restraint_new_protocol/min_NoH_10_4_1_10_mut_E92LS93GE94AS95TK96GV97L_round_4_0018.rst7' as Amber NC Restart
	Reading '../../1g9o06_E92LS93GE94AS95TK96GV97L/no_restraint_new_protocol/min_NoH_10_4_2_10_mut_E92LS93GE94AS95TK96GV97L_round_4_0023.rst7' as Amber NC Restart
	Reading '../../1g9o06_E92LS93GE94AS95TK96GV97L/no_restraint_new_protocol/min_NoH_10_4_2_10_mut_E92LS93GE94AS95TK96GV97L_round_4_0025.rst7' as Amber NC Restart
	Reading '../../1g9o06_E92LS93GE94AS95TK96GV97L/no_restraint_new_protocol/min_NoH_10_4_3_10_mut_E92LS93GE94AS95TK96GV97L_round_4_0002.rst7' as Amber NC Restart
	Reading '../../1g9o06_E92LS93GE94AS95TK96GV97L/no_restraint_new_protocol/min_NoH_10_4_3_10_mut_E92LS93GE94AS95TK96GV97L_round_4_0009.rst7' as Amber NC Restart
	Reading '../../1g9o06_E92LS93GE94AS95TK96GV97L/no_restraint_new_protocol/min_NoH_10_4_3_10_mut_E92LS93GE94AS95TK96GV97L_round_4_0023.rst7' as Amber NC Restart
	Reading '../../1g9o06_E92LS93GE94AS95TK96GV97L/no_restraint_new_protocol/min_NoH_10_4_4_10_mut_E92LS93GE94AS95TK96GV97L_round_4_0022.rst7' as Amber NC Restart
	Reading '../../1g9o06_E92LS93GE94AS95TK96GV97L/no_restraint_new_protocol/min_NoH_10_4_5_10_mut_E92LS93GE94AS95TK96GV97L_round_4_0011.rst7' as Amber NC Restart
	Reading '../../1g9o06_E92LS93GE94AS95TK96GV97L/no_restraint_new_protocol/min_NoH_10_4_5_10_mut_E92LS93GE94AS95TK96GV97L_round_4_0023.rst7' as Amber NC Restart
	Reading '../../1g9o06_E92LS93GE94AS95TK96GV97L/no_restraint_new_protocol/min_NoH_10_4_6_10_mut_E92LS93GE94AS95TK96GV97L_round_4_0011.rst7' as Amber NC Restart
	Reading '../../1g9o06_E92LS93GE94AS95TK96GV97L/no_restraint_new_protocol/min_NoH_10_4_7_10_mut_E92LS93GE94AS95TK96GV97L_round_4_0014.rst7' as Amber NC Restart
	Reading '../../1g9o06_E92LS93GE94AS95TK96GV97L/no_restraint_new_protocol/min_NoH_10_4_8_10_mut_E92LS93GE94AS95TK96GV97L_round_4_0010.rst7' as Amber NC Restart
	Reading '../../1g9o06_E92LS93GE94AS95TK96GV97L/no_restraint_new_protocol/min_NoH_10_4_8_10_mut_E92LS93GE94AS95TK96GV97L_round_4_0021.rst7' as Amber NC Restart
	Reading '../../1g9o06_E92LS93GE94AS95TK96GV97L/no_restraint_new_protocol/min_NoH_1_2_1_1_mut_E92LS93GE94AS95TK96GV97L_round_2_0018.rst7' as Amber NC Restart
	Reading '../../1g9o06_E92LS93GE94AS95TK96GV97L/no_restraint_new_protocol/min_NoH_1_2_2_1_mut_E92LS93GE94AS95TK96GV97L_round_2_0006.rst7' as Amber NC Restart
	Reading '../../1g9o06_E92LS93GE94AS95TK96GV97L/no_restraint_new_protocol/min_NoH_1_2_2_1_mut_E92LS93GE94AS95TK96GV97L_round_2_0009.rst7' as Amber NC Restart
	Reading '../../1g9o06_E92LS93GE94AS95TK96GV97L/no_restraint_new_protocol/min_NoH_1_2_2_1_mut_E92LS93GE94AS95TK96GV97L_round_2_0015.rst7' as Amber NC Restart
	Reading '../../1g9o06_E92LS93GE94AS95TK96GV97L/no_restraint_new_protocol/min_NoH_1_2_3_1_mut_E92LS93GE94AS95TK96GV97L_round_2_0006.rst7' as Amber NC Restart
	Reading '../../1g9o06_E92LS93GE94AS95TK96GV97L/no_restraint_new_protocol/min_NoH_1_2_4_1_mut_E92LS93GE94AS95TK96GV97L_round_2_0020.rst7' as Amber NC Restart
	Reading '../../1g9o06_E92LS93GE94AS95TK96GV97L/no_restraint_new_protocol/min_NoH_1_2_4_1_mut_E92LS93GE94AS95TK96GV97L_round_2_0021.rst7' as Amber NC Restart
	Reading '../../1g9o06_E92LS93GE94AS95TK96GV97L/no_restraint_new_protocol/min_NoH_1_2_5_1_mut_E92LS93GE94AS95TK96GV97L_round_2_0013.rst7' as Amber NC Restart
	Reading '../../1g9o06_E92LS93GE94AS95TK96GV97L/no_restraint_new_protocol/min_NoH_1_2_5_1_mut_E92LS93GE94AS95TK96GV97L_round_2_0021.rst7' as Amber NC Restart
	Reading '../../1g9o06_E92LS93GE94AS95TK96GV97L/no_restraint_new_protocol/min_NoH_1_2_5_1_mut_E92LS93GE94AS95TK96GV97L_round_2_0023.rst7' as Amber NC Restart
	Reading '../../1g9o06_E92LS93GE94AS95TK96GV97L/no_restraint_new_protocol/min_NoH_1_2_7_1_mut_E92LS93GE94AS95TK96GV97L_round_2_0005.rst7' as Amber NC Restart
	Reading '../../1g9o06_E92LS93GE94AS95TK96GV97L/no_restraint_new_protocol/min_NoH_1_2_7_1_mut_E92LS93GE94AS95TK96GV97L_round_2_0009.rst7' as Amber NC Restart
	Reading '../../1g9o06_E92LS93GE94AS95TK96GV97L/no_restraint_new_protocol/min_NoH_1_2_7_1_mut_E92LS93GE94AS95TK96GV97L_round_2_0016.rst7' as Amber NC Restart
	Reading '../../1g9o06_E92LS93GE94AS95TK96GV97L/no_restraint_new_protocol/min_NoH_1_2_8_1_mut_E92LS93GE94AS95TK96GV97L_round_2_0002.rst7' as Amber NC Restart
	Reading '../../1g9o06_E92LS93GE94AS95TK96GV97L/no_restraint_new_protocol/min_NoH_1_2_8_1_mut_E92LS93GE94AS95TK96GV97L_round_2_0005.rst7' as Amber NC Restart
	Reading '../../1g9o06_E92LS93GE94AS95TK96GV97L/no_restraint_new_protocol/min_NoH_1_2_8_1_mut_E92LS93GE94AS95TK96GV97L_round_2_0012.rst7' as Amber NC Restart
	Reading '../../1g9o06_E92LS93GE94AS95TK96GV97L/no_restraint_new_protocol/min_NoH_1_2_8_1_mut_E92LS93GE94AS95TK96GV97L_round_2_0014.rst7' as Amber NC Restart
	Reading '../../1g9o06_E92LS93GE94AS95TK96GV97L/no_restraint_new_protocol/min_NoH_1_2_8_1_mut_E92LS93GE94AS95TK96GV97L_round_2_0015.rst7' as Amber NC Restart
	Reading '../../1g9o06_E92LS93GE94AS95TK96GV97L/no_restraint_new_protocol/min_NoH_1_2_8_1_mut_E92LS93GE94AS95TK96GV97L_round_2_0020.rst7' as Amber NC Restart
	Reading '../../1g9o06_E92LS93GE94AS95TK96GV97L/no_restraint_new_protocol/min_NoH_2_2_1_2_mut_E92LS93GE94AS95TK96GV97L_round_2_0010.rst7' as Amber NC Restart
	Reading '../../1g9o06_E92LS93GE94AS95TK96GV97L/no_restraint_new_protocol/min_NoH_2_2_1_2_mut_E92LS93GE94AS95TK96GV97L_round_2_0011.rst7' as Amber NC Restart
	Reading '../../1g9o06_E92LS93GE94AS95TK96GV97L/no_restraint_new_protocol/min_NoH_2_2_2_2_mut_E92LS93GE94AS95TK96GV97L_round_2_0010.rst7' as Amber NC Restart
	Reading '../../1g9o06_E92LS93GE94AS95TK96GV97L/no_restraint_new_protocol/min_NoH_2_2_2_2_mut_E92LS93GE94AS95TK96GV97L_round_2_0017.rst7' as Amber NC Restart
	Reading '../../1g9o06_E92LS93GE94AS95TK96GV97L/no_restraint_new_protocol/min_NoH_2_2_2_2_mut_E92LS93GE94AS95TK96GV97L_round_2_0020.rst7' as Amber NC Restart
	Reading '../../1g9o06_E92LS93GE94AS95TK96GV97L/no_restraint_new_protocol/min_NoH_2_2_3_2_mut_E92LS93GE94AS95TK96GV97L_round_2_0009.rst7' as Amber NC Restart
	Reading '../../1g9o06_E92LS93GE94AS95TK96GV97L/no_restraint_new_protocol/min_NoH_2_2_3_2_mut_E92LS93GE94AS95TK96GV97L_round_2_0014.rst7' as Amber NC Restart
	Reading '../../1g9o06_E92LS93GE94AS95TK96GV97L/no_restraint_new_protocol/min_NoH_2_2_3_2_mut_E92LS93GE94AS95TK96GV97L_round_2_0021.rst7' as Amber NC Restart
	Reading '../../1g9o06_E92LS93GE94AS95TK96GV97L/no_restraint_new_protocol/min_NoH_2_2_3_2_mut_E92LS93GE94AS95TK96GV97L_round_2_0022.rst7' as Amber NC Restart
	Reading '../../1g9o06_E92LS93GE94AS95TK96GV97L/no_restraint_new_protocol/min_NoH_2_2_4_2_mut_E92LS93GE94AS95TK96GV97L_round_2_0009.rst7' as Amber NC Restart
	Reading '../../1g9o06_E92LS93GE94AS95TK96GV97L/no_restraint_new_protocol/min_NoH_2_2_5_2_mut_E92LS93GE94AS95TK96GV97L_round_2_0017.rst7' as Amber NC Restart
	Reading '../../1g9o06_E92LS93GE94AS95TK96GV97L/no_restraint_new_protocol/min_NoH_2_2_6_2_mut_E92LS93GE94AS95TK96GV97L_round_2_0002.rst7' as Amber NC Restart
	Reading '../../1g9o06_E92LS93GE94AS95TK96GV97L/no_restraint_new_protocol/min_NoH_2_2_7_2_mut_E92LS93GE94AS95TK96GV97L_round_2_0010.rst7' as Amber NC Restart
	Reading '../../1g9o06_E92LS93GE94AS95TK96GV97L/no_restraint_new_protocol/min_NoH_2_2_8_2_mut_E92LS93GE94AS95TK96GV97L_round_2_0010.rst7' as Amber NC Restart
	Reading '../../1g9o06_E92LS93GE94AS95TK96GV97L/no_restraint_new_protocol/min_NoH_2_2_8_2_mut_E92LS93GE94AS95TK96GV97L_round_2_0011.rst7' as Amber NC Restart
	Reading '../../1g9o06_E92LS93GE94AS95TK96GV97L/no_restraint_new_protocol/min_NoH_2_2_8_2_mut_E92LS93GE94AS95TK96GV97L_round_2_0015.rst7' as Amber NC Restart
	Reading '../../1g9o06_E92LS93GE94AS95TK96GV97L/no_restraint_new_protocol/min_NoH_2_2_8_2_mut_E92LS93GE94AS95TK96GV97L_round_2_0019.rst7' as Amber NC Restart
TIME: Total execution time: 0.7834 seconds.
--------------------------------------------------------------------------------
To cite CPPTRAJ use:
Daniel R. Roe and Thomas E. Cheatham, III, "PTRAJ and CPPTRAJ: Software for
  Processing and Analysis of Molecular Dynamics Trajectory Data". J. Chem.
  Theory Comput., 2013, 9 (7), pp 3084-3095.

