
CPPTRAJ: Trajectory Analysis. V16.00
    ___  ___  ___  ___
     | \/ | \/ | \/ | 
    _|_/\_|_/\_|_/\_|_

| Date/time: 06/20/16 16:27:24
| Available memory: 215.802 GB

INPUT: Reading input from 'cpptraj.in'
  [parm ../../1be908_A117NA118YA119KT121M/prmtop]
	Reading '../../1be908_A117NA118YA119KT121M/prmtop' as Amber Topology
  [trajin ../../1be908_A117NA118YA119KT121M/no_restraint_new_protocol/min_NoH_*rst7"]
	Reading '../../1be908_A117NA118YA119KT121M/no_restraint_new_protocol/min_NoH_2_3_10_2_mut_A117NA118YA119KT121M_round_3_0003.rst7' as Amber NC Restart
	Reading '../../1be908_A117NA118YA119KT121M/no_restraint_new_protocol/min_NoH_2_3_10_2_mut_A117NA118YA119KT121M_round_3_0015.rst7' as Amber NC Restart
	Reading '../../1be908_A117NA118YA119KT121M/no_restraint_new_protocol/min_NoH_2_3_1_2_mut_A117NA118YA119KT121M_round_3_0012.rst7' as Amber NC Restart
	Reading '../../1be908_A117NA118YA119KT121M/no_restraint_new_protocol/min_NoH_2_3_2_2_mut_A117NA118YA119KT121M_round_3_0002.rst7' as Amber NC Restart
	Reading '../../1be908_A117NA118YA119KT121M/no_restraint_new_protocol/min_NoH_2_3_2_2_mut_A117NA118YA119KT121M_round_3_0008.rst7' as Amber NC Restart
	Reading '../../1be908_A117NA118YA119KT121M/no_restraint_new_protocol/min_NoH_2_3_2_2_mut_A117NA118YA119KT121M_round_3_0012.rst7' as Amber NC Restart
	Reading '../../1be908_A117NA118YA119KT121M/no_restraint_new_protocol/min_NoH_2_3_2_2_mut_A117NA118YA119KT121M_round_3_0017.rst7' as Amber NC Restart
	Reading '../../1be908_A117NA118YA119KT121M/no_restraint_new_protocol/min_NoH_2_3_2_2_mut_A117NA118YA119KT121M_round_3_0020.rst7' as Amber NC Restart
	Reading '../../1be908_A117NA118YA119KT121M/no_restraint_new_protocol/min_NoH_2_3_3_2_mut_A117NA118YA119KT121M_round_3_0012.rst7' as Amber NC Restart
	Reading '../../1be908_A117NA118YA119KT121M/no_restraint_new_protocol/min_NoH_2_3_3_2_mut_A117NA118YA119KT121M_round_3_0019.rst7' as Amber NC Restart
	Reading '../../1be908_A117NA118YA119KT121M/no_restraint_new_protocol/min_NoH_2_3_4_2_mut_A117NA118YA119KT121M_round_3_0010.rst7' as Amber NC Restart
	Reading '../../1be908_A117NA118YA119KT121M/no_restraint_new_protocol/min_NoH_2_3_5_2_mut_A117NA118YA119KT121M_round_3_0001.rst7' as Amber NC Restart
	Reading '../../1be908_A117NA118YA119KT121M/no_restraint_new_protocol/min_NoH_2_3_5_2_mut_A117NA118YA119KT121M_round_3_0005.rst7' as Amber NC Restart
	Reading '../../1be908_A117NA118YA119KT121M/no_restraint_new_protocol/min_NoH_2_3_5_2_mut_A117NA118YA119KT121M_round_3_0006.rst7' as Amber NC Restart
	Reading '../../1be908_A117NA118YA119KT121M/no_restraint_new_protocol/min_NoH_2_3_5_2_mut_A117NA118YA119KT121M_round_3_0017.rst7' as Amber NC Restart
	Reading '../../1be908_A117NA118YA119KT121M/no_restraint_new_protocol/min_NoH_2_3_5_2_mut_A117NA118YA119KT121M_round_3_0020.rst7' as Amber NC Restart
	Reading '../../1be908_A117NA118YA119KT121M/no_restraint_new_protocol/min_NoH_2_3_6_2_mut_A117NA118YA119KT121M_round_3_0006.rst7' as Amber NC Restart
	Reading '../../1be908_A117NA118YA119KT121M/no_restraint_new_protocol/min_NoH_2_3_6_2_mut_A117NA118YA119KT121M_round_3_0007.rst7' as Amber NC Restart
	Reading '../../1be908_A117NA118YA119KT121M/no_restraint_new_protocol/min_NoH_2_3_7_2_mut_A117NA118YA119KT121M_round_3_0006.rst7' as Amber NC Restart
	Reading '../../1be908_A117NA118YA119KT121M/no_restraint_new_protocol/min_NoH_2_3_8_2_mut_A117NA118YA119KT121M_round_3_0005.rst7' as Amber NC Restart
	Reading '../../1be908_A117NA118YA119KT121M/no_restraint_new_protocol/min_NoH_2_3_8_2_mut_A117NA118YA119KT121M_round_3_0018.rst7' as Amber NC Restart
	Reading '../../1be908_A117NA118YA119KT121M/no_restraint_new_protocol/min_NoH_2_3_9_2_mut_A117NA118YA119KT121M_round_3_0003.rst7' as Amber NC Restart
	Reading '../../1be908_A117NA118YA119KT121M/no_restraint_new_protocol/min_NoH_2_3_9_2_mut_A117NA118YA119KT121M_round_3_0014.rst7' as Amber NC Restart
	Reading '../../1be908_A117NA118YA119KT121M/no_restraint_new_protocol/min_NoH_2_3_9_2_mut_A117NA118YA119KT121M_round_3_0017.rst7' as Amber NC Restart
	Reading '../../1be908_A117NA118YA119KT121M/no_restraint_new_protocol/min_NoH_4_5_10_4_mut_A117NA118YA119KT121M_round_5_0002.rst7' as Amber NC Restart
	Reading '../../1be908_A117NA118YA119KT121M/no_restraint_new_protocol/min_NoH_4_5_1_4_mut_A117NA118YA119KT121M_round_5_0002.rst7' as Amber NC Restart
	Reading '../../1be908_A117NA118YA119KT121M/no_restraint_new_protocol/min_NoH_4_5_1_4_mut_A117NA118YA119KT121M_round_5_0012.rst7' as Amber NC Restart
	Reading '../../1be908_A117NA118YA119KT121M/no_restraint_new_protocol/min_NoH_4_5_1_4_mut_A117NA118YA119KT121M_round_5_0016.rst7' as Amber NC Restart
	Reading '../../1be908_A117NA118YA119KT121M/no_restraint_new_protocol/min_NoH_4_5_1_4_mut_A117NA118YA119KT121M_round_5_0018.rst7' as Amber NC Restart
	Reading '../../1be908_A117NA118YA119KT121M/no_restraint_new_protocol/min_NoH_4_5_2_4_mut_A117NA118YA119KT121M_round_5_0006.rst7' as Amber NC Restart
	Reading '../../1be908_A117NA118YA119KT121M/no_restraint_new_protocol/min_NoH_4_5_2_4_mut_A117NA118YA119KT121M_round_5_0012.rst7' as Amber NC Restart
	Reading '../../1be908_A117NA118YA119KT121M/no_restraint_new_protocol/min_NoH_4_5_3_4_mut_A117NA118YA119KT121M_round_5_0012.rst7' as Amber NC Restart
	Reading '../../1be908_A117NA118YA119KT121M/no_restraint_new_protocol/min_NoH_4_5_3_4_mut_A117NA118YA119KT121M_round_5_0018.rst7' as Amber NC Restart
	Reading '../../1be908_A117NA118YA119KT121M/no_restraint_new_protocol/min_NoH_4_5_4_4_mut_A117NA118YA119KT121M_round_5_0011.rst7' as Amber NC Restart
	Reading '../../1be908_A117NA118YA119KT121M/no_restraint_new_protocol/min_NoH_4_5_5_4_mut_A117NA118YA119KT121M_round_5_0019.rst7' as Amber NC Restart
	Reading '../../1be908_A117NA118YA119KT121M/no_restraint_new_protocol/min_NoH_4_5_6_4_mut_A117NA118YA119KT121M_round_5_0004.rst7' as Amber NC Restart
	Reading '../../1be908_A117NA118YA119KT121M/no_restraint_new_protocol/min_NoH_4_5_6_4_mut_A117NA118YA119KT121M_round_5_0019.rst7' as Amber NC Restart
	Reading '../../1be908_A117NA118YA119KT121M/no_restraint_new_protocol/min_NoH_4_5_7_4_mut_A117NA118YA119KT121M_round_5_0006.rst7' as Amber NC Restart
	Reading '../../1be908_A117NA118YA119KT121M/no_restraint_new_protocol/min_NoH_4_5_8_4_mut_A117NA118YA119KT121M_round_5_0005.rst7' as Amber NC Restart
	Reading '../../1be908_A117NA118YA119KT121M/no_restraint_new_protocol/min_NoH_4_5_9_4_mut_A117NA118YA119KT121M_round_5_0006.rst7' as Amber NC Restart
	Reading '../../1be908_A117NA118YA119KT121M/no_restraint_new_protocol/min_NoH_4_5_9_4_mut_A117NA118YA119KT121M_round_5_0017.rst7' as Amber NC Restart
	Reading '../../1be908_A117NA118YA119KT121M/no_restraint_new_protocol/min_NoH_4_5_9_4_mut_A117NA118YA119KT121M_round_5_0019.rst7' as Amber NC Restart
	Reading '../../1be908_A117NA118YA119KT121M/no_restraint_new_protocol/min_NoH_5_4_10_5_mut_A117NA118YA119KT121M_round_4_0019.rst7' as Amber NC Restart
	Reading '../../1be908_A117NA118YA119KT121M/no_restraint_new_protocol/min_NoH_5_4_2_5_mut_A117NA118YA119KT121M_round_4_0011.rst7' as Amber NC Restart
	Reading '../../1be908_A117NA118YA119KT121M/no_restraint_new_protocol/min_NoH_5_4_4_5_mut_A117NA118YA119KT121M_round_4_0005.rst7' as Amber NC Restart
	Reading '../../1be908_A117NA118YA119KT121M/no_restraint_new_protocol/min_NoH_5_4_4_5_mut_A117NA118YA119KT121M_round_4_0015.rst7' as Amber NC Restart
	Reading '../../1be908_A117NA118YA119KT121M/no_restraint_new_protocol/min_NoH_5_4_5_5_mut_A117NA118YA119KT121M_round_4_0006.rst7' as Amber NC Restart
	Reading '../../1be908_A117NA118YA119KT121M/no_restraint_new_protocol/min_NoH_5_4_6_5_mut_A117NA118YA119KT121M_round_4_0013.rst7' as Amber NC Restart
	Reading '../../1be908_A117NA118YA119KT121M/no_restraint_new_protocol/min_NoH_5_4_7_5_mut_A117NA118YA119KT121M_round_4_0007.rst7' as Amber NC Restart
	Reading '../../1be908_A117NA118YA119KT121M/no_restraint_new_protocol/min_NoH_5_4_7_5_mut_A117NA118YA119KT121M_round_4_0014.rst7' as Amber NC Restart
TIME: Total execution time: 0.9349 seconds.
--------------------------------------------------------------------------------
To cite CPPTRAJ use:
Daniel R. Roe and Thomas E. Cheatham, III, "PTRAJ and CPPTRAJ: Software for
  Processing and Analysis of Molecular Dynamics Trajectory Data". J. Chem.
  Theory Comput., 2013, 9 (7), pp 3084-3095.

