
CPPTRAJ: Trajectory Analysis. V16.00
    ___  ___  ___  ___
     | \/ | \/ | \/ | 
    _|_/\_|_/\_|_/\_|_

| Date/time: 06/20/16 16:26:59
| Available memory: 215.751 GB

INPUT: Reading input from 'cpptraj.in'
  [parm ../../3qdo06_S103KE104VK106C/prmtop]
	Reading '../../3qdo06_S103KE104VK106C/prmtop' as Amber Topology
  [trajin ../../3qdo06_S103KE104VK106C/no_restraint_new_protocol/min_NoH_*rst7"]
	Reading '../../3qdo06_S103KE104VK106C/no_restraint_new_protocol/min_NoH_10_3_1_10_mut_S103KE104VK106C_round_3_0012.rst7' as Amber NC Restart
	Reading '../../3qdo06_S103KE104VK106C/no_restraint_new_protocol/min_NoH_10_3_1_10_mut_S103KE104VK106C_round_3_0017.rst7' as Amber NC Restart
	Reading '../../3qdo06_S103KE104VK106C/no_restraint_new_protocol/min_NoH_10_3_1_10_mut_S103KE104VK106C_round_3_0021.rst7' as Amber NC Restart
	Reading '../../3qdo06_S103KE104VK106C/no_restraint_new_protocol/min_NoH_10_3_2_10_mut_S103KE104VK106C_round_3_0006.rst7' as Amber NC Restart
	Reading '../../3qdo06_S103KE104VK106C/no_restraint_new_protocol/min_NoH_10_3_2_10_mut_S103KE104VK106C_round_3_0021.rst7' as Amber NC Restart
	Reading '../../3qdo06_S103KE104VK106C/no_restraint_new_protocol/min_NoH_10_3_4_10_mut_S103KE104VK106C_round_3_0015.rst7' as Amber NC Restart
	Reading '../../3qdo06_S103KE104VK106C/no_restraint_new_protocol/min_NoH_10_3_5_10_mut_S103KE104VK106C_round_3_0001.rst7' as Amber NC Restart
	Reading '../../3qdo06_S103KE104VK106C/no_restraint_new_protocol/min_NoH_10_3_5_10_mut_S103KE104VK106C_round_3_0005.rst7' as Amber NC Restart
	Reading '../../3qdo06_S103KE104VK106C/no_restraint_new_protocol/min_NoH_10_3_6_10_mut_S103KE104VK106C_round_3_0003.rst7' as Amber NC Restart
	Reading '../../3qdo06_S103KE104VK106C/no_restraint_new_protocol/min_NoH_10_3_6_10_mut_S103KE104VK106C_round_3_0005.rst7' as Amber NC Restart
	Reading '../../3qdo06_S103KE104VK106C/no_restraint_new_protocol/min_NoH_10_3_7_10_mut_S103KE104VK106C_round_3_0002.rst7' as Amber NC Restart
	Reading '../../3qdo06_S103KE104VK106C/no_restraint_new_protocol/min_NoH_10_3_7_10_mut_S103KE104VK106C_round_3_0012.rst7' as Amber NC Restart
	Reading '../../3qdo06_S103KE104VK106C/no_restraint_new_protocol/min_NoH_10_3_7_10_mut_S103KE104VK106C_round_3_0014.rst7' as Amber NC Restart
	Reading '../../3qdo06_S103KE104VK106C/no_restraint_new_protocol/min_NoH_10_3_7_10_mut_S103KE104VK106C_round_3_0016.rst7' as Amber NC Restart
	Reading '../../3qdo06_S103KE104VK106C/no_restraint_new_protocol/min_NoH_10_3_8_10_mut_S103KE104VK106C_round_3_0005.rst7' as Amber NC Restart
	Reading '../../3qdo06_S103KE104VK106C/no_restraint_new_protocol/min_NoH_10_3_8_10_mut_S103KE104VK106C_round_3_0012.rst7' as Amber NC Restart
	Reading '../../3qdo06_S103KE104VK106C/no_restraint_new_protocol/min_NoH_10_3_8_10_mut_S103KE104VK106C_round_3_0020.rst7' as Amber NC Restart
	Reading '../../3qdo06_S103KE104VK106C/no_restraint_new_protocol/min_NoH_1_3_1_1_mut_S103KE104VK106C_round_3_0017.rst7' as Amber NC Restart
	Reading '../../3qdo06_S103KE104VK106C/no_restraint_new_protocol/min_NoH_1_3_1_1_mut_S103KE104VK106C_round_3_0023.rst7' as Amber NC Restart
	Reading '../../3qdo06_S103KE104VK106C/no_restraint_new_protocol/min_NoH_1_3_2_1_mut_S103KE104VK106C_round_3_0024.rst7' as Amber NC Restart
	Reading '../../3qdo06_S103KE104VK106C/no_restraint_new_protocol/min_NoH_1_3_3_1_mut_S103KE104VK106C_round_3_0007.rst7' as Amber NC Restart
	Reading '../../3qdo06_S103KE104VK106C/no_restraint_new_protocol/min_NoH_1_3_4_1_mut_S103KE104VK106C_round_3_0020.rst7' as Amber NC Restart
	Reading '../../3qdo06_S103KE104VK106C/no_restraint_new_protocol/min_NoH_1_3_6_1_mut_S103KE104VK106C_round_3_0011.rst7' as Amber NC Restart
	Reading '../../3qdo06_S103KE104VK106C/no_restraint_new_protocol/min_NoH_1_3_7_1_mut_S103KE104VK106C_round_3_0005.rst7' as Amber NC Restart
	Reading '../../3qdo06_S103KE104VK106C/no_restraint_new_protocol/min_NoH_1_3_7_1_mut_S103KE104VK106C_round_3_0012.rst7' as Amber NC Restart
	Reading '../../3qdo06_S103KE104VK106C/no_restraint_new_protocol/min_NoH_1_3_8_1_mut_S103KE104VK106C_round_3_0010.rst7' as Amber NC Restart
	Reading '../../3qdo06_S103KE104VK106C/no_restraint_new_protocol/min_NoH_1_3_8_1_mut_S103KE104VK106C_round_3_0021.rst7' as Amber NC Restart
	Reading '../../3qdo06_S103KE104VK106C/no_restraint_new_protocol/min_NoH_1_3_8_1_mut_S103KE104VK106C_round_3_0022.rst7' as Amber NC Restart
	Reading '../../3qdo06_S103KE104VK106C/no_restraint_new_protocol/min_NoH_4_5_1_4_mut_S103KE104VK106C_round_5_0004.rst7' as Amber NC Restart
	Reading '../../3qdo06_S103KE104VK106C/no_restraint_new_protocol/min_NoH_4_5_1_4_mut_S103KE104VK106C_round_5_0015.rst7' as Amber NC Restart
	Reading '../../3qdo06_S103KE104VK106C/no_restraint_new_protocol/min_NoH_4_5_1_4_mut_S103KE104VK106C_round_5_0022.rst7' as Amber NC Restart
	Reading '../../3qdo06_S103KE104VK106C/no_restraint_new_protocol/min_NoH_4_5_2_4_mut_S103KE104VK106C_round_5_0004.rst7' as Amber NC Restart
	Reading '../../3qdo06_S103KE104VK106C/no_restraint_new_protocol/min_NoH_4_5_2_4_mut_S103KE104VK106C_round_5_0018.rst7' as Amber NC Restart
	Reading '../../3qdo06_S103KE104VK106C/no_restraint_new_protocol/min_NoH_4_5_3_4_mut_S103KE104VK106C_round_5_0002.rst7' as Amber NC Restart
	Reading '../../3qdo06_S103KE104VK106C/no_restraint_new_protocol/min_NoH_4_5_3_4_mut_S103KE104VK106C_round_5_0003.rst7' as Amber NC Restart
	Reading '../../3qdo06_S103KE104VK106C/no_restraint_new_protocol/min_NoH_4_5_3_4_mut_S103KE104VK106C_round_5_0024.rst7' as Amber NC Restart
	Reading '../../3qdo06_S103KE104VK106C/no_restraint_new_protocol/min_NoH_4_5_4_4_mut_S103KE104VK106C_round_5_0008.rst7' as Amber NC Restart
	Reading '../../3qdo06_S103KE104VK106C/no_restraint_new_protocol/min_NoH_4_5_4_4_mut_S103KE104VK106C_round_5_0015.rst7' as Amber NC Restart
	Reading '../../3qdo06_S103KE104VK106C/no_restraint_new_protocol/min_NoH_4_5_4_4_mut_S103KE104VK106C_round_5_0018.rst7' as Amber NC Restart
	Reading '../../3qdo06_S103KE104VK106C/no_restraint_new_protocol/min_NoH_4_5_5_4_mut_S103KE104VK106C_round_5_0011.rst7' as Amber NC Restart
	Reading '../../3qdo06_S103KE104VK106C/no_restraint_new_protocol/min_NoH_4_5_6_4_mut_S103KE104VK106C_round_5_0002.rst7' as Amber NC Restart
	Reading '../../3qdo06_S103KE104VK106C/no_restraint_new_protocol/min_NoH_4_5_6_4_mut_S103KE104VK106C_round_5_0004.rst7' as Amber NC Restart
	Reading '../../3qdo06_S103KE104VK106C/no_restraint_new_protocol/min_NoH_4_5_6_4_mut_S103KE104VK106C_round_5_0013.rst7' as Amber NC Restart
	Reading '../../3qdo06_S103KE104VK106C/no_restraint_new_protocol/min_NoH_4_5_6_4_mut_S103KE104VK106C_round_5_0016.rst7' as Amber NC Restart
	Reading '../../3qdo06_S103KE104VK106C/no_restraint_new_protocol/min_NoH_4_5_6_4_mut_S103KE104VK106C_round_5_0020.rst7' as Amber NC Restart
	Reading '../../3qdo06_S103KE104VK106C/no_restraint_new_protocol/min_NoH_4_5_7_4_mut_S103KE104VK106C_round_5_0001.rst7' as Amber NC Restart
	Reading '../../3qdo06_S103KE104VK106C/no_restraint_new_protocol/min_NoH_4_5_7_4_mut_S103KE104VK106C_round_5_0003.rst7' as Amber NC Restart
	Reading '../../3qdo06_S103KE104VK106C/no_restraint_new_protocol/min_NoH_4_5_7_4_mut_S103KE104VK106C_round_5_0015.rst7' as Amber NC Restart
	Reading '../../3qdo06_S103KE104VK106C/no_restraint_new_protocol/min_NoH_4_5_8_4_mut_S103KE104VK106C_round_5_0007.rst7' as Amber NC Restart
	Reading '../../3qdo06_S103KE104VK106C/no_restraint_new_protocol/min_NoH_4_5_8_4_mut_S103KE104VK106C_round_5_0021.rst7' as Amber NC Restart
TIME: Total execution time: 0.6857 seconds.
--------------------------------------------------------------------------------
To cite CPPTRAJ use:
Daniel R. Roe and Thomas E. Cheatham, III, "PTRAJ and CPPTRAJ: Software for
  Processing and Analysis of Molecular Dynamics Trajectory Data". J. Chem.
  Theory Comput., 2013, 9 (7), pp 3084-3095.

