
CPPTRAJ: Trajectory Analysis. V16.00
    ___  ___  ___  ___
     | \/ | \/ | \/ | 
    _|_/\_|_/\_|_/\_|_

| Date/time: 06/20/16 16:27:00
| Available memory: 215.756 GB

INPUT: Reading input from 'cpptraj.in'
  [parm ../../3qdo06_wt/prmtop]
	Reading '../../3qdo06_wt/prmtop' as Amber Topology
  [trajin ../../3qdo06_wt/no_restraint_new_protocol/min_NoH_*rst7"]
	Reading '../../3qdo06_wt/no_restraint_new_protocol/min_NoH_3_2_1_3_repacked_wt_round_2_0008.rst7' as Amber NC Restart
	Reading '../../3qdo06_wt/no_restraint_new_protocol/min_NoH_3_2_1_3_repacked_wt_round_2_0014.rst7' as Amber NC Restart
	Reading '../../3qdo06_wt/no_restraint_new_protocol/min_NoH_3_2_1_3_repacked_wt_round_2_0020.rst7' as Amber NC Restart
	Reading '../../3qdo06_wt/no_restraint_new_protocol/min_NoH_3_2_2_3_repacked_wt_round_2_0025.rst7' as Amber NC Restart
	Reading '../../3qdo06_wt/no_restraint_new_protocol/min_NoH_3_2_3_3_repacked_wt_round_2_0002.rst7' as Amber NC Restart
	Reading '../../3qdo06_wt/no_restraint_new_protocol/min_NoH_3_2_4_3_repacked_wt_round_2_0007.rst7' as Amber NC Restart
	Reading '../../3qdo06_wt/no_restraint_new_protocol/min_NoH_3_2_4_3_repacked_wt_round_2_0011.rst7' as Amber NC Restart
	Reading '../../3qdo06_wt/no_restraint_new_protocol/min_NoH_3_2_4_3_repacked_wt_round_2_0017.rst7' as Amber NC Restart
	Reading '../../3qdo06_wt/no_restraint_new_protocol/min_NoH_3_2_4_3_repacked_wt_round_2_0022.rst7' as Amber NC Restart
	Reading '../../3qdo06_wt/no_restraint_new_protocol/min_NoH_3_2_5_3_repacked_wt_round_2_0004.rst7' as Amber NC Restart
	Reading '../../3qdo06_wt/no_restraint_new_protocol/min_NoH_3_2_6_3_repacked_wt_round_2_0005.rst7' as Amber NC Restart
	Reading '../../3qdo06_wt/no_restraint_new_protocol/min_NoH_3_2_6_3_repacked_wt_round_2_0011.rst7' as Amber NC Restart
	Reading '../../3qdo06_wt/no_restraint_new_protocol/min_NoH_3_2_7_3_repacked_wt_round_2_0024.rst7' as Amber NC Restart
	Reading '../../3qdo06_wt/no_restraint_new_protocol/min_NoH_3_2_8_3_repacked_wt_round_2_0003.rst7' as Amber NC Restart
	Reading '../../3qdo06_wt/no_restraint_new_protocol/min_NoH_3_2_8_3_repacked_wt_round_2_0022.rst7' as Amber NC Restart
	Reading '../../3qdo06_wt/no_restraint_new_protocol/min_NoH_5_5_1_5_repacked_wt_round_5_0010.rst7' as Amber NC Restart
	Reading '../../3qdo06_wt/no_restraint_new_protocol/min_NoH_5_5_1_5_repacked_wt_round_5_0015.rst7' as Amber NC Restart
	Reading '../../3qdo06_wt/no_restraint_new_protocol/min_NoH_5_5_1_5_repacked_wt_round_5_0016.rst7' as Amber NC Restart
	Reading '../../3qdo06_wt/no_restraint_new_protocol/min_NoH_5_5_2_5_repacked_wt_round_5_0016.rst7' as Amber NC Restart
	Reading '../../3qdo06_wt/no_restraint_new_protocol/min_NoH_5_5_2_5_repacked_wt_round_5_0017.rst7' as Amber NC Restart
	Reading '../../3qdo06_wt/no_restraint_new_protocol/min_NoH_5_5_2_5_repacked_wt_round_5_0019.rst7' as Amber NC Restart
	Reading '../../3qdo06_wt/no_restraint_new_protocol/min_NoH_5_5_2_5_repacked_wt_round_5_0024.rst7' as Amber NC Restart
	Reading '../../3qdo06_wt/no_restraint_new_protocol/min_NoH_5_5_3_5_repacked_wt_round_5_0006.rst7' as Amber NC Restart
	Reading '../../3qdo06_wt/no_restraint_new_protocol/min_NoH_5_5_4_5_repacked_wt_round_5_0025.rst7' as Amber NC Restart
	Reading '../../3qdo06_wt/no_restraint_new_protocol/min_NoH_5_5_5_5_repacked_wt_round_5_0003.rst7' as Amber NC Restart
	Reading '../../3qdo06_wt/no_restraint_new_protocol/min_NoH_5_5_5_5_repacked_wt_round_5_0009.rst7' as Amber NC Restart
	Reading '../../3qdo06_wt/no_restraint_new_protocol/min_NoH_5_5_5_5_repacked_wt_round_5_0022.rst7' as Amber NC Restart
	Reading '../../3qdo06_wt/no_restraint_new_protocol/min_NoH_5_5_6_5_repacked_wt_round_5_0005.rst7' as Amber NC Restart
	Reading '../../3qdo06_wt/no_restraint_new_protocol/min_NoH_5_5_7_5_repacked_wt_round_5_0024.rst7' as Amber NC Restart
	Reading '../../3qdo06_wt/no_restraint_new_protocol/min_NoH_5_5_8_5_repacked_wt_round_5_0021.rst7' as Amber NC Restart
	Reading '../../3qdo06_wt/no_restraint_new_protocol/min_NoH_9_4_1_9_repacked_wt_round_4_0003.rst7' as Amber NC Restart
	Reading '../../3qdo06_wt/no_restraint_new_protocol/min_NoH_9_4_1_9_repacked_wt_round_4_0009.rst7' as Amber NC Restart
	Reading '../../3qdo06_wt/no_restraint_new_protocol/min_NoH_9_4_1_9_repacked_wt_round_4_0017.rst7' as Amber NC Restart
	Reading '../../3qdo06_wt/no_restraint_new_protocol/min_NoH_9_4_2_9_repacked_wt_round_4_0021.rst7' as Amber NC Restart
	Reading '../../3qdo06_wt/no_restraint_new_protocol/min_NoH_9_4_3_9_repacked_wt_round_4_0003.rst7' as Amber NC Restart
	Reading '../../3qdo06_wt/no_restraint_new_protocol/min_NoH_9_4_3_9_repacked_wt_round_4_0004.rst7' as Amber NC Restart
	Reading '../../3qdo06_wt/no_restraint_new_protocol/min_NoH_9_4_3_9_repacked_wt_round_4_0014.rst7' as Amber NC Restart
	Reading '../../3qdo06_wt/no_restraint_new_protocol/min_NoH_9_4_3_9_repacked_wt_round_4_0017.rst7' as Amber NC Restart
	Reading '../../3qdo06_wt/no_restraint_new_protocol/min_NoH_9_4_3_9_repacked_wt_round_4_0018.rst7' as Amber NC Restart
	Reading '../../3qdo06_wt/no_restraint_new_protocol/min_NoH_9_4_3_9_repacked_wt_round_4_0020.rst7' as Amber NC Restart
	Reading '../../3qdo06_wt/no_restraint_new_protocol/min_NoH_9_4_3_9_repacked_wt_round_4_0024.rst7' as Amber NC Restart
	Reading '../../3qdo06_wt/no_restraint_new_protocol/min_NoH_9_4_4_9_repacked_wt_round_4_0021.rst7' as Amber NC Restart
	Reading '../../3qdo06_wt/no_restraint_new_protocol/min_NoH_9_4_4_9_repacked_wt_round_4_0025.rst7' as Amber NC Restart
	Reading '../../3qdo06_wt/no_restraint_new_protocol/min_NoH_9_4_6_9_repacked_wt_round_4_0010.rst7' as Amber NC Restart
	Reading '../../3qdo06_wt/no_restraint_new_protocol/min_NoH_9_4_6_9_repacked_wt_round_4_0015.rst7' as Amber NC Restart
	Reading '../../3qdo06_wt/no_restraint_new_protocol/min_NoH_9_4_7_9_repacked_wt_round_4_0010.rst7' as Amber NC Restart
	Reading '../../3qdo06_wt/no_restraint_new_protocol/min_NoH_9_4_7_9_repacked_wt_round_4_0023.rst7' as Amber NC Restart
	Reading '../../3qdo06_wt/no_restraint_new_protocol/min_NoH_9_4_7_9_repacked_wt_round_4_0025.rst7' as Amber NC Restart
	Reading '../../3qdo06_wt/no_restraint_new_protocol/min_NoH_9_4_8_9_repacked_wt_round_4_0011.rst7' as Amber NC Restart
	Reading '../../3qdo06_wt/no_restraint_new_protocol/min_NoH_9_4_8_9_repacked_wt_round_4_0017.rst7' as Amber NC Restart
TIME: Total execution time: 0.6795 seconds.
--------------------------------------------------------------------------------
To cite CPPTRAJ use:
Daniel R. Roe and Thomas E. Cheatham, III, "PTRAJ and CPPTRAJ: Software for
  Processing and Analysis of Molecular Dynamics Trajectory Data". J. Chem.
  Theory Comput., 2013, 9 (7), pp 3084-3095.

