
CPPTRAJ: Trajectory Analysis. V16.00
    ___  ___  ___  ___
     | \/ | \/ | \/ | 
    _|_/\_|_/\_|_/\_|_

| Date/time: 06/20/16 16:27:23
| Available memory: 215.802 GB

INPUT: Reading input from 'cpptraj.in'
  [parm ../../1n7t07_H79FT108M/prmtop]
	Reading '../../1n7t07_H79FT108M/prmtop' as Amber Topology
  [trajin ../../1n7t07_H79FT108M/no_restraint_new_protocol/min_NoH_*rst7"]
	Reading '../../1n7t07_H79FT108M/no_restraint_new_protocol/min_NoH_0001_1_5_10_1_mut_H79FT108M_round_5_0001.rst7' as Amber NC Restart
	Reading '../../1n7t07_H79FT108M/no_restraint_new_protocol/min_NoH_0001_1_5_1_1_mut_H79FT108M_round_5_0001.rst7' as Amber NC Restart
	Reading '../../1n7t07_H79FT108M/no_restraint_new_protocol/min_NoH_0001_1_5_2_1_mut_H79FT108M_round_5_0001.rst7' as Amber NC Restart
	Reading '../../1n7t07_H79FT108M/no_restraint_new_protocol/min_NoH_0001_1_5_3_1_mut_H79FT108M_round_5_0001.rst7' as Amber NC Restart
	Reading '../../1n7t07_H79FT108M/no_restraint_new_protocol/min_NoH_0001_1_5_5_1_mut_H79FT108M_round_5_0001.rst7' as Amber NC Restart
	Reading '../../1n7t07_H79FT108M/no_restraint_new_protocol/min_NoH_0001_1_5_7_1_mut_H79FT108M_round_5_0001.rst7' as Amber NC Restart
	Reading '../../1n7t07_H79FT108M/no_restraint_new_protocol/min_NoH_0001_6_2_2_6_mut_H79FT108M_round_2_0001.rst7' as Amber NC Restart
	Reading '../../1n7t07_H79FT108M/no_restraint_new_protocol/min_NoH_0001_6_2_3_6_mut_H79FT108M_round_2_0001.rst7' as Amber NC Restart
	Reading '../../1n7t07_H79FT108M/no_restraint_new_protocol/min_NoH_0001_6_2_4_6_mut_H79FT108M_round_2_0001.rst7' as Amber NC Restart
	Reading '../../1n7t07_H79FT108M/no_restraint_new_protocol/min_NoH_0001_6_4_10_6_mut_H79FT108M_round_4_0001.rst7' as Amber NC Restart
	Reading '../../1n7t07_H79FT108M/no_restraint_new_protocol/min_NoH_0001_6_4_5_6_mut_H79FT108M_round_4_0001.rst7' as Amber NC Restart
	Reading '../../1n7t07_H79FT108M/no_restraint_new_protocol/min_NoH_0001_6_4_7_6_mut_H79FT108M_round_4_0001.rst7' as Amber NC Restart
	Reading '../../1n7t07_H79FT108M/no_restraint_new_protocol/min_NoH_0005_10_2_1_10_mut_H79FT108M_round_2_0001.rst7' as Amber NC Restart
	Reading '../../1n7t07_H79FT108M/no_restraint_new_protocol/min_NoH_0005_10_2_4_10_mut_H79FT108M_round_2_0001.rst7' as Amber NC Restart
	Reading '../../1n7t07_H79FT108M/no_restraint_new_protocol/min_NoH_0007_6_2_7_6_mut_H79FT108M_round_2_0001.rst7' as Amber NC Restart
	Reading '../../1n7t07_H79FT108M/no_restraint_new_protocol/min_NoH_0007_6_2_8_6_mut_H79FT108M_round_2_0001.rst7' as Amber NC Restart
	Reading '../../1n7t07_H79FT108M/no_restraint_new_protocol/min_NoH_0007_6_3_2_6_mut_H79FT108M_round_3_0001.rst7' as Amber NC Restart
	Reading '../../1n7t07_H79FT108M/no_restraint_new_protocol/min_NoH_0007_6_3_7_6_mut_H79FT108M_round_3_0001.rst7' as Amber NC Restart
	Reading '../../1n7t07_H79FT108M/no_restraint_new_protocol/min_NoH_0008_10_1_2_10_mut_H79FT108M_round_1_0001.rst7' as Amber NC Restart
	Reading '../../1n7t07_H79FT108M/no_restraint_new_protocol/min_NoH_0008_10_1_7_10_mut_H79FT108M_round_1_0001.rst7' as Amber NC Restart
	Reading '../../1n7t07_H79FT108M/no_restraint_new_protocol/min_NoH_0008_10_1_9_10_mut_H79FT108M_round_1_0001.rst7' as Amber NC Restart
	Reading '../../1n7t07_H79FT108M/no_restraint_new_protocol/min_NoH_0008_1_1_10_1_mut_H79FT108M_round_1_0001.rst7' as Amber NC Restart
	Reading '../../1n7t07_H79FT108M/no_restraint_new_protocol/min_NoH_0008_1_1_7_1_mut_H79FT108M_round_1_0001.rst7' as Amber NC Restart
	Reading '../../1n7t07_H79FT108M/no_restraint_new_protocol/min_NoH_0008_4_5_2_4_mut_H79FT108M_round_5_0001.rst7' as Amber NC Restart
	Reading '../../1n7t07_H79FT108M/no_restraint_new_protocol/min_NoH_0008_4_5_5_4_mut_H79FT108M_round_5_0001.rst7' as Amber NC Restart
	Reading '../../1n7t07_H79FT108M/no_restraint_new_protocol/min_NoH_0008_4_5_8_4_mut_H79FT108M_round_5_0001.rst7' as Amber NC Restart
	Reading '../../1n7t07_H79FT108M/no_restraint_new_protocol/min_NoH_0009_4_2_5_4_mut_H79FT108M_round_2_0001.rst7' as Amber NC Restart
	Reading '../../1n7t07_H79FT108M/no_restraint_new_protocol/min_NoH_0009_4_2_7_4_mut_H79FT108M_round_2_0001.rst7' as Amber NC Restart
	Reading '../../1n7t07_H79FT108M/no_restraint_new_protocol/min_NoH_0009_5_2_10_5_mut_H79FT108M_round_2_0001.rst7' as Amber NC Restart
	Reading '../../1n7t07_H79FT108M/no_restraint_new_protocol/min_NoH_0009_5_2_4_5_mut_H79FT108M_round_2_0001.rst7' as Amber NC Restart
	Reading '../../1n7t07_H79FT108M/no_restraint_new_protocol/min_NoH_0009_5_2_9_5_mut_H79FT108M_round_2_0001.rst7' as Amber NC Restart
	Reading '../../1n7t07_H79FT108M/no_restraint_new_protocol/min_NoH_0009_9_4_10_9_mut_H79FT108M_round_4_0001.rst7' as Amber NC Restart
	Reading '../../1n7t07_H79FT108M/no_restraint_new_protocol/min_NoH_0009_9_4_1_9_mut_H79FT108M_round_4_0001.rst7' as Amber NC Restart
	Reading '../../1n7t07_H79FT108M/no_restraint_new_protocol/min_NoH_0009_9_4_4_9_mut_H79FT108M_round_4_0001.rst7' as Amber NC Restart
	Reading '../../1n7t07_H79FT108M/no_restraint_new_protocol/min_NoH_0009_9_4_8_9_mut_H79FT108M_round_4_0001.rst7' as Amber NC Restart
	Reading '../../1n7t07_H79FT108M/no_restraint_new_protocol/min_NoH_0010_2_4_2_2_mut_H79FT108M_round_4_0001.rst7' as Amber NC Restart
	Reading '../../1n7t07_H79FT108M/no_restraint_new_protocol/min_NoH_0010_2_4_5_2_mut_H79FT108M_round_4_0001.rst7' as Amber NC Restart
	Reading '../../1n7t07_H79FT108M/no_restraint_new_protocol/min_NoH_0010_2_4_8_2_mut_H79FT108M_round_4_0001.rst7' as Amber NC Restart
	Reading '../../1n7t07_H79FT108M/no_restraint_new_protocol/min_NoH_0010_2_4_9_2_mut_H79FT108M_round_4_0001.rst7' as Amber NC Restart
	Reading '../../1n7t07_H79FT108M/no_restraint_new_protocol/min_NoH_0010_4_2_10_4_mut_H79FT108M_round_2_0001.rst7' as Amber NC Restart
	Reading '../../1n7t07_H79FT108M/no_restraint_new_protocol/min_NoH_0010_4_2_4_4_mut_H79FT108M_round_2_0001.rst7' as Amber NC Restart
	Reading '../../1n7t07_H79FT108M/no_restraint_new_protocol/min_NoH_0010_4_2_9_4_mut_H79FT108M_round_2_0001.rst7' as Amber NC Restart
	Reading '../../1n7t07_H79FT108M/no_restraint_new_protocol/min_NoH_0010_9_5_4_9_mut_H79FT108M_round_5_0001.rst7' as Amber NC Restart
	Reading '../../1n7t07_H79FT108M/no_restraint_new_protocol/min_NoH_0010_9_5_8_9_mut_H79FT108M_round_5_0001.rst7' as Amber NC Restart
	Reading '../../1n7t07_H79FT108M/no_restraint_new_protocol/min_NoH_0010_9_5_9_9_mut_H79FT108M_round_5_0001.rst7' as Amber NC Restart
	Reading '../../1n7t07_H79FT108M/no_restraint_new_protocol/min_NoH_0013_1_5_4_1_mut_H79FT108M_round_5_0001.rst7' as Amber NC Restart
	Reading '../../1n7t07_H79FT108M/no_restraint_new_protocol/min_NoH_0020_3_4_10_3_mut_H79FT108M_round_4_0001.rst7' as Amber NC Restart
	Reading '../../1n7t07_H79FT108M/no_restraint_new_protocol/min_NoH_0020_5_2_2_5_mut_H79FT108M_round_2_0001.rst7' as Amber NC Restart
	Reading '../../1n7t07_H79FT108M/no_restraint_new_protocol/min_NoH_0020_5_2_7_5_mut_H79FT108M_round_2_0001.rst7' as Amber NC Restart
	Reading '../../1n7t07_H79FT108M/no_restraint_new_protocol/min_NoH_0020_7_1_8_7_mut_H79FT108M_round_1_0001.rst7' as Amber NC Restart
TIME: Total execution time: 0.6557 seconds.
--------------------------------------------------------------------------------
To cite CPPTRAJ use:
Daniel R. Roe and Thomas E. Cheatham, III, "PTRAJ and CPPTRAJ: Software for
  Processing and Analysis of Molecular Dynamics Trajectory Data". J. Chem.
  Theory Comput., 2013, 9 (7), pp 3084-3095.

