
CPPTRAJ: Trajectory Analysis. V16.00
    ___  ___  ___  ___
     | \/ | \/ | \/ | 
    _|_/\_|_/\_|_/\_|_

| Date/time: 06/20/16 16:26:57
| Available memory: 215.743 GB

INPUT: Reading input from 'cpptraj.in'
  [parm ../../3qdo06_E102YS103ME104QS105TK106VV107L/prmtop]
	Reading '../../3qdo06_E102YS103ME104QS105TK106VV107L/prmtop' as Amber Topology
  [trajin ../../3qdo06_E102YS103ME104QS105TK106VV107L/no_restraint_new_protocol/min_NoH_*rst7"]
	Reading '../../3qdo06_E102YS103ME104QS105TK106VV107L/no_restraint_new_protocol/min_NoH_10_1_1_10_mut_E102YS103ME104QS105TK106VV107L_round_1_0008.rst7' as Amber NC Restart
	Reading '../../3qdo06_E102YS103ME104QS105TK106VV107L/no_restraint_new_protocol/min_NoH_10_1_1_10_mut_E102YS103ME104QS105TK106VV107L_round_1_0012.rst7' as Amber NC Restart
	Reading '../../3qdo06_E102YS103ME104QS105TK106VV107L/no_restraint_new_protocol/min_NoH_10_1_1_10_mut_E102YS103ME104QS105TK106VV107L_round_1_0013.rst7' as Amber NC Restart
	Reading '../../3qdo06_E102YS103ME104QS105TK106VV107L/no_restraint_new_protocol/min_NoH_10_1_1_10_mut_E102YS103ME104QS105TK106VV107L_round_1_0019.rst7' as Amber NC Restart
	Reading '../../3qdo06_E102YS103ME104QS105TK106VV107L/no_restraint_new_protocol/min_NoH_10_1_2_10_mut_E102YS103ME104QS105TK106VV107L_round_1_0014.rst7' as Amber NC Restart
	Reading '../../3qdo06_E102YS103ME104QS105TK106VV107L/no_restraint_new_protocol/min_NoH_10_1_2_10_mut_E102YS103ME104QS105TK106VV107L_round_1_0017.rst7' as Amber NC Restart
	Reading '../../3qdo06_E102YS103ME104QS105TK106VV107L/no_restraint_new_protocol/min_NoH_10_1_3_10_mut_E102YS103ME104QS105TK106VV107L_round_1_0021.rst7' as Amber NC Restart
	Reading '../../3qdo06_E102YS103ME104QS105TK106VV107L/no_restraint_new_protocol/min_NoH_10_1_3_10_mut_E102YS103ME104QS105TK106VV107L_round_1_0024.rst7' as Amber NC Restart
	Reading '../../3qdo06_E102YS103ME104QS105TK106VV107L/no_restraint_new_protocol/min_NoH_10_1_4_10_mut_E102YS103ME104QS105TK106VV107L_round_1_0013.rst7' as Amber NC Restart
	Reading '../../3qdo06_E102YS103ME104QS105TK106VV107L/no_restraint_new_protocol/min_NoH_10_1_4_10_mut_E102YS103ME104QS105TK106VV107L_round_1_0015.rst7' as Amber NC Restart
	Reading '../../3qdo06_E102YS103ME104QS105TK106VV107L/no_restraint_new_protocol/min_NoH_10_1_4_10_mut_E102YS103ME104QS105TK106VV107L_round_1_0019.rst7' as Amber NC Restart
	Reading '../../3qdo06_E102YS103ME104QS105TK106VV107L/no_restraint_new_protocol/min_NoH_10_1_5_10_mut_E102YS103ME104QS105TK106VV107L_round_1_0006.rst7' as Amber NC Restart
	Reading '../../3qdo06_E102YS103ME104QS105TK106VV107L/no_restraint_new_protocol/min_NoH_10_1_5_10_mut_E102YS103ME104QS105TK106VV107L_round_1_0009.rst7' as Amber NC Restart
	Reading '../../3qdo06_E102YS103ME104QS105TK106VV107L/no_restraint_new_protocol/min_NoH_10_1_5_10_mut_E102YS103ME104QS105TK106VV107L_round_1_0014.rst7' as Amber NC Restart
	Reading '../../3qdo06_E102YS103ME104QS105TK106VV107L/no_restraint_new_protocol/min_NoH_10_1_5_10_mut_E102YS103ME104QS105TK106VV107L_round_1_0016.rst7' as Amber NC Restart
	Reading '../../3qdo06_E102YS103ME104QS105TK106VV107L/no_restraint_new_protocol/min_NoH_10_1_5_10_mut_E102YS103ME104QS105TK106VV107L_round_1_0017.rst7' as Amber NC Restart
	Reading '../../3qdo06_E102YS103ME104QS105TK106VV107L/no_restraint_new_protocol/min_NoH_10_1_6_10_mut_E102YS103ME104QS105TK106VV107L_round_1_0007.rst7' as Amber NC Restart
	Reading '../../3qdo06_E102YS103ME104QS105TK106VV107L/no_restraint_new_protocol/min_NoH_10_1_6_10_mut_E102YS103ME104QS105TK106VV107L_round_1_0018.rst7' as Amber NC Restart
	Reading '../../3qdo06_E102YS103ME104QS105TK106VV107L/no_restraint_new_protocol/min_NoH_10_1_7_10_mut_E102YS103ME104QS105TK106VV107L_round_1_0008.rst7' as Amber NC Restart
	Reading '../../3qdo06_E102YS103ME104QS105TK106VV107L/no_restraint_new_protocol/min_NoH_10_1_7_10_mut_E102YS103ME104QS105TK106VV107L_round_1_0011.rst7' as Amber NC Restart
	Reading '../../3qdo06_E102YS103ME104QS105TK106VV107L/no_restraint_new_protocol/min_NoH_10_1_7_10_mut_E102YS103ME104QS105TK106VV107L_round_1_0020.rst7' as Amber NC Restart
	Reading '../../3qdo06_E102YS103ME104QS105TK106VV107L/no_restraint_new_protocol/min_NoH_10_1_7_10_mut_E102YS103ME104QS105TK106VV107L_round_1_0023.rst7' as Amber NC Restart
	Reading '../../3qdo06_E102YS103ME104QS105TK106VV107L/no_restraint_new_protocol/min_NoH_10_1_8_10_mut_E102YS103ME104QS105TK106VV107L_round_1_0010.rst7' as Amber NC Restart
	Reading '../../3qdo06_E102YS103ME104QS105TK106VV107L/no_restraint_new_protocol/min_NoH_3_4_1_3_mut_E102YS103ME104QS105TK106VV107L_round_4_0016.rst7' as Amber NC Restart
	Reading '../../3qdo06_E102YS103ME104QS105TK106VV107L/no_restraint_new_protocol/min_NoH_3_4_2_3_mut_E102YS103ME104QS105TK106VV107L_round_4_0002.rst7' as Amber NC Restart
	Reading '../../3qdo06_E102YS103ME104QS105TK106VV107L/no_restraint_new_protocol/min_NoH_3_4_4_3_mut_E102YS103ME104QS105TK106VV107L_round_4_0016.rst7' as Amber NC Restart
	Reading '../../3qdo06_E102YS103ME104QS105TK106VV107L/no_restraint_new_protocol/min_NoH_3_4_5_3_mut_E102YS103ME104QS105TK106VV107L_round_4_0016.rst7' as Amber NC Restart
	Reading '../../3qdo06_E102YS103ME104QS105TK106VV107L/no_restraint_new_protocol/min_NoH_3_4_6_3_mut_E102YS103ME104QS105TK106VV107L_round_4_0006.rst7' as Amber NC Restart
	Reading '../../3qdo06_E102YS103ME104QS105TK106VV107L/no_restraint_new_protocol/min_NoH_3_4_6_3_mut_E102YS103ME104QS105TK106VV107L_round_4_0013.rst7' as Amber NC Restart
	Reading '../../3qdo06_E102YS103ME104QS105TK106VV107L/no_restraint_new_protocol/min_NoH_3_4_6_3_mut_E102YS103ME104QS105TK106VV107L_round_4_0016.rst7' as Amber NC Restart
	Reading '../../3qdo06_E102YS103ME104QS105TK106VV107L/no_restraint_new_protocol/min_NoH_3_4_7_3_mut_E102YS103ME104QS105TK106VV107L_round_4_0020.rst7' as Amber NC Restart
	Reading '../../3qdo06_E102YS103ME104QS105TK106VV107L/no_restraint_new_protocol/min_NoH_4_4_1_4_mut_E102YS103ME104QS105TK106VV107L_round_4_0007.rst7' as Amber NC Restart
	Reading '../../3qdo06_E102YS103ME104QS105TK106VV107L/no_restraint_new_protocol/min_NoH_4_4_2_4_mut_E102YS103ME104QS105TK106VV107L_round_4_0010.rst7' as Amber NC Restart
	Reading '../../3qdo06_E102YS103ME104QS105TK106VV107L/no_restraint_new_protocol/min_NoH_4_4_3_4_mut_E102YS103ME104QS105TK106VV107L_round_4_0007.rst7' as Amber NC Restart
	Reading '../../3qdo06_E102YS103ME104QS105TK106VV107L/no_restraint_new_protocol/min_NoH_4_4_3_4_mut_E102YS103ME104QS105TK106VV107L_round_4_0011.rst7' as Amber NC Restart
	Reading '../../3qdo06_E102YS103ME104QS105TK106VV107L/no_restraint_new_protocol/min_NoH_4_4_4_4_mut_E102YS103ME104QS105TK106VV107L_round_4_0013.rst7' as Amber NC Restart
	Reading '../../3qdo06_E102YS103ME104QS105TK106VV107L/no_restraint_new_protocol/min_NoH_4_4_4_4_mut_E102YS103ME104QS105TK106VV107L_round_4_0021.rst7' as Amber NC Restart
	Reading '../../3qdo06_E102YS103ME104QS105TK106VV107L/no_restraint_new_protocol/min_NoH_4_4_5_4_mut_E102YS103ME104QS105TK106VV107L_round_4_0025.rst7' as Amber NC Restart
	Reading '../../3qdo06_E102YS103ME104QS105TK106VV107L/no_restraint_new_protocol/min_NoH_4_4_6_4_mut_E102YS103ME104QS105TK106VV107L_round_4_0007.rst7' as Amber NC Restart
	Reading '../../3qdo06_E102YS103ME104QS105TK106VV107L/no_restraint_new_protocol/min_NoH_4_4_6_4_mut_E102YS103ME104QS105TK106VV107L_round_4_0015.rst7' as Amber NC Restart
	Reading '../../3qdo06_E102YS103ME104QS105TK106VV107L/no_restraint_new_protocol/min_NoH_4_4_6_4_mut_E102YS103ME104QS105TK106VV107L_round_4_0020.rst7' as Amber NC Restart
	Reading '../../3qdo06_E102YS103ME104QS105TK106VV107L/no_restraint_new_protocol/min_NoH_4_4_6_4_mut_E102YS103ME104QS105TK106VV107L_round_4_0024.rst7' as Amber NC Restart
	Reading '../../3qdo06_E102YS103ME104QS105TK106VV107L/no_restraint_new_protocol/min_NoH_4_4_7_4_mut_E102YS103ME104QS105TK106VV107L_round_4_0012.rst7' as Amber NC Restart
	Reading '../../3qdo06_E102YS103ME104QS105TK106VV107L/no_restraint_new_protocol/min_NoH_4_4_7_4_mut_E102YS103ME104QS105TK106VV107L_round_4_0015.rst7' as Amber NC Restart
	Reading '../../3qdo06_E102YS103ME104QS105TK106VV107L/no_restraint_new_protocol/min_NoH_4_4_7_4_mut_E102YS103ME104QS105TK106VV107L_round_4_0016.rst7' as Amber NC Restart
	Reading '../../3qdo06_E102YS103ME104QS105TK106VV107L/no_restraint_new_protocol/min_NoH_4_4_7_4_mut_E102YS103ME104QS105TK106VV107L_round_4_0017.rst7' as Amber NC Restart
	Reading '../../3qdo06_E102YS103ME104QS105TK106VV107L/no_restraint_new_protocol/min_NoH_4_4_8_4_mut_E102YS103ME104QS105TK106VV107L_round_4_0009.rst7' as Amber NC Restart
	Reading '../../3qdo06_E102YS103ME104QS105TK106VV107L/no_restraint_new_protocol/min_NoH_4_4_8_4_mut_E102YS103ME104QS105TK106VV107L_round_4_0013.rst7' as Amber NC Restart
	Reading '../../3qdo06_E102YS103ME104QS105TK106VV107L/no_restraint_new_protocol/min_NoH_4_4_8_4_mut_E102YS103ME104QS105TK106VV107L_round_4_0023.rst7' as Amber NC Restart
	Reading '../../3qdo06_E102YS103ME104QS105TK106VV107L/no_restraint_new_protocol/min_NoH_4_4_8_4_mut_E102YS103ME104QS105TK106VV107L_round_4_0025.rst7' as Amber NC Restart
TIME: Total execution time: 0.7001 seconds.
--------------------------------------------------------------------------------
To cite CPPTRAJ use:
Daniel R. Roe and Thomas E. Cheatham, III, "PTRAJ and CPPTRAJ: Software for
  Processing and Analysis of Molecular Dynamics Trajectory Data". J. Chem.
  Theory Comput., 2013, 9 (7), pp 3084-3095.

