
CPPTRAJ: Trajectory Analysis. V16.00
    ___  ___  ___  ___
     | \/ | \/ | \/ | 
    _|_/\_|_/\_|_/\_|_

| Date/time: 06/20/16 16:26:20
| Available memory: 215.575 GB

INPUT: Reading input from 'cpptraj.in'
  [parm ../../1g9o06_E92NS93KE94VS95TK96DV97L/prmtop]
	Reading '../../1g9o06_E92NS93KE94VS95TK96DV97L/prmtop' as Amber Topology
  [trajin ../../1g9o06_E92NS93KE94VS95TK96DV97L/no_restraint_new_protocol/min_NoH_*rst7"]
	Reading '../../1g9o06_E92NS93KE94VS95TK96DV97L/no_restraint_new_protocol/min_NoH_10_1_1_10_mut_E92NS93KE94VS95TK96DV97L_round_1_0011.rst7' as Amber NC Restart
	Reading '../../1g9o06_E92NS93KE94VS95TK96DV97L/no_restraint_new_protocol/min_NoH_10_1_1_10_mut_E92NS93KE94VS95TK96DV97L_round_1_0012.rst7' as Amber NC Restart
	Reading '../../1g9o06_E92NS93KE94VS95TK96DV97L/no_restraint_new_protocol/min_NoH_10_1_1_10_mut_E92NS93KE94VS95TK96DV97L_round_1_0013.rst7' as Amber NC Restart
	Reading '../../1g9o06_E92NS93KE94VS95TK96DV97L/no_restraint_new_protocol/min_NoH_10_1_2_10_mut_E92NS93KE94VS95TK96DV97L_round_1_0018.rst7' as Amber NC Restart
	Reading '../../1g9o06_E92NS93KE94VS95TK96DV97L/no_restraint_new_protocol/min_NoH_10_1_3_10_mut_E92NS93KE94VS95TK96DV97L_round_1_0007.rst7' as Amber NC Restart
	Reading '../../1g9o06_E92NS93KE94VS95TK96DV97L/no_restraint_new_protocol/min_NoH_10_1_3_10_mut_E92NS93KE94VS95TK96DV97L_round_1_0016.rst7' as Amber NC Restart
	Reading '../../1g9o06_E92NS93KE94VS95TK96DV97L/no_restraint_new_protocol/min_NoH_10_1_3_10_mut_E92NS93KE94VS95TK96DV97L_round_1_0025.rst7' as Amber NC Restart
	Reading '../../1g9o06_E92NS93KE94VS95TK96DV97L/no_restraint_new_protocol/min_NoH_10_1_4_10_mut_E92NS93KE94VS95TK96DV97L_round_1_0012.rst7' as Amber NC Restart
	Reading '../../1g9o06_E92NS93KE94VS95TK96DV97L/no_restraint_new_protocol/min_NoH_10_1_4_10_mut_E92NS93KE94VS95TK96DV97L_round_1_0025.rst7' as Amber NC Restart
	Reading '../../1g9o06_E92NS93KE94VS95TK96DV97L/no_restraint_new_protocol/min_NoH_10_1_5_10_mut_E92NS93KE94VS95TK96DV97L_round_1_0007.rst7' as Amber NC Restart
	Reading '../../1g9o06_E92NS93KE94VS95TK96DV97L/no_restraint_new_protocol/min_NoH_10_1_5_10_mut_E92NS93KE94VS95TK96DV97L_round_1_0024.rst7' as Amber NC Restart
	Reading '../../1g9o06_E92NS93KE94VS95TK96DV97L/no_restraint_new_protocol/min_NoH_10_1_7_10_mut_E92NS93KE94VS95TK96DV97L_round_1_0009.rst7' as Amber NC Restart
	Reading '../../1g9o06_E92NS93KE94VS95TK96DV97L/no_restraint_new_protocol/min_NoH_10_1_7_10_mut_E92NS93KE94VS95TK96DV97L_round_1_0015.rst7' as Amber NC Restart
	Reading '../../1g9o06_E92NS93KE94VS95TK96DV97L/no_restraint_new_protocol/min_NoH_10_1_7_10_mut_E92NS93KE94VS95TK96DV97L_round_1_0023.rst7' as Amber NC Restart
	Reading '../../1g9o06_E92NS93KE94VS95TK96DV97L/no_restraint_new_protocol/min_NoH_10_1_7_10_mut_E92NS93KE94VS95TK96DV97L_round_1_0024.rst7' as Amber NC Restart
	Reading '../../1g9o06_E92NS93KE94VS95TK96DV97L/no_restraint_new_protocol/min_NoH_10_1_8_10_mut_E92NS93KE94VS95TK96DV97L_round_1_0003.rst7' as Amber NC Restart
	Reading '../../1g9o06_E92NS93KE94VS95TK96DV97L/no_restraint_new_protocol/min_NoH_10_1_8_10_mut_E92NS93KE94VS95TK96DV97L_round_1_0011.rst7' as Amber NC Restart
	Reading '../../1g9o06_E92NS93KE94VS95TK96DV97L/no_restraint_new_protocol/min_NoH_1_5_1_1_mut_E92NS93KE94VS95TK96DV97L_round_5_0006.rst7' as Amber NC Restart
	Reading '../../1g9o06_E92NS93KE94VS95TK96DV97L/no_restraint_new_protocol/min_NoH_1_5_2_1_mut_E92NS93KE94VS95TK96DV97L_round_5_0006.rst7' as Amber NC Restart
	Reading '../../1g9o06_E92NS93KE94VS95TK96DV97L/no_restraint_new_protocol/min_NoH_1_5_2_1_mut_E92NS93KE94VS95TK96DV97L_round_5_0008.rst7' as Amber NC Restart
	Reading '../../1g9o06_E92NS93KE94VS95TK96DV97L/no_restraint_new_protocol/min_NoH_1_5_2_1_mut_E92NS93KE94VS95TK96DV97L_round_5_0017.rst7' as Amber NC Restart
	Reading '../../1g9o06_E92NS93KE94VS95TK96DV97L/no_restraint_new_protocol/min_NoH_1_5_2_1_mut_E92NS93KE94VS95TK96DV97L_round_5_0023.rst7' as Amber NC Restart
	Reading '../../1g9o06_E92NS93KE94VS95TK96DV97L/no_restraint_new_protocol/min_NoH_1_5_3_1_mut_E92NS93KE94VS95TK96DV97L_round_5_0013.rst7' as Amber NC Restart
	Reading '../../1g9o06_E92NS93KE94VS95TK96DV97L/no_restraint_new_protocol/min_NoH_1_5_3_1_mut_E92NS93KE94VS95TK96DV97L_round_5_0020.rst7' as Amber NC Restart
	Reading '../../1g9o06_E92NS93KE94VS95TK96DV97L/no_restraint_new_protocol/min_NoH_1_5_3_1_mut_E92NS93KE94VS95TK96DV97L_round_5_0024.rst7' as Amber NC Restart
	Reading '../../1g9o06_E92NS93KE94VS95TK96DV97L/no_restraint_new_protocol/min_NoH_1_5_4_1_mut_E92NS93KE94VS95TK96DV97L_round_5_0016.rst7' as Amber NC Restart
	Reading '../../1g9o06_E92NS93KE94VS95TK96DV97L/no_restraint_new_protocol/min_NoH_1_5_5_1_mut_E92NS93KE94VS95TK96DV97L_round_5_0025.rst7' as Amber NC Restart
	Reading '../../1g9o06_E92NS93KE94VS95TK96DV97L/no_restraint_new_protocol/min_NoH_1_5_6_1_mut_E92NS93KE94VS95TK96DV97L_round_5_0001.rst7' as Amber NC Restart
	Reading '../../1g9o06_E92NS93KE94VS95TK96DV97L/no_restraint_new_protocol/min_NoH_1_5_6_1_mut_E92NS93KE94VS95TK96DV97L_round_5_0012.rst7' as Amber NC Restart
	Reading '../../1g9o06_E92NS93KE94VS95TK96DV97L/no_restraint_new_protocol/min_NoH_1_5_6_1_mut_E92NS93KE94VS95TK96DV97L_round_5_0019.rst7' as Amber NC Restart
	Reading '../../1g9o06_E92NS93KE94VS95TK96DV97L/no_restraint_new_protocol/min_NoH_1_5_7_1_mut_E92NS93KE94VS95TK96DV97L_round_5_0020.rst7' as Amber NC Restart
	Reading '../../1g9o06_E92NS93KE94VS95TK96DV97L/no_restraint_new_protocol/min_NoH_1_5_7_1_mut_E92NS93KE94VS95TK96DV97L_round_5_0022.rst7' as Amber NC Restart
	Reading '../../1g9o06_E92NS93KE94VS95TK96DV97L/no_restraint_new_protocol/min_NoH_1_5_7_1_mut_E92NS93KE94VS95TK96DV97L_round_5_0023.rst7' as Amber NC Restart
	Reading '../../1g9o06_E92NS93KE94VS95TK96DV97L/no_restraint_new_protocol/min_NoH_1_5_8_1_mut_E92NS93KE94VS95TK96DV97L_round_5_0025.rst7' as Amber NC Restart
	Reading '../../1g9o06_E92NS93KE94VS95TK96DV97L/no_restraint_new_protocol/min_NoH_2_1_1_2_mut_E92NS93KE94VS95TK96DV97L_round_1_0016.rst7' as Amber NC Restart
	Reading '../../1g9o06_E92NS93KE94VS95TK96DV97L/no_restraint_new_protocol/min_NoH_2_1_2_2_mut_E92NS93KE94VS95TK96DV97L_round_1_0005.rst7' as Amber NC Restart
	Reading '../../1g9o06_E92NS93KE94VS95TK96DV97L/no_restraint_new_protocol/min_NoH_2_1_2_2_mut_E92NS93KE94VS95TK96DV97L_round_1_0009.rst7' as Amber NC Restart
	Reading '../../1g9o06_E92NS93KE94VS95TK96DV97L/no_restraint_new_protocol/min_NoH_2_1_2_2_mut_E92NS93KE94VS95TK96DV97L_round_1_0011.rst7' as Amber NC Restart
	Reading '../../1g9o06_E92NS93KE94VS95TK96DV97L/no_restraint_new_protocol/min_NoH_2_1_3_2_mut_E92NS93KE94VS95TK96DV97L_round_1_0014.rst7' as Amber NC Restart
	Reading '../../1g9o06_E92NS93KE94VS95TK96DV97L/no_restraint_new_protocol/min_NoH_2_1_3_2_mut_E92NS93KE94VS95TK96DV97L_round_1_0022.rst7' as Amber NC Restart
	Reading '../../1g9o06_E92NS93KE94VS95TK96DV97L/no_restraint_new_protocol/min_NoH_2_1_4_2_mut_E92NS93KE94VS95TK96DV97L_round_1_0025.rst7' as Amber NC Restart
	Reading '../../1g9o06_E92NS93KE94VS95TK96DV97L/no_restraint_new_protocol/min_NoH_2_1_5_2_mut_E92NS93KE94VS95TK96DV97L_round_1_0003.rst7' as Amber NC Restart
	Reading '../../1g9o06_E92NS93KE94VS95TK96DV97L/no_restraint_new_protocol/min_NoH_2_1_5_2_mut_E92NS93KE94VS95TK96DV97L_round_1_0010.rst7' as Amber NC Restart
	Reading '../../1g9o06_E92NS93KE94VS95TK96DV97L/no_restraint_new_protocol/min_NoH_2_1_5_2_mut_E92NS93KE94VS95TK96DV97L_round_1_0018.rst7' as Amber NC Restart
	Reading '../../1g9o06_E92NS93KE94VS95TK96DV97L/no_restraint_new_protocol/min_NoH_2_1_5_2_mut_E92NS93KE94VS95TK96DV97L_round_1_0025.rst7' as Amber NC Restart
	Reading '../../1g9o06_E92NS93KE94VS95TK96DV97L/no_restraint_new_protocol/min_NoH_2_1_6_2_mut_E92NS93KE94VS95TK96DV97L_round_1_0025.rst7' as Amber NC Restart
	Reading '../../1g9o06_E92NS93KE94VS95TK96DV97L/no_restraint_new_protocol/min_NoH_2_1_7_2_mut_E92NS93KE94VS95TK96DV97L_round_1_0009.rst7' as Amber NC Restart
	Reading '../../1g9o06_E92NS93KE94VS95TK96DV97L/no_restraint_new_protocol/min_NoH_2_1_7_2_mut_E92NS93KE94VS95TK96DV97L_round_1_0020.rst7' as Amber NC Restart
	Reading '../../1g9o06_E92NS93KE94VS95TK96DV97L/no_restraint_new_protocol/min_NoH_2_1_7_2_mut_E92NS93KE94VS95TK96DV97L_round_1_0023.rst7' as Amber NC Restart
	Reading '../../1g9o06_E92NS93KE94VS95TK96DV97L/no_restraint_new_protocol/min_NoH_2_1_8_2_mut_E92NS93KE94VS95TK96DV97L_round_1_0020.rst7' as Amber NC Restart
TIME: Total execution time: 0.8041 seconds.
--------------------------------------------------------------------------------
To cite CPPTRAJ use:
Daniel R. Roe and Thomas E. Cheatham, III, "PTRAJ and CPPTRAJ: Software for
  Processing and Analysis of Molecular Dynamics Trajectory Data". J. Chem.
  Theory Comput., 2013, 9 (7), pp 3084-3095.

