
CPPTRAJ: Trajectory Analysis. V16.00
    ___  ___  ___  ___
     | \/ | \/ | \/ | 
    _|_/\_|_/\_|_/\_|_

| Date/time: 06/20/16 16:26:45
| Available memory: 215.694 GB

INPUT: Reading input from 'cpptraj.in'
  [parm ../../2i0406_H63FA87RT89M/prmtop]
	Reading '../../2i0406_H63FA87RT89M/prmtop' as Amber Topology
  [trajin ../../2i0406_H63FA87RT89M/no_restraint_new_protocol/min_NoH_*rst7"]
	Reading '../../2i0406_H63FA87RT89M/no_restraint_new_protocol/min_NoH_2_1_1_2_mut_H63FA87RT89M_round_1_0018.rst7' as Amber NC Restart
	Reading '../../2i0406_H63FA87RT89M/no_restraint_new_protocol/min_NoH_2_1_1_2_mut_H63FA87RT89M_round_1_0023.rst7' as Amber NC Restart
	Reading '../../2i0406_H63FA87RT89M/no_restraint_new_protocol/min_NoH_2_1_3_2_mut_H63FA87RT89M_round_1_0020.rst7' as Amber NC Restart
	Reading '../../2i0406_H63FA87RT89M/no_restraint_new_protocol/min_NoH_2_1_4_2_mut_H63FA87RT89M_round_1_0012.rst7' as Amber NC Restart
	Reading '../../2i0406_H63FA87RT89M/no_restraint_new_protocol/min_NoH_2_1_5_2_mut_H63FA87RT89M_round_1_0001.rst7' as Amber NC Restart
	Reading '../../2i0406_H63FA87RT89M/no_restraint_new_protocol/min_NoH_2_1_5_2_mut_H63FA87RT89M_round_1_0018.rst7' as Amber NC Restart
	Reading '../../2i0406_H63FA87RT89M/no_restraint_new_protocol/min_NoH_2_1_5_2_mut_H63FA87RT89M_round_1_0020.rst7' as Amber NC Restart
	Reading '../../2i0406_H63FA87RT89M/no_restraint_new_protocol/min_NoH_2_1_5_2_mut_H63FA87RT89M_round_1_0024.rst7' as Amber NC Restart
	Reading '../../2i0406_H63FA87RT89M/no_restraint_new_protocol/min_NoH_2_1_6_2_mut_H63FA87RT89M_round_1_0010.rst7' as Amber NC Restart
	Reading '../../2i0406_H63FA87RT89M/no_restraint_new_protocol/min_NoH_2_1_6_2_mut_H63FA87RT89M_round_1_0011.rst7' as Amber NC Restart
	Reading '../../2i0406_H63FA87RT89M/no_restraint_new_protocol/min_NoH_2_1_6_2_mut_H63FA87RT89M_round_1_0013.rst7' as Amber NC Restart
	Reading '../../2i0406_H63FA87RT89M/no_restraint_new_protocol/min_NoH_2_1_6_2_mut_H63FA87RT89M_round_1_0014.rst7' as Amber NC Restart
	Reading '../../2i0406_H63FA87RT89M/no_restraint_new_protocol/min_NoH_2_1_6_2_mut_H63FA87RT89M_round_1_0020.rst7' as Amber NC Restart
	Reading '../../2i0406_H63FA87RT89M/no_restraint_new_protocol/min_NoH_2_1_6_2_mut_H63FA87RT89M_round_1_0021.rst7' as Amber NC Restart
	Reading '../../2i0406_H63FA87RT89M/no_restraint_new_protocol/min_NoH_2_1_6_2_mut_H63FA87RT89M_round_1_0023.rst7' as Amber NC Restart
	Reading '../../2i0406_H63FA87RT89M/no_restraint_new_protocol/min_NoH_2_1_7_2_mut_H63FA87RT89M_round_1_0005.rst7' as Amber NC Restart
	Reading '../../2i0406_H63FA87RT89M/no_restraint_new_protocol/min_NoH_2_1_7_2_mut_H63FA87RT89M_round_1_0019.rst7' as Amber NC Restart
	Reading '../../2i0406_H63FA87RT89M/no_restraint_new_protocol/min_NoH_2_1_7_2_mut_H63FA87RT89M_round_1_0023.rst7' as Amber NC Restart
	Reading '../../2i0406_H63FA87RT89M/no_restraint_new_protocol/min_NoH_2_1_8_2_mut_H63FA87RT89M_round_1_0017.rst7' as Amber NC Restart
	Reading '../../2i0406_H63FA87RT89M/no_restraint_new_protocol/min_NoH_2_1_8_2_mut_H63FA87RT89M_round_1_0023.rst7' as Amber NC Restart
	Reading '../../2i0406_H63FA87RT89M/no_restraint_new_protocol/min_NoH_3_1_1_3_mut_H63FA87RT89M_round_1_0013.rst7' as Amber NC Restart
	Reading '../../2i0406_H63FA87RT89M/no_restraint_new_protocol/min_NoH_3_1_2_3_mut_H63FA87RT89M_round_1_0011.rst7' as Amber NC Restart
	Reading '../../2i0406_H63FA87RT89M/no_restraint_new_protocol/min_NoH_3_1_2_3_mut_H63FA87RT89M_round_1_0024.rst7' as Amber NC Restart
	Reading '../../2i0406_H63FA87RT89M/no_restraint_new_protocol/min_NoH_3_1_3_3_mut_H63FA87RT89M_round_1_0004.rst7' as Amber NC Restart
	Reading '../../2i0406_H63FA87RT89M/no_restraint_new_protocol/min_NoH_3_1_4_3_mut_H63FA87RT89M_round_1_0019.rst7' as Amber NC Restart
	Reading '../../2i0406_H63FA87RT89M/no_restraint_new_protocol/min_NoH_3_1_5_3_mut_H63FA87RT89M_round_1_0018.rst7' as Amber NC Restart
	Reading '../../2i0406_H63FA87RT89M/no_restraint_new_protocol/min_NoH_3_1_7_3_mut_H63FA87RT89M_round_1_0008.rst7' as Amber NC Restart
	Reading '../../2i0406_H63FA87RT89M/no_restraint_new_protocol/min_NoH_3_1_7_3_mut_H63FA87RT89M_round_1_0018.rst7' as Amber NC Restart
	Reading '../../2i0406_H63FA87RT89M/no_restraint_new_protocol/min_NoH_3_1_8_3_mut_H63FA87RT89M_round_1_0006.rst7' as Amber NC Restart
	Reading '../../2i0406_H63FA87RT89M/no_restraint_new_protocol/min_NoH_6_1_1_6_mut_H63FA87RT89M_round_1_0016.rst7' as Amber NC Restart
	Reading '../../2i0406_H63FA87RT89M/no_restraint_new_protocol/min_NoH_6_1_1_6_mut_H63FA87RT89M_round_1_0018.rst7' as Amber NC Restart
	Reading '../../2i0406_H63FA87RT89M/no_restraint_new_protocol/min_NoH_6_1_1_6_mut_H63FA87RT89M_round_1_0022.rst7' as Amber NC Restart
	Reading '../../2i0406_H63FA87RT89M/no_restraint_new_protocol/min_NoH_6_1_1_6_mut_H63FA87RT89M_round_1_0025.rst7' as Amber NC Restart
	Reading '../../2i0406_H63FA87RT89M/no_restraint_new_protocol/min_NoH_6_1_2_6_mut_H63FA87RT89M_round_1_0021.rst7' as Amber NC Restart
	Reading '../../2i0406_H63FA87RT89M/no_restraint_new_protocol/min_NoH_6_1_3_6_mut_H63FA87RT89M_round_1_0010.rst7' as Amber NC Restart
	Reading '../../2i0406_H63FA87RT89M/no_restraint_new_protocol/min_NoH_6_1_3_6_mut_H63FA87RT89M_round_1_0020.rst7' as Amber NC Restart
	Reading '../../2i0406_H63FA87RT89M/no_restraint_new_protocol/min_NoH_6_1_3_6_mut_H63FA87RT89M_round_1_0025.rst7' as Amber NC Restart
	Reading '../../2i0406_H63FA87RT89M/no_restraint_new_protocol/min_NoH_6_1_4_6_mut_H63FA87RT89M_round_1_0007.rst7' as Amber NC Restart
	Reading '../../2i0406_H63FA87RT89M/no_restraint_new_protocol/min_NoH_6_1_4_6_mut_H63FA87RT89M_round_1_0016.rst7' as Amber NC Restart
	Reading '../../2i0406_H63FA87RT89M/no_restraint_new_protocol/min_NoH_6_1_5_6_mut_H63FA87RT89M_round_1_0009.rst7' as Amber NC Restart
	Reading '../../2i0406_H63FA87RT89M/no_restraint_new_protocol/min_NoH_6_1_5_6_mut_H63FA87RT89M_round_1_0010.rst7' as Amber NC Restart
	Reading '../../2i0406_H63FA87RT89M/no_restraint_new_protocol/min_NoH_6_1_5_6_mut_H63FA87RT89M_round_1_0022.rst7' as Amber NC Restart
	Reading '../../2i0406_H63FA87RT89M/no_restraint_new_protocol/min_NoH_6_1_6_6_mut_H63FA87RT89M_round_1_0003.rst7' as Amber NC Restart
	Reading '../../2i0406_H63FA87RT89M/no_restraint_new_protocol/min_NoH_6_1_6_6_mut_H63FA87RT89M_round_1_0015.rst7' as Amber NC Restart
	Reading '../../2i0406_H63FA87RT89M/no_restraint_new_protocol/min_NoH_6_1_6_6_mut_H63FA87RT89M_round_1_0021.rst7' as Amber NC Restart
	Reading '../../2i0406_H63FA87RT89M/no_restraint_new_protocol/min_NoH_6_1_6_6_mut_H63FA87RT89M_round_1_0022.rst7' as Amber NC Restart
	Reading '../../2i0406_H63FA87RT89M/no_restraint_new_protocol/min_NoH_6_1_7_6_mut_H63FA87RT89M_round_1_0010.rst7' as Amber NC Restart
	Reading '../../2i0406_H63FA87RT89M/no_restraint_new_protocol/min_NoH_6_1_7_6_mut_H63FA87RT89M_round_1_0013.rst7' as Amber NC Restart
	Reading '../../2i0406_H63FA87RT89M/no_restraint_new_protocol/min_NoH_6_1_7_6_mut_H63FA87RT89M_round_1_0021.rst7' as Amber NC Restart
	Reading '../../2i0406_H63FA87RT89M/no_restraint_new_protocol/min_NoH_6_1_8_6_mut_H63FA87RT89M_round_1_0017.rst7' as Amber NC Restart
TIME: Total execution time: 0.7009 seconds.
--------------------------------------------------------------------------------
To cite CPPTRAJ use:
Daniel R. Roe and Thomas E. Cheatham, III, "PTRAJ and CPPTRAJ: Software for
  Processing and Analysis of Molecular Dynamics Trajectory Data". J. Chem.
  Theory Comput., 2013, 9 (7), pp 3084-3095.

