
CPPTRAJ: Trajectory Analysis. V16.00
    ___  ___  ___  ___
     | \/ | \/ | \/ | 
    _|_/\_|_/\_|_/\_|_

| Date/time: 06/20/16 16:27:19
| Available memory: 215.795 GB

INPUT: Reading input from 'cpptraj.in'
  [parm ../../1qav06_H68FH185SL186IT188ST189DF190V/prmtop]
	Reading '../../1qav06_H68FH185SL186IT188ST189DF190V/prmtop' as Amber Topology
  [trajin ../../1qav06_H68FH185SL186IT188ST189DF190V/no_restraint_new_protocol/min_NoH_*rst7"]
	Reading '../../1qav06_H68FH185SL186IT188ST189DF190V/no_restraint_new_protocol/min_NoH_10_4_10_10_mut_H68FH185SL186IT188ST189DF190V_round_4_0001.rst7' as Amber NC Restart
	Reading '../../1qav06_H68FH185SL186IT188ST189DF190V/no_restraint_new_protocol/min_NoH_10_4_10_10_mut_H68FH185SL186IT188ST189DF190V_round_4_0020.rst7' as Amber NC Restart
	Reading '../../1qav06_H68FH185SL186IT188ST189DF190V/no_restraint_new_protocol/min_NoH_10_4_1_10_mut_H68FH185SL186IT188ST189DF190V_round_4_0006.rst7' as Amber NC Restart
	Reading '../../1qav06_H68FH185SL186IT188ST189DF190V/no_restraint_new_protocol/min_NoH_10_4_1_10_mut_H68FH185SL186IT188ST189DF190V_round_4_0009.rst7' as Amber NC Restart
	Reading '../../1qav06_H68FH185SL186IT188ST189DF190V/no_restraint_new_protocol/min_NoH_10_4_3_10_mut_H68FH185SL186IT188ST189DF190V_round_4_0004.rst7' as Amber NC Restart
	Reading '../../1qav06_H68FH185SL186IT188ST189DF190V/no_restraint_new_protocol/min_NoH_10_4_4_10_mut_H68FH185SL186IT188ST189DF190V_round_4_0002.rst7' as Amber NC Restart
	Reading '../../1qav06_H68FH185SL186IT188ST189DF190V/no_restraint_new_protocol/min_NoH_10_4_4_10_mut_H68FH185SL186IT188ST189DF190V_round_4_0013.rst7' as Amber NC Restart
	Reading '../../1qav06_H68FH185SL186IT188ST189DF190V/no_restraint_new_protocol/min_NoH_10_4_4_10_mut_H68FH185SL186IT188ST189DF190V_round_4_0017.rst7' as Amber NC Restart
	Reading '../../1qav06_H68FH185SL186IT188ST189DF190V/no_restraint_new_protocol/min_NoH_10_4_4_10_mut_H68FH185SL186IT188ST189DF190V_round_4_0018.rst7' as Amber NC Restart
	Reading '../../1qav06_H68FH185SL186IT188ST189DF190V/no_restraint_new_protocol/min_NoH_10_4_5_10_mut_H68FH185SL186IT188ST189DF190V_round_4_0012.rst7' as Amber NC Restart
	Reading '../../1qav06_H68FH185SL186IT188ST189DF190V/no_restraint_new_protocol/min_NoH_10_4_5_10_mut_H68FH185SL186IT188ST189DF190V_round_4_0020.rst7' as Amber NC Restart
	Reading '../../1qav06_H68FH185SL186IT188ST189DF190V/no_restraint_new_protocol/min_NoH_10_4_6_10_mut_H68FH185SL186IT188ST189DF190V_round_4_0011.rst7' as Amber NC Restart
	Reading '../../1qav06_H68FH185SL186IT188ST189DF190V/no_restraint_new_protocol/min_NoH_10_4_7_10_mut_H68FH185SL186IT188ST189DF190V_round_4_0011.rst7' as Amber NC Restart
	Reading '../../1qav06_H68FH185SL186IT188ST189DF190V/no_restraint_new_protocol/min_NoH_10_4_8_10_mut_H68FH185SL186IT188ST189DF190V_round_4_0002.rst7' as Amber NC Restart
	Reading '../../1qav06_H68FH185SL186IT188ST189DF190V/no_restraint_new_protocol/min_NoH_10_4_8_10_mut_H68FH185SL186IT188ST189DF190V_round_4_0003.rst7' as Amber NC Restart
	Reading '../../1qav06_H68FH185SL186IT188ST189DF190V/no_restraint_new_protocol/min_NoH_10_4_8_10_mut_H68FH185SL186IT188ST189DF190V_round_4_0018.rst7' as Amber NC Restart
	Reading '../../1qav06_H68FH185SL186IT188ST189DF190V/no_restraint_new_protocol/min_NoH_10_4_9_10_mut_H68FH185SL186IT188ST189DF190V_round_4_0004.rst7' as Amber NC Restart
	Reading '../../1qav06_H68FH185SL186IT188ST189DF190V/no_restraint_new_protocol/min_NoH_10_4_9_10_mut_H68FH185SL186IT188ST189DF190V_round_4_0012.rst7' as Amber NC Restart
	Reading '../../1qav06_H68FH185SL186IT188ST189DF190V/no_restraint_new_protocol/min_NoH_1_2_10_1_mut_H68FH185SL186IT188ST189DF190V_round_2_0013.rst7' as Amber NC Restart
	Reading '../../1qav06_H68FH185SL186IT188ST189DF190V/no_restraint_new_protocol/min_NoH_1_2_1_1_mut_H68FH185SL186IT188ST189DF190V_round_2_0011.rst7' as Amber NC Restart
	Reading '../../1qav06_H68FH185SL186IT188ST189DF190V/no_restraint_new_protocol/min_NoH_1_2_2_1_mut_H68FH185SL186IT188ST189DF190V_round_2_0010.rst7' as Amber NC Restart
	Reading '../../1qav06_H68FH185SL186IT188ST189DF190V/no_restraint_new_protocol/min_NoH_1_2_3_1_mut_H68FH185SL186IT188ST189DF190V_round_2_0002.rst7' as Amber NC Restart
	Reading '../../1qav06_H68FH185SL186IT188ST189DF190V/no_restraint_new_protocol/min_NoH_1_2_3_1_mut_H68FH185SL186IT188ST189DF190V_round_2_0018.rst7' as Amber NC Restart
	Reading '../../1qav06_H68FH185SL186IT188ST189DF190V/no_restraint_new_protocol/min_NoH_1_2_4_1_mut_H68FH185SL186IT188ST189DF190V_round_2_0009.rst7' as Amber NC Restart
	Reading '../../1qav06_H68FH185SL186IT188ST189DF190V/no_restraint_new_protocol/min_NoH_1_2_6_1_mut_H68FH185SL186IT188ST189DF190V_round_2_0004.rst7' as Amber NC Restart
	Reading '../../1qav06_H68FH185SL186IT188ST189DF190V/no_restraint_new_protocol/min_NoH_1_2_6_1_mut_H68FH185SL186IT188ST189DF190V_round_2_0019.rst7' as Amber NC Restart
	Reading '../../1qav06_H68FH185SL186IT188ST189DF190V/no_restraint_new_protocol/min_NoH_1_2_7_1_mut_H68FH185SL186IT188ST189DF190V_round_2_0016.rst7' as Amber NC Restart
	Reading '../../1qav06_H68FH185SL186IT188ST189DF190V/no_restraint_new_protocol/min_NoH_1_2_7_1_mut_H68FH185SL186IT188ST189DF190V_round_2_0018.rst7' as Amber NC Restart
	Reading '../../1qav06_H68FH185SL186IT188ST189DF190V/no_restraint_new_protocol/min_NoH_1_2_8_1_mut_H68FH185SL186IT188ST189DF190V_round_2_0002.rst7' as Amber NC Restart
	Reading '../../1qav06_H68FH185SL186IT188ST189DF190V/no_restraint_new_protocol/min_NoH_1_2_8_1_mut_H68FH185SL186IT188ST189DF190V_round_2_0018.rst7' as Amber NC Restart
	Reading '../../1qav06_H68FH185SL186IT188ST189DF190V/no_restraint_new_protocol/min_NoH_1_2_9_1_mut_H68FH185SL186IT188ST189DF190V_round_2_0003.rst7' as Amber NC Restart
	Reading '../../1qav06_H68FH185SL186IT188ST189DF190V/no_restraint_new_protocol/min_NoH_8_1_10_8_mut_H68FH185SL186IT188ST189DF190V_round_1_0010.rst7' as Amber NC Restart
	Reading '../../1qav06_H68FH185SL186IT188ST189DF190V/no_restraint_new_protocol/min_NoH_8_1_10_8_mut_H68FH185SL186IT188ST189DF190V_round_1_0011.rst7' as Amber NC Restart
	Reading '../../1qav06_H68FH185SL186IT188ST189DF190V/no_restraint_new_protocol/min_NoH_8_1_1_8_mut_H68FH185SL186IT188ST189DF190V_round_1_0012.rst7' as Amber NC Restart
	Reading '../../1qav06_H68FH185SL186IT188ST189DF190V/no_restraint_new_protocol/min_NoH_8_1_2_8_mut_H68FH185SL186IT188ST189DF190V_round_1_0006.rst7' as Amber NC Restart
	Reading '../../1qav06_H68FH185SL186IT188ST189DF190V/no_restraint_new_protocol/min_NoH_8_1_2_8_mut_H68FH185SL186IT188ST189DF190V_round_1_0010.rst7' as Amber NC Restart
	Reading '../../1qav06_H68FH185SL186IT188ST189DF190V/no_restraint_new_protocol/min_NoH_8_1_2_8_mut_H68FH185SL186IT188ST189DF190V_round_1_0013.rst7' as Amber NC Restart
	Reading '../../1qav06_H68FH185SL186IT188ST189DF190V/no_restraint_new_protocol/min_NoH_8_1_2_8_mut_H68FH185SL186IT188ST189DF190V_round_1_0020.rst7' as Amber NC Restart
	Reading '../../1qav06_H68FH185SL186IT188ST189DF190V/no_restraint_new_protocol/min_NoH_8_1_3_8_mut_H68FH185SL186IT188ST189DF190V_round_1_0015.rst7' as Amber NC Restart
	Reading '../../1qav06_H68FH185SL186IT188ST189DF190V/no_restraint_new_protocol/min_NoH_8_1_4_8_mut_H68FH185SL186IT188ST189DF190V_round_1_0016.rst7' as Amber NC Restart
	Reading '../../1qav06_H68FH185SL186IT188ST189DF190V/no_restraint_new_protocol/min_NoH_8_1_5_8_mut_H68FH185SL186IT188ST189DF190V_round_1_0017.rst7' as Amber NC Restart
	Reading '../../1qav06_H68FH185SL186IT188ST189DF190V/no_restraint_new_protocol/min_NoH_8_1_6_8_mut_H68FH185SL186IT188ST189DF190V_round_1_0013.rst7' as Amber NC Restart
	Reading '../../1qav06_H68FH185SL186IT188ST189DF190V/no_restraint_new_protocol/min_NoH_8_1_7_8_mut_H68FH185SL186IT188ST189DF190V_round_1_0001.rst7' as Amber NC Restart
	Reading '../../1qav06_H68FH185SL186IT188ST189DF190V/no_restraint_new_protocol/min_NoH_8_1_7_8_mut_H68FH185SL186IT188ST189DF190V_round_1_0005.rst7' as Amber NC Restart
	Reading '../../1qav06_H68FH185SL186IT188ST189DF190V/no_restraint_new_protocol/min_NoH_8_1_7_8_mut_H68FH185SL186IT188ST189DF190V_round_1_0010.rst7' as Amber NC Restart
	Reading '../../1qav06_H68FH185SL186IT188ST189DF190V/no_restraint_new_protocol/min_NoH_8_1_7_8_mut_H68FH185SL186IT188ST189DF190V_round_1_0019.rst7' as Amber NC Restart
	Reading '../../1qav06_H68FH185SL186IT188ST189DF190V/no_restraint_new_protocol/min_NoH_8_1_8_8_mut_H68FH185SL186IT188ST189DF190V_round_1_0002.rst7' as Amber NC Restart
	Reading '../../1qav06_H68FH185SL186IT188ST189DF190V/no_restraint_new_protocol/min_NoH_8_1_8_8_mut_H68FH185SL186IT188ST189DF190V_round_1_0011.rst7' as Amber NC Restart
	Reading '../../1qav06_H68FH185SL186IT188ST189DF190V/no_restraint_new_protocol/min_NoH_8_1_8_8_mut_H68FH185SL186IT188ST189DF190V_round_1_0014.rst7' as Amber NC Restart
	Reading '../../1qav06_H68FH185SL186IT188ST189DF190V/no_restraint_new_protocol/min_NoH_8_1_8_8_mut_H68FH185SL186IT188ST189DF190V_round_1_0017.rst7' as Amber NC Restart
TIME: Total execution time: 0.8973 seconds.
--------------------------------------------------------------------------------
To cite CPPTRAJ use:
Daniel R. Roe and Thomas E. Cheatham, III, "PTRAJ and CPPTRAJ: Software for
  Processing and Analysis of Molecular Dynamics Trajectory Data". J. Chem.
  Theory Comput., 2013, 9 (7), pp 3084-3095.

