
CPPTRAJ: Trajectory Analysis. V16.00
    ___  ___  ___  ___
     | \/ | \/ | \/ | 
    _|_/\_|_/\_|_/\_|_

| Date/time: 06/20/16 16:27:01
| Available memory: 215.757 GB

INPUT: Reading input from 'cpptraj.in'
  [parm ../../3qdo07_A103SS104LK107CV108F/prmtop]
	Reading '../../3qdo07_A103SS104LK107CV108F/prmtop' as Amber Topology
  [trajin ../../3qdo07_A103SS104LK107CV108F/no_restraint_new_protocol/min_NoH_*rst7"]
	Reading '../../3qdo07_A103SS104LK107CV108F/no_restraint_new_protocol/min_NoH_2_5_1_2_mut_A103SS104LK107CV108F_round_5_0019.rst7' as Amber NC Restart
	Reading '../../3qdo07_A103SS104LK107CV108F/no_restraint_new_protocol/min_NoH_2_5_3_2_mut_A103SS104LK107CV108F_round_5_0011.rst7' as Amber NC Restart
	Reading '../../3qdo07_A103SS104LK107CV108F/no_restraint_new_protocol/min_NoH_2_5_4_2_mut_A103SS104LK107CV108F_round_5_0002.rst7' as Amber NC Restart
	Reading '../../3qdo07_A103SS104LK107CV108F/no_restraint_new_protocol/min_NoH_2_5_6_2_mut_A103SS104LK107CV108F_round_5_0014.rst7' as Amber NC Restart
	Reading '../../3qdo07_A103SS104LK107CV108F/no_restraint_new_protocol/min_NoH_2_5_7_2_mut_A103SS104LK107CV108F_round_5_0013.rst7' as Amber NC Restart
	Reading '../../3qdo07_A103SS104LK107CV108F/no_restraint_new_protocol/min_NoH_2_5_7_2_mut_A103SS104LK107CV108F_round_5_0025.rst7' as Amber NC Restart
	Reading '../../3qdo07_A103SS104LK107CV108F/no_restraint_new_protocol/min_NoH_2_5_8_2_mut_A103SS104LK107CV108F_round_5_0014.rst7' as Amber NC Restart
	Reading '../../3qdo07_A103SS104LK107CV108F/no_restraint_new_protocol/min_NoH_2_5_8_2_mut_A103SS104LK107CV108F_round_5_0015.rst7' as Amber NC Restart
	Reading '../../3qdo07_A103SS104LK107CV108F/no_restraint_new_protocol/min_NoH_2_5_8_2_mut_A103SS104LK107CV108F_round_5_0019.rst7' as Amber NC Restart
	Reading '../../3qdo07_A103SS104LK107CV108F/no_restraint_new_protocol/min_NoH_2_5_8_2_mut_A103SS104LK107CV108F_round_5_0024.rst7' as Amber NC Restart
	Reading '../../3qdo07_A103SS104LK107CV108F/no_restraint_new_protocol/min_NoH_5_4_1_5_mut_A103SS104LK107CV108F_round_4_0004.rst7' as Amber NC Restart
	Reading '../../3qdo07_A103SS104LK107CV108F/no_restraint_new_protocol/min_NoH_5_4_1_5_mut_A103SS104LK107CV108F_round_4_0009.rst7' as Amber NC Restart
	Reading '../../3qdo07_A103SS104LK107CV108F/no_restraint_new_protocol/min_NoH_5_4_2_5_mut_A103SS104LK107CV108F_round_4_0004.rst7' as Amber NC Restart
	Reading '../../3qdo07_A103SS104LK107CV108F/no_restraint_new_protocol/min_NoH_5_4_2_5_mut_A103SS104LK107CV108F_round_4_0006.rst7' as Amber NC Restart
	Reading '../../3qdo07_A103SS104LK107CV108F/no_restraint_new_protocol/min_NoH_5_4_2_5_mut_A103SS104LK107CV108F_round_4_0008.rst7' as Amber NC Restart
	Reading '../../3qdo07_A103SS104LK107CV108F/no_restraint_new_protocol/min_NoH_5_4_2_5_mut_A103SS104LK107CV108F_round_4_0020.rst7' as Amber NC Restart
	Reading '../../3qdo07_A103SS104LK107CV108F/no_restraint_new_protocol/min_NoH_5_4_2_5_mut_A103SS104LK107CV108F_round_4_0023.rst7' as Amber NC Restart
	Reading '../../3qdo07_A103SS104LK107CV108F/no_restraint_new_protocol/min_NoH_5_4_3_5_mut_A103SS104LK107CV108F_round_4_0011.rst7' as Amber NC Restart
	Reading '../../3qdo07_A103SS104LK107CV108F/no_restraint_new_protocol/min_NoH_5_4_4_5_mut_A103SS104LK107CV108F_round_4_0006.rst7' as Amber NC Restart
	Reading '../../3qdo07_A103SS104LK107CV108F/no_restraint_new_protocol/min_NoH_5_4_4_5_mut_A103SS104LK107CV108F_round_4_0009.rst7' as Amber NC Restart
	Reading '../../3qdo07_A103SS104LK107CV108F/no_restraint_new_protocol/min_NoH_5_4_4_5_mut_A103SS104LK107CV108F_round_4_0023.rst7' as Amber NC Restart
	Reading '../../3qdo07_A103SS104LK107CV108F/no_restraint_new_protocol/min_NoH_5_4_5_5_mut_A103SS104LK107CV108F_round_4_0003.rst7' as Amber NC Restart
	Reading '../../3qdo07_A103SS104LK107CV108F/no_restraint_new_protocol/min_NoH_5_4_5_5_mut_A103SS104LK107CV108F_round_4_0011.rst7' as Amber NC Restart
	Reading '../../3qdo07_A103SS104LK107CV108F/no_restraint_new_protocol/min_NoH_5_4_5_5_mut_A103SS104LK107CV108F_round_4_0015.rst7' as Amber NC Restart
	Reading '../../3qdo07_A103SS104LK107CV108F/no_restraint_new_protocol/min_NoH_5_4_6_5_mut_A103SS104LK107CV108F_round_4_0004.rst7' as Amber NC Restart
	Reading '../../3qdo07_A103SS104LK107CV108F/no_restraint_new_protocol/min_NoH_5_4_6_5_mut_A103SS104LK107CV108F_round_4_0005.rst7' as Amber NC Restart
	Reading '../../3qdo07_A103SS104LK107CV108F/no_restraint_new_protocol/min_NoH_5_4_6_5_mut_A103SS104LK107CV108F_round_4_0007.rst7' as Amber NC Restart
	Reading '../../3qdo07_A103SS104LK107CV108F/no_restraint_new_protocol/min_NoH_5_4_6_5_mut_A103SS104LK107CV108F_round_4_0008.rst7' as Amber NC Restart
	Reading '../../3qdo07_A103SS104LK107CV108F/no_restraint_new_protocol/min_NoH_5_4_6_5_mut_A103SS104LK107CV108F_round_4_0009.rst7' as Amber NC Restart
	Reading '../../3qdo07_A103SS104LK107CV108F/no_restraint_new_protocol/min_NoH_5_4_6_5_mut_A103SS104LK107CV108F_round_4_0017.rst7' as Amber NC Restart
	Reading '../../3qdo07_A103SS104LK107CV108F/no_restraint_new_protocol/min_NoH_5_4_7_5_mut_A103SS104LK107CV108F_round_4_0015.rst7' as Amber NC Restart
	Reading '../../3qdo07_A103SS104LK107CV108F/no_restraint_new_protocol/min_NoH_5_4_7_5_mut_A103SS104LK107CV108F_round_4_0020.rst7' as Amber NC Restart
	Reading '../../3qdo07_A103SS104LK107CV108F/no_restraint_new_protocol/min_NoH_5_4_8_5_mut_A103SS104LK107CV108F_round_4_0017.rst7' as Amber NC Restart
	Reading '../../3qdo07_A103SS104LK107CV108F/no_restraint_new_protocol/min_NoH_8_5_1_8_mut_A103SS104LK107CV108F_round_5_0014.rst7' as Amber NC Restart
	Reading '../../3qdo07_A103SS104LK107CV108F/no_restraint_new_protocol/min_NoH_8_5_2_8_mut_A103SS104LK107CV108F_round_5_0009.rst7' as Amber NC Restart
	Reading '../../3qdo07_A103SS104LK107CV108F/no_restraint_new_protocol/min_NoH_8_5_2_8_mut_A103SS104LK107CV108F_round_5_0020.rst7' as Amber NC Restart
	Reading '../../3qdo07_A103SS104LK107CV108F/no_restraint_new_protocol/min_NoH_8_5_3_8_mut_A103SS104LK107CV108F_round_5_0022.rst7' as Amber NC Restart
	Reading '../../3qdo07_A103SS104LK107CV108F/no_restraint_new_protocol/min_NoH_8_5_4_8_mut_A103SS104LK107CV108F_round_5_0021.rst7' as Amber NC Restart
	Reading '../../3qdo07_A103SS104LK107CV108F/no_restraint_new_protocol/min_NoH_8_5_5_8_mut_A103SS104LK107CV108F_round_5_0005.rst7' as Amber NC Restart
	Reading '../../3qdo07_A103SS104LK107CV108F/no_restraint_new_protocol/min_NoH_8_5_5_8_mut_A103SS104LK107CV108F_round_5_0008.rst7' as Amber NC Restart
	Reading '../../3qdo07_A103SS104LK107CV108F/no_restraint_new_protocol/min_NoH_8_5_5_8_mut_A103SS104LK107CV108F_round_5_0021.rst7' as Amber NC Restart
	Reading '../../3qdo07_A103SS104LK107CV108F/no_restraint_new_protocol/min_NoH_8_5_6_8_mut_A103SS104LK107CV108F_round_5_0019.rst7' as Amber NC Restart
	Reading '../../3qdo07_A103SS104LK107CV108F/no_restraint_new_protocol/min_NoH_8_5_6_8_mut_A103SS104LK107CV108F_round_5_0022.rst7' as Amber NC Restart
	Reading '../../3qdo07_A103SS104LK107CV108F/no_restraint_new_protocol/min_NoH_8_5_7_8_mut_A103SS104LK107CV108F_round_5_0007.rst7' as Amber NC Restart
	Reading '../../3qdo07_A103SS104LK107CV108F/no_restraint_new_protocol/min_NoH_8_5_7_8_mut_A103SS104LK107CV108F_round_5_0012.rst7' as Amber NC Restart
	Reading '../../3qdo07_A103SS104LK107CV108F/no_restraint_new_protocol/min_NoH_8_5_7_8_mut_A103SS104LK107CV108F_round_5_0014.rst7' as Amber NC Restart
	Reading '../../3qdo07_A103SS104LK107CV108F/no_restraint_new_protocol/min_NoH_8_5_8_8_mut_A103SS104LK107CV108F_round_5_0006.rst7' as Amber NC Restart
	Reading '../../3qdo07_A103SS104LK107CV108F/no_restraint_new_protocol/min_NoH_8_5_8_8_mut_A103SS104LK107CV108F_round_5_0009.rst7' as Amber NC Restart
	Reading '../../3qdo07_A103SS104LK107CV108F/no_restraint_new_protocol/min_NoH_8_5_8_8_mut_A103SS104LK107CV108F_round_5_0016.rst7' as Amber NC Restart
	Reading '../../3qdo07_A103SS104LK107CV108F/no_restraint_new_protocol/min_NoH_8_5_8_8_mut_A103SS104LK107CV108F_round_5_0022.rst7' as Amber NC Restart
TIME: Total execution time: 0.5784 seconds.
--------------------------------------------------------------------------------
To cite CPPTRAJ use:
Daniel R. Roe and Thomas E. Cheatham, III, "PTRAJ and CPPTRAJ: Software for
  Processing and Analysis of Molecular Dynamics Trajectory Data". J. Chem.
  Theory Comput., 2013, 9 (7), pp 3084-3095.

