
CPPTRAJ: Trajectory Analysis. V16.00
    ___  ___  ___  ___
     | \/ | \/ | \/ | 
    _|_/\_|_/\_|_/\_|_

| Date/time: 06/20/16 16:27:12
| Available memory: 215.789 GB

INPUT: Reading input from 'cpptraj.in'
  [parm ../../1be908_H72FA117NA118YA119KT121M/prmtop]
	Reading '../../1be908_H72FA117NA118YA119KT121M/prmtop' as Amber Topology
  [trajin ../../1be908_H72FA117NA118YA119KT121M/no_restraint_new_protocol/min_NoH_*rst7"]
	Reading '../../1be908_H72FA117NA118YA119KT121M/no_restraint_new_protocol/min_NoH_2_1_10_2_mut_H72FA117NA118YA119KT121M_round_1_0005.rst7' as Amber NC Restart
	Reading '../../1be908_H72FA117NA118YA119KT121M/no_restraint_new_protocol/min_NoH_2_1_10_2_mut_H72FA117NA118YA119KT121M_round_1_0012.rst7' as Amber NC Restart
	Reading '../../1be908_H72FA117NA118YA119KT121M/no_restraint_new_protocol/min_NoH_2_1_10_2_mut_H72FA117NA118YA119KT121M_round_1_0016.rst7' as Amber NC Restart
	Reading '../../1be908_H72FA117NA118YA119KT121M/no_restraint_new_protocol/min_NoH_2_1_3_2_mut_H72FA117NA118YA119KT121M_round_1_0011.rst7' as Amber NC Restart
	Reading '../../1be908_H72FA117NA118YA119KT121M/no_restraint_new_protocol/min_NoH_2_1_3_2_mut_H72FA117NA118YA119KT121M_round_1_0013.rst7' as Amber NC Restart
	Reading '../../1be908_H72FA117NA118YA119KT121M/no_restraint_new_protocol/min_NoH_2_1_4_2_mut_H72FA117NA118YA119KT121M_round_1_0015.rst7' as Amber NC Restart
	Reading '../../1be908_H72FA117NA118YA119KT121M/no_restraint_new_protocol/min_NoH_2_1_5_2_mut_H72FA117NA118YA119KT121M_round_1_0004.rst7' as Amber NC Restart
	Reading '../../1be908_H72FA117NA118YA119KT121M/no_restraint_new_protocol/min_NoH_2_1_5_2_mut_H72FA117NA118YA119KT121M_round_1_0014.rst7' as Amber NC Restart
	Reading '../../1be908_H72FA117NA118YA119KT121M/no_restraint_new_protocol/min_NoH_2_1_7_2_mut_H72FA117NA118YA119KT121M_round_1_0006.rst7' as Amber NC Restart
	Reading '../../1be908_H72FA117NA118YA119KT121M/no_restraint_new_protocol/min_NoH_2_1_8_2_mut_H72FA117NA118YA119KT121M_round_1_0002.rst7' as Amber NC Restart
	Reading '../../1be908_H72FA117NA118YA119KT121M/no_restraint_new_protocol/min_NoH_2_1_8_2_mut_H72FA117NA118YA119KT121M_round_1_0006.rst7' as Amber NC Restart
	Reading '../../1be908_H72FA117NA118YA119KT121M/no_restraint_new_protocol/min_NoH_4_2_10_4_mut_H72FA117NA118YA119KT121M_round_2_0009.rst7' as Amber NC Restart
	Reading '../../1be908_H72FA117NA118YA119KT121M/no_restraint_new_protocol/min_NoH_4_2_2_4_mut_H72FA117NA118YA119KT121M_round_2_0011.rst7' as Amber NC Restart
	Reading '../../1be908_H72FA117NA118YA119KT121M/no_restraint_new_protocol/min_NoH_4_2_2_4_mut_H72FA117NA118YA119KT121M_round_2_0015.rst7' as Amber NC Restart
	Reading '../../1be908_H72FA117NA118YA119KT121M/no_restraint_new_protocol/min_NoH_4_2_4_4_mut_H72FA117NA118YA119KT121M_round_2_0004.rst7' as Amber NC Restart
	Reading '../../1be908_H72FA117NA118YA119KT121M/no_restraint_new_protocol/min_NoH_4_2_4_4_mut_H72FA117NA118YA119KT121M_round_2_0006.rst7' as Amber NC Restart
	Reading '../../1be908_H72FA117NA118YA119KT121M/no_restraint_new_protocol/min_NoH_4_2_4_4_mut_H72FA117NA118YA119KT121M_round_2_0020.rst7' as Amber NC Restart
	Reading '../../1be908_H72FA117NA118YA119KT121M/no_restraint_new_protocol/min_NoH_4_2_5_4_mut_H72FA117NA118YA119KT121M_round_2_0016.rst7' as Amber NC Restart
	Reading '../../1be908_H72FA117NA118YA119KT121M/no_restraint_new_protocol/min_NoH_4_2_5_4_mut_H72FA117NA118YA119KT121M_round_2_0019.rst7' as Amber NC Restart
	Reading '../../1be908_H72FA117NA118YA119KT121M/no_restraint_new_protocol/min_NoH_4_2_6_4_mut_H72FA117NA118YA119KT121M_round_2_0009.rst7' as Amber NC Restart
	Reading '../../1be908_H72FA117NA118YA119KT121M/no_restraint_new_protocol/min_NoH_4_2_6_4_mut_H72FA117NA118YA119KT121M_round_2_0015.rst7' as Amber NC Restart
	Reading '../../1be908_H72FA117NA118YA119KT121M/no_restraint_new_protocol/min_NoH_4_2_6_4_mut_H72FA117NA118YA119KT121M_round_2_0016.rst7' as Amber NC Restart
	Reading '../../1be908_H72FA117NA118YA119KT121M/no_restraint_new_protocol/min_NoH_4_2_7_4_mut_H72FA117NA118YA119KT121M_round_2_0017.rst7' as Amber NC Restart
	Reading '../../1be908_H72FA117NA118YA119KT121M/no_restraint_new_protocol/min_NoH_4_2_7_4_mut_H72FA117NA118YA119KT121M_round_2_0020.rst7' as Amber NC Restart
	Reading '../../1be908_H72FA117NA118YA119KT121M/no_restraint_new_protocol/min_NoH_4_2_9_4_mut_H72FA117NA118YA119KT121M_round_2_0007.rst7' as Amber NC Restart
	Reading '../../1be908_H72FA117NA118YA119KT121M/no_restraint_new_protocol/min_NoH_6_4_10_6_mut_H72FA117NA118YA119KT121M_round_4_0002.rst7' as Amber NC Restart
	Reading '../../1be908_H72FA117NA118YA119KT121M/no_restraint_new_protocol/min_NoH_6_4_10_6_mut_H72FA117NA118YA119KT121M_round_4_0012.rst7' as Amber NC Restart
	Reading '../../1be908_H72FA117NA118YA119KT121M/no_restraint_new_protocol/min_NoH_6_4_10_6_mut_H72FA117NA118YA119KT121M_round_4_0015.rst7' as Amber NC Restart
	Reading '../../1be908_H72FA117NA118YA119KT121M/no_restraint_new_protocol/min_NoH_6_4_10_6_mut_H72FA117NA118YA119KT121M_round_4_0017.rst7' as Amber NC Restart
	Reading '../../1be908_H72FA117NA118YA119KT121M/no_restraint_new_protocol/min_NoH_6_4_1_6_mut_H72FA117NA118YA119KT121M_round_4_0005.rst7' as Amber NC Restart
	Reading '../../1be908_H72FA117NA118YA119KT121M/no_restraint_new_protocol/min_NoH_6_4_1_6_mut_H72FA117NA118YA119KT121M_round_4_0012.rst7' as Amber NC Restart
	Reading '../../1be908_H72FA117NA118YA119KT121M/no_restraint_new_protocol/min_NoH_6_4_2_6_mut_H72FA117NA118YA119KT121M_round_4_0002.rst7' as Amber NC Restart
	Reading '../../1be908_H72FA117NA118YA119KT121M/no_restraint_new_protocol/min_NoH_6_4_2_6_mut_H72FA117NA118YA119KT121M_round_4_0004.rst7' as Amber NC Restart
	Reading '../../1be908_H72FA117NA118YA119KT121M/no_restraint_new_protocol/min_NoH_6_4_2_6_mut_H72FA117NA118YA119KT121M_round_4_0015.rst7' as Amber NC Restart
	Reading '../../1be908_H72FA117NA118YA119KT121M/no_restraint_new_protocol/min_NoH_6_4_3_6_mut_H72FA117NA118YA119KT121M_round_4_0003.rst7' as Amber NC Restart
	Reading '../../1be908_H72FA117NA118YA119KT121M/no_restraint_new_protocol/min_NoH_6_4_3_6_mut_H72FA117NA118YA119KT121M_round_4_0008.rst7' as Amber NC Restart
	Reading '../../1be908_H72FA117NA118YA119KT121M/no_restraint_new_protocol/min_NoH_6_4_3_6_mut_H72FA117NA118YA119KT121M_round_4_0013.rst7' as Amber NC Restart
	Reading '../../1be908_H72FA117NA118YA119KT121M/no_restraint_new_protocol/min_NoH_6_4_4_6_mut_H72FA117NA118YA119KT121M_round_4_0014.rst7' as Amber NC Restart
	Reading '../../1be908_H72FA117NA118YA119KT121M/no_restraint_new_protocol/min_NoH_6_4_5_6_mut_H72FA117NA118YA119KT121M_round_4_0004.rst7' as Amber NC Restart
	Reading '../../1be908_H72FA117NA118YA119KT121M/no_restraint_new_protocol/min_NoH_6_4_5_6_mut_H72FA117NA118YA119KT121M_round_4_0020.rst7' as Amber NC Restart
	Reading '../../1be908_H72FA117NA118YA119KT121M/no_restraint_new_protocol/min_NoH_6_4_7_6_mut_H72FA117NA118YA119KT121M_round_4_0001.rst7' as Amber NC Restart
	Reading '../../1be908_H72FA117NA118YA119KT121M/no_restraint_new_protocol/min_NoH_6_4_7_6_mut_H72FA117NA118YA119KT121M_round_4_0009.rst7' as Amber NC Restart
	Reading '../../1be908_H72FA117NA118YA119KT121M/no_restraint_new_protocol/min_NoH_6_4_8_6_mut_H72FA117NA118YA119KT121M_round_4_0007.rst7' as Amber NC Restart
	Reading '../../1be908_H72FA117NA118YA119KT121M/no_restraint_new_protocol/min_NoH_6_4_8_6_mut_H72FA117NA118YA119KT121M_round_4_0010.rst7' as Amber NC Restart
	Reading '../../1be908_H72FA117NA118YA119KT121M/no_restraint_new_protocol/min_NoH_6_4_8_6_mut_H72FA117NA118YA119KT121M_round_4_0016.rst7' as Amber NC Restart
	Reading '../../1be908_H72FA117NA118YA119KT121M/no_restraint_new_protocol/min_NoH_6_4_8_6_mut_H72FA117NA118YA119KT121M_round_4_0018.rst7' as Amber NC Restart
	Reading '../../1be908_H72FA117NA118YA119KT121M/no_restraint_new_protocol/min_NoH_6_4_9_6_mut_H72FA117NA118YA119KT121M_round_4_0002.rst7' as Amber NC Restart
	Reading '../../1be908_H72FA117NA118YA119KT121M/no_restraint_new_protocol/min_NoH_6_4_9_6_mut_H72FA117NA118YA119KT121M_round_4_0005.rst7' as Amber NC Restart
	Reading '../../1be908_H72FA117NA118YA119KT121M/no_restraint_new_protocol/min_NoH_6_4_9_6_mut_H72FA117NA118YA119KT121M_round_4_0012.rst7' as Amber NC Restart
	Reading '../../1be908_H72FA117NA118YA119KT121M/no_restraint_new_protocol/min_NoH_6_4_9_6_mut_H72FA117NA118YA119KT121M_round_4_0015.rst7' as Amber NC Restart
TIME: Total execution time: 0.7293 seconds.
--------------------------------------------------------------------------------
To cite CPPTRAJ use:
Daniel R. Roe and Thomas E. Cheatham, III, "PTRAJ and CPPTRAJ: Software for
  Processing and Analysis of Molecular Dynamics Trajectory Data". J. Chem.
  Theory Comput., 2013, 9 (7), pp 3084-3095.

