
CPPTRAJ: Trajectory Analysis. V16.00
    ___  ___  ___  ___
     | \/ | \/ | \/ | 
    _|_/\_|_/\_|_/\_|_

| Date/time: 06/20/16 16:27:02
| Available memory: 215.759 GB

INPUT: Reading input from 'cpptraj.in'
  [parm ../../3qdo07_E102TA103GS104WS106TK107W/prmtop]
	Reading '../../3qdo07_E102TA103GS104WS106TK107W/prmtop' as Amber Topology
  [trajin ../../3qdo07_E102TA103GS104WS106TK107W/no_restraint_new_protocol/min_NoH_*rst7"]
	Reading '../../3qdo07_E102TA103GS104WS106TK107W/no_restraint_new_protocol/min_NoH_5_1_1_5_mut_E102TA103GS104WS106TK107W_round_1_0021.rst7' as Amber NC Restart
	Reading '../../3qdo07_E102TA103GS104WS106TK107W/no_restraint_new_protocol/min_NoH_5_1_2_5_mut_E102TA103GS104WS106TK107W_round_1_0003.rst7' as Amber NC Restart
	Reading '../../3qdo07_E102TA103GS104WS106TK107W/no_restraint_new_protocol/min_NoH_5_1_2_5_mut_E102TA103GS104WS106TK107W_round_1_0007.rst7' as Amber NC Restart
	Reading '../../3qdo07_E102TA103GS104WS106TK107W/no_restraint_new_protocol/min_NoH_5_1_2_5_mut_E102TA103GS104WS106TK107W_round_1_0015.rst7' as Amber NC Restart
	Reading '../../3qdo07_E102TA103GS104WS106TK107W/no_restraint_new_protocol/min_NoH_5_1_2_5_mut_E102TA103GS104WS106TK107W_round_1_0024.rst7' as Amber NC Restart
	Reading '../../3qdo07_E102TA103GS104WS106TK107W/no_restraint_new_protocol/min_NoH_5_1_3_5_mut_E102TA103GS104WS106TK107W_round_1_0020.rst7' as Amber NC Restart
	Reading '../../3qdo07_E102TA103GS104WS106TK107W/no_restraint_new_protocol/min_NoH_5_1_3_5_mut_E102TA103GS104WS106TK107W_round_1_0023.rst7' as Amber NC Restart
	Reading '../../3qdo07_E102TA103GS104WS106TK107W/no_restraint_new_protocol/min_NoH_5_1_4_5_mut_E102TA103GS104WS106TK107W_round_1_0009.rst7' as Amber NC Restart
	Reading '../../3qdo07_E102TA103GS104WS106TK107W/no_restraint_new_protocol/min_NoH_5_1_4_5_mut_E102TA103GS104WS106TK107W_round_1_0011.rst7' as Amber NC Restart
	Reading '../../3qdo07_E102TA103GS104WS106TK107W/no_restraint_new_protocol/min_NoH_5_1_4_5_mut_E102TA103GS104WS106TK107W_round_1_0013.rst7' as Amber NC Restart
	Reading '../../3qdo07_E102TA103GS104WS106TK107W/no_restraint_new_protocol/min_NoH_5_1_6_5_mut_E102TA103GS104WS106TK107W_round_1_0025.rst7' as Amber NC Restart
	Reading '../../3qdo07_E102TA103GS104WS106TK107W/no_restraint_new_protocol/min_NoH_5_1_7_5_mut_E102TA103GS104WS106TK107W_round_1_0007.rst7' as Amber NC Restart
	Reading '../../3qdo07_E102TA103GS104WS106TK107W/no_restraint_new_protocol/min_NoH_5_1_7_5_mut_E102TA103GS104WS106TK107W_round_1_0008.rst7' as Amber NC Restart
	Reading '../../3qdo07_E102TA103GS104WS106TK107W/no_restraint_new_protocol/min_NoH_5_1_8_5_mut_E102TA103GS104WS106TK107W_round_1_0004.rst7' as Amber NC Restart
	Reading '../../3qdo07_E102TA103GS104WS106TK107W/no_restraint_new_protocol/min_NoH_5_1_8_5_mut_E102TA103GS104WS106TK107W_round_1_0021.rst7' as Amber NC Restart
	Reading '../../3qdo07_E102TA103GS104WS106TK107W/no_restraint_new_protocol/min_NoH_6_2_1_6_mut_E102TA103GS104WS106TK107W_round_2_0008.rst7' as Amber NC Restart
	Reading '../../3qdo07_E102TA103GS104WS106TK107W/no_restraint_new_protocol/min_NoH_6_2_1_6_mut_E102TA103GS104WS106TK107W_round_2_0021.rst7' as Amber NC Restart
	Reading '../../3qdo07_E102TA103GS104WS106TK107W/no_restraint_new_protocol/min_NoH_6_2_1_6_mut_E102TA103GS104WS106TK107W_round_2_0023.rst7' as Amber NC Restart
	Reading '../../3qdo07_E102TA103GS104WS106TK107W/no_restraint_new_protocol/min_NoH_6_2_3_6_mut_E102TA103GS104WS106TK107W_round_2_0004.rst7' as Amber NC Restart
	Reading '../../3qdo07_E102TA103GS104WS106TK107W/no_restraint_new_protocol/min_NoH_6_2_3_6_mut_E102TA103GS104WS106TK107W_round_2_0013.rst7' as Amber NC Restart
	Reading '../../3qdo07_E102TA103GS104WS106TK107W/no_restraint_new_protocol/min_NoH_6_2_4_6_mut_E102TA103GS104WS106TK107W_round_2_0015.rst7' as Amber NC Restart
	Reading '../../3qdo07_E102TA103GS104WS106TK107W/no_restraint_new_protocol/min_NoH_6_2_4_6_mut_E102TA103GS104WS106TK107W_round_2_0020.rst7' as Amber NC Restart
	Reading '../../3qdo07_E102TA103GS104WS106TK107W/no_restraint_new_protocol/min_NoH_6_2_5_6_mut_E102TA103GS104WS106TK107W_round_2_0010.rst7' as Amber NC Restart
	Reading '../../3qdo07_E102TA103GS104WS106TK107W/no_restraint_new_protocol/min_NoH_6_2_5_6_mut_E102TA103GS104WS106TK107W_round_2_0015.rst7' as Amber NC Restart
	Reading '../../3qdo07_E102TA103GS104WS106TK107W/no_restraint_new_protocol/min_NoH_6_2_5_6_mut_E102TA103GS104WS106TK107W_round_2_0018.rst7' as Amber NC Restart
	Reading '../../3qdo07_E102TA103GS104WS106TK107W/no_restraint_new_protocol/min_NoH_6_2_6_6_mut_E102TA103GS104WS106TK107W_round_2_0004.rst7' as Amber NC Restart
	Reading '../../3qdo07_E102TA103GS104WS106TK107W/no_restraint_new_protocol/min_NoH_6_2_6_6_mut_E102TA103GS104WS106TK107W_round_2_0005.rst7' as Amber NC Restart
	Reading '../../3qdo07_E102TA103GS104WS106TK107W/no_restraint_new_protocol/min_NoH_6_2_6_6_mut_E102TA103GS104WS106TK107W_round_2_0024.rst7' as Amber NC Restart
	Reading '../../3qdo07_E102TA103GS104WS106TK107W/no_restraint_new_protocol/min_NoH_6_2_8_6_mut_E102TA103GS104WS106TK107W_round_2_0005.rst7' as Amber NC Restart
	Reading '../../3qdo07_E102TA103GS104WS106TK107W/no_restraint_new_protocol/min_NoH_6_2_8_6_mut_E102TA103GS104WS106TK107W_round_2_0009.rst7' as Amber NC Restart
	Reading '../../3qdo07_E102TA103GS104WS106TK107W/no_restraint_new_protocol/min_NoH_8_4_1_8_mut_E102TA103GS104WS106TK107W_round_4_0002.rst7' as Amber NC Restart
	Reading '../../3qdo07_E102TA103GS104WS106TK107W/no_restraint_new_protocol/min_NoH_8_4_1_8_mut_E102TA103GS104WS106TK107W_round_4_0007.rst7' as Amber NC Restart
	Reading '../../3qdo07_E102TA103GS104WS106TK107W/no_restraint_new_protocol/min_NoH_8_4_1_8_mut_E102TA103GS104WS106TK107W_round_4_0012.rst7' as Amber NC Restart
	Reading '../../3qdo07_E102TA103GS104WS106TK107W/no_restraint_new_protocol/min_NoH_8_4_1_8_mut_E102TA103GS104WS106TK107W_round_4_0018.rst7' as Amber NC Restart
	Reading '../../3qdo07_E102TA103GS104WS106TK107W/no_restraint_new_protocol/min_NoH_8_4_1_8_mut_E102TA103GS104WS106TK107W_round_4_0019.rst7' as Amber NC Restart
	Reading '../../3qdo07_E102TA103GS104WS106TK107W/no_restraint_new_protocol/min_NoH_8_4_2_8_mut_E102TA103GS104WS106TK107W_round_4_0012.rst7' as Amber NC Restart
	Reading '../../3qdo07_E102TA103GS104WS106TK107W/no_restraint_new_protocol/min_NoH_8_4_2_8_mut_E102TA103GS104WS106TK107W_round_4_0020.rst7' as Amber NC Restart
	Reading '../../3qdo07_E102TA103GS104WS106TK107W/no_restraint_new_protocol/min_NoH_8_4_2_8_mut_E102TA103GS104WS106TK107W_round_4_0023.rst7' as Amber NC Restart
	Reading '../../3qdo07_E102TA103GS104WS106TK107W/no_restraint_new_protocol/min_NoH_8_4_3_8_mut_E102TA103GS104WS106TK107W_round_4_0025.rst7' as Amber NC Restart
	Reading '../../3qdo07_E102TA103GS104WS106TK107W/no_restraint_new_protocol/min_NoH_8_4_4_8_mut_E102TA103GS104WS106TK107W_round_4_0004.rst7' as Amber NC Restart
	Reading '../../3qdo07_E102TA103GS104WS106TK107W/no_restraint_new_protocol/min_NoH_8_4_4_8_mut_E102TA103GS104WS106TK107W_round_4_0010.rst7' as Amber NC Restart
	Reading '../../3qdo07_E102TA103GS104WS106TK107W/no_restraint_new_protocol/min_NoH_8_4_4_8_mut_E102TA103GS104WS106TK107W_round_4_0023.rst7' as Amber NC Restart
	Reading '../../3qdo07_E102TA103GS104WS106TK107W/no_restraint_new_protocol/min_NoH_8_4_5_8_mut_E102TA103GS104WS106TK107W_round_4_0025.rst7' as Amber NC Restart
	Reading '../../3qdo07_E102TA103GS104WS106TK107W/no_restraint_new_protocol/min_NoH_8_4_6_8_mut_E102TA103GS104WS106TK107W_round_4_0021.rst7' as Amber NC Restart
	Reading '../../3qdo07_E102TA103GS104WS106TK107W/no_restraint_new_protocol/min_NoH_8_4_6_8_mut_E102TA103GS104WS106TK107W_round_4_0024.rst7' as Amber NC Restart
	Reading '../../3qdo07_E102TA103GS104WS106TK107W/no_restraint_new_protocol/min_NoH_8_4_7_8_mut_E102TA103GS104WS106TK107W_round_4_0009.rst7' as Amber NC Restart
	Reading '../../3qdo07_E102TA103GS104WS106TK107W/no_restraint_new_protocol/min_NoH_8_4_7_8_mut_E102TA103GS104WS106TK107W_round_4_0013.rst7' as Amber NC Restart
	Reading '../../3qdo07_E102TA103GS104WS106TK107W/no_restraint_new_protocol/min_NoH_8_4_7_8_mut_E102TA103GS104WS106TK107W_round_4_0018.rst7' as Amber NC Restart
	Reading '../../3qdo07_E102TA103GS104WS106TK107W/no_restraint_new_protocol/min_NoH_8_4_7_8_mut_E102TA103GS104WS106TK107W_round_4_0023.rst7' as Amber NC Restart
	Reading '../../3qdo07_E102TA103GS104WS106TK107W/no_restraint_new_protocol/min_NoH_8_4_8_8_mut_E102TA103GS104WS106TK107W_round_4_0019.rst7' as Amber NC Restart
TIME: Total execution time: 0.7580 seconds.
--------------------------------------------------------------------------------
To cite CPPTRAJ use:
Daniel R. Roe and Thomas E. Cheatham, III, "PTRAJ and CPPTRAJ: Software for
  Processing and Analysis of Molecular Dynamics Trajectory Data". J. Chem.
  Theory Comput., 2013, 9 (7), pp 3084-3095.

