
CPPTRAJ: Trajectory Analysis. V16.00
    ___  ___  ___  ___
     | \/ | \/ | \/ | 
    _|_/\_|_/\_|_/\_|_

| Date/time: 06/20/16 16:26:47
| Available memory: 215.705 GB

INPUT: Reading input from 'cpptraj.in'
  [parm ../../3qdo06_E102A/prmtop]
	Reading '../../3qdo06_E102A/prmtop' as Amber Topology
  [trajin ../../3qdo06_E102A/no_restraint_new_protocol/min_NoH_*rst7"]
	Reading '../../3qdo06_E102A/no_restraint_new_protocol/min_NoH_1_2_1_1_mut_E102A_round_2_0002.rst7' as Amber NC Restart
	Reading '../../3qdo06_E102A/no_restraint_new_protocol/min_NoH_1_2_2_1_mut_E102A_round_2_0005.rst7' as Amber NC Restart
	Reading '../../3qdo06_E102A/no_restraint_new_protocol/min_NoH_1_2_2_1_mut_E102A_round_2_0012.rst7' as Amber NC Restart
	Reading '../../3qdo06_E102A/no_restraint_new_protocol/min_NoH_1_2_2_1_mut_E102A_round_2_0015.rst7' as Amber NC Restart
	Reading '../../3qdo06_E102A/no_restraint_new_protocol/min_NoH_1_2_4_1_mut_E102A_round_2_0001.rst7' as Amber NC Restart
	Reading '../../3qdo06_E102A/no_restraint_new_protocol/min_NoH_1_2_4_1_mut_E102A_round_2_0002.rst7' as Amber NC Restart
	Reading '../../3qdo06_E102A/no_restraint_new_protocol/min_NoH_1_2_4_1_mut_E102A_round_2_0003.rst7' as Amber NC Restart
	Reading '../../3qdo06_E102A/no_restraint_new_protocol/min_NoH_1_2_4_1_mut_E102A_round_2_0006.rst7' as Amber NC Restart
	Reading '../../3qdo06_E102A/no_restraint_new_protocol/min_NoH_1_2_4_1_mut_E102A_round_2_0014.rst7' as Amber NC Restart
	Reading '../../3qdo06_E102A/no_restraint_new_protocol/min_NoH_1_2_4_1_mut_E102A_round_2_0024.rst7' as Amber NC Restart
	Reading '../../3qdo06_E102A/no_restraint_new_protocol/min_NoH_1_2_5_1_mut_E102A_round_2_0007.rst7' as Amber NC Restart
	Reading '../../3qdo06_E102A/no_restraint_new_protocol/min_NoH_1_2_5_1_mut_E102A_round_2_0015.rst7' as Amber NC Restart
	Reading '../../3qdo06_E102A/no_restraint_new_protocol/min_NoH_1_2_5_1_mut_E102A_round_2_0024.rst7' as Amber NC Restart
	Reading '../../3qdo06_E102A/no_restraint_new_protocol/min_NoH_1_2_7_1_mut_E102A_round_2_0013.rst7' as Amber NC Restart
	Reading '../../3qdo06_E102A/no_restraint_new_protocol/min_NoH_3_3_1_3_mut_E102A_round_3_0008.rst7' as Amber NC Restart
	Reading '../../3qdo06_E102A/no_restraint_new_protocol/min_NoH_3_3_1_3_mut_E102A_round_3_0013.rst7' as Amber NC Restart
	Reading '../../3qdo06_E102A/no_restraint_new_protocol/min_NoH_3_3_2_3_mut_E102A_round_3_0003.rst7' as Amber NC Restart
	Reading '../../3qdo06_E102A/no_restraint_new_protocol/min_NoH_3_3_2_3_mut_E102A_round_3_0018.rst7' as Amber NC Restart
	Reading '../../3qdo06_E102A/no_restraint_new_protocol/min_NoH_3_3_3_3_mut_E102A_round_3_0002.rst7' as Amber NC Restart
	Reading '../../3qdo06_E102A/no_restraint_new_protocol/min_NoH_3_3_3_3_mut_E102A_round_3_0003.rst7' as Amber NC Restart
	Reading '../../3qdo06_E102A/no_restraint_new_protocol/min_NoH_3_3_3_3_mut_E102A_round_3_0010.rst7' as Amber NC Restart
	Reading '../../3qdo06_E102A/no_restraint_new_protocol/min_NoH_3_3_3_3_mut_E102A_round_3_0024.rst7' as Amber NC Restart
	Reading '../../3qdo06_E102A/no_restraint_new_protocol/min_NoH_3_3_4_3_mut_E102A_round_3_0016.rst7' as Amber NC Restart
	Reading '../../3qdo06_E102A/no_restraint_new_protocol/min_NoH_3_3_4_3_mut_E102A_round_3_0021.rst7' as Amber NC Restart
	Reading '../../3qdo06_E102A/no_restraint_new_protocol/min_NoH_3_3_5_3_mut_E102A_round_3_0006.rst7' as Amber NC Restart
	Reading '../../3qdo06_E102A/no_restraint_new_protocol/min_NoH_3_3_5_3_mut_E102A_round_3_0022.rst7' as Amber NC Restart
	Reading '../../3qdo06_E102A/no_restraint_new_protocol/min_NoH_3_3_7_3_mut_E102A_round_3_0012.rst7' as Amber NC Restart
	Reading '../../3qdo06_E102A/no_restraint_new_protocol/min_NoH_3_3_8_3_mut_E102A_round_3_0013.rst7' as Amber NC Restart
	Reading '../../3qdo06_E102A/no_restraint_new_protocol/min_NoH_4_2_1_4_mut_E102A_round_2_0002.rst7' as Amber NC Restart
	Reading '../../3qdo06_E102A/no_restraint_new_protocol/min_NoH_4_2_1_4_mut_E102A_round_2_0005.rst7' as Amber NC Restart
	Reading '../../3qdo06_E102A/no_restraint_new_protocol/min_NoH_4_2_1_4_mut_E102A_round_2_0006.rst7' as Amber NC Restart
	Reading '../../3qdo06_E102A/no_restraint_new_protocol/min_NoH_4_2_1_4_mut_E102A_round_2_0020.rst7' as Amber NC Restart
	Reading '../../3qdo06_E102A/no_restraint_new_protocol/min_NoH_4_2_1_4_mut_E102A_round_2_0021.rst7' as Amber NC Restart
	Reading '../../3qdo06_E102A/no_restraint_new_protocol/min_NoH_4_2_2_4_mut_E102A_round_2_0002.rst7' as Amber NC Restart
	Reading '../../3qdo06_E102A/no_restraint_new_protocol/min_NoH_4_2_2_4_mut_E102A_round_2_0005.rst7' as Amber NC Restart
	Reading '../../3qdo06_E102A/no_restraint_new_protocol/min_NoH_4_2_3_4_mut_E102A_round_2_0010.rst7' as Amber NC Restart
	Reading '../../3qdo06_E102A/no_restraint_new_protocol/min_NoH_4_2_3_4_mut_E102A_round_2_0015.rst7' as Amber NC Restart
	Reading '../../3qdo06_E102A/no_restraint_new_protocol/min_NoH_4_2_3_4_mut_E102A_round_2_0017.rst7' as Amber NC Restart
	Reading '../../3qdo06_E102A/no_restraint_new_protocol/min_NoH_4_2_3_4_mut_E102A_round_2_0022.rst7' as Amber NC Restart
	Reading '../../3qdo06_E102A/no_restraint_new_protocol/min_NoH_4_2_4_4_mut_E102A_round_2_0010.rst7' as Amber NC Restart
	Reading '../../3qdo06_E102A/no_restraint_new_protocol/min_NoH_4_2_4_4_mut_E102A_round_2_0019.rst7' as Amber NC Restart
	Reading '../../3qdo06_E102A/no_restraint_new_protocol/min_NoH_4_2_4_4_mut_E102A_round_2_0025.rst7' as Amber NC Restart
	Reading '../../3qdo06_E102A/no_restraint_new_protocol/min_NoH_4_2_5_4_mut_E102A_round_2_0005.rst7' as Amber NC Restart
	Reading '../../3qdo06_E102A/no_restraint_new_protocol/min_NoH_4_2_5_4_mut_E102A_round_2_0016.rst7' as Amber NC Restart
	Reading '../../3qdo06_E102A/no_restraint_new_protocol/min_NoH_4_2_5_4_mut_E102A_round_2_0018.rst7' as Amber NC Restart
	Reading '../../3qdo06_E102A/no_restraint_new_protocol/min_NoH_4_2_6_4_mut_E102A_round_2_0005.rst7' as Amber NC Restart
	Reading '../../3qdo06_E102A/no_restraint_new_protocol/min_NoH_4_2_6_4_mut_E102A_round_2_0025.rst7' as Amber NC Restart
	Reading '../../3qdo06_E102A/no_restraint_new_protocol/min_NoH_4_2_7_4_mut_E102A_round_2_0008.rst7' as Amber NC Restart
	Reading '../../3qdo06_E102A/no_restraint_new_protocol/min_NoH_4_2_7_4_mut_E102A_round_2_0010.rst7' as Amber NC Restart
	Reading '../../3qdo06_E102A/no_restraint_new_protocol/min_NoH_4_2_8_4_mut_E102A_round_2_0008.rst7' as Amber NC Restart
TIME: Total execution time: 0.5742 seconds.
--------------------------------------------------------------------------------
To cite CPPTRAJ use:
Daniel R. Roe and Thomas E. Cheatham, III, "PTRAJ and CPPTRAJ: Software for
  Processing and Analysis of Molecular Dynamics Trajectory Data". J. Chem.
  Theory Comput., 2013, 9 (7), pp 3084-3095.

