
CPPTRAJ: Trajectory Analysis. V16.00
    ___  ___  ___  ___
     | \/ | \/ | \/ | 
    _|_/\_|_/\_|_/\_|_

| Date/time: 06/20/16 16:27:05
| Available memory: 215.771 GB

INPUT: Reading input from 'cpptraj.in'
  [parm ../../3qdo08_wt/prmtop]
	Reading '../../3qdo08_wt/prmtop' as Amber Topology
  [trajin ../../3qdo08_wt/no_restraint_new_protocol/min_NoH_*rst7"]
	Reading '../../3qdo08_wt/no_restraint_new_protocol/min_NoH_2_4_1_2_repacked_wt_round_4_0012.rst7' as Amber NC Restart
	Reading '../../3qdo08_wt/no_restraint_new_protocol/min_NoH_2_4_1_2_repacked_wt_round_4_0021.rst7' as Amber NC Restart
	Reading '../../3qdo08_wt/no_restraint_new_protocol/min_NoH_2_4_1_2_repacked_wt_round_4_0024.rst7' as Amber NC Restart
	Reading '../../3qdo08_wt/no_restraint_new_protocol/min_NoH_2_4_2_2_repacked_wt_round_4_0006.rst7' as Amber NC Restart
	Reading '../../3qdo08_wt/no_restraint_new_protocol/min_NoH_2_4_2_2_repacked_wt_round_4_0011.rst7' as Amber NC Restart
	Reading '../../3qdo08_wt/no_restraint_new_protocol/min_NoH_2_4_2_2_repacked_wt_round_4_0015.rst7' as Amber NC Restart
	Reading '../../3qdo08_wt/no_restraint_new_protocol/min_NoH_2_4_2_2_repacked_wt_round_4_0016.rst7' as Amber NC Restart
	Reading '../../3qdo08_wt/no_restraint_new_protocol/min_NoH_2_4_2_2_repacked_wt_round_4_0019.rst7' as Amber NC Restart
	Reading '../../3qdo08_wt/no_restraint_new_protocol/min_NoH_2_4_3_2_repacked_wt_round_4_0011.rst7' as Amber NC Restart
	Reading '../../3qdo08_wt/no_restraint_new_protocol/min_NoH_2_4_3_2_repacked_wt_round_4_0022.rst7' as Amber NC Restart
	Reading '../../3qdo08_wt/no_restraint_new_protocol/min_NoH_2_4_4_2_repacked_wt_round_4_0024.rst7' as Amber NC Restart
	Reading '../../3qdo08_wt/no_restraint_new_protocol/min_NoH_2_4_5_2_repacked_wt_round_4_0005.rst7' as Amber NC Restart
	Reading '../../3qdo08_wt/no_restraint_new_protocol/min_NoH_2_4_5_2_repacked_wt_round_4_0008.rst7' as Amber NC Restart
	Reading '../../3qdo08_wt/no_restraint_new_protocol/min_NoH_2_4_5_2_repacked_wt_round_4_0017.rst7' as Amber NC Restart
	Reading '../../3qdo08_wt/no_restraint_new_protocol/min_NoH_2_4_5_2_repacked_wt_round_4_0020.rst7' as Amber NC Restart
	Reading '../../3qdo08_wt/no_restraint_new_protocol/min_NoH_2_4_5_2_repacked_wt_round_4_0025.rst7' as Amber NC Restart
	Reading '../../3qdo08_wt/no_restraint_new_protocol/min_NoH_2_4_6_2_repacked_wt_round_4_0014.rst7' as Amber NC Restart
	Reading '../../3qdo08_wt/no_restraint_new_protocol/min_NoH_2_4_7_2_repacked_wt_round_4_0011.rst7' as Amber NC Restart
	Reading '../../3qdo08_wt/no_restraint_new_protocol/min_NoH_2_4_7_2_repacked_wt_round_4_0017.rst7' as Amber NC Restart
	Reading '../../3qdo08_wt/no_restraint_new_protocol/min_NoH_2_4_8_2_repacked_wt_round_4_0005.rst7' as Amber NC Restart
	Reading '../../3qdo08_wt/no_restraint_new_protocol/min_NoH_2_4_8_2_repacked_wt_round_4_0014.rst7' as Amber NC Restart
	Reading '../../3qdo08_wt/no_restraint_new_protocol/min_NoH_2_4_8_2_repacked_wt_round_4_0016.rst7' as Amber NC Restart
	Reading '../../3qdo08_wt/no_restraint_new_protocol/min_NoH_4_2_1_4_repacked_wt_round_2_0013.rst7' as Amber NC Restart
	Reading '../../3qdo08_wt/no_restraint_new_protocol/min_NoH_4_2_1_4_repacked_wt_round_2_0019.rst7' as Amber NC Restart
	Reading '../../3qdo08_wt/no_restraint_new_protocol/min_NoH_4_2_3_4_repacked_wt_round_2_0017.rst7' as Amber NC Restart
	Reading '../../3qdo08_wt/no_restraint_new_protocol/min_NoH_4_2_3_4_repacked_wt_round_2_0018.rst7' as Amber NC Restart
	Reading '../../3qdo08_wt/no_restraint_new_protocol/min_NoH_4_2_3_4_repacked_wt_round_2_0022.rst7' as Amber NC Restart
	Reading '../../3qdo08_wt/no_restraint_new_protocol/min_NoH_4_2_4_4_repacked_wt_round_2_0004.rst7' as Amber NC Restart
	Reading '../../3qdo08_wt/no_restraint_new_protocol/min_NoH_4_2_4_4_repacked_wt_round_2_0011.rst7' as Amber NC Restart
	Reading '../../3qdo08_wt/no_restraint_new_protocol/min_NoH_4_2_5_4_repacked_wt_round_2_0006.rst7' as Amber NC Restart
	Reading '../../3qdo08_wt/no_restraint_new_protocol/min_NoH_4_2_5_4_repacked_wt_round_2_0014.rst7' as Amber NC Restart
	Reading '../../3qdo08_wt/no_restraint_new_protocol/min_NoH_4_2_5_4_repacked_wt_round_2_0017.rst7' as Amber NC Restart
	Reading '../../3qdo08_wt/no_restraint_new_protocol/min_NoH_4_2_6_4_repacked_wt_round_2_0018.rst7' as Amber NC Restart
	Reading '../../3qdo08_wt/no_restraint_new_protocol/min_NoH_4_2_7_4_repacked_wt_round_2_0005.rst7' as Amber NC Restart
	Reading '../../3qdo08_wt/no_restraint_new_protocol/min_NoH_4_2_7_4_repacked_wt_round_2_0014.rst7' as Amber NC Restart
	Reading '../../3qdo08_wt/no_restraint_new_protocol/min_NoH_4_2_7_4_repacked_wt_round_2_0018.rst7' as Amber NC Restart
	Reading '../../3qdo08_wt/no_restraint_new_protocol/min_NoH_4_2_8_4_repacked_wt_round_2_0002.rst7' as Amber NC Restart
	Reading '../../3qdo08_wt/no_restraint_new_protocol/min_NoH_4_2_8_4_repacked_wt_round_2_0013.rst7' as Amber NC Restart
	Reading '../../3qdo08_wt/no_restraint_new_protocol/min_NoH_4_2_8_4_repacked_wt_round_2_0023.rst7' as Amber NC Restart
	Reading '../../3qdo08_wt/no_restraint_new_protocol/min_NoH_6_3_1_6_repacked_wt_round_3_0001.rst7' as Amber NC Restart
	Reading '../../3qdo08_wt/no_restraint_new_protocol/min_NoH_6_3_1_6_repacked_wt_round_3_0015.rst7' as Amber NC Restart
	Reading '../../3qdo08_wt/no_restraint_new_protocol/min_NoH_6_3_2_6_repacked_wt_round_3_0012.rst7' as Amber NC Restart
	Reading '../../3qdo08_wt/no_restraint_new_protocol/min_NoH_6_3_3_6_repacked_wt_round_3_0002.rst7' as Amber NC Restart
	Reading '../../3qdo08_wt/no_restraint_new_protocol/min_NoH_6_3_6_6_repacked_wt_round_3_0012.rst7' as Amber NC Restart
	Reading '../../3qdo08_wt/no_restraint_new_protocol/min_NoH_6_3_6_6_repacked_wt_round_3_0023.rst7' as Amber NC Restart
	Reading '../../3qdo08_wt/no_restraint_new_protocol/min_NoH_6_3_7_6_repacked_wt_round_3_0002.rst7' as Amber NC Restart
	Reading '../../3qdo08_wt/no_restraint_new_protocol/min_NoH_6_3_7_6_repacked_wt_round_3_0013.rst7' as Amber NC Restart
	Reading '../../3qdo08_wt/no_restraint_new_protocol/min_NoH_6_3_7_6_repacked_wt_round_3_0015.rst7' as Amber NC Restart
	Reading '../../3qdo08_wt/no_restraint_new_protocol/min_NoH_6_3_7_6_repacked_wt_round_3_0022.rst7' as Amber NC Restart
	Reading '../../3qdo08_wt/no_restraint_new_protocol/min_NoH_6_3_8_6_repacked_wt_round_3_0001.rst7' as Amber NC Restart
TIME: Total execution time: 0.5403 seconds.
--------------------------------------------------------------------------------
To cite CPPTRAJ use:
Daniel R. Roe and Thomas E. Cheatham, III, "PTRAJ and CPPTRAJ: Software for
  Processing and Analysis of Molecular Dynamics Trajectory Data". J. Chem.
  Theory Comput., 2013, 9 (7), pp 3084-3095.

