
CPPTRAJ: Trajectory Analysis. V16.00
    ___  ___  ___  ___
     | \/ | \/ | \/ | 
    _|_/\_|_/\_|_/\_|_

| Date/time: 06/20/16 16:27:14
| Available memory: 215.787 GB

INPUT: Reading input from 'cpptraj.in'
  [parm ../../1vj606_H71FT99M/prmtop]
	Reading '../../1vj606_H71FT99M/prmtop' as Amber Topology
  [trajin ../../1vj606_H71FT99M/no_restraint_new_protocol/min_NoH_*rst7"]
	Reading '../../1vj606_H71FT99M/no_restraint_new_protocol/min_NoH_0002_2_4_3_2_mut_H71FT99M_round_4_0001.rst7' as Amber NC Restart
	Reading '../../1vj606_H71FT99M/no_restraint_new_protocol/min_NoH_0002_5_4_6_5_mut_H71FT99M_round_4_0001.rst7' as Amber NC Restart
	Reading '../../1vj606_H71FT99M/no_restraint_new_protocol/min_NoH_0002_5_4_9_5_mut_H71FT99M_round_4_0001.rst7' as Amber NC Restart
	Reading '../../1vj606_H71FT99M/no_restraint_new_protocol/min_NoH_0002_6_2_1_6_mut_H71FT99M_round_2_0001.rst7' as Amber NC Restart
	Reading '../../1vj606_H71FT99M/no_restraint_new_protocol/min_NoH_0003_10_3_8_10_mut_H71FT99M_round_3_0001.rst7' as Amber NC Restart
	Reading '../../1vj606_H71FT99M/no_restraint_new_protocol/min_NoH_0004_6_1_5_6_mut_H71FT99M_round_1_0001.rst7' as Amber NC Restart
	Reading '../../1vj606_H71FT99M/no_restraint_new_protocol/min_NoH_0018_4_3_10_4_mut_H71FT99M_round_3_0001.rst7' as Amber NC Restart
	Reading '../../1vj606_H71FT99M/no_restraint_new_protocol/min_NoH_0018_4_3_3_4_mut_H71FT99M_round_3_0001.rst7' as Amber NC Restart
	Reading '../../1vj606_H71FT99M/no_restraint_new_protocol/min_NoH_0018_4_3_4_4_mut_H71FT99M_round_3_0001.rst7' as Amber NC Restart
	Reading '../../1vj606_H71FT99M/no_restraint_new_protocol/min_NoH_0018_4_3_5_4_mut_H71FT99M_round_3_0001.rst7' as Amber NC Restart
	Reading '../../1vj606_H71FT99M/no_restraint_new_protocol/min_NoH_0018_6_1_10_6_mut_H71FT99M_round_1_0001.rst7' as Amber NC Restart
	Reading '../../1vj606_H71FT99M/no_restraint_new_protocol/min_NoH_0018_6_1_3_6_mut_H71FT99M_round_1_0001.rst7' as Amber NC Restart
	Reading '../../1vj606_H71FT99M/no_restraint_new_protocol/min_NoH_0018_6_1_8_6_mut_H71FT99M_round_1_0001.rst7' as Amber NC Restart
	Reading '../../1vj606_H71FT99M/no_restraint_new_protocol/min_NoH_0018_6_1_9_6_mut_H71FT99M_round_1_0001.rst7' as Amber NC Restart
	Reading '../../1vj606_H71FT99M/no_restraint_new_protocol/min_NoH_0018_8_4_10_8_mut_H71FT99M_round_4_0001.rst7' as Amber NC Restart
	Reading '../../1vj606_H71FT99M/no_restraint_new_protocol/min_NoH_0018_8_4_3_8_mut_H71FT99M_round_4_0001.rst7' as Amber NC Restart
	Reading '../../1vj606_H71FT99M/no_restraint_new_protocol/min_NoH_0018_8_4_4_8_mut_H71FT99M_round_4_0001.rst7' as Amber NC Restart
	Reading '../../1vj606_H71FT99M/no_restraint_new_protocol/min_NoH_0018_8_4_5_8_mut_H71FT99M_round_4_0001.rst7' as Amber NC Restart
	Reading '../../1vj606_H71FT99M/no_restraint_new_protocol/min_NoH_0018_8_4_8_8_mut_H71FT99M_round_4_0001.rst7' as Amber NC Restart
	Reading '../../1vj606_H71FT99M/no_restraint_new_protocol/min_NoH_0019_5_5_8_5_mut_H71FT99M_round_5_0001.rst7' as Amber NC Restart
	Reading '../../1vj606_H71FT99M/no_restraint_new_protocol/min_NoH_0021_3_4_9_3_mut_H71FT99M_round_4_0001.rst7' as Amber NC Restart
	Reading '../../1vj606_H71FT99M/no_restraint_new_protocol/min_NoH_0021_6_5_4_6_mut_H71FT99M_round_5_0001.rst7' as Amber NC Restart
	Reading '../../1vj606_H71FT99M/no_restraint_new_protocol/min_NoH_0024_1_3_3_1_mut_H71FT99M_round_3_0001.rst7' as Amber NC Restart
	Reading '../../1vj606_H71FT99M/no_restraint_new_protocol/min_NoH_0024_5_1_10_5_mut_H71FT99M_round_1_0001.rst7' as Amber NC Restart
	Reading '../../1vj606_H71FT99M/no_restraint_new_protocol/min_NoH_0024_5_1_1_5_mut_H71FT99M_round_1_0001.rst7' as Amber NC Restart
	Reading '../../1vj606_H71FT99M/no_restraint_new_protocol/min_NoH_0024_5_1_8_5_mut_H71FT99M_round_1_0001.rst7' as Amber NC Restart
	Reading '../../1vj606_H71FT99M/no_restraint_new_protocol/min_NoH_0024_9_5_9_9_mut_H71FT99M_round_5_0001.rst7' as Amber NC Restart
	Reading '../../1vj606_H71FT99M/no_restraint_new_protocol/min_NoH_0025_4_5_5_4_mut_H71FT99M_round_5_0001.rst7' as Amber NC Restart
	Reading '../../1vj606_H71FT99M/no_restraint_new_protocol/min_NoH_0026_10_1_10_10_mut_H71FT99M_round_1_0001.rst7' as Amber NC Restart
	Reading '../../1vj606_H71FT99M/no_restraint_new_protocol/min_NoH_0026_10_1_7_10_mut_H71FT99M_round_1_0001.rst7' as Amber NC Restart
	Reading '../../1vj606_H71FT99M/no_restraint_new_protocol/min_NoH_0026_1_5_7_1_mut_H71FT99M_round_5_0001.rst7' as Amber NC Restart
	Reading '../../1vj606_H71FT99M/no_restraint_new_protocol/min_NoH_0026_1_5_9_1_mut_H71FT99M_round_5_0001.rst7' as Amber NC Restart
	Reading '../../1vj606_H71FT99M/no_restraint_new_protocol/min_NoH_0026_4_5_4_4_mut_H71FT99M_round_5_0001.rst7' as Amber NC Restart
	Reading '../../1vj606_H71FT99M/no_restraint_new_protocol/min_NoH_0026_4_5_7_4_mut_H71FT99M_round_5_0001.rst7' as Amber NC Restart
	Reading '../../1vj606_H71FT99M/no_restraint_new_protocol/min_NoH_0030_1_3_10_1_mut_H71FT99M_round_3_0001.rst7' as Amber NC Restart
	Reading '../../1vj606_H71FT99M/no_restraint_new_protocol/min_NoH_0030_1_3_4_1_mut_H71FT99M_round_3_0001.rst7' as Amber NC Restart
	Reading '../../1vj606_H71FT99M/no_restraint_new_protocol/min_NoH_0030_1_3_6_1_mut_H71FT99M_round_3_0001.rst7' as Amber NC Restart
	Reading '../../1vj606_H71FT99M/no_restraint_new_protocol/min_NoH_0030_1_3_7_1_mut_H71FT99M_round_3_0001.rst7' as Amber NC Restart
	Reading '../../1vj606_H71FT99M/no_restraint_new_protocol/min_NoH_0030_1_3_9_1_mut_H71FT99M_round_3_0001.rst7' as Amber NC Restart
	Reading '../../1vj606_H71FT99M/no_restraint_new_protocol/min_NoH_0030_5_4_3_5_mut_H71FT99M_round_4_0001.rst7' as Amber NC Restart
	Reading '../../1vj606_H71FT99M/no_restraint_new_protocol/min_NoH_0030_5_4_4_5_mut_H71FT99M_round_4_0001.rst7' as Amber NC Restart
	Reading '../../1vj606_H71FT99M/no_restraint_new_protocol/min_NoH_0030_5_4_9_5_mut_H71FT99M_round_4_0001.rst7' as Amber NC Restart
	Reading '../../1vj606_H71FT99M/no_restraint_new_protocol/min_NoH_0032_3_2_10_3_mut_H71FT99M_round_2_0001.rst7' as Amber NC Restart
	Reading '../../1vj606_H71FT99M/no_restraint_new_protocol/min_NoH_0032_3_2_1_3_mut_H71FT99M_round_2_0001.rst7' as Amber NC Restart
	Reading '../../1vj606_H71FT99M/no_restraint_new_protocol/min_NoH_0032_4_1_4_4_mut_H71FT99M_round_1_0001.rst7' as Amber NC Restart
	Reading '../../1vj606_H71FT99M/no_restraint_new_protocol/min_NoH_0032_4_1_5_4_mut_H71FT99M_round_1_0001.rst7' as Amber NC Restart
	Reading '../../1vj606_H71FT99M/no_restraint_new_protocol/min_NoH_0033_10_2_5_10_mut_H71FT99M_round_2_0001.rst7' as Amber NC Restart
	Reading '../../1vj606_H71FT99M/no_restraint_new_protocol/min_NoH_0033_10_2_9_10_mut_H71FT99M_round_2_0001.rst7' as Amber NC Restart
	Reading '../../1vj606_H71FT99M/no_restraint_new_protocol/min_NoH_0033_10_3_4_10_mut_H71FT99M_round_3_0001.rst7' as Amber NC Restart
	Reading '../../1vj606_H71FT99M/no_restraint_new_protocol/min_NoH_0033_10_3_8_10_mut_H71FT99M_round_3_0001.rst7' as Amber NC Restart
TIME: Total execution time: 0.7595 seconds.
--------------------------------------------------------------------------------
To cite CPPTRAJ use:
Daniel R. Roe and Thomas E. Cheatham, III, "PTRAJ and CPPTRAJ: Software for
  Processing and Analysis of Molecular Dynamics Trajectory Data". J. Chem.
  Theory Comput., 2013, 9 (7), pp 3084-3095.

