
CPPTRAJ: Trajectory Analysis. V16.00
    ___  ___  ___  ___
     | \/ | \/ | \/ | 
    _|_/\_|_/\_|_/\_|_

| Date/time: 06/20/16 16:26:48
| Available memory: 215.716 GB

INPUT: Reading input from 'cpptraj.in'
  [parm ../../3qdo06_E102HS103TE104SS105TK106LV107L/prmtop]
	Reading '../../3qdo06_E102HS103TE104SS105TK106LV107L/prmtop' as Amber Topology
  [trajin ../../3qdo06_E102HS103TE104SS105TK106LV107L/no_restraint_new_protocol/min_NoH_*rst7"]
	Reading '../../3qdo06_E102HS103TE104SS105TK106LV107L/no_restraint_new_protocol/min_NoH_2_2_1_2_mut_E102HS103TE104SS105TK106LV107L_round_2_0017.rst7' as Amber NC Restart
	Reading '../../3qdo06_E102HS103TE104SS105TK106LV107L/no_restraint_new_protocol/min_NoH_2_2_1_2_mut_E102HS103TE104SS105TK106LV107L_round_2_0018.rst7' as Amber NC Restart
	Reading '../../3qdo06_E102HS103TE104SS105TK106LV107L/no_restraint_new_protocol/min_NoH_2_2_1_2_mut_E102HS103TE104SS105TK106LV107L_round_2_0020.rst7' as Amber NC Restart
	Reading '../../3qdo06_E102HS103TE104SS105TK106LV107L/no_restraint_new_protocol/min_NoH_2_2_1_2_mut_E102HS103TE104SS105TK106LV107L_round_2_0024.rst7' as Amber NC Restart
	Reading '../../3qdo06_E102HS103TE104SS105TK106LV107L/no_restraint_new_protocol/min_NoH_2_2_3_2_mut_E102HS103TE104SS105TK106LV107L_round_2_0004.rst7' as Amber NC Restart
	Reading '../../3qdo06_E102HS103TE104SS105TK106LV107L/no_restraint_new_protocol/min_NoH_2_2_3_2_mut_E102HS103TE104SS105TK106LV107L_round_2_0006.rst7' as Amber NC Restart
	Reading '../../3qdo06_E102HS103TE104SS105TK106LV107L/no_restraint_new_protocol/min_NoH_2_2_3_2_mut_E102HS103TE104SS105TK106LV107L_round_2_0007.rst7' as Amber NC Restart
	Reading '../../3qdo06_E102HS103TE104SS105TK106LV107L/no_restraint_new_protocol/min_NoH_2_2_3_2_mut_E102HS103TE104SS105TK106LV107L_round_2_0025.rst7' as Amber NC Restart
	Reading '../../3qdo06_E102HS103TE104SS105TK106LV107L/no_restraint_new_protocol/min_NoH_2_2_4_2_mut_E102HS103TE104SS105TK106LV107L_round_2_0015.rst7' as Amber NC Restart
	Reading '../../3qdo06_E102HS103TE104SS105TK106LV107L/no_restraint_new_protocol/min_NoH_2_2_4_2_mut_E102HS103TE104SS105TK106LV107L_round_2_0023.rst7' as Amber NC Restart
	Reading '../../3qdo06_E102HS103TE104SS105TK106LV107L/no_restraint_new_protocol/min_NoH_2_2_5_2_mut_E102HS103TE104SS105TK106LV107L_round_2_0003.rst7' as Amber NC Restart
	Reading '../../3qdo06_E102HS103TE104SS105TK106LV107L/no_restraint_new_protocol/min_NoH_2_2_6_2_mut_E102HS103TE104SS105TK106LV107L_round_2_0003.rst7' as Amber NC Restart
	Reading '../../3qdo06_E102HS103TE104SS105TK106LV107L/no_restraint_new_protocol/min_NoH_2_2_6_2_mut_E102HS103TE104SS105TK106LV107L_round_2_0019.rst7' as Amber NC Restart
	Reading '../../3qdo06_E102HS103TE104SS105TK106LV107L/no_restraint_new_protocol/min_NoH_2_2_6_2_mut_E102HS103TE104SS105TK106LV107L_round_2_0020.rst7' as Amber NC Restart
	Reading '../../3qdo06_E102HS103TE104SS105TK106LV107L/no_restraint_new_protocol/min_NoH_2_2_7_2_mut_E102HS103TE104SS105TK106LV107L_round_2_0018.rst7' as Amber NC Restart
	Reading '../../3qdo06_E102HS103TE104SS105TK106LV107L/no_restraint_new_protocol/min_NoH_2_2_8_2_mut_E102HS103TE104SS105TK106LV107L_round_2_0001.rst7' as Amber NC Restart
	Reading '../../3qdo06_E102HS103TE104SS105TK106LV107L/no_restraint_new_protocol/min_NoH_2_2_8_2_mut_E102HS103TE104SS105TK106LV107L_round_2_0019.rst7' as Amber NC Restart
	Reading '../../3qdo06_E102HS103TE104SS105TK106LV107L/no_restraint_new_protocol/min_NoH_5_1_1_5_mut_E102HS103TE104SS105TK106LV107L_round_1_0002.rst7' as Amber NC Restart
	Reading '../../3qdo06_E102HS103TE104SS105TK106LV107L/no_restraint_new_protocol/min_NoH_5_1_1_5_mut_E102HS103TE104SS105TK106LV107L_round_1_0014.rst7' as Amber NC Restart
	Reading '../../3qdo06_E102HS103TE104SS105TK106LV107L/no_restraint_new_protocol/min_NoH_5_1_2_5_mut_E102HS103TE104SS105TK106LV107L_round_1_0023.rst7' as Amber NC Restart
	Reading '../../3qdo06_E102HS103TE104SS105TK106LV107L/no_restraint_new_protocol/min_NoH_5_1_3_5_mut_E102HS103TE104SS105TK106LV107L_round_1_0011.rst7' as Amber NC Restart
	Reading '../../3qdo06_E102HS103TE104SS105TK106LV107L/no_restraint_new_protocol/min_NoH_5_1_3_5_mut_E102HS103TE104SS105TK106LV107L_round_1_0015.rst7' as Amber NC Restart
	Reading '../../3qdo06_E102HS103TE104SS105TK106LV107L/no_restraint_new_protocol/min_NoH_5_1_4_5_mut_E102HS103TE104SS105TK106LV107L_round_1_0016.rst7' as Amber NC Restart
	Reading '../../3qdo06_E102HS103TE104SS105TK106LV107L/no_restraint_new_protocol/min_NoH_5_1_4_5_mut_E102HS103TE104SS105TK106LV107L_round_1_0018.rst7' as Amber NC Restart
	Reading '../../3qdo06_E102HS103TE104SS105TK106LV107L/no_restraint_new_protocol/min_NoH_5_1_4_5_mut_E102HS103TE104SS105TK106LV107L_round_1_0020.rst7' as Amber NC Restart
	Reading '../../3qdo06_E102HS103TE104SS105TK106LV107L/no_restraint_new_protocol/min_NoH_5_1_5_5_mut_E102HS103TE104SS105TK106LV107L_round_1_0005.rst7' as Amber NC Restart
	Reading '../../3qdo06_E102HS103TE104SS105TK106LV107L/no_restraint_new_protocol/min_NoH_5_1_5_5_mut_E102HS103TE104SS105TK106LV107L_round_1_0009.rst7' as Amber NC Restart
	Reading '../../3qdo06_E102HS103TE104SS105TK106LV107L/no_restraint_new_protocol/min_NoH_5_1_5_5_mut_E102HS103TE104SS105TK106LV107L_round_1_0010.rst7' as Amber NC Restart
	Reading '../../3qdo06_E102HS103TE104SS105TK106LV107L/no_restraint_new_protocol/min_NoH_5_1_6_5_mut_E102HS103TE104SS105TK106LV107L_round_1_0012.rst7' as Amber NC Restart
	Reading '../../3qdo06_E102HS103TE104SS105TK106LV107L/no_restraint_new_protocol/min_NoH_5_1_6_5_mut_E102HS103TE104SS105TK106LV107L_round_1_0019.rst7' as Amber NC Restart
	Reading '../../3qdo06_E102HS103TE104SS105TK106LV107L/no_restraint_new_protocol/min_NoH_5_1_6_5_mut_E102HS103TE104SS105TK106LV107L_round_1_0022.rst7' as Amber NC Restart
	Reading '../../3qdo06_E102HS103TE104SS105TK106LV107L/no_restraint_new_protocol/min_NoH_5_1_7_5_mut_E102HS103TE104SS105TK106LV107L_round_1_0010.rst7' as Amber NC Restart
	Reading '../../3qdo06_E102HS103TE104SS105TK106LV107L/no_restraint_new_protocol/min_NoH_5_1_8_5_mut_E102HS103TE104SS105TK106LV107L_round_1_0008.rst7' as Amber NC Restart
	Reading '../../3qdo06_E102HS103TE104SS105TK106LV107L/no_restraint_new_protocol/min_NoH_5_1_8_5_mut_E102HS103TE104SS105TK106LV107L_round_1_0012.rst7' as Amber NC Restart
	Reading '../../3qdo06_E102HS103TE104SS105TK106LV107L/no_restraint_new_protocol/min_NoH_5_1_8_5_mut_E102HS103TE104SS105TK106LV107L_round_1_0017.rst7' as Amber NC Restart
	Reading '../../3qdo06_E102HS103TE104SS105TK106LV107L/no_restraint_new_protocol/min_NoH_5_1_8_5_mut_E102HS103TE104SS105TK106LV107L_round_1_0019.rst7' as Amber NC Restart
	Reading '../../3qdo06_E102HS103TE104SS105TK106LV107L/no_restraint_new_protocol/min_NoH_5_1_8_5_mut_E102HS103TE104SS105TK106LV107L_round_1_0023.rst7' as Amber NC Restart
	Reading '../../3qdo06_E102HS103TE104SS105TK106LV107L/no_restraint_new_protocol/min_NoH_6_5_1_6_mut_E102HS103TE104SS105TK106LV107L_round_5_0001.rst7' as Amber NC Restart
	Reading '../../3qdo06_E102HS103TE104SS105TK106LV107L/no_restraint_new_protocol/min_NoH_6_5_1_6_mut_E102HS103TE104SS105TK106LV107L_round_5_0013.rst7' as Amber NC Restart
	Reading '../../3qdo06_E102HS103TE104SS105TK106LV107L/no_restraint_new_protocol/min_NoH_6_5_2_6_mut_E102HS103TE104SS105TK106LV107L_round_5_0010.rst7' as Amber NC Restart
	Reading '../../3qdo06_E102HS103TE104SS105TK106LV107L/no_restraint_new_protocol/min_NoH_6_5_3_6_mut_E102HS103TE104SS105TK106LV107L_round_5_0022.rst7' as Amber NC Restart
	Reading '../../3qdo06_E102HS103TE104SS105TK106LV107L/no_restraint_new_protocol/min_NoH_6_5_4_6_mut_E102HS103TE104SS105TK106LV107L_round_5_0004.rst7' as Amber NC Restart
	Reading '../../3qdo06_E102HS103TE104SS105TK106LV107L/no_restraint_new_protocol/min_NoH_6_5_4_6_mut_E102HS103TE104SS105TK106LV107L_round_5_0012.rst7' as Amber NC Restart
	Reading '../../3qdo06_E102HS103TE104SS105TK106LV107L/no_restraint_new_protocol/min_NoH_6_5_4_6_mut_E102HS103TE104SS105TK106LV107L_round_5_0020.rst7' as Amber NC Restart
	Reading '../../3qdo06_E102HS103TE104SS105TK106LV107L/no_restraint_new_protocol/min_NoH_6_5_5_6_mut_E102HS103TE104SS105TK106LV107L_round_5_0001.rst7' as Amber NC Restart
	Reading '../../3qdo06_E102HS103TE104SS105TK106LV107L/no_restraint_new_protocol/min_NoH_6_5_5_6_mut_E102HS103TE104SS105TK106LV107L_round_5_0021.rst7' as Amber NC Restart
	Reading '../../3qdo06_E102HS103TE104SS105TK106LV107L/no_restraint_new_protocol/min_NoH_6_5_6_6_mut_E102HS103TE104SS105TK106LV107L_round_5_0022.rst7' as Amber NC Restart
	Reading '../../3qdo06_E102HS103TE104SS105TK106LV107L/no_restraint_new_protocol/min_NoH_6_5_7_6_mut_E102HS103TE104SS105TK106LV107L_round_5_0001.rst7' as Amber NC Restart
	Reading '../../3qdo06_E102HS103TE104SS105TK106LV107L/no_restraint_new_protocol/min_NoH_6_5_7_6_mut_E102HS103TE104SS105TK106LV107L_round_5_0008.rst7' as Amber NC Restart
	Reading '../../3qdo06_E102HS103TE104SS105TK106LV107L/no_restraint_new_protocol/min_NoH_6_5_8_6_mut_E102HS103TE104SS105TK106LV107L_round_5_0013.rst7' as Amber NC Restart
TIME: Total execution time: 0.7392 seconds.
--------------------------------------------------------------------------------
To cite CPPTRAJ use:
Daniel R. Roe and Thomas E. Cheatham, III, "PTRAJ and CPPTRAJ: Software for
  Processing and Analysis of Molecular Dynamics Trajectory Data". J. Chem.
  Theory Comput., 2013, 9 (7), pp 3084-3095.

