
CPPTRAJ: Trajectory Analysis. V16.00
    ___  ___  ___  ___
     | \/ | \/ | \/ | 
    _|_/\_|_/\_|_/\_|_

| Date/time: 06/20/16 16:26:36
| Available memory: 215.655 GB

INPUT: Reading input from 'cpptraj.in'
  [parm ../../1g9o07_E92TA93GS94WS96TK97W/prmtop]
	Reading '../../1g9o07_E92TA93GS94WS96TK97W/prmtop' as Amber Topology
  [trajin ../../1g9o07_E92TA93GS94WS96TK97W/no_restraint_new_protocol/min_NoH_*rst7"]
	Reading '../../1g9o07_E92TA93GS94WS96TK97W/no_restraint_new_protocol/min_NoH_2_3_1_2_mut_E92TA93GS94WS96TK97W_round_3_0004.rst7' as Amber NC Restart
	Reading '../../1g9o07_E92TA93GS94WS96TK97W/no_restraint_new_protocol/min_NoH_2_3_1_2_mut_E92TA93GS94WS96TK97W_round_3_0024.rst7' as Amber NC Restart
	Reading '../../1g9o07_E92TA93GS94WS96TK97W/no_restraint_new_protocol/min_NoH_2_3_2_2_mut_E92TA93GS94WS96TK97W_round_3_0002.rst7' as Amber NC Restart
	Reading '../../1g9o07_E92TA93GS94WS96TK97W/no_restraint_new_protocol/min_NoH_2_3_2_2_mut_E92TA93GS94WS96TK97W_round_3_0005.rst7' as Amber NC Restart
	Reading '../../1g9o07_E92TA93GS94WS96TK97W/no_restraint_new_protocol/min_NoH_2_3_2_2_mut_E92TA93GS94WS96TK97W_round_3_0008.rst7' as Amber NC Restart
	Reading '../../1g9o07_E92TA93GS94WS96TK97W/no_restraint_new_protocol/min_NoH_2_3_3_2_mut_E92TA93GS94WS96TK97W_round_3_0015.rst7' as Amber NC Restart
	Reading '../../1g9o07_E92TA93GS94WS96TK97W/no_restraint_new_protocol/min_NoH_2_3_3_2_mut_E92TA93GS94WS96TK97W_round_3_0021.rst7' as Amber NC Restart
	Reading '../../1g9o07_E92TA93GS94WS96TK97W/no_restraint_new_protocol/min_NoH_2_3_3_2_mut_E92TA93GS94WS96TK97W_round_3_0024.rst7' as Amber NC Restart
	Reading '../../1g9o07_E92TA93GS94WS96TK97W/no_restraint_new_protocol/min_NoH_2_3_4_2_mut_E92TA93GS94WS96TK97W_round_3_0003.rst7' as Amber NC Restart
	Reading '../../1g9o07_E92TA93GS94WS96TK97W/no_restraint_new_protocol/min_NoH_2_3_4_2_mut_E92TA93GS94WS96TK97W_round_3_0005.rst7' as Amber NC Restart
	Reading '../../1g9o07_E92TA93GS94WS96TK97W/no_restraint_new_protocol/min_NoH_2_3_4_2_mut_E92TA93GS94WS96TK97W_round_3_0006.rst7' as Amber NC Restart
	Reading '../../1g9o07_E92TA93GS94WS96TK97W/no_restraint_new_protocol/min_NoH_2_3_4_2_mut_E92TA93GS94WS96TK97W_round_3_0012.rst7' as Amber NC Restart
	Reading '../../1g9o07_E92TA93GS94WS96TK97W/no_restraint_new_protocol/min_NoH_2_3_4_2_mut_E92TA93GS94WS96TK97W_round_3_0019.rst7' as Amber NC Restart
	Reading '../../1g9o07_E92TA93GS94WS96TK97W/no_restraint_new_protocol/min_NoH_2_3_4_2_mut_E92TA93GS94WS96TK97W_round_3_0021.rst7' as Amber NC Restart
	Reading '../../1g9o07_E92TA93GS94WS96TK97W/no_restraint_new_protocol/min_NoH_2_3_4_2_mut_E92TA93GS94WS96TK97W_round_3_0023.rst7' as Amber NC Restart
	Reading '../../1g9o07_E92TA93GS94WS96TK97W/no_restraint_new_protocol/min_NoH_2_3_5_2_mut_E92TA93GS94WS96TK97W_round_3_0016.rst7' as Amber NC Restart
	Reading '../../1g9o07_E92TA93GS94WS96TK97W/no_restraint_new_protocol/min_NoH_2_3_7_2_mut_E92TA93GS94WS96TK97W_round_3_0012.rst7' as Amber NC Restart
	Reading '../../1g9o07_E92TA93GS94WS96TK97W/no_restraint_new_protocol/min_NoH_2_3_7_2_mut_E92TA93GS94WS96TK97W_round_3_0014.rst7' as Amber NC Restart
	Reading '../../1g9o07_E92TA93GS94WS96TK97W/no_restraint_new_protocol/min_NoH_2_3_7_2_mut_E92TA93GS94WS96TK97W_round_3_0021.rst7' as Amber NC Restart
	Reading '../../1g9o07_E92TA93GS94WS96TK97W/no_restraint_new_protocol/min_NoH_2_3_7_2_mut_E92TA93GS94WS96TK97W_round_3_0024.rst7' as Amber NC Restart
	Reading '../../1g9o07_E92TA93GS94WS96TK97W/no_restraint_new_protocol/min_NoH_2_3_8_2_mut_E92TA93GS94WS96TK97W_round_3_0013.rst7' as Amber NC Restart
	Reading '../../1g9o07_E92TA93GS94WS96TK97W/no_restraint_new_protocol/min_NoH_2_3_8_2_mut_E92TA93GS94WS96TK97W_round_3_0018.rst7' as Amber NC Restart
	Reading '../../1g9o07_E92TA93GS94WS96TK97W/no_restraint_new_protocol/min_NoH_4_3_1_4_mut_E92TA93GS94WS96TK97W_round_3_0009.rst7' as Amber NC Restart
	Reading '../../1g9o07_E92TA93GS94WS96TK97W/no_restraint_new_protocol/min_NoH_4_3_1_4_mut_E92TA93GS94WS96TK97W_round_3_0021.rst7' as Amber NC Restart
	Reading '../../1g9o07_E92TA93GS94WS96TK97W/no_restraint_new_protocol/min_NoH_4_3_2_4_mut_E92TA93GS94WS96TK97W_round_3_0007.rst7' as Amber NC Restart
	Reading '../../1g9o07_E92TA93GS94WS96TK97W/no_restraint_new_protocol/min_NoH_4_3_2_4_mut_E92TA93GS94WS96TK97W_round_3_0021.rst7' as Amber NC Restart
	Reading '../../1g9o07_E92TA93GS94WS96TK97W/no_restraint_new_protocol/min_NoH_4_3_2_4_mut_E92TA93GS94WS96TK97W_round_3_0023.rst7' as Amber NC Restart
	Reading '../../1g9o07_E92TA93GS94WS96TK97W/no_restraint_new_protocol/min_NoH_4_3_3_4_mut_E92TA93GS94WS96TK97W_round_3_0016.rst7' as Amber NC Restart
	Reading '../../1g9o07_E92TA93GS94WS96TK97W/no_restraint_new_protocol/min_NoH_4_3_3_4_mut_E92TA93GS94WS96TK97W_round_3_0018.rst7' as Amber NC Restart
	Reading '../../1g9o07_E92TA93GS94WS96TK97W/no_restraint_new_protocol/min_NoH_4_3_3_4_mut_E92TA93GS94WS96TK97W_round_3_0023.rst7' as Amber NC Restart
	Reading '../../1g9o07_E92TA93GS94WS96TK97W/no_restraint_new_protocol/min_NoH_4_3_4_4_mut_E92TA93GS94WS96TK97W_round_3_0013.rst7' as Amber NC Restart
	Reading '../../1g9o07_E92TA93GS94WS96TK97W/no_restraint_new_protocol/min_NoH_4_3_4_4_mut_E92TA93GS94WS96TK97W_round_3_0017.rst7' as Amber NC Restart
	Reading '../../1g9o07_E92TA93GS94WS96TK97W/no_restraint_new_protocol/min_NoH_4_3_5_4_mut_E92TA93GS94WS96TK97W_round_3_0009.rst7' as Amber NC Restart
	Reading '../../1g9o07_E92TA93GS94WS96TK97W/no_restraint_new_protocol/min_NoH_4_3_5_4_mut_E92TA93GS94WS96TK97W_round_3_0018.rst7' as Amber NC Restart
	Reading '../../1g9o07_E92TA93GS94WS96TK97W/no_restraint_new_protocol/min_NoH_4_3_6_4_mut_E92TA93GS94WS96TK97W_round_3_0014.rst7' as Amber NC Restart
	Reading '../../1g9o07_E92TA93GS94WS96TK97W/no_restraint_new_protocol/min_NoH_4_3_7_4_mut_E92TA93GS94WS96TK97W_round_3_0023.rst7' as Amber NC Restart
	Reading '../../1g9o07_E92TA93GS94WS96TK97W/no_restraint_new_protocol/min_NoH_4_3_8_4_mut_E92TA93GS94WS96TK97W_round_3_0009.rst7' as Amber NC Restart
	Reading '../../1g9o07_E92TA93GS94WS96TK97W/no_restraint_new_protocol/min_NoH_4_3_8_4_mut_E92TA93GS94WS96TK97W_round_3_0011.rst7' as Amber NC Restart
	Reading '../../1g9o07_E92TA93GS94WS96TK97W/no_restraint_new_protocol/min_NoH_6_3_2_6_mut_E92TA93GS94WS96TK97W_round_3_0004.rst7' as Amber NC Restart
	Reading '../../1g9o07_E92TA93GS94WS96TK97W/no_restraint_new_protocol/min_NoH_6_3_4_6_mut_E92TA93GS94WS96TK97W_round_3_0003.rst7' as Amber NC Restart
	Reading '../../1g9o07_E92TA93GS94WS96TK97W/no_restraint_new_protocol/min_NoH_6_3_4_6_mut_E92TA93GS94WS96TK97W_round_3_0021.rst7' as Amber NC Restart
	Reading '../../1g9o07_E92TA93GS94WS96TK97W/no_restraint_new_protocol/min_NoH_6_3_4_6_mut_E92TA93GS94WS96TK97W_round_3_0023.rst7' as Amber NC Restart
	Reading '../../1g9o07_E92TA93GS94WS96TK97W/no_restraint_new_protocol/min_NoH_6_3_5_6_mut_E92TA93GS94WS96TK97W_round_3_0019.rst7' as Amber NC Restart
	Reading '../../1g9o07_E92TA93GS94WS96TK97W/no_restraint_new_protocol/min_NoH_6_3_6_6_mut_E92TA93GS94WS96TK97W_round_3_0007.rst7' as Amber NC Restart
	Reading '../../1g9o07_E92TA93GS94WS96TK97W/no_restraint_new_protocol/min_NoH_6_3_6_6_mut_E92TA93GS94WS96TK97W_round_3_0015.rst7' as Amber NC Restart
	Reading '../../1g9o07_E92TA93GS94WS96TK97W/no_restraint_new_protocol/min_NoH_6_3_7_6_mut_E92TA93GS94WS96TK97W_round_3_0003.rst7' as Amber NC Restart
	Reading '../../1g9o07_E92TA93GS94WS96TK97W/no_restraint_new_protocol/min_NoH_6_3_7_6_mut_E92TA93GS94WS96TK97W_round_3_0010.rst7' as Amber NC Restart
	Reading '../../1g9o07_E92TA93GS94WS96TK97W/no_restraint_new_protocol/min_NoH_6_3_7_6_mut_E92TA93GS94WS96TK97W_round_3_0012.rst7' as Amber NC Restart
	Reading '../../1g9o07_E92TA93GS94WS96TK97W/no_restraint_new_protocol/min_NoH_6_3_7_6_mut_E92TA93GS94WS96TK97W_round_3_0017.rst7' as Amber NC Restart
	Reading '../../1g9o07_E92TA93GS94WS96TK97W/no_restraint_new_protocol/min_NoH_6_3_8_6_mut_E92TA93GS94WS96TK97W_round_3_0019.rst7' as Amber NC Restart
TIME: Total execution time: 0.9579 seconds.
--------------------------------------------------------------------------------
To cite CPPTRAJ use:
Daniel R. Roe and Thomas E. Cheatham, III, "PTRAJ and CPPTRAJ: Software for
  Processing and Analysis of Molecular Dynamics Trajectory Data". J. Chem.
  Theory Comput., 2013, 9 (7), pp 3084-3095.

