
CPPTRAJ: Trajectory Analysis. V16.00
    ___  ___  ___  ___
     | \/ | \/ | \/ | 
    _|_/\_|_/\_|_/\_|_

| Date/time: 06/20/16 16:26:54
| Available memory: 215.734 GB

INPUT: Reading input from 'cpptraj.in'
  [parm ../../3qdo06_E102TS103NE104DK106PV107L/prmtop]
	Reading '../../3qdo06_E102TS103NE104DK106PV107L/prmtop' as Amber Topology
  [trajin ../../3qdo06_E102TS103NE104DK106PV107L/no_restraint_new_protocol/min_NoH_*rst7"]
	Reading '../../3qdo06_E102TS103NE104DK106PV107L/no_restraint_new_protocol/min_NoH_5_2_1_5_mut_E102TS103NE104DK106PV107L_round_2_0007.rst7' as Amber NC Restart
	Reading '../../3qdo06_E102TS103NE104DK106PV107L/no_restraint_new_protocol/min_NoH_5_2_2_5_mut_E102TS103NE104DK106PV107L_round_2_0007.rst7' as Amber NC Restart
	Reading '../../3qdo06_E102TS103NE104DK106PV107L/no_restraint_new_protocol/min_NoH_5_2_3_5_mut_E102TS103NE104DK106PV107L_round_2_0005.rst7' as Amber NC Restart
	Reading '../../3qdo06_E102TS103NE104DK106PV107L/no_restraint_new_protocol/min_NoH_5_2_3_5_mut_E102TS103NE104DK106PV107L_round_2_0023.rst7' as Amber NC Restart
	Reading '../../3qdo06_E102TS103NE104DK106PV107L/no_restraint_new_protocol/min_NoH_5_2_4_5_mut_E102TS103NE104DK106PV107L_round_2_0001.rst7' as Amber NC Restart
	Reading '../../3qdo06_E102TS103NE104DK106PV107L/no_restraint_new_protocol/min_NoH_5_2_5_5_mut_E102TS103NE104DK106PV107L_round_2_0014.rst7' as Amber NC Restart
	Reading '../../3qdo06_E102TS103NE104DK106PV107L/no_restraint_new_protocol/min_NoH_5_2_6_5_mut_E102TS103NE104DK106PV107L_round_2_0023.rst7' as Amber NC Restart
	Reading '../../3qdo06_E102TS103NE104DK106PV107L/no_restraint_new_protocol/min_NoH_5_2_6_5_mut_E102TS103NE104DK106PV107L_round_2_0025.rst7' as Amber NC Restart
	Reading '../../3qdo06_E102TS103NE104DK106PV107L/no_restraint_new_protocol/min_NoH_5_2_7_5_mut_E102TS103NE104DK106PV107L_round_2_0008.rst7' as Amber NC Restart
	Reading '../../3qdo06_E102TS103NE104DK106PV107L/no_restraint_new_protocol/min_NoH_5_2_7_5_mut_E102TS103NE104DK106PV107L_round_2_0010.rst7' as Amber NC Restart
	Reading '../../3qdo06_E102TS103NE104DK106PV107L/no_restraint_new_protocol/min_NoH_5_2_7_5_mut_E102TS103NE104DK106PV107L_round_2_0019.rst7' as Amber NC Restart
	Reading '../../3qdo06_E102TS103NE104DK106PV107L/no_restraint_new_protocol/min_NoH_5_2_7_5_mut_E102TS103NE104DK106PV107L_round_2_0021.rst7' as Amber NC Restart
	Reading '../../3qdo06_E102TS103NE104DK106PV107L/no_restraint_new_protocol/min_NoH_5_2_8_5_mut_E102TS103NE104DK106PV107L_round_2_0010.rst7' as Amber NC Restart
	Reading '../../3qdo06_E102TS103NE104DK106PV107L/no_restraint_new_protocol/min_NoH_5_2_8_5_mut_E102TS103NE104DK106PV107L_round_2_0015.rst7' as Amber NC Restart
	Reading '../../3qdo06_E102TS103NE104DK106PV107L/no_restraint_new_protocol/min_NoH_5_2_8_5_mut_E102TS103NE104DK106PV107L_round_2_0017.rst7' as Amber NC Restart
	Reading '../../3qdo06_E102TS103NE104DK106PV107L/no_restraint_new_protocol/min_NoH_5_2_8_5_mut_E102TS103NE104DK106PV107L_round_2_0024.rst7' as Amber NC Restart
	Reading '../../3qdo06_E102TS103NE104DK106PV107L/no_restraint_new_protocol/min_NoH_6_2_1_6_mut_E102TS103NE104DK106PV107L_round_2_0010.rst7' as Amber NC Restart
	Reading '../../3qdo06_E102TS103NE104DK106PV107L/no_restraint_new_protocol/min_NoH_6_2_2_6_mut_E102TS103NE104DK106PV107L_round_2_0005.rst7' as Amber NC Restart
	Reading '../../3qdo06_E102TS103NE104DK106PV107L/no_restraint_new_protocol/min_NoH_6_2_2_6_mut_E102TS103NE104DK106PV107L_round_2_0013.rst7' as Amber NC Restart
	Reading '../../3qdo06_E102TS103NE104DK106PV107L/no_restraint_new_protocol/min_NoH_6_2_2_6_mut_E102TS103NE104DK106PV107L_round_2_0014.rst7' as Amber NC Restart
	Reading '../../3qdo06_E102TS103NE104DK106PV107L/no_restraint_new_protocol/min_NoH_6_2_2_6_mut_E102TS103NE104DK106PV107L_round_2_0017.rst7' as Amber NC Restart
	Reading '../../3qdo06_E102TS103NE104DK106PV107L/no_restraint_new_protocol/min_NoH_6_2_3_6_mut_E102TS103NE104DK106PV107L_round_2_0002.rst7' as Amber NC Restart
	Reading '../../3qdo06_E102TS103NE104DK106PV107L/no_restraint_new_protocol/min_NoH_6_2_3_6_mut_E102TS103NE104DK106PV107L_round_2_0020.rst7' as Amber NC Restart
	Reading '../../3qdo06_E102TS103NE104DK106PV107L/no_restraint_new_protocol/min_NoH_6_2_4_6_mut_E102TS103NE104DK106PV107L_round_2_0008.rst7' as Amber NC Restart
	Reading '../../3qdo06_E102TS103NE104DK106PV107L/no_restraint_new_protocol/min_NoH_6_2_4_6_mut_E102TS103NE104DK106PV107L_round_2_0015.rst7' as Amber NC Restart
	Reading '../../3qdo06_E102TS103NE104DK106PV107L/no_restraint_new_protocol/min_NoH_6_2_5_6_mut_E102TS103NE104DK106PV107L_round_2_0001.rst7' as Amber NC Restart
	Reading '../../3qdo06_E102TS103NE104DK106PV107L/no_restraint_new_protocol/min_NoH_6_2_5_6_mut_E102TS103NE104DK106PV107L_round_2_0007.rst7' as Amber NC Restart
	Reading '../../3qdo06_E102TS103NE104DK106PV107L/no_restraint_new_protocol/min_NoH_6_2_5_6_mut_E102TS103NE104DK106PV107L_round_2_0008.rst7' as Amber NC Restart
	Reading '../../3qdo06_E102TS103NE104DK106PV107L/no_restraint_new_protocol/min_NoH_6_2_5_6_mut_E102TS103NE104DK106PV107L_round_2_0015.rst7' as Amber NC Restart
	Reading '../../3qdo06_E102TS103NE104DK106PV107L/no_restraint_new_protocol/min_NoH_6_2_5_6_mut_E102TS103NE104DK106PV107L_round_2_0023.rst7' as Amber NC Restart
	Reading '../../3qdo06_E102TS103NE104DK106PV107L/no_restraint_new_protocol/min_NoH_6_2_6_6_mut_E102TS103NE104DK106PV107L_round_2_0023.rst7' as Amber NC Restart
	Reading '../../3qdo06_E102TS103NE104DK106PV107L/no_restraint_new_protocol/min_NoH_6_2_7_6_mut_E102TS103NE104DK106PV107L_round_2_0005.rst7' as Amber NC Restart
	Reading '../../3qdo06_E102TS103NE104DK106PV107L/no_restraint_new_protocol/min_NoH_6_2_7_6_mut_E102TS103NE104DK106PV107L_round_2_0007.rst7' as Amber NC Restart
	Reading '../../3qdo06_E102TS103NE104DK106PV107L/no_restraint_new_protocol/min_NoH_6_2_7_6_mut_E102TS103NE104DK106PV107L_round_2_0018.rst7' as Amber NC Restart
	Reading '../../3qdo06_E102TS103NE104DK106PV107L/no_restraint_new_protocol/min_NoH_6_2_8_6_mut_E102TS103NE104DK106PV107L_round_2_0015.rst7' as Amber NC Restart
	Reading '../../3qdo06_E102TS103NE104DK106PV107L/no_restraint_new_protocol/min_NoH_6_2_8_6_mut_E102TS103NE104DK106PV107L_round_2_0023.rst7' as Amber NC Restart
	Reading '../../3qdo06_E102TS103NE104DK106PV107L/no_restraint_new_protocol/min_NoH_6_2_8_6_mut_E102TS103NE104DK106PV107L_round_2_0024.rst7' as Amber NC Restart
	Reading '../../3qdo06_E102TS103NE104DK106PV107L/no_restraint_new_protocol/min_NoH_6_2_8_6_mut_E102TS103NE104DK106PV107L_round_2_0025.rst7' as Amber NC Restart
	Reading '../../3qdo06_E102TS103NE104DK106PV107L/no_restraint_new_protocol/min_NoH_7_4_1_7_mut_E102TS103NE104DK106PV107L_round_4_0021.rst7' as Amber NC Restart
	Reading '../../3qdo06_E102TS103NE104DK106PV107L/no_restraint_new_protocol/min_NoH_7_4_2_7_mut_E102TS103NE104DK106PV107L_round_4_0011.rst7' as Amber NC Restart
	Reading '../../3qdo06_E102TS103NE104DK106PV107L/no_restraint_new_protocol/min_NoH_7_4_2_7_mut_E102TS103NE104DK106PV107L_round_4_0021.rst7' as Amber NC Restart
	Reading '../../3qdo06_E102TS103NE104DK106PV107L/no_restraint_new_protocol/min_NoH_7_4_3_7_mut_E102TS103NE104DK106PV107L_round_4_0006.rst7' as Amber NC Restart
	Reading '../../3qdo06_E102TS103NE104DK106PV107L/no_restraint_new_protocol/min_NoH_7_4_3_7_mut_E102TS103NE104DK106PV107L_round_4_0022.rst7' as Amber NC Restart
	Reading '../../3qdo06_E102TS103NE104DK106PV107L/no_restraint_new_protocol/min_NoH_7_4_4_7_mut_E102TS103NE104DK106PV107L_round_4_0015.rst7' as Amber NC Restart
	Reading '../../3qdo06_E102TS103NE104DK106PV107L/no_restraint_new_protocol/min_NoH_7_4_5_7_mut_E102TS103NE104DK106PV107L_round_4_0021.rst7' as Amber NC Restart
	Reading '../../3qdo06_E102TS103NE104DK106PV107L/no_restraint_new_protocol/min_NoH_7_4_6_7_mut_E102TS103NE104DK106PV107L_round_4_0011.rst7' as Amber NC Restart
	Reading '../../3qdo06_E102TS103NE104DK106PV107L/no_restraint_new_protocol/min_NoH_7_4_7_7_mut_E102TS103NE104DK106PV107L_round_4_0013.rst7' as Amber NC Restart
	Reading '../../3qdo06_E102TS103NE104DK106PV107L/no_restraint_new_protocol/min_NoH_7_4_7_7_mut_E102TS103NE104DK106PV107L_round_4_0014.rst7' as Amber NC Restart
	Reading '../../3qdo06_E102TS103NE104DK106PV107L/no_restraint_new_protocol/min_NoH_7_4_7_7_mut_E102TS103NE104DK106PV107L_round_4_0015.rst7' as Amber NC Restart
	Reading '../../3qdo06_E102TS103NE104DK106PV107L/no_restraint_new_protocol/min_NoH_7_4_8_7_mut_E102TS103NE104DK106PV107L_round_4_0013.rst7' as Amber NC Restart
TIME: Total execution time: 0.6575 seconds.
--------------------------------------------------------------------------------
To cite CPPTRAJ use:
Daniel R. Roe and Thomas E. Cheatham, III, "PTRAJ and CPPTRAJ: Software for
  Processing and Analysis of Molecular Dynamics Trajectory Data". J. Chem.
  Theory Comput., 2013, 9 (7), pp 3084-3095.

