
CPPTRAJ: Trajectory Analysis. V16.00
    ___  ___  ___  ___
     | \/ | \/ | \/ | 
    _|_/\_|_/\_|_/\_|_

| Date/time: 06/20/16 16:27:13
| Available memory: 215.789 GB

INPUT: Reading input from 'cpptraj.in'
  [parm ../../1qav06_H185SL186IT188MT189DF190V/prmtop]
	Reading '../../1qav06_H185SL186IT188MT189DF190V/prmtop' as Amber Topology
  [trajin ../../1qav06_H185SL186IT188MT189DF190V/no_restraint_new_protocol/min_NoH_*rst7"]
	Reading '../../1qav06_H185SL186IT188MT189DF190V/no_restraint_new_protocol/min_NoH_10_3_10_10_mut_H185SL186IT188MT189DF190V_round_3_0007.rst7' as Amber NC Restart
	Reading '../../1qav06_H185SL186IT188MT189DF190V/no_restraint_new_protocol/min_NoH_10_3_10_10_mut_H185SL186IT188MT189DF190V_round_3_0008.rst7' as Amber NC Restart
	Reading '../../1qav06_H185SL186IT188MT189DF190V/no_restraint_new_protocol/min_NoH_10_3_2_10_mut_H185SL186IT188MT189DF190V_round_3_0011.rst7' as Amber NC Restart
	Reading '../../1qav06_H185SL186IT188MT189DF190V/no_restraint_new_protocol/min_NoH_10_3_3_10_mut_H185SL186IT188MT189DF190V_round_3_0002.rst7' as Amber NC Restart
	Reading '../../1qav06_H185SL186IT188MT189DF190V/no_restraint_new_protocol/min_NoH_10_3_3_10_mut_H185SL186IT188MT189DF190V_round_3_0008.rst7' as Amber NC Restart
	Reading '../../1qav06_H185SL186IT188MT189DF190V/no_restraint_new_protocol/min_NoH_10_3_4_10_mut_H185SL186IT188MT189DF190V_round_3_0009.rst7' as Amber NC Restart
	Reading '../../1qav06_H185SL186IT188MT189DF190V/no_restraint_new_protocol/min_NoH_10_3_4_10_mut_H185SL186IT188MT189DF190V_round_3_0012.rst7' as Amber NC Restart
	Reading '../../1qav06_H185SL186IT188MT189DF190V/no_restraint_new_protocol/min_NoH_10_3_7_10_mut_H185SL186IT188MT189DF190V_round_3_0004.rst7' as Amber NC Restart
	Reading '../../1qav06_H185SL186IT188MT189DF190V/no_restraint_new_protocol/min_NoH_10_3_7_10_mut_H185SL186IT188MT189DF190V_round_3_0019.rst7' as Amber NC Restart
	Reading '../../1qav06_H185SL186IT188MT189DF190V/no_restraint_new_protocol/min_NoH_10_3_9_10_mut_H185SL186IT188MT189DF190V_round_3_0011.rst7' as Amber NC Restart
	Reading '../../1qav06_H185SL186IT188MT189DF190V/no_restraint_new_protocol/min_NoH_3_4_1_3_mut_H185SL186IT188MT189DF190V_round_4_0001.rst7' as Amber NC Restart
	Reading '../../1qav06_H185SL186IT188MT189DF190V/no_restraint_new_protocol/min_NoH_3_4_1_3_mut_H185SL186IT188MT189DF190V_round_4_0007.rst7' as Amber NC Restart
	Reading '../../1qav06_H185SL186IT188MT189DF190V/no_restraint_new_protocol/min_NoH_3_4_1_3_mut_H185SL186IT188MT189DF190V_round_4_0008.rst7' as Amber NC Restart
	Reading '../../1qav06_H185SL186IT188MT189DF190V/no_restraint_new_protocol/min_NoH_3_4_1_3_mut_H185SL186IT188MT189DF190V_round_4_0012.rst7' as Amber NC Restart
	Reading '../../1qav06_H185SL186IT188MT189DF190V/no_restraint_new_protocol/min_NoH_3_4_1_3_mut_H185SL186IT188MT189DF190V_round_4_0015.rst7' as Amber NC Restart
	Reading '../../1qav06_H185SL186IT188MT189DF190V/no_restraint_new_protocol/min_NoH_3_4_2_3_mut_H185SL186IT188MT189DF190V_round_4_0009.rst7' as Amber NC Restart
	Reading '../../1qav06_H185SL186IT188MT189DF190V/no_restraint_new_protocol/min_NoH_3_4_2_3_mut_H185SL186IT188MT189DF190V_round_4_0013.rst7' as Amber NC Restart
	Reading '../../1qav06_H185SL186IT188MT189DF190V/no_restraint_new_protocol/min_NoH_3_4_3_3_mut_H185SL186IT188MT189DF190V_round_4_0018.rst7' as Amber NC Restart
	Reading '../../1qav06_H185SL186IT188MT189DF190V/no_restraint_new_protocol/min_NoH_3_4_3_3_mut_H185SL186IT188MT189DF190V_round_4_0019.rst7' as Amber NC Restart
	Reading '../../1qav06_H185SL186IT188MT189DF190V/no_restraint_new_protocol/min_NoH_3_4_4_3_mut_H185SL186IT188MT189DF190V_round_4_0003.rst7' as Amber NC Restart
	Reading '../../1qav06_H185SL186IT188MT189DF190V/no_restraint_new_protocol/min_NoH_3_4_5_3_mut_H185SL186IT188MT189DF190V_round_4_0001.rst7' as Amber NC Restart
	Reading '../../1qav06_H185SL186IT188MT189DF190V/no_restraint_new_protocol/min_NoH_3_4_5_3_mut_H185SL186IT188MT189DF190V_round_4_0016.rst7' as Amber NC Restart
	Reading '../../1qav06_H185SL186IT188MT189DF190V/no_restraint_new_protocol/min_NoH_3_4_6_3_mut_H185SL186IT188MT189DF190V_round_4_0008.rst7' as Amber NC Restart
	Reading '../../1qav06_H185SL186IT188MT189DF190V/no_restraint_new_protocol/min_NoH_3_4_6_3_mut_H185SL186IT188MT189DF190V_round_4_0017.rst7' as Amber NC Restart
	Reading '../../1qav06_H185SL186IT188MT189DF190V/no_restraint_new_protocol/min_NoH_3_4_6_3_mut_H185SL186IT188MT189DF190V_round_4_0019.rst7' as Amber NC Restart
	Reading '../../1qav06_H185SL186IT188MT189DF190V/no_restraint_new_protocol/min_NoH_3_4_7_3_mut_H185SL186IT188MT189DF190V_round_4_0006.rst7' as Amber NC Restart
	Reading '../../1qav06_H185SL186IT188MT189DF190V/no_restraint_new_protocol/min_NoH_3_4_7_3_mut_H185SL186IT188MT189DF190V_round_4_0010.rst7' as Amber NC Restart
	Reading '../../1qav06_H185SL186IT188MT189DF190V/no_restraint_new_protocol/min_NoH_3_4_8_3_mut_H185SL186IT188MT189DF190V_round_4_0003.rst7' as Amber NC Restart
	Reading '../../1qav06_H185SL186IT188MT189DF190V/no_restraint_new_protocol/min_NoH_3_4_8_3_mut_H185SL186IT188MT189DF190V_round_4_0007.rst7' as Amber NC Restart
	Reading '../../1qav06_H185SL186IT188MT189DF190V/no_restraint_new_protocol/min_NoH_3_4_8_3_mut_H185SL186IT188MT189DF190V_round_4_0017.rst7' as Amber NC Restart
	Reading '../../1qav06_H185SL186IT188MT189DF190V/no_restraint_new_protocol/min_NoH_9_1_10_9_mut_H185SL186IT188MT189DF190V_round_1_0006.rst7' as Amber NC Restart
	Reading '../../1qav06_H185SL186IT188MT189DF190V/no_restraint_new_protocol/min_NoH_9_1_1_9_mut_H185SL186IT188MT189DF190V_round_1_0005.rst7' as Amber NC Restart
	Reading '../../1qav06_H185SL186IT188MT189DF190V/no_restraint_new_protocol/min_NoH_9_1_1_9_mut_H185SL186IT188MT189DF190V_round_1_0012.rst7' as Amber NC Restart
	Reading '../../1qav06_H185SL186IT188MT189DF190V/no_restraint_new_protocol/min_NoH_9_1_1_9_mut_H185SL186IT188MT189DF190V_round_1_0014.rst7' as Amber NC Restart
	Reading '../../1qav06_H185SL186IT188MT189DF190V/no_restraint_new_protocol/min_NoH_9_1_3_9_mut_H185SL186IT188MT189DF190V_round_1_0007.rst7' as Amber NC Restart
	Reading '../../1qav06_H185SL186IT188MT189DF190V/no_restraint_new_protocol/min_NoH_9_1_3_9_mut_H185SL186IT188MT189DF190V_round_1_0009.rst7' as Amber NC Restart
	Reading '../../1qav06_H185SL186IT188MT189DF190V/no_restraint_new_protocol/min_NoH_9_1_4_9_mut_H185SL186IT188MT189DF190V_round_1_0004.rst7' as Amber NC Restart
	Reading '../../1qav06_H185SL186IT188MT189DF190V/no_restraint_new_protocol/min_NoH_9_1_5_9_mut_H185SL186IT188MT189DF190V_round_1_0004.rst7' as Amber NC Restart
	Reading '../../1qav06_H185SL186IT188MT189DF190V/no_restraint_new_protocol/min_NoH_9_1_5_9_mut_H185SL186IT188MT189DF190V_round_1_0005.rst7' as Amber NC Restart
	Reading '../../1qav06_H185SL186IT188MT189DF190V/no_restraint_new_protocol/min_NoH_9_1_5_9_mut_H185SL186IT188MT189DF190V_round_1_0010.rst7' as Amber NC Restart
	Reading '../../1qav06_H185SL186IT188MT189DF190V/no_restraint_new_protocol/min_NoH_9_1_5_9_mut_H185SL186IT188MT189DF190V_round_1_0015.rst7' as Amber NC Restart
	Reading '../../1qav06_H185SL186IT188MT189DF190V/no_restraint_new_protocol/min_NoH_9_1_6_9_mut_H185SL186IT188MT189DF190V_round_1_0014.rst7' as Amber NC Restart
	Reading '../../1qav06_H185SL186IT188MT189DF190V/no_restraint_new_protocol/min_NoH_9_1_7_9_mut_H185SL186IT188MT189DF190V_round_1_0012.rst7' as Amber NC Restart
	Reading '../../1qav06_H185SL186IT188MT189DF190V/no_restraint_new_protocol/min_NoH_9_1_8_9_mut_H185SL186IT188MT189DF190V_round_1_0006.rst7' as Amber NC Restart
	Reading '../../1qav06_H185SL186IT188MT189DF190V/no_restraint_new_protocol/min_NoH_9_1_8_9_mut_H185SL186IT188MT189DF190V_round_1_0008.rst7' as Amber NC Restart
	Reading '../../1qav06_H185SL186IT188MT189DF190V/no_restraint_new_protocol/min_NoH_9_1_8_9_mut_H185SL186IT188MT189DF190V_round_1_0013.rst7' as Amber NC Restart
	Reading '../../1qav06_H185SL186IT188MT189DF190V/no_restraint_new_protocol/min_NoH_9_1_9_9_mut_H185SL186IT188MT189DF190V_round_1_0001.rst7' as Amber NC Restart
	Reading '../../1qav06_H185SL186IT188MT189DF190V/no_restraint_new_protocol/min_NoH_9_1_9_9_mut_H185SL186IT188MT189DF190V_round_1_0003.rst7' as Amber NC Restart
	Reading '../../1qav06_H185SL186IT188MT189DF190V/no_restraint_new_protocol/min_NoH_9_1_9_9_mut_H185SL186IT188MT189DF190V_round_1_0019.rst7' as Amber NC Restart
	Reading '../../1qav06_H185SL186IT188MT189DF190V/no_restraint_new_protocol/min_NoH_9_1_9_9_mut_H185SL186IT188MT189DF190V_round_1_0020.rst7' as Amber NC Restart
TIME: Total execution time: 0.8016 seconds.
--------------------------------------------------------------------------------
To cite CPPTRAJ use:
Daniel R. Roe and Thomas E. Cheatham, III, "PTRAJ and CPPTRAJ: Software for
  Processing and Analysis of Molecular Dynamics Trajectory Data". J. Chem.
  Theory Comput., 2013, 9 (7), pp 3084-3095.

