
CPPTRAJ: Trajectory Analysis. V16.00
    ___  ___  ___  ___
     | \/ | \/ | \/ | 
    _|_/\_|_/\_|_/\_|_

| Date/time: 06/20/16 16:26:33
| Available memory: 215.642 GB

INPUT: Reading input from 'cpptraj.in'
  [parm ../../1g9o06_wt/prmtop]
	Reading '../../1g9o06_wt/prmtop' as Amber Topology
  [trajin ../../1g9o06_wt/no_restraint_new_protocol/min_NoH_*rst7"]
	Reading '../../1g9o06_wt/no_restraint_new_protocol/min_NoH_10_1_1_10_repacked_wt_round_1_0001.rst7' as Amber NC Restart
	Reading '../../1g9o06_wt/no_restraint_new_protocol/min_NoH_10_1_1_10_repacked_wt_round_1_0002.rst7' as Amber NC Restart
	Reading '../../1g9o06_wt/no_restraint_new_protocol/min_NoH_10_1_1_10_repacked_wt_round_1_0009.rst7' as Amber NC Restart
	Reading '../../1g9o06_wt/no_restraint_new_protocol/min_NoH_10_1_1_10_repacked_wt_round_1_0017.rst7' as Amber NC Restart
	Reading '../../1g9o06_wt/no_restraint_new_protocol/min_NoH_10_1_1_10_repacked_wt_round_1_0023.rst7' as Amber NC Restart
	Reading '../../1g9o06_wt/no_restraint_new_protocol/min_NoH_10_1_1_10_repacked_wt_round_1_0025.rst7' as Amber NC Restart
	Reading '../../1g9o06_wt/no_restraint_new_protocol/min_NoH_10_1_2_10_repacked_wt_round_1_0020.rst7' as Amber NC Restart
	Reading '../../1g9o06_wt/no_restraint_new_protocol/min_NoH_10_1_3_10_repacked_wt_round_1_0013.rst7' as Amber NC Restart
	Reading '../../1g9o06_wt/no_restraint_new_protocol/min_NoH_10_1_3_10_repacked_wt_round_1_0022.rst7' as Amber NC Restart
	Reading '../../1g9o06_wt/no_restraint_new_protocol/min_NoH_10_1_4_10_repacked_wt_round_1_0004.rst7' as Amber NC Restart
	Reading '../../1g9o06_wt/no_restraint_new_protocol/min_NoH_10_1_4_10_repacked_wt_round_1_0009.rst7' as Amber NC Restart
	Reading '../../1g9o06_wt/no_restraint_new_protocol/min_NoH_10_1_4_10_repacked_wt_round_1_0010.rst7' as Amber NC Restart
	Reading '../../1g9o06_wt/no_restraint_new_protocol/min_NoH_10_1_4_10_repacked_wt_round_1_0021.rst7' as Amber NC Restart
	Reading '../../1g9o06_wt/no_restraint_new_protocol/min_NoH_10_1_5_10_repacked_wt_round_1_0005.rst7' as Amber NC Restart
	Reading '../../1g9o06_wt/no_restraint_new_protocol/min_NoH_10_1_5_10_repacked_wt_round_1_0024.rst7' as Amber NC Restart
	Reading '../../1g9o06_wt/no_restraint_new_protocol/min_NoH_10_1_8_10_repacked_wt_round_1_0013.rst7' as Amber NC Restart
	Reading '../../1g9o06_wt/no_restraint_new_protocol/min_NoH_3_1_1_3_repacked_wt_round_1_0009.rst7' as Amber NC Restart
	Reading '../../1g9o06_wt/no_restraint_new_protocol/min_NoH_3_1_1_3_repacked_wt_round_1_0024.rst7' as Amber NC Restart
	Reading '../../1g9o06_wt/no_restraint_new_protocol/min_NoH_3_1_2_3_repacked_wt_round_1_0012.rst7' as Amber NC Restart
	Reading '../../1g9o06_wt/no_restraint_new_protocol/min_NoH_3_1_2_3_repacked_wt_round_1_0020.rst7' as Amber NC Restart
	Reading '../../1g9o06_wt/no_restraint_new_protocol/min_NoH_3_1_3_3_repacked_wt_round_1_0002.rst7' as Amber NC Restart
	Reading '../../1g9o06_wt/no_restraint_new_protocol/min_NoH_3_1_3_3_repacked_wt_round_1_0023.rst7' as Amber NC Restart
	Reading '../../1g9o06_wt/no_restraint_new_protocol/min_NoH_3_1_4_3_repacked_wt_round_1_0006.rst7' as Amber NC Restart
	Reading '../../1g9o06_wt/no_restraint_new_protocol/min_NoH_3_1_5_3_repacked_wt_round_1_0018.rst7' as Amber NC Restart
	Reading '../../1g9o06_wt/no_restraint_new_protocol/min_NoH_3_1_5_3_repacked_wt_round_1_0025.rst7' as Amber NC Restart
	Reading '../../1g9o06_wt/no_restraint_new_protocol/min_NoH_3_1_6_3_repacked_wt_round_1_0004.rst7' as Amber NC Restart
	Reading '../../1g9o06_wt/no_restraint_new_protocol/min_NoH_3_1_6_3_repacked_wt_round_1_0011.rst7' as Amber NC Restart
	Reading '../../1g9o06_wt/no_restraint_new_protocol/min_NoH_3_1_7_3_repacked_wt_round_1_0013.rst7' as Amber NC Restart
	Reading '../../1g9o06_wt/no_restraint_new_protocol/min_NoH_3_1_7_3_repacked_wt_round_1_0021.rst7' as Amber NC Restart
	Reading '../../1g9o06_wt/no_restraint_new_protocol/min_NoH_3_1_8_3_repacked_wt_round_1_0010.rst7' as Amber NC Restart
	Reading '../../1g9o06_wt/no_restraint_new_protocol/min_NoH_3_1_8_3_repacked_wt_round_1_0011.rst7' as Amber NC Restart
	Reading '../../1g9o06_wt/no_restraint_new_protocol/min_NoH_7_5_1_7_repacked_wt_round_5_0011.rst7' as Amber NC Restart
	Reading '../../1g9o06_wt/no_restraint_new_protocol/min_NoH_7_5_1_7_repacked_wt_round_5_0012.rst7' as Amber NC Restart
	Reading '../../1g9o06_wt/no_restraint_new_protocol/min_NoH_7_5_1_7_repacked_wt_round_5_0020.rst7' as Amber NC Restart
	Reading '../../1g9o06_wt/no_restraint_new_protocol/min_NoH_7_5_1_7_repacked_wt_round_5_0025.rst7' as Amber NC Restart
	Reading '../../1g9o06_wt/no_restraint_new_protocol/min_NoH_7_5_2_7_repacked_wt_round_5_0003.rst7' as Amber NC Restart
	Reading '../../1g9o06_wt/no_restraint_new_protocol/min_NoH_7_5_2_7_repacked_wt_round_5_0005.rst7' as Amber NC Restart
	Reading '../../1g9o06_wt/no_restraint_new_protocol/min_NoH_7_5_3_7_repacked_wt_round_5_0012.rst7' as Amber NC Restart
	Reading '../../1g9o06_wt/no_restraint_new_protocol/min_NoH_7_5_3_7_repacked_wt_round_5_0014.rst7' as Amber NC Restart
	Reading '../../1g9o06_wt/no_restraint_new_protocol/min_NoH_7_5_3_7_repacked_wt_round_5_0018.rst7' as Amber NC Restart
	Reading '../../1g9o06_wt/no_restraint_new_protocol/min_NoH_7_5_4_7_repacked_wt_round_5_0001.rst7' as Amber NC Restart
	Reading '../../1g9o06_wt/no_restraint_new_protocol/min_NoH_7_5_4_7_repacked_wt_round_5_0017.rst7' as Amber NC Restart
	Reading '../../1g9o06_wt/no_restraint_new_protocol/min_NoH_7_5_6_7_repacked_wt_round_5_0003.rst7' as Amber NC Restart
	Reading '../../1g9o06_wt/no_restraint_new_protocol/min_NoH_7_5_6_7_repacked_wt_round_5_0006.rst7' as Amber NC Restart
	Reading '../../1g9o06_wt/no_restraint_new_protocol/min_NoH_7_5_6_7_repacked_wt_round_5_0013.rst7' as Amber NC Restart
	Reading '../../1g9o06_wt/no_restraint_new_protocol/min_NoH_7_5_7_7_repacked_wt_round_5_0007.rst7' as Amber NC Restart
	Reading '../../1g9o06_wt/no_restraint_new_protocol/min_NoH_7_5_7_7_repacked_wt_round_5_0019.rst7' as Amber NC Restart
	Reading '../../1g9o06_wt/no_restraint_new_protocol/min_NoH_7_5_7_7_repacked_wt_round_5_0025.rst7' as Amber NC Restart
	Reading '../../1g9o06_wt/no_restraint_new_protocol/min_NoH_7_5_8_7_repacked_wt_round_5_0009.rst7' as Amber NC Restart
	Reading '../../1g9o06_wt/no_restraint_new_protocol/min_NoH_7_5_8_7_repacked_wt_round_5_0011.rst7' as Amber NC Restart
TIME: Total execution time: 0.8464 seconds.
--------------------------------------------------------------------------------
To cite CPPTRAJ use:
Daniel R. Roe and Thomas E. Cheatham, III, "PTRAJ and CPPTRAJ: Software for
  Processing and Analysis of Molecular Dynamics Trajectory Data". J. Chem.
  Theory Comput., 2013, 9 (7), pp 3084-3095.

