
CPPTRAJ: Trajectory Analysis. V16.00
    ___  ___  ___  ___
     | \/ | \/ | \/ | 
    _|_/\_|_/\_|_/\_|_

| Date/time: 06/20/16 16:26:43
| Available memory: 215.683 GB

INPUT: Reading input from 'cpptraj.in'
  [parm ../../2i0406_A87RT89M/prmtop]
	Reading '../../2i0406_A87RT89M/prmtop' as Amber Topology
  [trajin ../../2i0406_A87RT89M/no_restraint_new_protocol/min_NoH_*rst7"]
	Reading '../../2i0406_A87RT89M/no_restraint_new_protocol/min_NoH_1_2_1_1_mut_A87RT89M_round_2_0002.rst7' as Amber NC Restart
	Reading '../../2i0406_A87RT89M/no_restraint_new_protocol/min_NoH_1_2_1_1_mut_A87RT89M_round_2_0004.rst7' as Amber NC Restart
	Reading '../../2i0406_A87RT89M/no_restraint_new_protocol/min_NoH_1_2_1_1_mut_A87RT89M_round_2_0009.rst7' as Amber NC Restart
	Reading '../../2i0406_A87RT89M/no_restraint_new_protocol/min_NoH_1_2_2_1_mut_A87RT89M_round_2_0006.rst7' as Amber NC Restart
	Reading '../../2i0406_A87RT89M/no_restraint_new_protocol/min_NoH_1_2_2_1_mut_A87RT89M_round_2_0012.rst7' as Amber NC Restart
	Reading '../../2i0406_A87RT89M/no_restraint_new_protocol/min_NoH_1_2_3_1_mut_A87RT89M_round_2_0012.rst7' as Amber NC Restart
	Reading '../../2i0406_A87RT89M/no_restraint_new_protocol/min_NoH_1_2_4_1_mut_A87RT89M_round_2_0008.rst7' as Amber NC Restart
	Reading '../../2i0406_A87RT89M/no_restraint_new_protocol/min_NoH_1_2_4_1_mut_A87RT89M_round_2_0023.rst7' as Amber NC Restart
	Reading '../../2i0406_A87RT89M/no_restraint_new_protocol/min_NoH_1_2_6_1_mut_A87RT89M_round_2_0016.rst7' as Amber NC Restart
	Reading '../../2i0406_A87RT89M/no_restraint_new_protocol/min_NoH_1_2_6_1_mut_A87RT89M_round_2_0019.rst7' as Amber NC Restart
	Reading '../../2i0406_A87RT89M/no_restraint_new_protocol/min_NoH_1_2_6_1_mut_A87RT89M_round_2_0025.rst7' as Amber NC Restart
	Reading '../../2i0406_A87RT89M/no_restraint_new_protocol/min_NoH_1_2_7_1_mut_A87RT89M_round_2_0008.rst7' as Amber NC Restart
	Reading '../../2i0406_A87RT89M/no_restraint_new_protocol/min_NoH_1_2_8_1_mut_A87RT89M_round_2_0022.rst7' as Amber NC Restart
	Reading '../../2i0406_A87RT89M/no_restraint_new_protocol/min_NoH_4_3_1_4_mut_A87RT89M_round_3_0003.rst7' as Amber NC Restart
	Reading '../../2i0406_A87RT89M/no_restraint_new_protocol/min_NoH_4_3_1_4_mut_A87RT89M_round_3_0020.rst7' as Amber NC Restart
	Reading '../../2i0406_A87RT89M/no_restraint_new_protocol/min_NoH_4_3_2_4_mut_A87RT89M_round_3_0023.rst7' as Amber NC Restart
	Reading '../../2i0406_A87RT89M/no_restraint_new_protocol/min_NoH_4_3_3_4_mut_A87RT89M_round_3_0002.rst7' as Amber NC Restart
	Reading '../../2i0406_A87RT89M/no_restraint_new_protocol/min_NoH_4_3_3_4_mut_A87RT89M_round_3_0009.rst7' as Amber NC Restart
	Reading '../../2i0406_A87RT89M/no_restraint_new_protocol/min_NoH_4_3_3_4_mut_A87RT89M_round_3_0011.rst7' as Amber NC Restart
	Reading '../../2i0406_A87RT89M/no_restraint_new_protocol/min_NoH_4_3_3_4_mut_A87RT89M_round_3_0023.rst7' as Amber NC Restart
	Reading '../../2i0406_A87RT89M/no_restraint_new_protocol/min_NoH_4_3_4_4_mut_A87RT89M_round_3_0003.rst7' as Amber NC Restart
	Reading '../../2i0406_A87RT89M/no_restraint_new_protocol/min_NoH_4_3_4_4_mut_A87RT89M_round_3_0004.rst7' as Amber NC Restart
	Reading '../../2i0406_A87RT89M/no_restraint_new_protocol/min_NoH_4_3_4_4_mut_A87RT89M_round_3_0019.rst7' as Amber NC Restart
	Reading '../../2i0406_A87RT89M/no_restraint_new_protocol/min_NoH_4_3_4_4_mut_A87RT89M_round_3_0022.rst7' as Amber NC Restart
	Reading '../../2i0406_A87RT89M/no_restraint_new_protocol/min_NoH_4_3_5_4_mut_A87RT89M_round_3_0013.rst7' as Amber NC Restart
	Reading '../../2i0406_A87RT89M/no_restraint_new_protocol/min_NoH_4_3_5_4_mut_A87RT89M_round_3_0022.rst7' as Amber NC Restart
	Reading '../../2i0406_A87RT89M/no_restraint_new_protocol/min_NoH_4_3_6_4_mut_A87RT89M_round_3_0001.rst7' as Amber NC Restart
	Reading '../../2i0406_A87RT89M/no_restraint_new_protocol/min_NoH_4_3_6_4_mut_A87RT89M_round_3_0011.rst7' as Amber NC Restart
	Reading '../../2i0406_A87RT89M/no_restraint_new_protocol/min_NoH_4_3_6_4_mut_A87RT89M_round_3_0020.rst7' as Amber NC Restart
	Reading '../../2i0406_A87RT89M/no_restraint_new_protocol/min_NoH_4_3_7_4_mut_A87RT89M_round_3_0011.rst7' as Amber NC Restart
	Reading '../../2i0406_A87RT89M/no_restraint_new_protocol/min_NoH_4_3_7_4_mut_A87RT89M_round_3_0015.rst7' as Amber NC Restart
	Reading '../../2i0406_A87RT89M/no_restraint_new_protocol/min_NoH_4_3_8_4_mut_A87RT89M_round_3_0001.rst7' as Amber NC Restart
	Reading '../../2i0406_A87RT89M/no_restraint_new_protocol/min_NoH_4_3_8_4_mut_A87RT89M_round_3_0020.rst7' as Amber NC Restart
	Reading '../../2i0406_A87RT89M/no_restraint_new_protocol/min_NoH_8_1_1_8_mut_A87RT89M_round_1_0003.rst7' as Amber NC Restart
	Reading '../../2i0406_A87RT89M/no_restraint_new_protocol/min_NoH_8_1_1_8_mut_A87RT89M_round_1_0005.rst7' as Amber NC Restart
	Reading '../../2i0406_A87RT89M/no_restraint_new_protocol/min_NoH_8_1_1_8_mut_A87RT89M_round_1_0018.rst7' as Amber NC Restart
	Reading '../../2i0406_A87RT89M/no_restraint_new_protocol/min_NoH_8_1_2_8_mut_A87RT89M_round_1_0006.rst7' as Amber NC Restart
	Reading '../../2i0406_A87RT89M/no_restraint_new_protocol/min_NoH_8_1_2_8_mut_A87RT89M_round_1_0020.rst7' as Amber NC Restart
	Reading '../../2i0406_A87RT89M/no_restraint_new_protocol/min_NoH_8_1_3_8_mut_A87RT89M_round_1_0001.rst7' as Amber NC Restart
	Reading '../../2i0406_A87RT89M/no_restraint_new_protocol/min_NoH_8_1_4_8_mut_A87RT89M_round_1_0009.rst7' as Amber NC Restart
	Reading '../../2i0406_A87RT89M/no_restraint_new_protocol/min_NoH_8_1_4_8_mut_A87RT89M_round_1_0015.rst7' as Amber NC Restart
	Reading '../../2i0406_A87RT89M/no_restraint_new_protocol/min_NoH_8_1_5_8_mut_A87RT89M_round_1_0004.rst7' as Amber NC Restart
	Reading '../../2i0406_A87RT89M/no_restraint_new_protocol/min_NoH_8_1_5_8_mut_A87RT89M_round_1_0011.rst7' as Amber NC Restart
	Reading '../../2i0406_A87RT89M/no_restraint_new_protocol/min_NoH_8_1_5_8_mut_A87RT89M_round_1_0013.rst7' as Amber NC Restart
	Reading '../../2i0406_A87RT89M/no_restraint_new_protocol/min_NoH_8_1_6_8_mut_A87RT89M_round_1_0004.rst7' as Amber NC Restart
	Reading '../../2i0406_A87RT89M/no_restraint_new_protocol/min_NoH_8_1_6_8_mut_A87RT89M_round_1_0005.rst7' as Amber NC Restart
	Reading '../../2i0406_A87RT89M/no_restraint_new_protocol/min_NoH_8_1_6_8_mut_A87RT89M_round_1_0024.rst7' as Amber NC Restart
	Reading '../../2i0406_A87RT89M/no_restraint_new_protocol/min_NoH_8_1_7_8_mut_A87RT89M_round_1_0025.rst7' as Amber NC Restart
	Reading '../../2i0406_A87RT89M/no_restraint_new_protocol/min_NoH_8_1_8_8_mut_A87RT89M_round_1_0008.rst7' as Amber NC Restart
	Reading '../../2i0406_A87RT89M/no_restraint_new_protocol/min_NoH_8_1_8_8_mut_A87RT89M_round_1_0011.rst7' as Amber NC Restart
TIME: Total execution time: 0.8940 seconds.
--------------------------------------------------------------------------------
To cite CPPTRAJ use:
Daniel R. Roe and Thomas E. Cheatham, III, "PTRAJ and CPPTRAJ: Software for
  Processing and Analysis of Molecular Dynamics Trajectory Data". J. Chem.
  Theory Comput., 2013, 9 (7), pp 3084-3095.

