
CPPTRAJ: Trajectory Analysis. V16.00
    ___  ___  ___  ___
     | \/ | \/ | \/ | 
    _|_/\_|_/\_|_/\_|_

| Date/time: 06/20/16 16:26:34
| Available memory: 215.646 GB

INPUT: Reading input from 'cpptraj.in'
  [parm ../../1g9o07_A93SS94LK97CV98F/prmtop]
	Reading '../../1g9o07_A93SS94LK97CV98F/prmtop' as Amber Topology
  [trajin ../../1g9o07_A93SS94LK97CV98F/no_restraint_new_protocol/min_NoH_*rst7"]
	Reading '../../1g9o07_A93SS94LK97CV98F/no_restraint_new_protocol/min_NoH_1_1_1_1_mut_A93SS94LK97CV98F_round_1_0006.rst7' as Amber NC Restart
	Reading '../../1g9o07_A93SS94LK97CV98F/no_restraint_new_protocol/min_NoH_1_1_1_1_mut_A93SS94LK97CV98F_round_1_0014.rst7' as Amber NC Restart
	Reading '../../1g9o07_A93SS94LK97CV98F/no_restraint_new_protocol/min_NoH_1_1_2_1_mut_A93SS94LK97CV98F_round_1_0005.rst7' as Amber NC Restart
	Reading '../../1g9o07_A93SS94LK97CV98F/no_restraint_new_protocol/min_NoH_1_1_2_1_mut_A93SS94LK97CV98F_round_1_0021.rst7' as Amber NC Restart
	Reading '../../1g9o07_A93SS94LK97CV98F/no_restraint_new_protocol/min_NoH_1_1_3_1_mut_A93SS94LK97CV98F_round_1_0003.rst7' as Amber NC Restart
	Reading '../../1g9o07_A93SS94LK97CV98F/no_restraint_new_protocol/min_NoH_1_1_3_1_mut_A93SS94LK97CV98F_round_1_0009.rst7' as Amber NC Restart
	Reading '../../1g9o07_A93SS94LK97CV98F/no_restraint_new_protocol/min_NoH_1_1_4_1_mut_A93SS94LK97CV98F_round_1_0002.rst7' as Amber NC Restart
	Reading '../../1g9o07_A93SS94LK97CV98F/no_restraint_new_protocol/min_NoH_1_1_4_1_mut_A93SS94LK97CV98F_round_1_0020.rst7' as Amber NC Restart
	Reading '../../1g9o07_A93SS94LK97CV98F/no_restraint_new_protocol/min_NoH_1_1_5_1_mut_A93SS94LK97CV98F_round_1_0015.rst7' as Amber NC Restart
	Reading '../../1g9o07_A93SS94LK97CV98F/no_restraint_new_protocol/min_NoH_1_1_6_1_mut_A93SS94LK97CV98F_round_1_0007.rst7' as Amber NC Restart
	Reading '../../1g9o07_A93SS94LK97CV98F/no_restraint_new_protocol/min_NoH_1_1_6_1_mut_A93SS94LK97CV98F_round_1_0011.rst7' as Amber NC Restart
	Reading '../../1g9o07_A93SS94LK97CV98F/no_restraint_new_protocol/min_NoH_1_1_6_1_mut_A93SS94LK97CV98F_round_1_0021.rst7' as Amber NC Restart
	Reading '../../1g9o07_A93SS94LK97CV98F/no_restraint_new_protocol/min_NoH_1_1_6_1_mut_A93SS94LK97CV98F_round_1_0023.rst7' as Amber NC Restart
	Reading '../../1g9o07_A93SS94LK97CV98F/no_restraint_new_protocol/min_NoH_1_1_7_1_mut_A93SS94LK97CV98F_round_1_0006.rst7' as Amber NC Restart
	Reading '../../1g9o07_A93SS94LK97CV98F/no_restraint_new_protocol/min_NoH_1_1_7_1_mut_A93SS94LK97CV98F_round_1_0017.rst7' as Amber NC Restart
	Reading '../../1g9o07_A93SS94LK97CV98F/no_restraint_new_protocol/min_NoH_1_1_7_1_mut_A93SS94LK97CV98F_round_1_0018.rst7' as Amber NC Restart
	Reading '../../1g9o07_A93SS94LK97CV98F/no_restraint_new_protocol/min_NoH_1_1_8_1_mut_A93SS94LK97CV98F_round_1_0021.rst7' as Amber NC Restart
	Reading '../../1g9o07_A93SS94LK97CV98F/no_restraint_new_protocol/min_NoH_2_5_1_2_mut_A93SS94LK97CV98F_round_5_0008.rst7' as Amber NC Restart
	Reading '../../1g9o07_A93SS94LK97CV98F/no_restraint_new_protocol/min_NoH_2_5_1_2_mut_A93SS94LK97CV98F_round_5_0023.rst7' as Amber NC Restart
	Reading '../../1g9o07_A93SS94LK97CV98F/no_restraint_new_protocol/min_NoH_2_5_1_2_mut_A93SS94LK97CV98F_round_5_0025.rst7' as Amber NC Restart
	Reading '../../1g9o07_A93SS94LK97CV98F/no_restraint_new_protocol/min_NoH_2_5_2_2_mut_A93SS94LK97CV98F_round_5_0013.rst7' as Amber NC Restart
	Reading '../../1g9o07_A93SS94LK97CV98F/no_restraint_new_protocol/min_NoH_2_5_2_2_mut_A93SS94LK97CV98F_round_5_0019.rst7' as Amber NC Restart
	Reading '../../1g9o07_A93SS94LK97CV98F/no_restraint_new_protocol/min_NoH_2_5_3_2_mut_A93SS94LK97CV98F_round_5_0011.rst7' as Amber NC Restart
	Reading '../../1g9o07_A93SS94LK97CV98F/no_restraint_new_protocol/min_NoH_2_5_4_2_mut_A93SS94LK97CV98F_round_5_0014.rst7' as Amber NC Restart
	Reading '../../1g9o07_A93SS94LK97CV98F/no_restraint_new_protocol/min_NoH_2_5_4_2_mut_A93SS94LK97CV98F_round_5_0016.rst7' as Amber NC Restart
	Reading '../../1g9o07_A93SS94LK97CV98F/no_restraint_new_protocol/min_NoH_2_5_4_2_mut_A93SS94LK97CV98F_round_5_0021.rst7' as Amber NC Restart
	Reading '../../1g9o07_A93SS94LK97CV98F/no_restraint_new_protocol/min_NoH_2_5_4_2_mut_A93SS94LK97CV98F_round_5_0025.rst7' as Amber NC Restart
	Reading '../../1g9o07_A93SS94LK97CV98F/no_restraint_new_protocol/min_NoH_2_5_5_2_mut_A93SS94LK97CV98F_round_5_0003.rst7' as Amber NC Restart
	Reading '../../1g9o07_A93SS94LK97CV98F/no_restraint_new_protocol/min_NoH_2_5_5_2_mut_A93SS94LK97CV98F_round_5_0007.rst7' as Amber NC Restart
	Reading '../../1g9o07_A93SS94LK97CV98F/no_restraint_new_protocol/min_NoH_2_5_5_2_mut_A93SS94LK97CV98F_round_5_0014.rst7' as Amber NC Restart
	Reading '../../1g9o07_A93SS94LK97CV98F/no_restraint_new_protocol/min_NoH_2_5_5_2_mut_A93SS94LK97CV98F_round_5_0017.rst7' as Amber NC Restart
	Reading '../../1g9o07_A93SS94LK97CV98F/no_restraint_new_protocol/min_NoH_2_5_6_2_mut_A93SS94LK97CV98F_round_5_0008.rst7' as Amber NC Restart
	Reading '../../1g9o07_A93SS94LK97CV98F/no_restraint_new_protocol/min_NoH_2_5_7_2_mut_A93SS94LK97CV98F_round_5_0010.rst7' as Amber NC Restart
	Reading '../../1g9o07_A93SS94LK97CV98F/no_restraint_new_protocol/min_NoH_2_5_7_2_mut_A93SS94LK97CV98F_round_5_0023.rst7' as Amber NC Restart
	Reading '../../1g9o07_A93SS94LK97CV98F/no_restraint_new_protocol/min_NoH_2_5_8_2_mut_A93SS94LK97CV98F_round_5_0025.rst7' as Amber NC Restart
	Reading '../../1g9o07_A93SS94LK97CV98F/no_restraint_new_protocol/min_NoH_7_3_1_7_mut_A93SS94LK97CV98F_round_3_0022.rst7' as Amber NC Restart
	Reading '../../1g9o07_A93SS94LK97CV98F/no_restraint_new_protocol/min_NoH_7_3_2_7_mut_A93SS94LK97CV98F_round_3_0023.rst7' as Amber NC Restart
	Reading '../../1g9o07_A93SS94LK97CV98F/no_restraint_new_protocol/min_NoH_7_3_2_7_mut_A93SS94LK97CV98F_round_3_0025.rst7' as Amber NC Restart
	Reading '../../1g9o07_A93SS94LK97CV98F/no_restraint_new_protocol/min_NoH_7_3_3_7_mut_A93SS94LK97CV98F_round_3_0003.rst7' as Amber NC Restart
	Reading '../../1g9o07_A93SS94LK97CV98F/no_restraint_new_protocol/min_NoH_7_3_4_7_mut_A93SS94LK97CV98F_round_3_0004.rst7' as Amber NC Restart
	Reading '../../1g9o07_A93SS94LK97CV98F/no_restraint_new_protocol/min_NoH_7_3_4_7_mut_A93SS94LK97CV98F_round_3_0008.rst7' as Amber NC Restart
	Reading '../../1g9o07_A93SS94LK97CV98F/no_restraint_new_protocol/min_NoH_7_3_4_7_mut_A93SS94LK97CV98F_round_3_0011.rst7' as Amber NC Restart
	Reading '../../1g9o07_A93SS94LK97CV98F/no_restraint_new_protocol/min_NoH_7_3_4_7_mut_A93SS94LK97CV98F_round_3_0021.rst7' as Amber NC Restart
	Reading '../../1g9o07_A93SS94LK97CV98F/no_restraint_new_protocol/min_NoH_7_3_5_7_mut_A93SS94LK97CV98F_round_3_0025.rst7' as Amber NC Restart
	Reading '../../1g9o07_A93SS94LK97CV98F/no_restraint_new_protocol/min_NoH_7_3_6_7_mut_A93SS94LK97CV98F_round_3_0002.rst7' as Amber NC Restart
	Reading '../../1g9o07_A93SS94LK97CV98F/no_restraint_new_protocol/min_NoH_7_3_6_7_mut_A93SS94LK97CV98F_round_3_0018.rst7' as Amber NC Restart
	Reading '../../1g9o07_A93SS94LK97CV98F/no_restraint_new_protocol/min_NoH_7_3_7_7_mut_A93SS94LK97CV98F_round_3_0004.rst7' as Amber NC Restart
	Reading '../../1g9o07_A93SS94LK97CV98F/no_restraint_new_protocol/min_NoH_7_3_7_7_mut_A93SS94LK97CV98F_round_3_0020.rst7' as Amber NC Restart
	Reading '../../1g9o07_A93SS94LK97CV98F/no_restraint_new_protocol/min_NoH_7_3_8_7_mut_A93SS94LK97CV98F_round_3_0017.rst7' as Amber NC Restart
	Reading '../../1g9o07_A93SS94LK97CV98F/no_restraint_new_protocol/min_NoH_7_3_8_7_mut_A93SS94LK97CV98F_round_3_0019.rst7' as Amber NC Restart
TIME: Total execution time: 0.8180 seconds.
--------------------------------------------------------------------------------
To cite CPPTRAJ use:
Daniel R. Roe and Thomas E. Cheatham, III, "PTRAJ and CPPTRAJ: Software for
  Processing and Analysis of Molecular Dynamics Trajectory Data". J. Chem.
  Theory Comput., 2013, 9 (7), pp 3084-3095.

