
CPPTRAJ: Trajectory Analysis. V16.00
    ___  ___  ___  ___
     | \/ | \/ | \/ | 
    _|_/\_|_/\_|_/\_|_

| Date/time: 06/20/16 16:26:49
| Available memory: 215.715 GB

INPUT: Reading input from 'cpptraj.in'
  [parm ../../3qdo06_E102LS103GE104AS105TK106GV107L/prmtop]
	Reading '../../3qdo06_E102LS103GE104AS105TK106GV107L/prmtop' as Amber Topology
  [trajin ../../3qdo06_E102LS103GE104AS105TK106GV107L/no_restraint_new_protocol/min_NoH_*rst7"]
	Reading '../../3qdo06_E102LS103GE104AS105TK106GV107L/no_restraint_new_protocol/min_NoH_4_3_1_4_mut_E102LS103GE104AS105TK106GV107L_round_3_0025.rst7' as Amber NC Restart
	Reading '../../3qdo06_E102LS103GE104AS105TK106GV107L/no_restraint_new_protocol/min_NoH_4_3_2_4_mut_E102LS103GE104AS105TK106GV107L_round_3_0007.rst7' as Amber NC Restart
	Reading '../../3qdo06_E102LS103GE104AS105TK106GV107L/no_restraint_new_protocol/min_NoH_4_3_3_4_mut_E102LS103GE104AS105TK106GV107L_round_3_0015.rst7' as Amber NC Restart
	Reading '../../3qdo06_E102LS103GE104AS105TK106GV107L/no_restraint_new_protocol/min_NoH_4_3_6_4_mut_E102LS103GE104AS105TK106GV107L_round_3_0022.rst7' as Amber NC Restart
	Reading '../../3qdo06_E102LS103GE104AS105TK106GV107L/no_restraint_new_protocol/min_NoH_4_3_8_4_mut_E102LS103GE104AS105TK106GV107L_round_3_0006.rst7' as Amber NC Restart
	Reading '../../3qdo06_E102LS103GE104AS105TK106GV107L/no_restraint_new_protocol/min_NoH_4_3_8_4_mut_E102LS103GE104AS105TK106GV107L_round_3_0015.rst7' as Amber NC Restart
	Reading '../../3qdo06_E102LS103GE104AS105TK106GV107L/no_restraint_new_protocol/min_NoH_5_3_1_5_mut_E102LS103GE104AS105TK106GV107L_round_3_0014.rst7' as Amber NC Restart
	Reading '../../3qdo06_E102LS103GE104AS105TK106GV107L/no_restraint_new_protocol/min_NoH_5_3_1_5_mut_E102LS103GE104AS105TK106GV107L_round_3_0018.rst7' as Amber NC Restart
	Reading '../../3qdo06_E102LS103GE104AS105TK106GV107L/no_restraint_new_protocol/min_NoH_5_3_1_5_mut_E102LS103GE104AS105TK106GV107L_round_3_0020.rst7' as Amber NC Restart
	Reading '../../3qdo06_E102LS103GE104AS105TK106GV107L/no_restraint_new_protocol/min_NoH_5_3_1_5_mut_E102LS103GE104AS105TK106GV107L_round_3_0024.rst7' as Amber NC Restart
	Reading '../../3qdo06_E102LS103GE104AS105TK106GV107L/no_restraint_new_protocol/min_NoH_5_3_2_5_mut_E102LS103GE104AS105TK106GV107L_round_3_0013.rst7' as Amber NC Restart
	Reading '../../3qdo06_E102LS103GE104AS105TK106GV107L/no_restraint_new_protocol/min_NoH_5_3_2_5_mut_E102LS103GE104AS105TK106GV107L_round_3_0018.rst7' as Amber NC Restart
	Reading '../../3qdo06_E102LS103GE104AS105TK106GV107L/no_restraint_new_protocol/min_NoH_5_3_3_5_mut_E102LS103GE104AS105TK106GV107L_round_3_0010.rst7' as Amber NC Restart
	Reading '../../3qdo06_E102LS103GE104AS105TK106GV107L/no_restraint_new_protocol/min_NoH_5_3_3_5_mut_E102LS103GE104AS105TK106GV107L_round_3_0013.rst7' as Amber NC Restart
	Reading '../../3qdo06_E102LS103GE104AS105TK106GV107L/no_restraint_new_protocol/min_NoH_5_3_3_5_mut_E102LS103GE104AS105TK106GV107L_round_3_0014.rst7' as Amber NC Restart
	Reading '../../3qdo06_E102LS103GE104AS105TK106GV107L/no_restraint_new_protocol/min_NoH_5_3_3_5_mut_E102LS103GE104AS105TK106GV107L_round_3_0015.rst7' as Amber NC Restart
	Reading '../../3qdo06_E102LS103GE104AS105TK106GV107L/no_restraint_new_protocol/min_NoH_5_3_3_5_mut_E102LS103GE104AS105TK106GV107L_round_3_0021.rst7' as Amber NC Restart
	Reading '../../3qdo06_E102LS103GE104AS105TK106GV107L/no_restraint_new_protocol/min_NoH_5_3_3_5_mut_E102LS103GE104AS105TK106GV107L_round_3_0025.rst7' as Amber NC Restart
	Reading '../../3qdo06_E102LS103GE104AS105TK106GV107L/no_restraint_new_protocol/min_NoH_5_3_4_5_mut_E102LS103GE104AS105TK106GV107L_round_3_0012.rst7' as Amber NC Restart
	Reading '../../3qdo06_E102LS103GE104AS105TK106GV107L/no_restraint_new_protocol/min_NoH_5_3_5_5_mut_E102LS103GE104AS105TK106GV107L_round_3_0001.rst7' as Amber NC Restart
	Reading '../../3qdo06_E102LS103GE104AS105TK106GV107L/no_restraint_new_protocol/min_NoH_5_3_5_5_mut_E102LS103GE104AS105TK106GV107L_round_3_0002.rst7' as Amber NC Restart
	Reading '../../3qdo06_E102LS103GE104AS105TK106GV107L/no_restraint_new_protocol/min_NoH_5_3_6_5_mut_E102LS103GE104AS105TK106GV107L_round_3_0003.rst7' as Amber NC Restart
	Reading '../../3qdo06_E102LS103GE104AS105TK106GV107L/no_restraint_new_protocol/min_NoH_5_3_6_5_mut_E102LS103GE104AS105TK106GV107L_round_3_0015.rst7' as Amber NC Restart
	Reading '../../3qdo06_E102LS103GE104AS105TK106GV107L/no_restraint_new_protocol/min_NoH_5_3_6_5_mut_E102LS103GE104AS105TK106GV107L_round_3_0022.rst7' as Amber NC Restart
	Reading '../../3qdo06_E102LS103GE104AS105TK106GV107L/no_restraint_new_protocol/min_NoH_5_3_6_5_mut_E102LS103GE104AS105TK106GV107L_round_3_0024.rst7' as Amber NC Restart
	Reading '../../3qdo06_E102LS103GE104AS105TK106GV107L/no_restraint_new_protocol/min_NoH_5_3_7_5_mut_E102LS103GE104AS105TK106GV107L_round_3_0010.rst7' as Amber NC Restart
	Reading '../../3qdo06_E102LS103GE104AS105TK106GV107L/no_restraint_new_protocol/min_NoH_5_3_7_5_mut_E102LS103GE104AS105TK106GV107L_round_3_0012.rst7' as Amber NC Restart
	Reading '../../3qdo06_E102LS103GE104AS105TK106GV107L/no_restraint_new_protocol/min_NoH_5_3_7_5_mut_E102LS103GE104AS105TK106GV107L_round_3_0014.rst7' as Amber NC Restart
	Reading '../../3qdo06_E102LS103GE104AS105TK106GV107L/no_restraint_new_protocol/min_NoH_5_3_7_5_mut_E102LS103GE104AS105TK106GV107L_round_3_0021.rst7' as Amber NC Restart
	Reading '../../3qdo06_E102LS103GE104AS105TK106GV107L/no_restraint_new_protocol/min_NoH_5_3_8_5_mut_E102LS103GE104AS105TK106GV107L_round_3_0014.rst7' as Amber NC Restart
	Reading '../../3qdo06_E102LS103GE104AS105TK106GV107L/no_restraint_new_protocol/min_NoH_8_5_1_8_mut_E102LS103GE104AS105TK106GV107L_round_5_0013.rst7' as Amber NC Restart
	Reading '../../3qdo06_E102LS103GE104AS105TK106GV107L/no_restraint_new_protocol/min_NoH_8_5_1_8_mut_E102LS103GE104AS105TK106GV107L_round_5_0014.rst7' as Amber NC Restart
	Reading '../../3qdo06_E102LS103GE104AS105TK106GV107L/no_restraint_new_protocol/min_NoH_8_5_1_8_mut_E102LS103GE104AS105TK106GV107L_round_5_0024.rst7' as Amber NC Restart
	Reading '../../3qdo06_E102LS103GE104AS105TK106GV107L/no_restraint_new_protocol/min_NoH_8_5_3_8_mut_E102LS103GE104AS105TK106GV107L_round_5_0011.rst7' as Amber NC Restart
	Reading '../../3qdo06_E102LS103GE104AS105TK106GV107L/no_restraint_new_protocol/min_NoH_8_5_3_8_mut_E102LS103GE104AS105TK106GV107L_round_5_0014.rst7' as Amber NC Restart
	Reading '../../3qdo06_E102LS103GE104AS105TK106GV107L/no_restraint_new_protocol/min_NoH_8_5_4_8_mut_E102LS103GE104AS105TK106GV107L_round_5_0002.rst7' as Amber NC Restart
	Reading '../../3qdo06_E102LS103GE104AS105TK106GV107L/no_restraint_new_protocol/min_NoH_8_5_4_8_mut_E102LS103GE104AS105TK106GV107L_round_5_0004.rst7' as Amber NC Restart
	Reading '../../3qdo06_E102LS103GE104AS105TK106GV107L/no_restraint_new_protocol/min_NoH_8_5_4_8_mut_E102LS103GE104AS105TK106GV107L_round_5_0008.rst7' as Amber NC Restart
	Reading '../../3qdo06_E102LS103GE104AS105TK106GV107L/no_restraint_new_protocol/min_NoH_8_5_4_8_mut_E102LS103GE104AS105TK106GV107L_round_5_0023.rst7' as Amber NC Restart
	Reading '../../3qdo06_E102LS103GE104AS105TK106GV107L/no_restraint_new_protocol/min_NoH_8_5_5_8_mut_E102LS103GE104AS105TK106GV107L_round_5_0005.rst7' as Amber NC Restart
	Reading '../../3qdo06_E102LS103GE104AS105TK106GV107L/no_restraint_new_protocol/min_NoH_8_5_6_8_mut_E102LS103GE104AS105TK106GV107L_round_5_0012.rst7' as Amber NC Restart
	Reading '../../3qdo06_E102LS103GE104AS105TK106GV107L/no_restraint_new_protocol/min_NoH_8_5_6_8_mut_E102LS103GE104AS105TK106GV107L_round_5_0023.rst7' as Amber NC Restart
	Reading '../../3qdo06_E102LS103GE104AS105TK106GV107L/no_restraint_new_protocol/min_NoH_8_5_7_8_mut_E102LS103GE104AS105TK106GV107L_round_5_0002.rst7' as Amber NC Restart
	Reading '../../3qdo06_E102LS103GE104AS105TK106GV107L/no_restraint_new_protocol/min_NoH_8_5_7_8_mut_E102LS103GE104AS105TK106GV107L_round_5_0007.rst7' as Amber NC Restart
	Reading '../../3qdo06_E102LS103GE104AS105TK106GV107L/no_restraint_new_protocol/min_NoH_8_5_7_8_mut_E102LS103GE104AS105TK106GV107L_round_5_0009.rst7' as Amber NC Restart
	Reading '../../3qdo06_E102LS103GE104AS105TK106GV107L/no_restraint_new_protocol/min_NoH_8_5_7_8_mut_E102LS103GE104AS105TK106GV107L_round_5_0016.rst7' as Amber NC Restart
	Reading '../../3qdo06_E102LS103GE104AS105TK106GV107L/no_restraint_new_protocol/min_NoH_8_5_7_8_mut_E102LS103GE104AS105TK106GV107L_round_5_0017.rst7' as Amber NC Restart
	Reading '../../3qdo06_E102LS103GE104AS105TK106GV107L/no_restraint_new_protocol/min_NoH_8_5_7_8_mut_E102LS103GE104AS105TK106GV107L_round_5_0018.rst7' as Amber NC Restart
	Reading '../../3qdo06_E102LS103GE104AS105TK106GV107L/no_restraint_new_protocol/min_NoH_8_5_7_8_mut_E102LS103GE104AS105TK106GV107L_round_5_0022.rst7' as Amber NC Restart
	Reading '../../3qdo06_E102LS103GE104AS105TK106GV107L/no_restraint_new_protocol/min_NoH_8_5_8_8_mut_E102LS103GE104AS105TK106GV107L_round_5_0001.rst7' as Amber NC Restart
TIME: Total execution time: 0.8330 seconds.
--------------------------------------------------------------------------------
To cite CPPTRAJ use:
Daniel R. Roe and Thomas E. Cheatham, III, "PTRAJ and CPPTRAJ: Software for
  Processing and Analysis of Molecular Dynamics Trajectory Data". J. Chem.
  Theory Comput., 2013, 9 (7), pp 3084-3095.

