
CPPTRAJ: Trajectory Analysis. V16.00
    ___  ___  ___  ___
     | \/ | \/ | \/ | 
    _|_/\_|_/\_|_/\_|_

| Date/time: 06/20/16 16:26:28
| Available memory: 215.614 GB

INPUT: Reading input from 'cpptraj.in'
  [parm ../../1g9o06_E92YS93LE94VS95TK96S/prmtop]
	Reading '../../1g9o06_E92YS93LE94VS95TK96S/prmtop' as Amber Topology
  [trajin ../../1g9o06_E92YS93LE94VS95TK96S/no_restraint_new_protocol/min_NoH_*rst7"]
	Reading '../../1g9o06_E92YS93LE94VS95TK96S/no_restraint_new_protocol/min_NoH_3_2_1_3_mut_E92YS93LE94VS95TK96S_round_2_0019.rst7' as Amber NC Restart
	Reading '../../1g9o06_E92YS93LE94VS95TK96S/no_restraint_new_protocol/min_NoH_3_2_2_3_mut_E92YS93LE94VS95TK96S_round_2_0018.rst7' as Amber NC Restart
	Reading '../../1g9o06_E92YS93LE94VS95TK96S/no_restraint_new_protocol/min_NoH_3_2_3_3_mut_E92YS93LE94VS95TK96S_round_2_0009.rst7' as Amber NC Restart
	Reading '../../1g9o06_E92YS93LE94VS95TK96S/no_restraint_new_protocol/min_NoH_3_2_4_3_mut_E92YS93LE94VS95TK96S_round_2_0004.rst7' as Amber NC Restart
	Reading '../../1g9o06_E92YS93LE94VS95TK96S/no_restraint_new_protocol/min_NoH_3_2_4_3_mut_E92YS93LE94VS95TK96S_round_2_0021.rst7' as Amber NC Restart
	Reading '../../1g9o06_E92YS93LE94VS95TK96S/no_restraint_new_protocol/min_NoH_3_2_5_3_mut_E92YS93LE94VS95TK96S_round_2_0002.rst7' as Amber NC Restart
	Reading '../../1g9o06_E92YS93LE94VS95TK96S/no_restraint_new_protocol/min_NoH_3_2_5_3_mut_E92YS93LE94VS95TK96S_round_2_0010.rst7' as Amber NC Restart
	Reading '../../1g9o06_E92YS93LE94VS95TK96S/no_restraint_new_protocol/min_NoH_3_2_5_3_mut_E92YS93LE94VS95TK96S_round_2_0019.rst7' as Amber NC Restart
	Reading '../../1g9o06_E92YS93LE94VS95TK96S/no_restraint_new_protocol/min_NoH_3_2_6_3_mut_E92YS93LE94VS95TK96S_round_2_0022.rst7' as Amber NC Restart
	Reading '../../1g9o06_E92YS93LE94VS95TK96S/no_restraint_new_protocol/min_NoH_3_2_7_3_mut_E92YS93LE94VS95TK96S_round_2_0020.rst7' as Amber NC Restart
	Reading '../../1g9o06_E92YS93LE94VS95TK96S/no_restraint_new_protocol/min_NoH_3_2_7_3_mut_E92YS93LE94VS95TK96S_round_2_0023.rst7' as Amber NC Restart
	Reading '../../1g9o06_E92YS93LE94VS95TK96S/no_restraint_new_protocol/min_NoH_3_2_8_3_mut_E92YS93LE94VS95TK96S_round_2_0010.rst7' as Amber NC Restart
	Reading '../../1g9o06_E92YS93LE94VS95TK96S/no_restraint_new_protocol/min_NoH_8_1_2_8_mut_E92YS93LE94VS95TK96S_round_1_0003.rst7' as Amber NC Restart
	Reading '../../1g9o06_E92YS93LE94VS95TK96S/no_restraint_new_protocol/min_NoH_8_1_2_8_mut_E92YS93LE94VS95TK96S_round_1_0020.rst7' as Amber NC Restart
	Reading '../../1g9o06_E92YS93LE94VS95TK96S/no_restraint_new_protocol/min_NoH_8_1_3_8_mut_E92YS93LE94VS95TK96S_round_1_0009.rst7' as Amber NC Restart
	Reading '../../1g9o06_E92YS93LE94VS95TK96S/no_restraint_new_protocol/min_NoH_8_1_3_8_mut_E92YS93LE94VS95TK96S_round_1_0012.rst7' as Amber NC Restart
	Reading '../../1g9o06_E92YS93LE94VS95TK96S/no_restraint_new_protocol/min_NoH_8_1_3_8_mut_E92YS93LE94VS95TK96S_round_1_0016.rst7' as Amber NC Restart
	Reading '../../1g9o06_E92YS93LE94VS95TK96S/no_restraint_new_protocol/min_NoH_8_1_3_8_mut_E92YS93LE94VS95TK96S_round_1_0022.rst7' as Amber NC Restart
	Reading '../../1g9o06_E92YS93LE94VS95TK96S/no_restraint_new_protocol/min_NoH_8_1_4_8_mut_E92YS93LE94VS95TK96S_round_1_0013.rst7' as Amber NC Restart
	Reading '../../1g9o06_E92YS93LE94VS95TK96S/no_restraint_new_protocol/min_NoH_8_1_4_8_mut_E92YS93LE94VS95TK96S_round_1_0016.rst7' as Amber NC Restart
	Reading '../../1g9o06_E92YS93LE94VS95TK96S/no_restraint_new_protocol/min_NoH_8_1_4_8_mut_E92YS93LE94VS95TK96S_round_1_0023.rst7' as Amber NC Restart
	Reading '../../1g9o06_E92YS93LE94VS95TK96S/no_restraint_new_protocol/min_NoH_8_1_5_8_mut_E92YS93LE94VS95TK96S_round_1_0009.rst7' as Amber NC Restart
	Reading '../../1g9o06_E92YS93LE94VS95TK96S/no_restraint_new_protocol/min_NoH_8_1_5_8_mut_E92YS93LE94VS95TK96S_round_1_0014.rst7' as Amber NC Restart
	Reading '../../1g9o06_E92YS93LE94VS95TK96S/no_restraint_new_protocol/min_NoH_8_1_6_8_mut_E92YS93LE94VS95TK96S_round_1_0003.rst7' as Amber NC Restart
	Reading '../../1g9o06_E92YS93LE94VS95TK96S/no_restraint_new_protocol/min_NoH_8_1_6_8_mut_E92YS93LE94VS95TK96S_round_1_0017.rst7' as Amber NC Restart
	Reading '../../1g9o06_E92YS93LE94VS95TK96S/no_restraint_new_protocol/min_NoH_8_1_7_8_mut_E92YS93LE94VS95TK96S_round_1_0006.rst7' as Amber NC Restart
	Reading '../../1g9o06_E92YS93LE94VS95TK96S/no_restraint_new_protocol/min_NoH_8_1_7_8_mut_E92YS93LE94VS95TK96S_round_1_0023.rst7' as Amber NC Restart
	Reading '../../1g9o06_E92YS93LE94VS95TK96S/no_restraint_new_protocol/min_NoH_8_1_8_8_mut_E92YS93LE94VS95TK96S_round_1_0012.rst7' as Amber NC Restart
	Reading '../../1g9o06_E92YS93LE94VS95TK96S/no_restraint_new_protocol/min_NoH_8_1_8_8_mut_E92YS93LE94VS95TK96S_round_1_0021.rst7' as Amber NC Restart
	Reading '../../1g9o06_E92YS93LE94VS95TK96S/no_restraint_new_protocol/min_NoH_8_1_8_8_mut_E92YS93LE94VS95TK96S_round_1_0023.rst7' as Amber NC Restart
	Reading '../../1g9o06_E92YS93LE94VS95TK96S/no_restraint_new_protocol/min_NoH_9_1_1_9_mut_E92YS93LE94VS95TK96S_round_1_0004.rst7' as Amber NC Restart
	Reading '../../1g9o06_E92YS93LE94VS95TK96S/no_restraint_new_protocol/min_NoH_9_1_1_9_mut_E92YS93LE94VS95TK96S_round_1_0008.rst7' as Amber NC Restart
	Reading '../../1g9o06_E92YS93LE94VS95TK96S/no_restraint_new_protocol/min_NoH_9_1_1_9_mut_E92YS93LE94VS95TK96S_round_1_0024.rst7' as Amber NC Restart
	Reading '../../1g9o06_E92YS93LE94VS95TK96S/no_restraint_new_protocol/min_NoH_9_1_2_9_mut_E92YS93LE94VS95TK96S_round_1_0002.rst7' as Amber NC Restart
	Reading '../../1g9o06_E92YS93LE94VS95TK96S/no_restraint_new_protocol/min_NoH_9_1_2_9_mut_E92YS93LE94VS95TK96S_round_1_0006.rst7' as Amber NC Restart
	Reading '../../1g9o06_E92YS93LE94VS95TK96S/no_restraint_new_protocol/min_NoH_9_1_2_9_mut_E92YS93LE94VS95TK96S_round_1_0019.rst7' as Amber NC Restart
	Reading '../../1g9o06_E92YS93LE94VS95TK96S/no_restraint_new_protocol/min_NoH_9_1_3_9_mut_E92YS93LE94VS95TK96S_round_1_0012.rst7' as Amber NC Restart
	Reading '../../1g9o06_E92YS93LE94VS95TK96S/no_restraint_new_protocol/min_NoH_9_1_3_9_mut_E92YS93LE94VS95TK96S_round_1_0020.rst7' as Amber NC Restart
	Reading '../../1g9o06_E92YS93LE94VS95TK96S/no_restraint_new_protocol/min_NoH_9_1_3_9_mut_E92YS93LE94VS95TK96S_round_1_0025.rst7' as Amber NC Restart
	Reading '../../1g9o06_E92YS93LE94VS95TK96S/no_restraint_new_protocol/min_NoH_9_1_4_9_mut_E92YS93LE94VS95TK96S_round_1_0006.rst7' as Amber NC Restart
	Reading '../../1g9o06_E92YS93LE94VS95TK96S/no_restraint_new_protocol/min_NoH_9_1_4_9_mut_E92YS93LE94VS95TK96S_round_1_0010.rst7' as Amber NC Restart
	Reading '../../1g9o06_E92YS93LE94VS95TK96S/no_restraint_new_protocol/min_NoH_9_1_4_9_mut_E92YS93LE94VS95TK96S_round_1_0013.rst7' as Amber NC Restart
	Reading '../../1g9o06_E92YS93LE94VS95TK96S/no_restraint_new_protocol/min_NoH_9_1_5_9_mut_E92YS93LE94VS95TK96S_round_1_0007.rst7' as Amber NC Restart
	Reading '../../1g9o06_E92YS93LE94VS95TK96S/no_restraint_new_protocol/min_NoH_9_1_5_9_mut_E92YS93LE94VS95TK96S_round_1_0012.rst7' as Amber NC Restart
	Reading '../../1g9o06_E92YS93LE94VS95TK96S/no_restraint_new_protocol/min_NoH_9_1_5_9_mut_E92YS93LE94VS95TK96S_round_1_0020.rst7' as Amber NC Restart
	Reading '../../1g9o06_E92YS93LE94VS95TK96S/no_restraint_new_protocol/min_NoH_9_1_5_9_mut_E92YS93LE94VS95TK96S_round_1_0022.rst7' as Amber NC Restart
	Reading '../../1g9o06_E92YS93LE94VS95TK96S/no_restraint_new_protocol/min_NoH_9_1_7_9_mut_E92YS93LE94VS95TK96S_round_1_0012.rst7' as Amber NC Restart
	Reading '../../1g9o06_E92YS93LE94VS95TK96S/no_restraint_new_protocol/min_NoH_9_1_8_9_mut_E92YS93LE94VS95TK96S_round_1_0012.rst7' as Amber NC Restart
	Reading '../../1g9o06_E92YS93LE94VS95TK96S/no_restraint_new_protocol/min_NoH_9_1_8_9_mut_E92YS93LE94VS95TK96S_round_1_0013.rst7' as Amber NC Restart
	Reading '../../1g9o06_E92YS93LE94VS95TK96S/no_restraint_new_protocol/min_NoH_9_1_8_9_mut_E92YS93LE94VS95TK96S_round_1_0014.rst7' as Amber NC Restart
TIME: Total execution time: 0.8645 seconds.
--------------------------------------------------------------------------------
To cite CPPTRAJ use:
Daniel R. Roe and Thomas E. Cheatham, III, "PTRAJ and CPPTRAJ: Software for
  Processing and Analysis of Molecular Dynamics Trajectory Data". J. Chem.
  Theory Comput., 2013, 9 (7), pp 3084-3095.

