
CPPTRAJ: Trajectory Analysis. V16.00
    ___  ___  ___  ___
     | \/ | \/ | \/ | 
    _|_/\_|_/\_|_/\_|_

| Date/time: 06/20/16 16:27:01
| Available memory: 215.758 GB

INPUT: Reading input from 'cpptraj.in'
  [parm ../../3qdo07_E102KA103QE105SK107TV108L/prmtop]
	Reading '../../3qdo07_E102KA103QE105SK107TV108L/prmtop' as Amber Topology
  [trajin ../../3qdo07_E102KA103QE105SK107TV108L/no_restraint_new_protocol/min_NoH_*rst7"]
	Reading '../../3qdo07_E102KA103QE105SK107TV108L/no_restraint_new_protocol/min_NoH_2_3_2_2_mut_E102KA103QE105SK107TV108L_round_3_0014.rst7' as Amber NC Restart
	Reading '../../3qdo07_E102KA103QE105SK107TV108L/no_restraint_new_protocol/min_NoH_2_3_5_2_mut_E102KA103QE105SK107TV108L_round_3_0003.rst7' as Amber NC Restart
	Reading '../../3qdo07_E102KA103QE105SK107TV108L/no_restraint_new_protocol/min_NoH_2_3_5_2_mut_E102KA103QE105SK107TV108L_round_3_0022.rst7' as Amber NC Restart
	Reading '../../3qdo07_E102KA103QE105SK107TV108L/no_restraint_new_protocol/min_NoH_2_3_7_2_mut_E102KA103QE105SK107TV108L_round_3_0004.rst7' as Amber NC Restart
	Reading '../../3qdo07_E102KA103QE105SK107TV108L/no_restraint_new_protocol/min_NoH_2_3_7_2_mut_E102KA103QE105SK107TV108L_round_3_0006.rst7' as Amber NC Restart
	Reading '../../3qdo07_E102KA103QE105SK107TV108L/no_restraint_new_protocol/min_NoH_2_3_7_2_mut_E102KA103QE105SK107TV108L_round_3_0008.rst7' as Amber NC Restart
	Reading '../../3qdo07_E102KA103QE105SK107TV108L/no_restraint_new_protocol/min_NoH_2_3_7_2_mut_E102KA103QE105SK107TV108L_round_3_0015.rst7' as Amber NC Restart
	Reading '../../3qdo07_E102KA103QE105SK107TV108L/no_restraint_new_protocol/min_NoH_2_3_7_2_mut_E102KA103QE105SK107TV108L_round_3_0024.rst7' as Amber NC Restart
	Reading '../../3qdo07_E102KA103QE105SK107TV108L/no_restraint_new_protocol/min_NoH_2_3_8_2_mut_E102KA103QE105SK107TV108L_round_3_0001.rst7' as Amber NC Restart
	Reading '../../3qdo07_E102KA103QE105SK107TV108L/no_restraint_new_protocol/min_NoH_2_3_8_2_mut_E102KA103QE105SK107TV108L_round_3_0004.rst7' as Amber NC Restart
	Reading '../../3qdo07_E102KA103QE105SK107TV108L/no_restraint_new_protocol/min_NoH_7_4_1_7_mut_E102KA103QE105SK107TV108L_round_4_0003.rst7' as Amber NC Restart
	Reading '../../3qdo07_E102KA103QE105SK107TV108L/no_restraint_new_protocol/min_NoH_7_4_1_7_mut_E102KA103QE105SK107TV108L_round_4_0006.rst7' as Amber NC Restart
	Reading '../../3qdo07_E102KA103QE105SK107TV108L/no_restraint_new_protocol/min_NoH_7_4_1_7_mut_E102KA103QE105SK107TV108L_round_4_0007.rst7' as Amber NC Restart
	Reading '../../3qdo07_E102KA103QE105SK107TV108L/no_restraint_new_protocol/min_NoH_7_4_1_7_mut_E102KA103QE105SK107TV108L_round_4_0009.rst7' as Amber NC Restart
	Reading '../../3qdo07_E102KA103QE105SK107TV108L/no_restraint_new_protocol/min_NoH_7_4_1_7_mut_E102KA103QE105SK107TV108L_round_4_0024.rst7' as Amber NC Restart
	Reading '../../3qdo07_E102KA103QE105SK107TV108L/no_restraint_new_protocol/min_NoH_7_4_2_7_mut_E102KA103QE105SK107TV108L_round_4_0007.rst7' as Amber NC Restart
	Reading '../../3qdo07_E102KA103QE105SK107TV108L/no_restraint_new_protocol/min_NoH_7_4_2_7_mut_E102KA103QE105SK107TV108L_round_4_0009.rst7' as Amber NC Restart
	Reading '../../3qdo07_E102KA103QE105SK107TV108L/no_restraint_new_protocol/min_NoH_7_4_2_7_mut_E102KA103QE105SK107TV108L_round_4_0016.rst7' as Amber NC Restart
	Reading '../../3qdo07_E102KA103QE105SK107TV108L/no_restraint_new_protocol/min_NoH_7_4_3_7_mut_E102KA103QE105SK107TV108L_round_4_0002.rst7' as Amber NC Restart
	Reading '../../3qdo07_E102KA103QE105SK107TV108L/no_restraint_new_protocol/min_NoH_7_4_3_7_mut_E102KA103QE105SK107TV108L_round_4_0008.rst7' as Amber NC Restart
	Reading '../../3qdo07_E102KA103QE105SK107TV108L/no_restraint_new_protocol/min_NoH_7_4_3_7_mut_E102KA103QE105SK107TV108L_round_4_0011.rst7' as Amber NC Restart
	Reading '../../3qdo07_E102KA103QE105SK107TV108L/no_restraint_new_protocol/min_NoH_7_4_3_7_mut_E102KA103QE105SK107TV108L_round_4_0020.rst7' as Amber NC Restart
	Reading '../../3qdo07_E102KA103QE105SK107TV108L/no_restraint_new_protocol/min_NoH_7_4_3_7_mut_E102KA103QE105SK107TV108L_round_4_0021.rst7' as Amber NC Restart
	Reading '../../3qdo07_E102KA103QE105SK107TV108L/no_restraint_new_protocol/min_NoH_7_4_4_7_mut_E102KA103QE105SK107TV108L_round_4_0012.rst7' as Amber NC Restart
	Reading '../../3qdo07_E102KA103QE105SK107TV108L/no_restraint_new_protocol/min_NoH_7_4_4_7_mut_E102KA103QE105SK107TV108L_round_4_0020.rst7' as Amber NC Restart
	Reading '../../3qdo07_E102KA103QE105SK107TV108L/no_restraint_new_protocol/min_NoH_7_4_5_7_mut_E102KA103QE105SK107TV108L_round_4_0005.rst7' as Amber NC Restart
	Reading '../../3qdo07_E102KA103QE105SK107TV108L/no_restraint_new_protocol/min_NoH_7_4_5_7_mut_E102KA103QE105SK107TV108L_round_4_0009.rst7' as Amber NC Restart
	Reading '../../3qdo07_E102KA103QE105SK107TV108L/no_restraint_new_protocol/min_NoH_7_4_5_7_mut_E102KA103QE105SK107TV108L_round_4_0012.rst7' as Amber NC Restart
	Reading '../../3qdo07_E102KA103QE105SK107TV108L/no_restraint_new_protocol/min_NoH_7_4_5_7_mut_E102KA103QE105SK107TV108L_round_4_0017.rst7' as Amber NC Restart
	Reading '../../3qdo07_E102KA103QE105SK107TV108L/no_restraint_new_protocol/min_NoH_7_4_5_7_mut_E102KA103QE105SK107TV108L_round_4_0023.rst7' as Amber NC Restart
	Reading '../../3qdo07_E102KA103QE105SK107TV108L/no_restraint_new_protocol/min_NoH_7_4_6_7_mut_E102KA103QE105SK107TV108L_round_4_0020.rst7' as Amber NC Restart
	Reading '../../3qdo07_E102KA103QE105SK107TV108L/no_restraint_new_protocol/min_NoH_7_4_7_7_mut_E102KA103QE105SK107TV108L_round_4_0014.rst7' as Amber NC Restart
	Reading '../../3qdo07_E102KA103QE105SK107TV108L/no_restraint_new_protocol/min_NoH_7_4_8_7_mut_E102KA103QE105SK107TV108L_round_4_0006.rst7' as Amber NC Restart
	Reading '../../3qdo07_E102KA103QE105SK107TV108L/no_restraint_new_protocol/min_NoH_7_4_8_7_mut_E102KA103QE105SK107TV108L_round_4_0016.rst7' as Amber NC Restart
	Reading '../../3qdo07_E102KA103QE105SK107TV108L/no_restraint_new_protocol/min_NoH_7_4_8_7_mut_E102KA103QE105SK107TV108L_round_4_0017.rst7' as Amber NC Restart
	Reading '../../3qdo07_E102KA103QE105SK107TV108L/no_restraint_new_protocol/min_NoH_7_4_8_7_mut_E102KA103QE105SK107TV108L_round_4_0023.rst7' as Amber NC Restart
	Reading '../../3qdo07_E102KA103QE105SK107TV108L/no_restraint_new_protocol/min_NoH_7_5_1_7_mut_E102KA103QE105SK107TV108L_round_5_0006.rst7' as Amber NC Restart
	Reading '../../3qdo07_E102KA103QE105SK107TV108L/no_restraint_new_protocol/min_NoH_7_5_1_7_mut_E102KA103QE105SK107TV108L_round_5_0009.rst7' as Amber NC Restart
	Reading '../../3qdo07_E102KA103QE105SK107TV108L/no_restraint_new_protocol/min_NoH_7_5_1_7_mut_E102KA103QE105SK107TV108L_round_5_0019.rst7' as Amber NC Restart
	Reading '../../3qdo07_E102KA103QE105SK107TV108L/no_restraint_new_protocol/min_NoH_7_5_1_7_mut_E102KA103QE105SK107TV108L_round_5_0021.rst7' as Amber NC Restart
	Reading '../../3qdo07_E102KA103QE105SK107TV108L/no_restraint_new_protocol/min_NoH_7_5_4_7_mut_E102KA103QE105SK107TV108L_round_5_0009.rst7' as Amber NC Restart
	Reading '../../3qdo07_E102KA103QE105SK107TV108L/no_restraint_new_protocol/min_NoH_7_5_4_7_mut_E102KA103QE105SK107TV108L_round_5_0019.rst7' as Amber NC Restart
	Reading '../../3qdo07_E102KA103QE105SK107TV108L/no_restraint_new_protocol/min_NoH_7_5_4_7_mut_E102KA103QE105SK107TV108L_round_5_0024.rst7' as Amber NC Restart
	Reading '../../3qdo07_E102KA103QE105SK107TV108L/no_restraint_new_protocol/min_NoH_7_5_6_7_mut_E102KA103QE105SK107TV108L_round_5_0008.rst7' as Amber NC Restart
	Reading '../../3qdo07_E102KA103QE105SK107TV108L/no_restraint_new_protocol/min_NoH_7_5_6_7_mut_E102KA103QE105SK107TV108L_round_5_0012.rst7' as Amber NC Restart
	Reading '../../3qdo07_E102KA103QE105SK107TV108L/no_restraint_new_protocol/min_NoH_7_5_6_7_mut_E102KA103QE105SK107TV108L_round_5_0021.rst7' as Amber NC Restart
	Reading '../../3qdo07_E102KA103QE105SK107TV108L/no_restraint_new_protocol/min_NoH_7_5_7_7_mut_E102KA103QE105SK107TV108L_round_5_0020.rst7' as Amber NC Restart
	Reading '../../3qdo07_E102KA103QE105SK107TV108L/no_restraint_new_protocol/min_NoH_7_5_7_7_mut_E102KA103QE105SK107TV108L_round_5_0023.rst7' as Amber NC Restart
	Reading '../../3qdo07_E102KA103QE105SK107TV108L/no_restraint_new_protocol/min_NoH_7_5_7_7_mut_E102KA103QE105SK107TV108L_round_5_0024.rst7' as Amber NC Restart
	Reading '../../3qdo07_E102KA103QE105SK107TV108L/no_restraint_new_protocol/min_NoH_7_5_8_7_mut_E102KA103QE105SK107TV108L_round_5_0022.rst7' as Amber NC Restart
TIME: Total execution time: 0.7337 seconds.
--------------------------------------------------------------------------------
To cite CPPTRAJ use:
Daniel R. Roe and Thomas E. Cheatham, III, "PTRAJ and CPPTRAJ: Software for
  Processing and Analysis of Molecular Dynamics Trajectory Data". J. Chem.
  Theory Comput., 2013, 9 (7), pp 3084-3095.

