
CPPTRAJ: Trajectory Analysis. V16.00
    ___  ___  ___  ___
     | \/ | \/ | \/ | 
    _|_/\_|_/\_|_/\_|_

| Date/time: 06/20/16 16:26:46
| Available memory: 215.700 GB

INPUT: Reading input from 'cpptraj.in'
  [parm ../../2i0406_wt/prmtop]
	Reading '../../2i0406_wt/prmtop' as Amber Topology
  [trajin ../../2i0406_wt/no_restraint_new_protocol/min_NoH_*rst7"]
	Reading '../../2i0406_wt/no_restraint_new_protocol/min_NoH_10_5_1_10_repacked_wt_round_5_0010.rst7' as Amber NC Restart
	Reading '../../2i0406_wt/no_restraint_new_protocol/min_NoH_10_5_2_10_repacked_wt_round_5_0019.rst7' as Amber NC Restart
	Reading '../../2i0406_wt/no_restraint_new_protocol/min_NoH_10_5_3_10_repacked_wt_round_5_0017.rst7' as Amber NC Restart
	Reading '../../2i0406_wt/no_restraint_new_protocol/min_NoH_10_5_3_10_repacked_wt_round_5_0018.rst7' as Amber NC Restart
	Reading '../../2i0406_wt/no_restraint_new_protocol/min_NoH_10_5_4_10_repacked_wt_round_5_0003.rst7' as Amber NC Restart
	Reading '../../2i0406_wt/no_restraint_new_protocol/min_NoH_10_5_4_10_repacked_wt_round_5_0021.rst7' as Amber NC Restart
	Reading '../../2i0406_wt/no_restraint_new_protocol/min_NoH_10_5_5_10_repacked_wt_round_5_0001.rst7' as Amber NC Restart
	Reading '../../2i0406_wt/no_restraint_new_protocol/min_NoH_10_5_6_10_repacked_wt_round_5_0007.rst7' as Amber NC Restart
	Reading '../../2i0406_wt/no_restraint_new_protocol/min_NoH_10_5_7_10_repacked_wt_round_5_0016.rst7' as Amber NC Restart
	Reading '../../2i0406_wt/no_restraint_new_protocol/min_NoH_10_5_7_10_repacked_wt_round_5_0020.rst7' as Amber NC Restart
	Reading '../../2i0406_wt/no_restraint_new_protocol/min_NoH_10_5_8_10_repacked_wt_round_5_0021.rst7' as Amber NC Restart
	Reading '../../2i0406_wt/no_restraint_new_protocol/min_NoH_1_3_1_1_repacked_wt_round_3_0003.rst7' as Amber NC Restart
	Reading '../../2i0406_wt/no_restraint_new_protocol/min_NoH_1_3_1_1_repacked_wt_round_3_0009.rst7' as Amber NC Restart
	Reading '../../2i0406_wt/no_restraint_new_protocol/min_NoH_1_3_1_1_repacked_wt_round_3_0015.rst7' as Amber NC Restart
	Reading '../../2i0406_wt/no_restraint_new_protocol/min_NoH_1_3_1_1_repacked_wt_round_3_0016.rst7' as Amber NC Restart
	Reading '../../2i0406_wt/no_restraint_new_protocol/min_NoH_1_3_2_1_repacked_wt_round_3_0018.rst7' as Amber NC Restart
	Reading '../../2i0406_wt/no_restraint_new_protocol/min_NoH_1_3_2_1_repacked_wt_round_3_0024.rst7' as Amber NC Restart
	Reading '../../2i0406_wt/no_restraint_new_protocol/min_NoH_1_3_4_1_repacked_wt_round_3_0021.rst7' as Amber NC Restart
	Reading '../../2i0406_wt/no_restraint_new_protocol/min_NoH_1_3_5_1_repacked_wt_round_3_0007.rst7' as Amber NC Restart
	Reading '../../2i0406_wt/no_restraint_new_protocol/min_NoH_1_3_5_1_repacked_wt_round_3_0018.rst7' as Amber NC Restart
	Reading '../../2i0406_wt/no_restraint_new_protocol/min_NoH_1_3_6_1_repacked_wt_round_3_0007.rst7' as Amber NC Restart
	Reading '../../2i0406_wt/no_restraint_new_protocol/min_NoH_1_3_6_1_repacked_wt_round_3_0011.rst7' as Amber NC Restart
	Reading '../../2i0406_wt/no_restraint_new_protocol/min_NoH_1_3_6_1_repacked_wt_round_3_0015.rst7' as Amber NC Restart
	Reading '../../2i0406_wt/no_restraint_new_protocol/min_NoH_1_3_7_1_repacked_wt_round_3_0012.rst7' as Amber NC Restart
	Reading '../../2i0406_wt/no_restraint_new_protocol/min_NoH_1_3_8_1_repacked_wt_round_3_0008.rst7' as Amber NC Restart
	Reading '../../2i0406_wt/no_restraint_new_protocol/min_NoH_1_3_8_1_repacked_wt_round_3_0015.rst7' as Amber NC Restart
	Reading '../../2i0406_wt/no_restraint_new_protocol/min_NoH_3_3_1_3_repacked_wt_round_3_0022.rst7' as Amber NC Restart
	Reading '../../2i0406_wt/no_restraint_new_protocol/min_NoH_3_3_2_3_repacked_wt_round_3_0003.rst7' as Amber NC Restart
	Reading '../../2i0406_wt/no_restraint_new_protocol/min_NoH_3_3_2_3_repacked_wt_round_3_0012.rst7' as Amber NC Restart
	Reading '../../2i0406_wt/no_restraint_new_protocol/min_NoH_3_3_2_3_repacked_wt_round_3_0013.rst7' as Amber NC Restart
	Reading '../../2i0406_wt/no_restraint_new_protocol/min_NoH_3_3_2_3_repacked_wt_round_3_0017.rst7' as Amber NC Restart
	Reading '../../2i0406_wt/no_restraint_new_protocol/min_NoH_3_3_3_3_repacked_wt_round_3_0003.rst7' as Amber NC Restart
	Reading '../../2i0406_wt/no_restraint_new_protocol/min_NoH_3_3_3_3_repacked_wt_round_3_0008.rst7' as Amber NC Restart
	Reading '../../2i0406_wt/no_restraint_new_protocol/min_NoH_3_3_3_3_repacked_wt_round_3_0020.rst7' as Amber NC Restart
	Reading '../../2i0406_wt/no_restraint_new_protocol/min_NoH_3_3_4_3_repacked_wt_round_3_0016.rst7' as Amber NC Restart
	Reading '../../2i0406_wt/no_restraint_new_protocol/min_NoH_3_3_4_3_repacked_wt_round_3_0019.rst7' as Amber NC Restart
	Reading '../../2i0406_wt/no_restraint_new_protocol/min_NoH_3_3_5_3_repacked_wt_round_3_0001.rst7' as Amber NC Restart
	Reading '../../2i0406_wt/no_restraint_new_protocol/min_NoH_3_3_5_3_repacked_wt_round_3_0010.rst7' as Amber NC Restart
	Reading '../../2i0406_wt/no_restraint_new_protocol/min_NoH_3_3_5_3_repacked_wt_round_3_0016.rst7' as Amber NC Restart
	Reading '../../2i0406_wt/no_restraint_new_protocol/min_NoH_3_3_6_3_repacked_wt_round_3_0001.rst7' as Amber NC Restart
	Reading '../../2i0406_wt/no_restraint_new_protocol/min_NoH_3_3_6_3_repacked_wt_round_3_0015.rst7' as Amber NC Restart
	Reading '../../2i0406_wt/no_restraint_new_protocol/min_NoH_3_3_6_3_repacked_wt_round_3_0016.rst7' as Amber NC Restart
	Reading '../../2i0406_wt/no_restraint_new_protocol/min_NoH_3_3_6_3_repacked_wt_round_3_0017.rst7' as Amber NC Restart
	Reading '../../2i0406_wt/no_restraint_new_protocol/min_NoH_3_3_6_3_repacked_wt_round_3_0020.rst7' as Amber NC Restart
	Reading '../../2i0406_wt/no_restraint_new_protocol/min_NoH_3_3_6_3_repacked_wt_round_3_0023.rst7' as Amber NC Restart
	Reading '../../2i0406_wt/no_restraint_new_protocol/min_NoH_3_3_7_3_repacked_wt_round_3_0001.rst7' as Amber NC Restart
	Reading '../../2i0406_wt/no_restraint_new_protocol/min_NoH_3_3_7_3_repacked_wt_round_3_0006.rst7' as Amber NC Restart
	Reading '../../2i0406_wt/no_restraint_new_protocol/min_NoH_3_3_7_3_repacked_wt_round_3_0010.rst7' as Amber NC Restart
	Reading '../../2i0406_wt/no_restraint_new_protocol/min_NoH_3_3_8_3_repacked_wt_round_3_0019.rst7' as Amber NC Restart
	Reading '../../2i0406_wt/no_restraint_new_protocol/min_NoH_3_3_8_3_repacked_wt_round_3_0023.rst7' as Amber NC Restart
TIME: Total execution time: 0.9616 seconds.
--------------------------------------------------------------------------------
To cite CPPTRAJ use:
Daniel R. Roe and Thomas E. Cheatham, III, "PTRAJ and CPPTRAJ: Software for
  Processing and Analysis of Molecular Dynamics Trajectory Data". J. Chem.
  Theory Comput., 2013, 9 (7), pp 3084-3095.

