
CPPTRAJ: Trajectory Analysis. V16.00
    ___  ___  ___  ___
     | \/ | \/ | \/ | 
    _|_/\_|_/\_|_/\_|_

| Date/time: 06/20/16 16:27:07
| Available memory: 215.777 GB

INPUT: Reading input from 'cpptraj.in'
  [parm ../../1qav06_H185SL186IT188AT189DF190V/prmtop]
	Reading '../../1qav06_H185SL186IT188AT189DF190V/prmtop' as Amber Topology
  [trajin ../../1qav06_H185SL186IT188AT189DF190V/no_restraint_new_protocol/min_NoH_*rst7"]
	Reading '../../1qav06_H185SL186IT188AT189DF190V/no_restraint_new_protocol/min_NoH_7_4_10_7_mut_H185SL186IT188AT189DF190V_round_4_0018.rst7' as Amber NC Restart
	Reading '../../1qav06_H185SL186IT188AT189DF190V/no_restraint_new_protocol/min_NoH_7_4_2_7_mut_H185SL186IT188AT189DF190V_round_4_0017.rst7' as Amber NC Restart
	Reading '../../1qav06_H185SL186IT188AT189DF190V/no_restraint_new_protocol/min_NoH_7_4_3_7_mut_H185SL186IT188AT189DF190V_round_4_0006.rst7' as Amber NC Restart
	Reading '../../1qav06_H185SL186IT188AT189DF190V/no_restraint_new_protocol/min_NoH_7_4_3_7_mut_H185SL186IT188AT189DF190V_round_4_0010.rst7' as Amber NC Restart
	Reading '../../1qav06_H185SL186IT188AT189DF190V/no_restraint_new_protocol/min_NoH_7_4_3_7_mut_H185SL186IT188AT189DF190V_round_4_0019.rst7' as Amber NC Restart
	Reading '../../1qav06_H185SL186IT188AT189DF190V/no_restraint_new_protocol/min_NoH_7_4_5_7_mut_H185SL186IT188AT189DF190V_round_4_0002.rst7' as Amber NC Restart
	Reading '../../1qav06_H185SL186IT188AT189DF190V/no_restraint_new_protocol/min_NoH_7_4_5_7_mut_H185SL186IT188AT189DF190V_round_4_0004.rst7' as Amber NC Restart
	Reading '../../1qav06_H185SL186IT188AT189DF190V/no_restraint_new_protocol/min_NoH_7_4_8_7_mut_H185SL186IT188AT189DF190V_round_4_0018.rst7' as Amber NC Restart
	Reading '../../1qav06_H185SL186IT188AT189DF190V/no_restraint_new_protocol/min_NoH_7_4_9_7_mut_H185SL186IT188AT189DF190V_round_4_0018.rst7' as Amber NC Restart
	Reading '../../1qav06_H185SL186IT188AT189DF190V/no_restraint_new_protocol/min_NoH_7_4_9_7_mut_H185SL186IT188AT189DF190V_round_4_0020.rst7' as Amber NC Restart
	Reading '../../1qav06_H185SL186IT188AT189DF190V/no_restraint_new_protocol/min_NoH_8_1_10_8_mut_H185SL186IT188AT189DF190V_round_1_0001.rst7' as Amber NC Restart
	Reading '../../1qav06_H185SL186IT188AT189DF190V/no_restraint_new_protocol/min_NoH_8_1_10_8_mut_H185SL186IT188AT189DF190V_round_1_0015.rst7' as Amber NC Restart
	Reading '../../1qav06_H185SL186IT188AT189DF190V/no_restraint_new_protocol/min_NoH_8_1_10_8_mut_H185SL186IT188AT189DF190V_round_1_0019.rst7' as Amber NC Restart
	Reading '../../1qav06_H185SL186IT188AT189DF190V/no_restraint_new_protocol/min_NoH_8_1_1_8_mut_H185SL186IT188AT189DF190V_round_1_0004.rst7' as Amber NC Restart
	Reading '../../1qav06_H185SL186IT188AT189DF190V/no_restraint_new_protocol/min_NoH_8_1_1_8_mut_H185SL186IT188AT189DF190V_round_1_0012.rst7' as Amber NC Restart
	Reading '../../1qav06_H185SL186IT188AT189DF190V/no_restraint_new_protocol/min_NoH_8_1_2_8_mut_H185SL186IT188AT189DF190V_round_1_0014.rst7' as Amber NC Restart
	Reading '../../1qav06_H185SL186IT188AT189DF190V/no_restraint_new_protocol/min_NoH_8_1_3_8_mut_H185SL186IT188AT189DF190V_round_1_0005.rst7' as Amber NC Restart
	Reading '../../1qav06_H185SL186IT188AT189DF190V/no_restraint_new_protocol/min_NoH_8_1_3_8_mut_H185SL186IT188AT189DF190V_round_1_0011.rst7' as Amber NC Restart
	Reading '../../1qav06_H185SL186IT188AT189DF190V/no_restraint_new_protocol/min_NoH_8_1_3_8_mut_H185SL186IT188AT189DF190V_round_1_0017.rst7' as Amber NC Restart
	Reading '../../1qav06_H185SL186IT188AT189DF190V/no_restraint_new_protocol/min_NoH_8_1_4_8_mut_H185SL186IT188AT189DF190V_round_1_0002.rst7' as Amber NC Restart
	Reading '../../1qav06_H185SL186IT188AT189DF190V/no_restraint_new_protocol/min_NoH_8_1_5_8_mut_H185SL186IT188AT189DF190V_round_1_0006.rst7' as Amber NC Restart
	Reading '../../1qav06_H185SL186IT188AT189DF190V/no_restraint_new_protocol/min_NoH_8_1_5_8_mut_H185SL186IT188AT189DF190V_round_1_0008.rst7' as Amber NC Restart
	Reading '../../1qav06_H185SL186IT188AT189DF190V/no_restraint_new_protocol/min_NoH_8_1_6_8_mut_H185SL186IT188AT189DF190V_round_1_0002.rst7' as Amber NC Restart
	Reading '../../1qav06_H185SL186IT188AT189DF190V/no_restraint_new_protocol/min_NoH_8_1_6_8_mut_H185SL186IT188AT189DF190V_round_1_0012.rst7' as Amber NC Restart
	Reading '../../1qav06_H185SL186IT188AT189DF190V/no_restraint_new_protocol/min_NoH_8_1_6_8_mut_H185SL186IT188AT189DF190V_round_1_0017.rst7' as Amber NC Restart
	Reading '../../1qav06_H185SL186IT188AT189DF190V/no_restraint_new_protocol/min_NoH_8_1_7_8_mut_H185SL186IT188AT189DF190V_round_1_0003.rst7' as Amber NC Restart
	Reading '../../1qav06_H185SL186IT188AT189DF190V/no_restraint_new_protocol/min_NoH_8_1_7_8_mut_H185SL186IT188AT189DF190V_round_1_0006.rst7' as Amber NC Restart
	Reading '../../1qav06_H185SL186IT188AT189DF190V/no_restraint_new_protocol/min_NoH_8_1_7_8_mut_H185SL186IT188AT189DF190V_round_1_0012.rst7' as Amber NC Restart
	Reading '../../1qav06_H185SL186IT188AT189DF190V/no_restraint_new_protocol/min_NoH_8_1_8_8_mut_H185SL186IT188AT189DF190V_round_1_0018.rst7' as Amber NC Restart
	Reading '../../1qav06_H185SL186IT188AT189DF190V/no_restraint_new_protocol/min_NoH_8_1_9_8_mut_H185SL186IT188AT189DF190V_round_1_0013.rst7' as Amber NC Restart
	Reading '../../1qav06_H185SL186IT188AT189DF190V/no_restraint_new_protocol/min_NoH_8_1_9_8_mut_H185SL186IT188AT189DF190V_round_1_0015.rst7' as Amber NC Restart
	Reading '../../1qav06_H185SL186IT188AT189DF190V/no_restraint_new_protocol/min_NoH_8_1_9_8_mut_H185SL186IT188AT189DF190V_round_1_0016.rst7' as Amber NC Restart
	Reading '../../1qav06_H185SL186IT188AT189DF190V/no_restraint_new_protocol/min_NoH_8_1_9_8_mut_H185SL186IT188AT189DF190V_round_1_0020.rst7' as Amber NC Restart
	Reading '../../1qav06_H185SL186IT188AT189DF190V/no_restraint_new_protocol/min_NoH_8_2_10_8_mut_H185SL186IT188AT189DF190V_round_2_0002.rst7' as Amber NC Restart
	Reading '../../1qav06_H185SL186IT188AT189DF190V/no_restraint_new_protocol/min_NoH_8_2_1_8_mut_H185SL186IT188AT189DF190V_round_2_0006.rst7' as Amber NC Restart
	Reading '../../1qav06_H185SL186IT188AT189DF190V/no_restraint_new_protocol/min_NoH_8_2_2_8_mut_H185SL186IT188AT189DF190V_round_2_0003.rst7' as Amber NC Restart
	Reading '../../1qav06_H185SL186IT188AT189DF190V/no_restraint_new_protocol/min_NoH_8_2_2_8_mut_H185SL186IT188AT189DF190V_round_2_0005.rst7' as Amber NC Restart
	Reading '../../1qav06_H185SL186IT188AT189DF190V/no_restraint_new_protocol/min_NoH_8_2_3_8_mut_H185SL186IT188AT189DF190V_round_2_0006.rst7' as Amber NC Restart
	Reading '../../1qav06_H185SL186IT188AT189DF190V/no_restraint_new_protocol/min_NoH_8_2_3_8_mut_H185SL186IT188AT189DF190V_round_2_0010.rst7' as Amber NC Restart
	Reading '../../1qav06_H185SL186IT188AT189DF190V/no_restraint_new_protocol/min_NoH_8_2_3_8_mut_H185SL186IT188AT189DF190V_round_2_0013.rst7' as Amber NC Restart
	Reading '../../1qav06_H185SL186IT188AT189DF190V/no_restraint_new_protocol/min_NoH_8_2_4_8_mut_H185SL186IT188AT189DF190V_round_2_0005.rst7' as Amber NC Restart
	Reading '../../1qav06_H185SL186IT188AT189DF190V/no_restraint_new_protocol/min_NoH_8_2_4_8_mut_H185SL186IT188AT189DF190V_round_2_0017.rst7' as Amber NC Restart
	Reading '../../1qav06_H185SL186IT188AT189DF190V/no_restraint_new_protocol/min_NoH_8_2_5_8_mut_H185SL186IT188AT189DF190V_round_2_0002.rst7' as Amber NC Restart
	Reading '../../1qav06_H185SL186IT188AT189DF190V/no_restraint_new_protocol/min_NoH_8_2_5_8_mut_H185SL186IT188AT189DF190V_round_2_0006.rst7' as Amber NC Restart
	Reading '../../1qav06_H185SL186IT188AT189DF190V/no_restraint_new_protocol/min_NoH_8_2_5_8_mut_H185SL186IT188AT189DF190V_round_2_0012.rst7' as Amber NC Restart
	Reading '../../1qav06_H185SL186IT188AT189DF190V/no_restraint_new_protocol/min_NoH_8_2_5_8_mut_H185SL186IT188AT189DF190V_round_2_0016.rst7' as Amber NC Restart
	Reading '../../1qav06_H185SL186IT188AT189DF190V/no_restraint_new_protocol/min_NoH_8_2_6_8_mut_H185SL186IT188AT189DF190V_round_2_0008.rst7' as Amber NC Restart
	Reading '../../1qav06_H185SL186IT188AT189DF190V/no_restraint_new_protocol/min_NoH_8_2_7_8_mut_H185SL186IT188AT189DF190V_round_2_0016.rst7' as Amber NC Restart
	Reading '../../1qav06_H185SL186IT188AT189DF190V/no_restraint_new_protocol/min_NoH_8_2_8_8_mut_H185SL186IT188AT189DF190V_round_2_0009.rst7' as Amber NC Restart
	Reading '../../1qav06_H185SL186IT188AT189DF190V/no_restraint_new_protocol/min_NoH_8_2_9_8_mut_H185SL186IT188AT189DF190V_round_2_0020.rst7' as Amber NC Restart
TIME: Total execution time: 1.1541 seconds.
--------------------------------------------------------------------------------
To cite CPPTRAJ use:
Daniel R. Roe and Thomas E. Cheatham, III, "PTRAJ and CPPTRAJ: Software for
  Processing and Analysis of Molecular Dynamics Trajectory Data". J. Chem.
  Theory Comput., 2013, 9 (7), pp 3084-3095.

