
CPPTRAJ: Trajectory Analysis. V16.00
    ___  ___  ___  ___
     | \/ | \/ | \/ | 
    _|_/\_|_/\_|_/\_|_

| Date/time: 06/20/16 16:27:28
| Available memory: 215.803 GB

INPUT: Reading input from 'cpptraj.in'
  [parm ../../1qav06_H185SL186IT188WT189DF190V/prmtop]
	Reading '../../1qav06_H185SL186IT188WT189DF190V/prmtop' as Amber Topology
  [trajin ../../1qav06_H185SL186IT188WT189DF190V/no_restraint_new_protocol/min_NoH_*rst7"]
	Reading '../../1qav06_H185SL186IT188WT189DF190V/no_restraint_new_protocol/min_NoH_2_2_1_2_mut_H185SL186IT188WT189DF190V_round_2_0012.rst7' as Amber NC Restart
	Reading '../../1qav06_H185SL186IT188WT189DF190V/no_restraint_new_protocol/min_NoH_2_2_1_2_mut_H185SL186IT188WT189DF190V_round_2_0020.rst7' as Amber NC Restart
	Reading '../../1qav06_H185SL186IT188WT189DF190V/no_restraint_new_protocol/min_NoH_2_2_2_2_mut_H185SL186IT188WT189DF190V_round_2_0014.rst7' as Amber NC Restart
	Reading '../../1qav06_H185SL186IT188WT189DF190V/no_restraint_new_protocol/min_NoH_2_2_2_2_mut_H185SL186IT188WT189DF190V_round_2_0020.rst7' as Amber NC Restart
	Reading '../../1qav06_H185SL186IT188WT189DF190V/no_restraint_new_protocol/min_NoH_2_2_4_2_mut_H185SL186IT188WT189DF190V_round_2_0007.rst7' as Amber NC Restart
	Reading '../../1qav06_H185SL186IT188WT189DF190V/no_restraint_new_protocol/min_NoH_2_2_4_2_mut_H185SL186IT188WT189DF190V_round_2_0013.rst7' as Amber NC Restart
	Reading '../../1qav06_H185SL186IT188WT189DF190V/no_restraint_new_protocol/min_NoH_2_2_5_2_mut_H185SL186IT188WT189DF190V_round_2_0009.rst7' as Amber NC Restart
	Reading '../../1qav06_H185SL186IT188WT189DF190V/no_restraint_new_protocol/min_NoH_2_2_7_2_mut_H185SL186IT188WT189DF190V_round_2_0012.rst7' as Amber NC Restart
	Reading '../../1qav06_H185SL186IT188WT189DF190V/no_restraint_new_protocol/min_NoH_2_2_7_2_mut_H185SL186IT188WT189DF190V_round_2_0013.rst7' as Amber NC Restart
	Reading '../../1qav06_H185SL186IT188WT189DF190V/no_restraint_new_protocol/min_NoH_2_2_7_2_mut_H185SL186IT188WT189DF190V_round_2_0017.rst7' as Amber NC Restart
	Reading '../../1qav06_H185SL186IT188WT189DF190V/no_restraint_new_protocol/min_NoH_2_2_8_2_mut_H185SL186IT188WT189DF190V_round_2_0004.rst7' as Amber NC Restart
	Reading '../../1qav06_H185SL186IT188WT189DF190V/no_restraint_new_protocol/min_NoH_2_2_8_2_mut_H185SL186IT188WT189DF190V_round_2_0006.rst7' as Amber NC Restart
	Reading '../../1qav06_H185SL186IT188WT189DF190V/no_restraint_new_protocol/min_NoH_2_2_8_2_mut_H185SL186IT188WT189DF190V_round_2_0009.rst7' as Amber NC Restart
	Reading '../../1qav06_H185SL186IT188WT189DF190V/no_restraint_new_protocol/min_NoH_7_3_1_7_mut_H185SL186IT188WT189DF190V_round_3_0010.rst7' as Amber NC Restart
	Reading '../../1qav06_H185SL186IT188WT189DF190V/no_restraint_new_protocol/min_NoH_7_3_2_7_mut_H185SL186IT188WT189DF190V_round_3_0004.rst7' as Amber NC Restart
	Reading '../../1qav06_H185SL186IT188WT189DF190V/no_restraint_new_protocol/min_NoH_7_3_2_7_mut_H185SL186IT188WT189DF190V_round_3_0014.rst7' as Amber NC Restart
	Reading '../../1qav06_H185SL186IT188WT189DF190V/no_restraint_new_protocol/min_NoH_7_3_2_7_mut_H185SL186IT188WT189DF190V_round_3_0017.rst7' as Amber NC Restart
	Reading '../../1qav06_H185SL186IT188WT189DF190V/no_restraint_new_protocol/min_NoH_7_3_3_7_mut_H185SL186IT188WT189DF190V_round_3_0015.rst7' as Amber NC Restart
	Reading '../../1qav06_H185SL186IT188WT189DF190V/no_restraint_new_protocol/min_NoH_7_3_4_7_mut_H185SL186IT188WT189DF190V_round_3_0003.rst7' as Amber NC Restart
	Reading '../../1qav06_H185SL186IT188WT189DF190V/no_restraint_new_protocol/min_NoH_7_3_5_7_mut_H185SL186IT188WT189DF190V_round_3_0008.rst7' as Amber NC Restart
	Reading '../../1qav06_H185SL186IT188WT189DF190V/no_restraint_new_protocol/min_NoH_7_3_5_7_mut_H185SL186IT188WT189DF190V_round_3_0016.rst7' as Amber NC Restart
	Reading '../../1qav06_H185SL186IT188WT189DF190V/no_restraint_new_protocol/min_NoH_7_3_6_7_mut_H185SL186IT188WT189DF190V_round_3_0011.rst7' as Amber NC Restart
	Reading '../../1qav06_H185SL186IT188WT189DF190V/no_restraint_new_protocol/min_NoH_7_3_7_7_mut_H185SL186IT188WT189DF190V_round_3_0020.rst7' as Amber NC Restart
	Reading '../../1qav06_H185SL186IT188WT189DF190V/no_restraint_new_protocol/min_NoH_7_3_8_7_mut_H185SL186IT188WT189DF190V_round_3_0019.rst7' as Amber NC Restart
	Reading '../../1qav06_H185SL186IT188WT189DF190V/no_restraint_new_protocol/min_NoH_7_3_8_7_mut_H185SL186IT188WT189DF190V_round_3_0020.rst7' as Amber NC Restart
	Reading '../../1qav06_H185SL186IT188WT189DF190V/no_restraint_new_protocol/min_NoH_8_4_10_8_mut_H185SL186IT188WT189DF190V_round_4_0010.rst7' as Amber NC Restart
	Reading '../../1qav06_H185SL186IT188WT189DF190V/no_restraint_new_protocol/min_NoH_8_4_1_8_mut_H185SL186IT188WT189DF190V_round_4_0002.rst7' as Amber NC Restart
	Reading '../../1qav06_H185SL186IT188WT189DF190V/no_restraint_new_protocol/min_NoH_8_4_1_8_mut_H185SL186IT188WT189DF190V_round_4_0003.rst7' as Amber NC Restart
	Reading '../../1qav06_H185SL186IT188WT189DF190V/no_restraint_new_protocol/min_NoH_8_4_1_8_mut_H185SL186IT188WT189DF190V_round_4_0015.rst7' as Amber NC Restart
	Reading '../../1qav06_H185SL186IT188WT189DF190V/no_restraint_new_protocol/min_NoH_8_4_1_8_mut_H185SL186IT188WT189DF190V_round_4_0020.rst7' as Amber NC Restart
	Reading '../../1qav06_H185SL186IT188WT189DF190V/no_restraint_new_protocol/min_NoH_8_4_2_8_mut_H185SL186IT188WT189DF190V_round_4_0003.rst7' as Amber NC Restart
	Reading '../../1qav06_H185SL186IT188WT189DF190V/no_restraint_new_protocol/min_NoH_8_4_2_8_mut_H185SL186IT188WT189DF190V_round_4_0011.rst7' as Amber NC Restart
	Reading '../../1qav06_H185SL186IT188WT189DF190V/no_restraint_new_protocol/min_NoH_8_4_2_8_mut_H185SL186IT188WT189DF190V_round_4_0017.rst7' as Amber NC Restart
	Reading '../../1qav06_H185SL186IT188WT189DF190V/no_restraint_new_protocol/min_NoH_8_4_3_8_mut_H185SL186IT188WT189DF190V_round_4_0010.rst7' as Amber NC Restart
	Reading '../../1qav06_H185SL186IT188WT189DF190V/no_restraint_new_protocol/min_NoH_8_4_3_8_mut_H185SL186IT188WT189DF190V_round_4_0016.rst7' as Amber NC Restart
	Reading '../../1qav06_H185SL186IT188WT189DF190V/no_restraint_new_protocol/min_NoH_8_4_4_8_mut_H185SL186IT188WT189DF190V_round_4_0007.rst7' as Amber NC Restart
	Reading '../../1qav06_H185SL186IT188WT189DF190V/no_restraint_new_protocol/min_NoH_8_4_4_8_mut_H185SL186IT188WT189DF190V_round_4_0009.rst7' as Amber NC Restart
	Reading '../../1qav06_H185SL186IT188WT189DF190V/no_restraint_new_protocol/min_NoH_8_4_4_8_mut_H185SL186IT188WT189DF190V_round_4_0017.rst7' as Amber NC Restart
	Reading '../../1qav06_H185SL186IT188WT189DF190V/no_restraint_new_protocol/min_NoH_8_4_5_8_mut_H185SL186IT188WT189DF190V_round_4_0004.rst7' as Amber NC Restart
	Reading '../../1qav06_H185SL186IT188WT189DF190V/no_restraint_new_protocol/min_NoH_8_4_7_8_mut_H185SL186IT188WT189DF190V_round_4_0008.rst7' as Amber NC Restart
	Reading '../../1qav06_H185SL186IT188WT189DF190V/no_restraint_new_protocol/min_NoH_8_4_7_8_mut_H185SL186IT188WT189DF190V_round_4_0018.rst7' as Amber NC Restart
	Reading '../../1qav06_H185SL186IT188WT189DF190V/no_restraint_new_protocol/min_NoH_8_4_7_8_mut_H185SL186IT188WT189DF190V_round_4_0020.rst7' as Amber NC Restart
	Reading '../../1qav06_H185SL186IT188WT189DF190V/no_restraint_new_protocol/min_NoH_8_4_8_8_mut_H185SL186IT188WT189DF190V_round_4_0014.rst7' as Amber NC Restart
	Reading '../../1qav06_H185SL186IT188WT189DF190V/no_restraint_new_protocol/min_NoH_8_4_8_8_mut_H185SL186IT188WT189DF190V_round_4_0019.rst7' as Amber NC Restart
	Reading '../../1qav06_H185SL186IT188WT189DF190V/no_restraint_new_protocol/min_NoH_8_4_9_8_mut_H185SL186IT188WT189DF190V_round_4_0003.rst7' as Amber NC Restart
	Reading '../../1qav06_H185SL186IT188WT189DF190V/no_restraint_new_protocol/min_NoH_8_4_9_8_mut_H185SL186IT188WT189DF190V_round_4_0007.rst7' as Amber NC Restart
	Reading '../../1qav06_H185SL186IT188WT189DF190V/no_restraint_new_protocol/min_NoH_8_4_9_8_mut_H185SL186IT188WT189DF190V_round_4_0008.rst7' as Amber NC Restart
	Reading '../../1qav06_H185SL186IT188WT189DF190V/no_restraint_new_protocol/min_NoH_8_4_9_8_mut_H185SL186IT188WT189DF190V_round_4_0010.rst7' as Amber NC Restart
	Reading '../../1qav06_H185SL186IT188WT189DF190V/no_restraint_new_protocol/min_NoH_8_4_9_8_mut_H185SL186IT188WT189DF190V_round_4_0011.rst7' as Amber NC Restart
	Reading '../../1qav06_H185SL186IT188WT189DF190V/no_restraint_new_protocol/min_NoH_8_4_9_8_mut_H185SL186IT188WT189DF190V_round_4_0020.rst7' as Amber NC Restart
TIME: Total execution time: 0.8107 seconds.
--------------------------------------------------------------------------------
To cite CPPTRAJ use:
Daniel R. Roe and Thomas E. Cheatham, III, "PTRAJ and CPPTRAJ: Software for
  Processing and Analysis of Molecular Dynamics Trajectory Data". J. Chem.
  Theory Comput., 2013, 9 (7), pp 3084-3095.

