
CPPTRAJ: Trajectory Analysis. V16.00
    ___  ___  ___  ___
     | \/ | \/ | \/ | 
    _|_/\_|_/\_|_/\_|_

| Date/time: 06/20/16 16:26:56
| Available memory: 215.742 GB

INPUT: Reading input from 'cpptraj.in'
  [parm ../../3qdo06_E102YS103LE104VS105TK106S/prmtop]
	Reading '../../3qdo06_E102YS103LE104VS105TK106S/prmtop' as Amber Topology
  [trajin ../../3qdo06_E102YS103LE104VS105TK106S/no_restraint_new_protocol/min_NoH_*rst7"]
	Reading '../../3qdo06_E102YS103LE104VS105TK106S/no_restraint_new_protocol/min_NoH_3_2_1_3_mut_E102YS103LE104VS105TK106S_round_2_0003.rst7' as Amber NC Restart
	Reading '../../3qdo06_E102YS103LE104VS105TK106S/no_restraint_new_protocol/min_NoH_3_2_1_3_mut_E102YS103LE104VS105TK106S_round_2_0006.rst7' as Amber NC Restart
	Reading '../../3qdo06_E102YS103LE104VS105TK106S/no_restraint_new_protocol/min_NoH_3_2_2_3_mut_E102YS103LE104VS105TK106S_round_2_0008.rst7' as Amber NC Restart
	Reading '../../3qdo06_E102YS103LE104VS105TK106S/no_restraint_new_protocol/min_NoH_3_2_2_3_mut_E102YS103LE104VS105TK106S_round_2_0010.rst7' as Amber NC Restart
	Reading '../../3qdo06_E102YS103LE104VS105TK106S/no_restraint_new_protocol/min_NoH_3_2_2_3_mut_E102YS103LE104VS105TK106S_round_2_0011.rst7' as Amber NC Restart
	Reading '../../3qdo06_E102YS103LE104VS105TK106S/no_restraint_new_protocol/min_NoH_3_2_2_3_mut_E102YS103LE104VS105TK106S_round_2_0013.rst7' as Amber NC Restart
	Reading '../../3qdo06_E102YS103LE104VS105TK106S/no_restraint_new_protocol/min_NoH_3_2_3_3_mut_E102YS103LE104VS105TK106S_round_2_0007.rst7' as Amber NC Restart
	Reading '../../3qdo06_E102YS103LE104VS105TK106S/no_restraint_new_protocol/min_NoH_3_2_4_3_mut_E102YS103LE104VS105TK106S_round_2_0017.rst7' as Amber NC Restart
	Reading '../../3qdo06_E102YS103LE104VS105TK106S/no_restraint_new_protocol/min_NoH_3_2_4_3_mut_E102YS103LE104VS105TK106S_round_2_0020.rst7' as Amber NC Restart
	Reading '../../3qdo06_E102YS103LE104VS105TK106S/no_restraint_new_protocol/min_NoH_3_2_5_3_mut_E102YS103LE104VS105TK106S_round_2_0007.rst7' as Amber NC Restart
	Reading '../../3qdo06_E102YS103LE104VS105TK106S/no_restraint_new_protocol/min_NoH_3_2_5_3_mut_E102YS103LE104VS105TK106S_round_2_0015.rst7' as Amber NC Restart
	Reading '../../3qdo06_E102YS103LE104VS105TK106S/no_restraint_new_protocol/min_NoH_3_2_5_3_mut_E102YS103LE104VS105TK106S_round_2_0022.rst7' as Amber NC Restart
	Reading '../../3qdo06_E102YS103LE104VS105TK106S/no_restraint_new_protocol/min_NoH_3_2_7_3_mut_E102YS103LE104VS105TK106S_round_2_0017.rst7' as Amber NC Restart
	Reading '../../3qdo06_E102YS103LE104VS105TK106S/no_restraint_new_protocol/min_NoH_4_2_2_4_mut_E102YS103LE104VS105TK106S_round_2_0011.rst7' as Amber NC Restart
	Reading '../../3qdo06_E102YS103LE104VS105TK106S/no_restraint_new_protocol/min_NoH_4_2_2_4_mut_E102YS103LE104VS105TK106S_round_2_0016.rst7' as Amber NC Restart
	Reading '../../3qdo06_E102YS103LE104VS105TK106S/no_restraint_new_protocol/min_NoH_4_2_2_4_mut_E102YS103LE104VS105TK106S_round_2_0020.rst7' as Amber NC Restart
	Reading '../../3qdo06_E102YS103LE104VS105TK106S/no_restraint_new_protocol/min_NoH_4_2_3_4_mut_E102YS103LE104VS105TK106S_round_2_0006.rst7' as Amber NC Restart
	Reading '../../3qdo06_E102YS103LE104VS105TK106S/no_restraint_new_protocol/min_NoH_4_2_3_4_mut_E102YS103LE104VS105TK106S_round_2_0022.rst7' as Amber NC Restart
	Reading '../../3qdo06_E102YS103LE104VS105TK106S/no_restraint_new_protocol/min_NoH_4_2_4_4_mut_E102YS103LE104VS105TK106S_round_2_0004.rst7' as Amber NC Restart
	Reading '../../3qdo06_E102YS103LE104VS105TK106S/no_restraint_new_protocol/min_NoH_4_2_4_4_mut_E102YS103LE104VS105TK106S_round_2_0005.rst7' as Amber NC Restart
	Reading '../../3qdo06_E102YS103LE104VS105TK106S/no_restraint_new_protocol/min_NoH_4_2_4_4_mut_E102YS103LE104VS105TK106S_round_2_0022.rst7' as Amber NC Restart
	Reading '../../3qdo06_E102YS103LE104VS105TK106S/no_restraint_new_protocol/min_NoH_4_2_4_4_mut_E102YS103LE104VS105TK106S_round_2_0024.rst7' as Amber NC Restart
	Reading '../../3qdo06_E102YS103LE104VS105TK106S/no_restraint_new_protocol/min_NoH_4_2_5_4_mut_E102YS103LE104VS105TK106S_round_2_0009.rst7' as Amber NC Restart
	Reading '../../3qdo06_E102YS103LE104VS105TK106S/no_restraint_new_protocol/min_NoH_4_2_5_4_mut_E102YS103LE104VS105TK106S_round_2_0014.rst7' as Amber NC Restart
	Reading '../../3qdo06_E102YS103LE104VS105TK106S/no_restraint_new_protocol/min_NoH_4_2_5_4_mut_E102YS103LE104VS105TK106S_round_2_0017.rst7' as Amber NC Restart
	Reading '../../3qdo06_E102YS103LE104VS105TK106S/no_restraint_new_protocol/min_NoH_4_2_6_4_mut_E102YS103LE104VS105TK106S_round_2_0002.rst7' as Amber NC Restart
	Reading '../../3qdo06_E102YS103LE104VS105TK106S/no_restraint_new_protocol/min_NoH_4_2_6_4_mut_E102YS103LE104VS105TK106S_round_2_0010.rst7' as Amber NC Restart
	Reading '../../3qdo06_E102YS103LE104VS105TK106S/no_restraint_new_protocol/min_NoH_4_2_7_4_mut_E102YS103LE104VS105TK106S_round_2_0006.rst7' as Amber NC Restart
	Reading '../../3qdo06_E102YS103LE104VS105TK106S/no_restraint_new_protocol/min_NoH_4_2_7_4_mut_E102YS103LE104VS105TK106S_round_2_0008.rst7' as Amber NC Restart
	Reading '../../3qdo06_E102YS103LE104VS105TK106S/no_restraint_new_protocol/min_NoH_4_2_7_4_mut_E102YS103LE104VS105TK106S_round_2_0011.rst7' as Amber NC Restart
	Reading '../../3qdo06_E102YS103LE104VS105TK106S/no_restraint_new_protocol/min_NoH_4_2_8_4_mut_E102YS103LE104VS105TK106S_round_2_0003.rst7' as Amber NC Restart
	Reading '../../3qdo06_E102YS103LE104VS105TK106S/no_restraint_new_protocol/min_NoH_4_2_8_4_mut_E102YS103LE104VS105TK106S_round_2_0007.rst7' as Amber NC Restart
	Reading '../../3qdo06_E102YS103LE104VS105TK106S/no_restraint_new_protocol/min_NoH_4_2_8_4_mut_E102YS103LE104VS105TK106S_round_2_0025.rst7' as Amber NC Restart
	Reading '../../3qdo06_E102YS103LE104VS105TK106S/no_restraint_new_protocol/min_NoH_7_1_1_7_mut_E102YS103LE104VS105TK106S_round_1_0015.rst7' as Amber NC Restart
	Reading '../../3qdo06_E102YS103LE104VS105TK106S/no_restraint_new_protocol/min_NoH_7_1_2_7_mut_E102YS103LE104VS105TK106S_round_1_0003.rst7' as Amber NC Restart
	Reading '../../3qdo06_E102YS103LE104VS105TK106S/no_restraint_new_protocol/min_NoH_7_1_2_7_mut_E102YS103LE104VS105TK106S_round_1_0020.rst7' as Amber NC Restart
	Reading '../../3qdo06_E102YS103LE104VS105TK106S/no_restraint_new_protocol/min_NoH_7_1_2_7_mut_E102YS103LE104VS105TK106S_round_1_0021.rst7' as Amber NC Restart
	Reading '../../3qdo06_E102YS103LE104VS105TK106S/no_restraint_new_protocol/min_NoH_7_1_3_7_mut_E102YS103LE104VS105TK106S_round_1_0003.rst7' as Amber NC Restart
	Reading '../../3qdo06_E102YS103LE104VS105TK106S/no_restraint_new_protocol/min_NoH_7_1_3_7_mut_E102YS103LE104VS105TK106S_round_1_0008.rst7' as Amber NC Restart
	Reading '../../3qdo06_E102YS103LE104VS105TK106S/no_restraint_new_protocol/min_NoH_7_1_4_7_mut_E102YS103LE104VS105TK106S_round_1_0001.rst7' as Amber NC Restart
	Reading '../../3qdo06_E102YS103LE104VS105TK106S/no_restraint_new_protocol/min_NoH_7_1_5_7_mut_E102YS103LE104VS105TK106S_round_1_0004.rst7' as Amber NC Restart
	Reading '../../3qdo06_E102YS103LE104VS105TK106S/no_restraint_new_protocol/min_NoH_7_1_5_7_mut_E102YS103LE104VS105TK106S_round_1_0023.rst7' as Amber NC Restart
	Reading '../../3qdo06_E102YS103LE104VS105TK106S/no_restraint_new_protocol/min_NoH_7_1_6_7_mut_E102YS103LE104VS105TK106S_round_1_0007.rst7' as Amber NC Restart
	Reading '../../3qdo06_E102YS103LE104VS105TK106S/no_restraint_new_protocol/min_NoH_7_1_6_7_mut_E102YS103LE104VS105TK106S_round_1_0008.rst7' as Amber NC Restart
	Reading '../../3qdo06_E102YS103LE104VS105TK106S/no_restraint_new_protocol/min_NoH_7_1_6_7_mut_E102YS103LE104VS105TK106S_round_1_0016.rst7' as Amber NC Restart
	Reading '../../3qdo06_E102YS103LE104VS105TK106S/no_restraint_new_protocol/min_NoH_7_1_7_7_mut_E102YS103LE104VS105TK106S_round_1_0022.rst7' as Amber NC Restart
	Reading '../../3qdo06_E102YS103LE104VS105TK106S/no_restraint_new_protocol/min_NoH_7_1_7_7_mut_E102YS103LE104VS105TK106S_round_1_0023.rst7' as Amber NC Restart
	Reading '../../3qdo06_E102YS103LE104VS105TK106S/no_restraint_new_protocol/min_NoH_7_1_7_7_mut_E102YS103LE104VS105TK106S_round_1_0024.rst7' as Amber NC Restart
	Reading '../../3qdo06_E102YS103LE104VS105TK106S/no_restraint_new_protocol/min_NoH_7_1_8_7_mut_E102YS103LE104VS105TK106S_round_1_0001.rst7' as Amber NC Restart
	Reading '../../3qdo06_E102YS103LE104VS105TK106S/no_restraint_new_protocol/min_NoH_7_1_8_7_mut_E102YS103LE104VS105TK106S_round_1_0019.rst7' as Amber NC Restart
TIME: Total execution time: 0.7274 seconds.
--------------------------------------------------------------------------------
To cite CPPTRAJ use:
Daniel R. Roe and Thomas E. Cheatham, III, "PTRAJ and CPPTRAJ: Software for
  Processing and Analysis of Molecular Dynamics Trajectory Data". J. Chem.
  Theory Comput., 2013, 9 (7), pp 3084-3095.

