
CPPTRAJ: Trajectory Analysis. V16.00
    ___  ___  ___  ___
     | \/ | \/ | \/ | 
    _|_/\_|_/\_|_/\_|_

| Date/time: 06/20/16 16:26:32
| Available memory: 215.632 GB

INPUT: Reading input from 'cpptraj.in'
  [parm ../../1g9o06_S93KE94VK96C/prmtop]
	Reading '../../1g9o06_S93KE94VK96C/prmtop' as Amber Topology
  [trajin ../../1g9o06_S93KE94VK96C/no_restraint_new_protocol/min_NoH_*rst7"]
	Reading '../../1g9o06_S93KE94VK96C/no_restraint_new_protocol/min_NoH_2_5_1_2_mut_S93KE94VK96C_round_5_0002.rst7' as Amber NC Restart
	Reading '../../1g9o06_S93KE94VK96C/no_restraint_new_protocol/min_NoH_2_5_1_2_mut_S93KE94VK96C_round_5_0011.rst7' as Amber NC Restart
	Reading '../../1g9o06_S93KE94VK96C/no_restraint_new_protocol/min_NoH_2_5_1_2_mut_S93KE94VK96C_round_5_0020.rst7' as Amber NC Restart
	Reading '../../1g9o06_S93KE94VK96C/no_restraint_new_protocol/min_NoH_2_5_2_2_mut_S93KE94VK96C_round_5_0005.rst7' as Amber NC Restart
	Reading '../../1g9o06_S93KE94VK96C/no_restraint_new_protocol/min_NoH_2_5_2_2_mut_S93KE94VK96C_round_5_0021.rst7' as Amber NC Restart
	Reading '../../1g9o06_S93KE94VK96C/no_restraint_new_protocol/min_NoH_2_5_2_2_mut_S93KE94VK96C_round_5_0024.rst7' as Amber NC Restart
	Reading '../../1g9o06_S93KE94VK96C/no_restraint_new_protocol/min_NoH_2_5_3_2_mut_S93KE94VK96C_round_5_0006.rst7' as Amber NC Restart
	Reading '../../1g9o06_S93KE94VK96C/no_restraint_new_protocol/min_NoH_2_5_3_2_mut_S93KE94VK96C_round_5_0012.rst7' as Amber NC Restart
	Reading '../../1g9o06_S93KE94VK96C/no_restraint_new_protocol/min_NoH_2_5_3_2_mut_S93KE94VK96C_round_5_0018.rst7' as Amber NC Restart
	Reading '../../1g9o06_S93KE94VK96C/no_restraint_new_protocol/min_NoH_2_5_4_2_mut_S93KE94VK96C_round_5_0020.rst7' as Amber NC Restart
	Reading '../../1g9o06_S93KE94VK96C/no_restraint_new_protocol/min_NoH_2_5_5_2_mut_S93KE94VK96C_round_5_0011.rst7' as Amber NC Restart
	Reading '../../1g9o06_S93KE94VK96C/no_restraint_new_protocol/min_NoH_2_5_5_2_mut_S93KE94VK96C_round_5_0015.rst7' as Amber NC Restart
	Reading '../../1g9o06_S93KE94VK96C/no_restraint_new_protocol/min_NoH_2_5_6_2_mut_S93KE94VK96C_round_5_0019.rst7' as Amber NC Restart
	Reading '../../1g9o06_S93KE94VK96C/no_restraint_new_protocol/min_NoH_2_5_7_2_mut_S93KE94VK96C_round_5_0003.rst7' as Amber NC Restart
	Reading '../../1g9o06_S93KE94VK96C/no_restraint_new_protocol/min_NoH_2_5_7_2_mut_S93KE94VK96C_round_5_0004.rst7' as Amber NC Restart
	Reading '../../1g9o06_S93KE94VK96C/no_restraint_new_protocol/min_NoH_2_5_7_2_mut_S93KE94VK96C_round_5_0018.rst7' as Amber NC Restart
	Reading '../../1g9o06_S93KE94VK96C/no_restraint_new_protocol/min_NoH_2_5_7_2_mut_S93KE94VK96C_round_5_0022.rst7' as Amber NC Restart
	Reading '../../1g9o06_S93KE94VK96C/no_restraint_new_protocol/min_NoH_2_5_8_2_mut_S93KE94VK96C_round_5_0012.rst7' as Amber NC Restart
	Reading '../../1g9o06_S93KE94VK96C/no_restraint_new_protocol/min_NoH_2_5_8_2_mut_S93KE94VK96C_round_5_0013.rst7' as Amber NC Restart
	Reading '../../1g9o06_S93KE94VK96C/no_restraint_new_protocol/min_NoH_4_4_1_4_mut_S93KE94VK96C_round_4_0002.rst7' as Amber NC Restart
	Reading '../../1g9o06_S93KE94VK96C/no_restraint_new_protocol/min_NoH_4_4_2_4_mut_S93KE94VK96C_round_4_0010.rst7' as Amber NC Restart
	Reading '../../1g9o06_S93KE94VK96C/no_restraint_new_protocol/min_NoH_4_4_3_4_mut_S93KE94VK96C_round_4_0012.rst7' as Amber NC Restart
	Reading '../../1g9o06_S93KE94VK96C/no_restraint_new_protocol/min_NoH_4_4_3_4_mut_S93KE94VK96C_round_4_0014.rst7' as Amber NC Restart
	Reading '../../1g9o06_S93KE94VK96C/no_restraint_new_protocol/min_NoH_4_4_3_4_mut_S93KE94VK96C_round_4_0016.rst7' as Amber NC Restart
	Reading '../../1g9o06_S93KE94VK96C/no_restraint_new_protocol/min_NoH_4_4_4_4_mut_S93KE94VK96C_round_4_0009.rst7' as Amber NC Restart
	Reading '../../1g9o06_S93KE94VK96C/no_restraint_new_protocol/min_NoH_4_4_4_4_mut_S93KE94VK96C_round_4_0015.rst7' as Amber NC Restart
	Reading '../../1g9o06_S93KE94VK96C/no_restraint_new_protocol/min_NoH_4_4_5_4_mut_S93KE94VK96C_round_4_0011.rst7' as Amber NC Restart
	Reading '../../1g9o06_S93KE94VK96C/no_restraint_new_protocol/min_NoH_4_4_6_4_mut_S93KE94VK96C_round_4_0009.rst7' as Amber NC Restart
	Reading '../../1g9o06_S93KE94VK96C/no_restraint_new_protocol/min_NoH_4_4_6_4_mut_S93KE94VK96C_round_4_0015.rst7' as Amber NC Restart
	Reading '../../1g9o06_S93KE94VK96C/no_restraint_new_protocol/min_NoH_4_4_7_4_mut_S93KE94VK96C_round_4_0003.rst7' as Amber NC Restart
	Reading '../../1g9o06_S93KE94VK96C/no_restraint_new_protocol/min_NoH_4_4_8_4_mut_S93KE94VK96C_round_4_0010.rst7' as Amber NC Restart
	Reading '../../1g9o06_S93KE94VK96C/no_restraint_new_protocol/min_NoH_4_4_8_4_mut_S93KE94VK96C_round_4_0014.rst7' as Amber NC Restart
	Reading '../../1g9o06_S93KE94VK96C/no_restraint_new_protocol/min_NoH_4_4_8_4_mut_S93KE94VK96C_round_4_0023.rst7' as Amber NC Restart
	Reading '../../1g9o06_S93KE94VK96C/no_restraint_new_protocol/min_NoH_9_4_1_9_mut_S93KE94VK96C_round_4_0006.rst7' as Amber NC Restart
	Reading '../../1g9o06_S93KE94VK96C/no_restraint_new_protocol/min_NoH_9_4_2_9_mut_S93KE94VK96C_round_4_0013.rst7' as Amber NC Restart
	Reading '../../1g9o06_S93KE94VK96C/no_restraint_new_protocol/min_NoH_9_4_2_9_mut_S93KE94VK96C_round_4_0020.rst7' as Amber NC Restart
	Reading '../../1g9o06_S93KE94VK96C/no_restraint_new_protocol/min_NoH_9_4_2_9_mut_S93KE94VK96C_round_4_0022.rst7' as Amber NC Restart
	Reading '../../1g9o06_S93KE94VK96C/no_restraint_new_protocol/min_NoH_9_4_2_9_mut_S93KE94VK96C_round_4_0024.rst7' as Amber NC Restart
	Reading '../../1g9o06_S93KE94VK96C/no_restraint_new_protocol/min_NoH_9_4_3_9_mut_S93KE94VK96C_round_4_0011.rst7' as Amber NC Restart
	Reading '../../1g9o06_S93KE94VK96C/no_restraint_new_protocol/min_NoH_9_4_3_9_mut_S93KE94VK96C_round_4_0017.rst7' as Amber NC Restart
	Reading '../../1g9o06_S93KE94VK96C/no_restraint_new_protocol/min_NoH_9_4_3_9_mut_S93KE94VK96C_round_4_0021.rst7' as Amber NC Restart
	Reading '../../1g9o06_S93KE94VK96C/no_restraint_new_protocol/min_NoH_9_4_4_9_mut_S93KE94VK96C_round_4_0009.rst7' as Amber NC Restart
	Reading '../../1g9o06_S93KE94VK96C/no_restraint_new_protocol/min_NoH_9_4_5_9_mut_S93KE94VK96C_round_4_0001.rst7' as Amber NC Restart
	Reading '../../1g9o06_S93KE94VK96C/no_restraint_new_protocol/min_NoH_9_4_5_9_mut_S93KE94VK96C_round_4_0007.rst7' as Amber NC Restart
	Reading '../../1g9o06_S93KE94VK96C/no_restraint_new_protocol/min_NoH_9_4_5_9_mut_S93KE94VK96C_round_4_0010.rst7' as Amber NC Restart
	Reading '../../1g9o06_S93KE94VK96C/no_restraint_new_protocol/min_NoH_9_4_5_9_mut_S93KE94VK96C_round_4_0011.rst7' as Amber NC Restart
	Reading '../../1g9o06_S93KE94VK96C/no_restraint_new_protocol/min_NoH_9_4_6_9_mut_S93KE94VK96C_round_4_0011.rst7' as Amber NC Restart
	Reading '../../1g9o06_S93KE94VK96C/no_restraint_new_protocol/min_NoH_9_4_7_9_mut_S93KE94VK96C_round_4_0008.rst7' as Amber NC Restart
	Reading '../../1g9o06_S93KE94VK96C/no_restraint_new_protocol/min_NoH_9_4_8_9_mut_S93KE94VK96C_round_4_0004.rst7' as Amber NC Restart
	Reading '../../1g9o06_S93KE94VK96C/no_restraint_new_protocol/min_NoH_9_4_8_9_mut_S93KE94VK96C_round_4_0017.rst7' as Amber NC Restart
TIME: Total execution time: 1.0828 seconds.
--------------------------------------------------------------------------------
To cite CPPTRAJ use:
Daniel R. Roe and Thomas E. Cheatham, III, "PTRAJ and CPPTRAJ: Software for
  Processing and Analysis of Molecular Dynamics Trajectory Data". J. Chem.
  Theory Comput., 2013, 9 (7), pp 3084-3095.

