
CPPTRAJ: Trajectory Analysis. V16.00
    ___  ___  ___  ___
     | \/ | \/ | \/ | 
    _|_/\_|_/\_|_/\_|_

| Date/time: 06/20/16 16:26:30
| Available memory: 215.624 GB

INPUT: Reading input from 'cpptraj.in'
  [parm ../../1g9o06_S93EK96RV97F/prmtop]
	Reading '../../1g9o06_S93EK96RV97F/prmtop' as Amber Topology
  [trajin ../../1g9o06_S93EK96RV97F/no_restraint_new_protocol/min_NoH_*rst7"]
	Reading '../../1g9o06_S93EK96RV97F/no_restraint_new_protocol/min_NoH_5_3_1_5_mut_S93EK96RV97F_round_3_0005.rst7' as Amber NC Restart
	Reading '../../1g9o06_S93EK96RV97F/no_restraint_new_protocol/min_NoH_5_3_1_5_mut_S93EK96RV97F_round_3_0007.rst7' as Amber NC Restart
	Reading '../../1g9o06_S93EK96RV97F/no_restraint_new_protocol/min_NoH_5_3_1_5_mut_S93EK96RV97F_round_3_0018.rst7' as Amber NC Restart
	Reading '../../1g9o06_S93EK96RV97F/no_restraint_new_protocol/min_NoH_5_3_2_5_mut_S93EK96RV97F_round_3_0014.rst7' as Amber NC Restart
	Reading '../../1g9o06_S93EK96RV97F/no_restraint_new_protocol/min_NoH_5_3_2_5_mut_S93EK96RV97F_round_3_0024.rst7' as Amber NC Restart
	Reading '../../1g9o06_S93EK96RV97F/no_restraint_new_protocol/min_NoH_5_3_3_5_mut_S93EK96RV97F_round_3_0001.rst7' as Amber NC Restart
	Reading '../../1g9o06_S93EK96RV97F/no_restraint_new_protocol/min_NoH_5_3_3_5_mut_S93EK96RV97F_round_3_0022.rst7' as Amber NC Restart
	Reading '../../1g9o06_S93EK96RV97F/no_restraint_new_protocol/min_NoH_5_3_4_5_mut_S93EK96RV97F_round_3_0007.rst7' as Amber NC Restart
	Reading '../../1g9o06_S93EK96RV97F/no_restraint_new_protocol/min_NoH_5_3_4_5_mut_S93EK96RV97F_round_3_0018.rst7' as Amber NC Restart
	Reading '../../1g9o06_S93EK96RV97F/no_restraint_new_protocol/min_NoH_5_3_4_5_mut_S93EK96RV97F_round_3_0019.rst7' as Amber NC Restart
	Reading '../../1g9o06_S93EK96RV97F/no_restraint_new_protocol/min_NoH_5_3_5_5_mut_S93EK96RV97F_round_3_0001.rst7' as Amber NC Restart
	Reading '../../1g9o06_S93EK96RV97F/no_restraint_new_protocol/min_NoH_5_3_5_5_mut_S93EK96RV97F_round_3_0017.rst7' as Amber NC Restart
	Reading '../../1g9o06_S93EK96RV97F/no_restraint_new_protocol/min_NoH_5_3_6_5_mut_S93EK96RV97F_round_3_0006.rst7' as Amber NC Restart
	Reading '../../1g9o06_S93EK96RV97F/no_restraint_new_protocol/min_NoH_5_3_7_5_mut_S93EK96RV97F_round_3_0007.rst7' as Amber NC Restart
	Reading '../../1g9o06_S93EK96RV97F/no_restraint_new_protocol/min_NoH_5_3_7_5_mut_S93EK96RV97F_round_3_0023.rst7' as Amber NC Restart
	Reading '../../1g9o06_S93EK96RV97F/no_restraint_new_protocol/min_NoH_5_3_8_5_mut_S93EK96RV97F_round_3_0007.rst7' as Amber NC Restart
	Reading '../../1g9o06_S93EK96RV97F/no_restraint_new_protocol/min_NoH_5_3_8_5_mut_S93EK96RV97F_round_3_0016.rst7' as Amber NC Restart
	Reading '../../1g9o06_S93EK96RV97F/no_restraint_new_protocol/min_NoH_6_4_1_6_mut_S93EK96RV97F_round_4_0003.rst7' as Amber NC Restart
	Reading '../../1g9o06_S93EK96RV97F/no_restraint_new_protocol/min_NoH_6_4_1_6_mut_S93EK96RV97F_round_4_0008.rst7' as Amber NC Restart
	Reading '../../1g9o06_S93EK96RV97F/no_restraint_new_protocol/min_NoH_6_4_1_6_mut_S93EK96RV97F_round_4_0009.rst7' as Amber NC Restart
	Reading '../../1g9o06_S93EK96RV97F/no_restraint_new_protocol/min_NoH_6_4_1_6_mut_S93EK96RV97F_round_4_0014.rst7' as Amber NC Restart
	Reading '../../1g9o06_S93EK96RV97F/no_restraint_new_protocol/min_NoH_6_4_1_6_mut_S93EK96RV97F_round_4_0024.rst7' as Amber NC Restart
	Reading '../../1g9o06_S93EK96RV97F/no_restraint_new_protocol/min_NoH_6_4_2_6_mut_S93EK96RV97F_round_4_0018.rst7' as Amber NC Restart
	Reading '../../1g9o06_S93EK96RV97F/no_restraint_new_protocol/min_NoH_6_4_2_6_mut_S93EK96RV97F_round_4_0022.rst7' as Amber NC Restart
	Reading '../../1g9o06_S93EK96RV97F/no_restraint_new_protocol/min_NoH_6_4_3_6_mut_S93EK96RV97F_round_4_0013.rst7' as Amber NC Restart
	Reading '../../1g9o06_S93EK96RV97F/no_restraint_new_protocol/min_NoH_6_4_4_6_mut_S93EK96RV97F_round_4_0014.rst7' as Amber NC Restart
	Reading '../../1g9o06_S93EK96RV97F/no_restraint_new_protocol/min_NoH_6_4_4_6_mut_S93EK96RV97F_round_4_0016.rst7' as Amber NC Restart
	Reading '../../1g9o06_S93EK96RV97F/no_restraint_new_protocol/min_NoH_6_4_4_6_mut_S93EK96RV97F_round_4_0024.rst7' as Amber NC Restart
	Reading '../../1g9o06_S93EK96RV97F/no_restraint_new_protocol/min_NoH_6_4_5_6_mut_S93EK96RV97F_round_4_0001.rst7' as Amber NC Restart
	Reading '../../1g9o06_S93EK96RV97F/no_restraint_new_protocol/min_NoH_6_4_5_6_mut_S93EK96RV97F_round_4_0017.rst7' as Amber NC Restart
	Reading '../../1g9o06_S93EK96RV97F/no_restraint_new_protocol/min_NoH_6_4_6_6_mut_S93EK96RV97F_round_4_0002.rst7' as Amber NC Restart
	Reading '../../1g9o06_S93EK96RV97F/no_restraint_new_protocol/min_NoH_6_4_6_6_mut_S93EK96RV97F_round_4_0004.rst7' as Amber NC Restart
	Reading '../../1g9o06_S93EK96RV97F/no_restraint_new_protocol/min_NoH_6_4_6_6_mut_S93EK96RV97F_round_4_0019.rst7' as Amber NC Restart
	Reading '../../1g9o06_S93EK96RV97F/no_restraint_new_protocol/min_NoH_6_4_6_6_mut_S93EK96RV97F_round_4_0023.rst7' as Amber NC Restart
	Reading '../../1g9o06_S93EK96RV97F/no_restraint_new_protocol/min_NoH_8_3_1_8_mut_S93EK96RV97F_round_3_0015.rst7' as Amber NC Restart
	Reading '../../1g9o06_S93EK96RV97F/no_restraint_new_protocol/min_NoH_8_3_1_8_mut_S93EK96RV97F_round_3_0019.rst7' as Amber NC Restart
	Reading '../../1g9o06_S93EK96RV97F/no_restraint_new_protocol/min_NoH_8_3_2_8_mut_S93EK96RV97F_round_3_0007.rst7' as Amber NC Restart
	Reading '../../1g9o06_S93EK96RV97F/no_restraint_new_protocol/min_NoH_8_3_3_8_mut_S93EK96RV97F_round_3_0007.rst7' as Amber NC Restart
	Reading '../../1g9o06_S93EK96RV97F/no_restraint_new_protocol/min_NoH_8_3_3_8_mut_S93EK96RV97F_round_3_0009.rst7' as Amber NC Restart
	Reading '../../1g9o06_S93EK96RV97F/no_restraint_new_protocol/min_NoH_8_3_3_8_mut_S93EK96RV97F_round_3_0014.rst7' as Amber NC Restart
	Reading '../../1g9o06_S93EK96RV97F/no_restraint_new_protocol/min_NoH_8_3_3_8_mut_S93EK96RV97F_round_3_0018.rst7' as Amber NC Restart
	Reading '../../1g9o06_S93EK96RV97F/no_restraint_new_protocol/min_NoH_8_3_4_8_mut_S93EK96RV97F_round_3_0006.rst7' as Amber NC Restart
	Reading '../../1g9o06_S93EK96RV97F/no_restraint_new_protocol/min_NoH_8_3_6_8_mut_S93EK96RV97F_round_3_0014.rst7' as Amber NC Restart
	Reading '../../1g9o06_S93EK96RV97F/no_restraint_new_protocol/min_NoH_8_3_6_8_mut_S93EK96RV97F_round_3_0018.rst7' as Amber NC Restart
	Reading '../../1g9o06_S93EK96RV97F/no_restraint_new_protocol/min_NoH_8_3_6_8_mut_S93EK96RV97F_round_3_0023.rst7' as Amber NC Restart
	Reading '../../1g9o06_S93EK96RV97F/no_restraint_new_protocol/min_NoH_8_3_7_8_mut_S93EK96RV97F_round_3_0006.rst7' as Amber NC Restart
	Reading '../../1g9o06_S93EK96RV97F/no_restraint_new_protocol/min_NoH_8_3_7_8_mut_S93EK96RV97F_round_3_0023.rst7' as Amber NC Restart
	Reading '../../1g9o06_S93EK96RV97F/no_restraint_new_protocol/min_NoH_8_3_7_8_mut_S93EK96RV97F_round_3_0025.rst7' as Amber NC Restart
	Reading '../../1g9o06_S93EK96RV97F/no_restraint_new_protocol/min_NoH_8_3_8_8_mut_S93EK96RV97F_round_3_0010.rst7' as Amber NC Restart
	Reading '../../1g9o06_S93EK96RV97F/no_restraint_new_protocol/min_NoH_8_3_8_8_mut_S93EK96RV97F_round_3_0012.rst7' as Amber NC Restart
TIME: Total execution time: 1.0309 seconds.
--------------------------------------------------------------------------------
To cite CPPTRAJ use:
Daniel R. Roe and Thomas E. Cheatham, III, "PTRAJ and CPPTRAJ: Software for
  Processing and Analysis of Molecular Dynamics Trajectory Data". J. Chem.
  Theory Comput., 2013, 9 (7), pp 3084-3095.

