
CPPTRAJ: Trajectory Analysis. V16.00
    ___  ___  ___  ___
     | \/ | \/ | \/ | 
    _|_/\_|_/\_|_/\_|_

| Date/time: 06/20/16 16:26:54
| Available memory: 215.731 GB

INPUT: Reading input from 'cpptraj.in'
  [parm ../../3qdo06_E102TS103NE104DK106LV107L/prmtop]
	Reading '../../3qdo06_E102TS103NE104DK106LV107L/prmtop' as Amber Topology
  [trajin ../../3qdo06_E102TS103NE104DK106LV107L/no_restraint_new_protocol/min_NoH_*rst7"]
	Reading '../../3qdo06_E102TS103NE104DK106LV107L/no_restraint_new_protocol/min_NoH_10_3_1_10_mut_E102TS103NE104DK106LV107L_round_3_0007.rst7' as Amber NC Restart
	Reading '../../3qdo06_E102TS103NE104DK106LV107L/no_restraint_new_protocol/min_NoH_10_3_3_10_mut_E102TS103NE104DK106LV107L_round_3_0009.rst7' as Amber NC Restart
	Reading '../../3qdo06_E102TS103NE104DK106LV107L/no_restraint_new_protocol/min_NoH_10_3_3_10_mut_E102TS103NE104DK106LV107L_round_3_0023.rst7' as Amber NC Restart
	Reading '../../3qdo06_E102TS103NE104DK106LV107L/no_restraint_new_protocol/min_NoH_10_3_4_10_mut_E102TS103NE104DK106LV107L_round_3_0009.rst7' as Amber NC Restart
	Reading '../../3qdo06_E102TS103NE104DK106LV107L/no_restraint_new_protocol/min_NoH_10_3_5_10_mut_E102TS103NE104DK106LV107L_round_3_0007.rst7' as Amber NC Restart
	Reading '../../3qdo06_E102TS103NE104DK106LV107L/no_restraint_new_protocol/min_NoH_10_3_5_10_mut_E102TS103NE104DK106LV107L_round_3_0010.rst7' as Amber NC Restart
	Reading '../../3qdo06_E102TS103NE104DK106LV107L/no_restraint_new_protocol/min_NoH_10_3_5_10_mut_E102TS103NE104DK106LV107L_round_3_0021.rst7' as Amber NC Restart
	Reading '../../3qdo06_E102TS103NE104DK106LV107L/no_restraint_new_protocol/min_NoH_10_3_5_10_mut_E102TS103NE104DK106LV107L_round_3_0024.rst7' as Amber NC Restart
	Reading '../../3qdo06_E102TS103NE104DK106LV107L/no_restraint_new_protocol/min_NoH_10_3_6_10_mut_E102TS103NE104DK106LV107L_round_3_0014.rst7' as Amber NC Restart
	Reading '../../3qdo06_E102TS103NE104DK106LV107L/no_restraint_new_protocol/min_NoH_10_3_7_10_mut_E102TS103NE104DK106LV107L_round_3_0022.rst7' as Amber NC Restart
	Reading '../../3qdo06_E102TS103NE104DK106LV107L/no_restraint_new_protocol/min_NoH_10_3_8_10_mut_E102TS103NE104DK106LV107L_round_3_0013.rst7' as Amber NC Restart
	Reading '../../3qdo06_E102TS103NE104DK106LV107L/no_restraint_new_protocol/min_NoH_10_3_8_10_mut_E102TS103NE104DK106LV107L_round_3_0014.rst7' as Amber NC Restart
	Reading '../../3qdo06_E102TS103NE104DK106LV107L/no_restraint_new_protocol/min_NoH_10_3_8_10_mut_E102TS103NE104DK106LV107L_round_3_0022.rst7' as Amber NC Restart
	Reading '../../3qdo06_E102TS103NE104DK106LV107L/no_restraint_new_protocol/min_NoH_1_5_1_1_mut_E102TS103NE104DK106LV107L_round_5_0016.rst7' as Amber NC Restart
	Reading '../../3qdo06_E102TS103NE104DK106LV107L/no_restraint_new_protocol/min_NoH_1_5_2_1_mut_E102TS103NE104DK106LV107L_round_5_0006.rst7' as Amber NC Restart
	Reading '../../3qdo06_E102TS103NE104DK106LV107L/no_restraint_new_protocol/min_NoH_1_5_2_1_mut_E102TS103NE104DK106LV107L_round_5_0011.rst7' as Amber NC Restart
	Reading '../../3qdo06_E102TS103NE104DK106LV107L/no_restraint_new_protocol/min_NoH_1_5_2_1_mut_E102TS103NE104DK106LV107L_round_5_0013.rst7' as Amber NC Restart
	Reading '../../3qdo06_E102TS103NE104DK106LV107L/no_restraint_new_protocol/min_NoH_1_5_2_1_mut_E102TS103NE104DK106LV107L_round_5_0016.rst7' as Amber NC Restart
	Reading '../../3qdo06_E102TS103NE104DK106LV107L/no_restraint_new_protocol/min_NoH_1_5_2_1_mut_E102TS103NE104DK106LV107L_round_5_0017.rst7' as Amber NC Restart
	Reading '../../3qdo06_E102TS103NE104DK106LV107L/no_restraint_new_protocol/min_NoH_1_5_2_1_mut_E102TS103NE104DK106LV107L_round_5_0021.rst7' as Amber NC Restart
	Reading '../../3qdo06_E102TS103NE104DK106LV107L/no_restraint_new_protocol/min_NoH_1_5_3_1_mut_E102TS103NE104DK106LV107L_round_5_0006.rst7' as Amber NC Restart
	Reading '../../3qdo06_E102TS103NE104DK106LV107L/no_restraint_new_protocol/min_NoH_1_5_4_1_mut_E102TS103NE104DK106LV107L_round_5_0001.rst7' as Amber NC Restart
	Reading '../../3qdo06_E102TS103NE104DK106LV107L/no_restraint_new_protocol/min_NoH_1_5_4_1_mut_E102TS103NE104DK106LV107L_round_5_0007.rst7' as Amber NC Restart
	Reading '../../3qdo06_E102TS103NE104DK106LV107L/no_restraint_new_protocol/min_NoH_1_5_4_1_mut_E102TS103NE104DK106LV107L_round_5_0010.rst7' as Amber NC Restart
	Reading '../../3qdo06_E102TS103NE104DK106LV107L/no_restraint_new_protocol/min_NoH_1_5_4_1_mut_E102TS103NE104DK106LV107L_round_5_0022.rst7' as Amber NC Restart
	Reading '../../3qdo06_E102TS103NE104DK106LV107L/no_restraint_new_protocol/min_NoH_1_5_7_1_mut_E102TS103NE104DK106LV107L_round_5_0001.rst7' as Amber NC Restart
	Reading '../../3qdo06_E102TS103NE104DK106LV107L/no_restraint_new_protocol/min_NoH_1_5_7_1_mut_E102TS103NE104DK106LV107L_round_5_0013.rst7' as Amber NC Restart
	Reading '../../3qdo06_E102TS103NE104DK106LV107L/no_restraint_new_protocol/min_NoH_1_5_8_1_mut_E102TS103NE104DK106LV107L_round_5_0012.rst7' as Amber NC Restart
	Reading '../../3qdo06_E102TS103NE104DK106LV107L/no_restraint_new_protocol/min_NoH_1_5_8_1_mut_E102TS103NE104DK106LV107L_round_5_0013.rst7' as Amber NC Restart
	Reading '../../3qdo06_E102TS103NE104DK106LV107L/no_restraint_new_protocol/min_NoH_6_1_2_6_mut_E102TS103NE104DK106LV107L_round_1_0010.rst7' as Amber NC Restart
	Reading '../../3qdo06_E102TS103NE104DK106LV107L/no_restraint_new_protocol/min_NoH_6_1_3_6_mut_E102TS103NE104DK106LV107L_round_1_0005.rst7' as Amber NC Restart
	Reading '../../3qdo06_E102TS103NE104DK106LV107L/no_restraint_new_protocol/min_NoH_6_1_3_6_mut_E102TS103NE104DK106LV107L_round_1_0009.rst7' as Amber NC Restart
	Reading '../../3qdo06_E102TS103NE104DK106LV107L/no_restraint_new_protocol/min_NoH_6_1_3_6_mut_E102TS103NE104DK106LV107L_round_1_0010.rst7' as Amber NC Restart
	Reading '../../3qdo06_E102TS103NE104DK106LV107L/no_restraint_new_protocol/min_NoH_6_1_3_6_mut_E102TS103NE104DK106LV107L_round_1_0017.rst7' as Amber NC Restart
	Reading '../../3qdo06_E102TS103NE104DK106LV107L/no_restraint_new_protocol/min_NoH_6_1_3_6_mut_E102TS103NE104DK106LV107L_round_1_0020.rst7' as Amber NC Restart
	Reading '../../3qdo06_E102TS103NE104DK106LV107L/no_restraint_new_protocol/min_NoH_6_1_3_6_mut_E102TS103NE104DK106LV107L_round_1_0023.rst7' as Amber NC Restart
	Reading '../../3qdo06_E102TS103NE104DK106LV107L/no_restraint_new_protocol/min_NoH_6_1_4_6_mut_E102TS103NE104DK106LV107L_round_1_0008.rst7' as Amber NC Restart
	Reading '../../3qdo06_E102TS103NE104DK106LV107L/no_restraint_new_protocol/min_NoH_6_1_4_6_mut_E102TS103NE104DK106LV107L_round_1_0009.rst7' as Amber NC Restart
	Reading '../../3qdo06_E102TS103NE104DK106LV107L/no_restraint_new_protocol/min_NoH_6_1_4_6_mut_E102TS103NE104DK106LV107L_round_1_0020.rst7' as Amber NC Restart
	Reading '../../3qdo06_E102TS103NE104DK106LV107L/no_restraint_new_protocol/min_NoH_6_1_4_6_mut_E102TS103NE104DK106LV107L_round_1_0024.rst7' as Amber NC Restart
	Reading '../../3qdo06_E102TS103NE104DK106LV107L/no_restraint_new_protocol/min_NoH_6_1_5_6_mut_E102TS103NE104DK106LV107L_round_1_0021.rst7' as Amber NC Restart
	Reading '../../3qdo06_E102TS103NE104DK106LV107L/no_restraint_new_protocol/min_NoH_6_1_7_6_mut_E102TS103NE104DK106LV107L_round_1_0003.rst7' as Amber NC Restart
	Reading '../../3qdo06_E102TS103NE104DK106LV107L/no_restraint_new_protocol/min_NoH_6_1_7_6_mut_E102TS103NE104DK106LV107L_round_1_0008.rst7' as Amber NC Restart
	Reading '../../3qdo06_E102TS103NE104DK106LV107L/no_restraint_new_protocol/min_NoH_6_1_7_6_mut_E102TS103NE104DK106LV107L_round_1_0011.rst7' as Amber NC Restart
	Reading '../../3qdo06_E102TS103NE104DK106LV107L/no_restraint_new_protocol/min_NoH_6_1_7_6_mut_E102TS103NE104DK106LV107L_round_1_0014.rst7' as Amber NC Restart
	Reading '../../3qdo06_E102TS103NE104DK106LV107L/no_restraint_new_protocol/min_NoH_6_1_7_6_mut_E102TS103NE104DK106LV107L_round_1_0015.rst7' as Amber NC Restart
	Reading '../../3qdo06_E102TS103NE104DK106LV107L/no_restraint_new_protocol/min_NoH_6_1_8_6_mut_E102TS103NE104DK106LV107L_round_1_0002.rst7' as Amber NC Restart
	Reading '../../3qdo06_E102TS103NE104DK106LV107L/no_restraint_new_protocol/min_NoH_6_1_8_6_mut_E102TS103NE104DK106LV107L_round_1_0009.rst7' as Amber NC Restart
	Reading '../../3qdo06_E102TS103NE104DK106LV107L/no_restraint_new_protocol/min_NoH_6_1_8_6_mut_E102TS103NE104DK106LV107L_round_1_0011.rst7' as Amber NC Restart
	Reading '../../3qdo06_E102TS103NE104DK106LV107L/no_restraint_new_protocol/min_NoH_6_1_8_6_mut_E102TS103NE104DK106LV107L_round_1_0025.rst7' as Amber NC Restart
TIME: Total execution time: 0.7239 seconds.
--------------------------------------------------------------------------------
To cite CPPTRAJ use:
Daniel R. Roe and Thomas E. Cheatham, III, "PTRAJ and CPPTRAJ: Software for
  Processing and Analysis of Molecular Dynamics Trajectory Data". J. Chem.
  Theory Comput., 2013, 9 (7), pp 3084-3095.

