
CPPTRAJ: Trajectory Analysis. V16.00
    ___  ___  ___  ___
     | \/ | \/ | \/ | 
    _|_/\_|_/\_|_/\_|_

| Date/time: 06/20/16 16:26:41
| Available memory: 215.672 GB

INPUT: Reading input from 'cpptraj.in'
  [parm ../../1g9o11_E92DA93EA94DA95QA96HA97SS98QE99IS100T/prmtop]
	Reading '../../1g9o11_E92DA93EA94DA95QA96HA97SS98QE99IS100T/prmtop' as Amber Topology
  [trajin ../../1g9o11_E92DA93EA94DA95QA96HA97SS98QE99IS100T/no_restraint_new_protocol/min_NoH_*rst7"]
	Reading '../../1g9o11_E92DA93EA94DA95QA96HA97SS98QE99IS100T/no_restraint_new_protocol/min_NoH_6_5_1_6_mut_E92DA93EA94DA95QA96HA97SS98QE99IS100T_round_5_0019.rst7' as Amber NC Restart
	Reading '../../1g9o11_E92DA93EA94DA95QA96HA97SS98QE99IS100T/no_restraint_new_protocol/min_NoH_6_5_2_6_mut_E92DA93EA94DA95QA96HA97SS98QE99IS100T_round_5_0013.rst7' as Amber NC Restart
	Reading '../../1g9o11_E92DA93EA94DA95QA96HA97SS98QE99IS100T/no_restraint_new_protocol/min_NoH_6_5_2_6_mut_E92DA93EA94DA95QA96HA97SS98QE99IS100T_round_5_0024.rst7' as Amber NC Restart
	Reading '../../1g9o11_E92DA93EA94DA95QA96HA97SS98QE99IS100T/no_restraint_new_protocol/min_NoH_6_5_3_6_mut_E92DA93EA94DA95QA96HA97SS98QE99IS100T_round_5_0021.rst7' as Amber NC Restart
	Reading '../../1g9o11_E92DA93EA94DA95QA96HA97SS98QE99IS100T/no_restraint_new_protocol/min_NoH_6_5_3_6_mut_E92DA93EA94DA95QA96HA97SS98QE99IS100T_round_5_0022.rst7' as Amber NC Restart
	Reading '../../1g9o11_E92DA93EA94DA95QA96HA97SS98QE99IS100T/no_restraint_new_protocol/min_NoH_6_5_4_6_mut_E92DA93EA94DA95QA96HA97SS98QE99IS100T_round_5_0002.rst7' as Amber NC Restart
	Reading '../../1g9o11_E92DA93EA94DA95QA96HA97SS98QE99IS100T/no_restraint_new_protocol/min_NoH_6_5_4_6_mut_E92DA93EA94DA95QA96HA97SS98QE99IS100T_round_5_0024.rst7' as Amber NC Restart
	Reading '../../1g9o11_E92DA93EA94DA95QA96HA97SS98QE99IS100T/no_restraint_new_protocol/min_NoH_6_5_5_6_mut_E92DA93EA94DA95QA96HA97SS98QE99IS100T_round_5_0020.rst7' as Amber NC Restart
	Reading '../../1g9o11_E92DA93EA94DA95QA96HA97SS98QE99IS100T/no_restraint_new_protocol/min_NoH_6_5_5_6_mut_E92DA93EA94DA95QA96HA97SS98QE99IS100T_round_5_0023.rst7' as Amber NC Restart
	Reading '../../1g9o11_E92DA93EA94DA95QA96HA97SS98QE99IS100T/no_restraint_new_protocol/min_NoH_6_5_7_6_mut_E92DA93EA94DA95QA96HA97SS98QE99IS100T_round_5_0013.rst7' as Amber NC Restart
	Reading '../../1g9o11_E92DA93EA94DA95QA96HA97SS98QE99IS100T/no_restraint_new_protocol/min_NoH_6_5_8_6_mut_E92DA93EA94DA95QA96HA97SS98QE99IS100T_round_5_0003.rst7' as Amber NC Restart
	Reading '../../1g9o11_E92DA93EA94DA95QA96HA97SS98QE99IS100T/no_restraint_new_protocol/min_NoH_6_5_8_6_mut_E92DA93EA94DA95QA96HA97SS98QE99IS100T_round_5_0004.rst7' as Amber NC Restart
	Reading '../../1g9o11_E92DA93EA94DA95QA96HA97SS98QE99IS100T/no_restraint_new_protocol/min_NoH_6_5_8_6_mut_E92DA93EA94DA95QA96HA97SS98QE99IS100T_round_5_0010.rst7' as Amber NC Restart
	Reading '../../1g9o11_E92DA93EA94DA95QA96HA97SS98QE99IS100T/no_restraint_new_protocol/min_NoH_8_3_1_8_mut_E92DA93EA94DA95QA96HA97SS98QE99IS100T_round_3_0005.rst7' as Amber NC Restart
	Reading '../../1g9o11_E92DA93EA94DA95QA96HA97SS98QE99IS100T/no_restraint_new_protocol/min_NoH_8_3_1_8_mut_E92DA93EA94DA95QA96HA97SS98QE99IS100T_round_3_0014.rst7' as Amber NC Restart
	Reading '../../1g9o11_E92DA93EA94DA95QA96HA97SS98QE99IS100T/no_restraint_new_protocol/min_NoH_8_3_2_8_mut_E92DA93EA94DA95QA96HA97SS98QE99IS100T_round_3_0003.rst7' as Amber NC Restart
	Reading '../../1g9o11_E92DA93EA94DA95QA96HA97SS98QE99IS100T/no_restraint_new_protocol/min_NoH_8_3_2_8_mut_E92DA93EA94DA95QA96HA97SS98QE99IS100T_round_3_0005.rst7' as Amber NC Restart
	Reading '../../1g9o11_E92DA93EA94DA95QA96HA97SS98QE99IS100T/no_restraint_new_protocol/min_NoH_8_3_2_8_mut_E92DA93EA94DA95QA96HA97SS98QE99IS100T_round_3_0007.rst7' as Amber NC Restart
	Reading '../../1g9o11_E92DA93EA94DA95QA96HA97SS98QE99IS100T/no_restraint_new_protocol/min_NoH_8_3_2_8_mut_E92DA93EA94DA95QA96HA97SS98QE99IS100T_round_3_0019.rst7' as Amber NC Restart
	Reading '../../1g9o11_E92DA93EA94DA95QA96HA97SS98QE99IS100T/no_restraint_new_protocol/min_NoH_8_3_3_8_mut_E92DA93EA94DA95QA96HA97SS98QE99IS100T_round_3_0008.rst7' as Amber NC Restart
	Reading '../../1g9o11_E92DA93EA94DA95QA96HA97SS98QE99IS100T/no_restraint_new_protocol/min_NoH_8_3_3_8_mut_E92DA93EA94DA95QA96HA97SS98QE99IS100T_round_3_0018.rst7' as Amber NC Restart
	Reading '../../1g9o11_E92DA93EA94DA95QA96HA97SS98QE99IS100T/no_restraint_new_protocol/min_NoH_8_3_3_8_mut_E92DA93EA94DA95QA96HA97SS98QE99IS100T_round_3_0021.rst7' as Amber NC Restart
	Reading '../../1g9o11_E92DA93EA94DA95QA96HA97SS98QE99IS100T/no_restraint_new_protocol/min_NoH_8_3_3_8_mut_E92DA93EA94DA95QA96HA97SS98QE99IS100T_round_3_0022.rst7' as Amber NC Restart
	Reading '../../1g9o11_E92DA93EA94DA95QA96HA97SS98QE99IS100T/no_restraint_new_protocol/min_NoH_8_3_3_8_mut_E92DA93EA94DA95QA96HA97SS98QE99IS100T_round_3_0025.rst7' as Amber NC Restart
	Reading '../../1g9o11_E92DA93EA94DA95QA96HA97SS98QE99IS100T/no_restraint_new_protocol/min_NoH_8_3_4_8_mut_E92DA93EA94DA95QA96HA97SS98QE99IS100T_round_3_0002.rst7' as Amber NC Restart
	Reading '../../1g9o11_E92DA93EA94DA95QA96HA97SS98QE99IS100T/no_restraint_new_protocol/min_NoH_8_3_4_8_mut_E92DA93EA94DA95QA96HA97SS98QE99IS100T_round_3_0011.rst7' as Amber NC Restart
	Reading '../../1g9o11_E92DA93EA94DA95QA96HA97SS98QE99IS100T/no_restraint_new_protocol/min_NoH_8_3_4_8_mut_E92DA93EA94DA95QA96HA97SS98QE99IS100T_round_3_0018.rst7' as Amber NC Restart
	Reading '../../1g9o11_E92DA93EA94DA95QA96HA97SS98QE99IS100T/no_restraint_new_protocol/min_NoH_8_3_5_8_mut_E92DA93EA94DA95QA96HA97SS98QE99IS100T_round_3_0006.rst7' as Amber NC Restart
	Reading '../../1g9o11_E92DA93EA94DA95QA96HA97SS98QE99IS100T/no_restraint_new_protocol/min_NoH_8_3_5_8_mut_E92DA93EA94DA95QA96HA97SS98QE99IS100T_round_3_0007.rst7' as Amber NC Restart
	Reading '../../1g9o11_E92DA93EA94DA95QA96HA97SS98QE99IS100T/no_restraint_new_protocol/min_NoH_8_3_6_8_mut_E92DA93EA94DA95QA96HA97SS98QE99IS100T_round_3_0004.rst7' as Amber NC Restart
	Reading '../../1g9o11_E92DA93EA94DA95QA96HA97SS98QE99IS100T/no_restraint_new_protocol/min_NoH_8_3_6_8_mut_E92DA93EA94DA95QA96HA97SS98QE99IS100T_round_3_0014.rst7' as Amber NC Restart
	Reading '../../1g9o11_E92DA93EA94DA95QA96HA97SS98QE99IS100T/no_restraint_new_protocol/min_NoH_8_3_6_8_mut_E92DA93EA94DA95QA96HA97SS98QE99IS100T_round_3_0019.rst7' as Amber NC Restart
	Reading '../../1g9o11_E92DA93EA94DA95QA96HA97SS98QE99IS100T/no_restraint_new_protocol/min_NoH_8_3_7_8_mut_E92DA93EA94DA95QA96HA97SS98QE99IS100T_round_3_0003.rst7' as Amber NC Restart
	Reading '../../1g9o11_E92DA93EA94DA95QA96HA97SS98QE99IS100T/no_restraint_new_protocol/min_NoH_8_3_7_8_mut_E92DA93EA94DA95QA96HA97SS98QE99IS100T_round_3_0012.rst7' as Amber NC Restart
	Reading '../../1g9o11_E92DA93EA94DA95QA96HA97SS98QE99IS100T/no_restraint_new_protocol/min_NoH_8_3_8_8_mut_E92DA93EA94DA95QA96HA97SS98QE99IS100T_round_3_0015.rst7' as Amber NC Restart
	Reading '../../1g9o11_E92DA93EA94DA95QA96HA97SS98QE99IS100T/no_restraint_new_protocol/min_NoH_8_3_8_8_mut_E92DA93EA94DA95QA96HA97SS98QE99IS100T_round_3_0020.rst7' as Amber NC Restart
	Reading '../../1g9o11_E92DA93EA94DA95QA96HA97SS98QE99IS100T/no_restraint_new_protocol/min_NoH_9_1_1_9_mut_E92DA93EA94DA95QA96HA97SS98QE99IS100T_round_1_0003.rst7' as Amber NC Restart
	Reading '../../1g9o11_E92DA93EA94DA95QA96HA97SS98QE99IS100T/no_restraint_new_protocol/min_NoH_9_1_1_9_mut_E92DA93EA94DA95QA96HA97SS98QE99IS100T_round_1_0010.rst7' as Amber NC Restart
	Reading '../../1g9o11_E92DA93EA94DA95QA96HA97SS98QE99IS100T/no_restraint_new_protocol/min_NoH_9_1_1_9_mut_E92DA93EA94DA95QA96HA97SS98QE99IS100T_round_1_0012.rst7' as Amber NC Restart
	Reading '../../1g9o11_E92DA93EA94DA95QA96HA97SS98QE99IS100T/no_restraint_new_protocol/min_NoH_9_1_2_9_mut_E92DA93EA94DA95QA96HA97SS98QE99IS100T_round_1_0012.rst7' as Amber NC Restart
	Reading '../../1g9o11_E92DA93EA94DA95QA96HA97SS98QE99IS100T/no_restraint_new_protocol/min_NoH_9_1_2_9_mut_E92DA93EA94DA95QA96HA97SS98QE99IS100T_round_1_0014.rst7' as Amber NC Restart
	Reading '../../1g9o11_E92DA93EA94DA95QA96HA97SS98QE99IS100T/no_restraint_new_protocol/min_NoH_9_1_3_9_mut_E92DA93EA94DA95QA96HA97SS98QE99IS100T_round_1_0012.rst7' as Amber NC Restart
	Reading '../../1g9o11_E92DA93EA94DA95QA96HA97SS98QE99IS100T/no_restraint_new_protocol/min_NoH_9_1_3_9_mut_E92DA93EA94DA95QA96HA97SS98QE99IS100T_round_1_0014.rst7' as Amber NC Restart
	Reading '../../1g9o11_E92DA93EA94DA95QA96HA97SS98QE99IS100T/no_restraint_new_protocol/min_NoH_9_1_4_9_mut_E92DA93EA94DA95QA96HA97SS98QE99IS100T_round_1_0018.rst7' as Amber NC Restart
	Reading '../../1g9o11_E92DA93EA94DA95QA96HA97SS98QE99IS100T/no_restraint_new_protocol/min_NoH_9_1_5_9_mut_E92DA93EA94DA95QA96HA97SS98QE99IS100T_round_1_0004.rst7' as Amber NC Restart
	Reading '../../1g9o11_E92DA93EA94DA95QA96HA97SS98QE99IS100T/no_restraint_new_protocol/min_NoH_9_1_5_9_mut_E92DA93EA94DA95QA96HA97SS98QE99IS100T_round_1_0011.rst7' as Amber NC Restart
	Reading '../../1g9o11_E92DA93EA94DA95QA96HA97SS98QE99IS100T/no_restraint_new_protocol/min_NoH_9_1_5_9_mut_E92DA93EA94DA95QA96HA97SS98QE99IS100T_round_1_0013.rst7' as Amber NC Restart
	Reading '../../1g9o11_E92DA93EA94DA95QA96HA97SS98QE99IS100T/no_restraint_new_protocol/min_NoH_9_1_6_9_mut_E92DA93EA94DA95QA96HA97SS98QE99IS100T_round_1_0005.rst7' as Amber NC Restart
	Reading '../../1g9o11_E92DA93EA94DA95QA96HA97SS98QE99IS100T/no_restraint_new_protocol/min_NoH_9_1_6_9_mut_E92DA93EA94DA95QA96HA97SS98QE99IS100T_round_1_0019.rst7' as Amber NC Restart
	Reading '../../1g9o11_E92DA93EA94DA95QA96HA97SS98QE99IS100T/no_restraint_new_protocol/min_NoH_9_1_8_9_mut_E92DA93EA94DA95QA96HA97SS98QE99IS100T_round_1_0020.rst7' as Amber NC Restart
TIME: Total execution time: 0.9061 seconds.
--------------------------------------------------------------------------------
To cite CPPTRAJ use:
Daniel R. Roe and Thomas E. Cheatham, III, "PTRAJ and CPPTRAJ: Software for
  Processing and Analysis of Molecular Dynamics Trajectory Data". J. Chem.
  Theory Comput., 2013, 9 (7), pp 3084-3095.

