
CPPTRAJ: Trajectory Analysis. V16.00
    ___  ___  ___  ___
     | \/ | \/ | \/ | 
    _|_/\_|_/\_|_/\_|_

| Date/time: 06/20/16 16:26:51
| Available memory: 215.723 GB

INPUT: Reading input from 'cpptraj.in'
  [parm ../../3qdo06_E102RS103RK106EV107I/prmtop]
	Reading '../../3qdo06_E102RS103RK106EV107I/prmtop' as Amber Topology
  [trajin ../../3qdo06_E102RS103RK106EV107I/no_restraint_new_protocol/min_NoH_*rst7"]
	Reading '../../3qdo06_E102RS103RK106EV107I/no_restraint_new_protocol/min_NoH_3_3_1_3_mut_E102RS103RK106EV107I_round_3_0014.rst7' as Amber NC Restart
	Reading '../../3qdo06_E102RS103RK106EV107I/no_restraint_new_protocol/min_NoH_3_3_1_3_mut_E102RS103RK106EV107I_round_3_0020.rst7' as Amber NC Restart
	Reading '../../3qdo06_E102RS103RK106EV107I/no_restraint_new_protocol/min_NoH_3_3_2_3_mut_E102RS103RK106EV107I_round_3_0010.rst7' as Amber NC Restart
	Reading '../../3qdo06_E102RS103RK106EV107I/no_restraint_new_protocol/min_NoH_3_3_2_3_mut_E102RS103RK106EV107I_round_3_0013.rst7' as Amber NC Restart
	Reading '../../3qdo06_E102RS103RK106EV107I/no_restraint_new_protocol/min_NoH_3_3_3_3_mut_E102RS103RK106EV107I_round_3_0006.rst7' as Amber NC Restart
	Reading '../../3qdo06_E102RS103RK106EV107I/no_restraint_new_protocol/min_NoH_3_3_3_3_mut_E102RS103RK106EV107I_round_3_0009.rst7' as Amber NC Restart
	Reading '../../3qdo06_E102RS103RK106EV107I/no_restraint_new_protocol/min_NoH_3_3_3_3_mut_E102RS103RK106EV107I_round_3_0025.rst7' as Amber NC Restart
	Reading '../../3qdo06_E102RS103RK106EV107I/no_restraint_new_protocol/min_NoH_3_3_4_3_mut_E102RS103RK106EV107I_round_3_0002.rst7' as Amber NC Restart
	Reading '../../3qdo06_E102RS103RK106EV107I/no_restraint_new_protocol/min_NoH_3_3_4_3_mut_E102RS103RK106EV107I_round_3_0013.rst7' as Amber NC Restart
	Reading '../../3qdo06_E102RS103RK106EV107I/no_restraint_new_protocol/min_NoH_3_3_6_3_mut_E102RS103RK106EV107I_round_3_0002.rst7' as Amber NC Restart
	Reading '../../3qdo06_E102RS103RK106EV107I/no_restraint_new_protocol/min_NoH_3_3_6_3_mut_E102RS103RK106EV107I_round_3_0006.rst7' as Amber NC Restart
	Reading '../../3qdo06_E102RS103RK106EV107I/no_restraint_new_protocol/min_NoH_3_3_6_3_mut_E102RS103RK106EV107I_round_3_0024.rst7' as Amber NC Restart
	Reading '../../3qdo06_E102RS103RK106EV107I/no_restraint_new_protocol/min_NoH_3_3_7_3_mut_E102RS103RK106EV107I_round_3_0008.rst7' as Amber NC Restart
	Reading '../../3qdo06_E102RS103RK106EV107I/no_restraint_new_protocol/min_NoH_3_3_7_3_mut_E102RS103RK106EV107I_round_3_0016.rst7' as Amber NC Restart
	Reading '../../3qdo06_E102RS103RK106EV107I/no_restraint_new_protocol/min_NoH_3_3_8_3_mut_E102RS103RK106EV107I_round_3_0010.rst7' as Amber NC Restart
	Reading '../../3qdo06_E102RS103RK106EV107I/no_restraint_new_protocol/min_NoH_3_3_8_3_mut_E102RS103RK106EV107I_round_3_0020.rst7' as Amber NC Restart
	Reading '../../3qdo06_E102RS103RK106EV107I/no_restraint_new_protocol/min_NoH_5_1_2_5_mut_E102RS103RK106EV107I_round_1_0005.rst7' as Amber NC Restart
	Reading '../../3qdo06_E102RS103RK106EV107I/no_restraint_new_protocol/min_NoH_5_1_2_5_mut_E102RS103RK106EV107I_round_1_0022.rst7' as Amber NC Restart
	Reading '../../3qdo06_E102RS103RK106EV107I/no_restraint_new_protocol/min_NoH_5_1_3_5_mut_E102RS103RK106EV107I_round_1_0006.rst7' as Amber NC Restart
	Reading '../../3qdo06_E102RS103RK106EV107I/no_restraint_new_protocol/min_NoH_5_1_3_5_mut_E102RS103RK106EV107I_round_1_0017.rst7' as Amber NC Restart
	Reading '../../3qdo06_E102RS103RK106EV107I/no_restraint_new_protocol/min_NoH_5_1_3_5_mut_E102RS103RK106EV107I_round_1_0020.rst7' as Amber NC Restart
	Reading '../../3qdo06_E102RS103RK106EV107I/no_restraint_new_protocol/min_NoH_5_1_4_5_mut_E102RS103RK106EV107I_round_1_0004.rst7' as Amber NC Restart
	Reading '../../3qdo06_E102RS103RK106EV107I/no_restraint_new_protocol/min_NoH_5_1_4_5_mut_E102RS103RK106EV107I_round_1_0005.rst7' as Amber NC Restart
	Reading '../../3qdo06_E102RS103RK106EV107I/no_restraint_new_protocol/min_NoH_5_1_4_5_mut_E102RS103RK106EV107I_round_1_0011.rst7' as Amber NC Restart
	Reading '../../3qdo06_E102RS103RK106EV107I/no_restraint_new_protocol/min_NoH_5_1_4_5_mut_E102RS103RK106EV107I_round_1_0016.rst7' as Amber NC Restart
	Reading '../../3qdo06_E102RS103RK106EV107I/no_restraint_new_protocol/min_NoH_5_1_4_5_mut_E102RS103RK106EV107I_round_1_0020.rst7' as Amber NC Restart
	Reading '../../3qdo06_E102RS103RK106EV107I/no_restraint_new_protocol/min_NoH_5_1_5_5_mut_E102RS103RK106EV107I_round_1_0011.rst7' as Amber NC Restart
	Reading '../../3qdo06_E102RS103RK106EV107I/no_restraint_new_protocol/min_NoH_5_1_5_5_mut_E102RS103RK106EV107I_round_1_0012.rst7' as Amber NC Restart
	Reading '../../3qdo06_E102RS103RK106EV107I/no_restraint_new_protocol/min_NoH_5_1_5_5_mut_E102RS103RK106EV107I_round_1_0020.rst7' as Amber NC Restart
	Reading '../../3qdo06_E102RS103RK106EV107I/no_restraint_new_protocol/min_NoH_5_1_5_5_mut_E102RS103RK106EV107I_round_1_0022.rst7' as Amber NC Restart
	Reading '../../3qdo06_E102RS103RK106EV107I/no_restraint_new_protocol/min_NoH_5_1_6_5_mut_E102RS103RK106EV107I_round_1_0001.rst7' as Amber NC Restart
	Reading '../../3qdo06_E102RS103RK106EV107I/no_restraint_new_protocol/min_NoH_5_1_6_5_mut_E102RS103RK106EV107I_round_1_0023.rst7' as Amber NC Restart
	Reading '../../3qdo06_E102RS103RK106EV107I/no_restraint_new_protocol/min_NoH_5_1_7_5_mut_E102RS103RK106EV107I_round_1_0019.rst7' as Amber NC Restart
	Reading '../../3qdo06_E102RS103RK106EV107I/no_restraint_new_protocol/min_NoH_5_1_8_5_mut_E102RS103RK106EV107I_round_1_0003.rst7' as Amber NC Restart
	Reading '../../3qdo06_E102RS103RK106EV107I/no_restraint_new_protocol/min_NoH_5_1_8_5_mut_E102RS103RK106EV107I_round_1_0025.rst7' as Amber NC Restart
	Reading '../../3qdo06_E102RS103RK106EV107I/no_restraint_new_protocol/min_NoH_9_1_1_9_mut_E102RS103RK106EV107I_round_1_0012.rst7' as Amber NC Restart
	Reading '../../3qdo06_E102RS103RK106EV107I/no_restraint_new_protocol/min_NoH_9_1_2_9_mut_E102RS103RK106EV107I_round_1_0015.rst7' as Amber NC Restart
	Reading '../../3qdo06_E102RS103RK106EV107I/no_restraint_new_protocol/min_NoH_9_1_2_9_mut_E102RS103RK106EV107I_round_1_0024.rst7' as Amber NC Restart
	Reading '../../3qdo06_E102RS103RK106EV107I/no_restraint_new_protocol/min_NoH_9_1_3_9_mut_E102RS103RK106EV107I_round_1_0003.rst7' as Amber NC Restart
	Reading '../../3qdo06_E102RS103RK106EV107I/no_restraint_new_protocol/min_NoH_9_1_3_9_mut_E102RS103RK106EV107I_round_1_0017.rst7' as Amber NC Restart
	Reading '../../3qdo06_E102RS103RK106EV107I/no_restraint_new_protocol/min_NoH_9_1_4_9_mut_E102RS103RK106EV107I_round_1_0004.rst7' as Amber NC Restart
	Reading '../../3qdo06_E102RS103RK106EV107I/no_restraint_new_protocol/min_NoH_9_1_5_9_mut_E102RS103RK106EV107I_round_1_0007.rst7' as Amber NC Restart
	Reading '../../3qdo06_E102RS103RK106EV107I/no_restraint_new_protocol/min_NoH_9_1_5_9_mut_E102RS103RK106EV107I_round_1_0011.rst7' as Amber NC Restart
	Reading '../../3qdo06_E102RS103RK106EV107I/no_restraint_new_protocol/min_NoH_9_1_5_9_mut_E102RS103RK106EV107I_round_1_0012.rst7' as Amber NC Restart
	Reading '../../3qdo06_E102RS103RK106EV107I/no_restraint_new_protocol/min_NoH_9_1_6_9_mut_E102RS103RK106EV107I_round_1_0004.rst7' as Amber NC Restart
	Reading '../../3qdo06_E102RS103RK106EV107I/no_restraint_new_protocol/min_NoH_9_1_6_9_mut_E102RS103RK106EV107I_round_1_0016.rst7' as Amber NC Restart
	Reading '../../3qdo06_E102RS103RK106EV107I/no_restraint_new_protocol/min_NoH_9_1_6_9_mut_E102RS103RK106EV107I_round_1_0018.rst7' as Amber NC Restart
	Reading '../../3qdo06_E102RS103RK106EV107I/no_restraint_new_protocol/min_NoH_9_1_7_9_mut_E102RS103RK106EV107I_round_1_0008.rst7' as Amber NC Restart
	Reading '../../3qdo06_E102RS103RK106EV107I/no_restraint_new_protocol/min_NoH_9_1_7_9_mut_E102RS103RK106EV107I_round_1_0019.rst7' as Amber NC Restart
	Reading '../../3qdo06_E102RS103RK106EV107I/no_restraint_new_protocol/min_NoH_9_1_8_9_mut_E102RS103RK106EV107I_round_1_0004.rst7' as Amber NC Restart
TIME: Total execution time: 0.7360 seconds.
--------------------------------------------------------------------------------
To cite CPPTRAJ use:
Daniel R. Roe and Thomas E. Cheatham, III, "PTRAJ and CPPTRAJ: Software for
  Processing and Analysis of Molecular Dynamics Trajectory Data". J. Chem.
  Theory Comput., 2013, 9 (7), pp 3084-3095.

