
CPPTRAJ: Trajectory Analysis. V16.00
    ___  ___  ___  ___
     | \/ | \/ | \/ | 
    _|_/\_|_/\_|_/\_|_

| Date/time: 06/20/16 16:26:23
| Available memory: 215.587 GB

INPUT: Reading input from 'cpptraj.in'
  [parm ../../1g9o06_E92SS93IK96D/prmtop]
	Reading '../../1g9o06_E92SS93IK96D/prmtop' as Amber Topology
  [trajin ../../1g9o06_E92SS93IK96D/no_restraint_new_protocol/min_NoH_*rst7"]
	Reading '../../1g9o06_E92SS93IK96D/no_restraint_new_protocol/min_NoH_6_5_1_6_mut_E92SS93IK96D_round_5_0011.rst7' as Amber NC Restart
	Reading '../../1g9o06_E92SS93IK96D/no_restraint_new_protocol/min_NoH_6_5_1_6_mut_E92SS93IK96D_round_5_0016.rst7' as Amber NC Restart
	Reading '../../1g9o06_E92SS93IK96D/no_restraint_new_protocol/min_NoH_6_5_1_6_mut_E92SS93IK96D_round_5_0019.rst7' as Amber NC Restart
	Reading '../../1g9o06_E92SS93IK96D/no_restraint_new_protocol/min_NoH_6_5_2_6_mut_E92SS93IK96D_round_5_0004.rst7' as Amber NC Restart
	Reading '../../1g9o06_E92SS93IK96D/no_restraint_new_protocol/min_NoH_6_5_2_6_mut_E92SS93IK96D_round_5_0018.rst7' as Amber NC Restart
	Reading '../../1g9o06_E92SS93IK96D/no_restraint_new_protocol/min_NoH_6_5_3_6_mut_E92SS93IK96D_round_5_0009.rst7' as Amber NC Restart
	Reading '../../1g9o06_E92SS93IK96D/no_restraint_new_protocol/min_NoH_6_5_3_6_mut_E92SS93IK96D_round_5_0021.rst7' as Amber NC Restart
	Reading '../../1g9o06_E92SS93IK96D/no_restraint_new_protocol/min_NoH_6_5_6_6_mut_E92SS93IK96D_round_5_0013.rst7' as Amber NC Restart
	Reading '../../1g9o06_E92SS93IK96D/no_restraint_new_protocol/min_NoH_6_5_6_6_mut_E92SS93IK96D_round_5_0023.rst7' as Amber NC Restart
	Reading '../../1g9o06_E92SS93IK96D/no_restraint_new_protocol/min_NoH_6_5_6_6_mut_E92SS93IK96D_round_5_0025.rst7' as Amber NC Restart
	Reading '../../1g9o06_E92SS93IK96D/no_restraint_new_protocol/min_NoH_6_5_7_6_mut_E92SS93IK96D_round_5_0017.rst7' as Amber NC Restart
	Reading '../../1g9o06_E92SS93IK96D/no_restraint_new_protocol/min_NoH_6_5_8_6_mut_E92SS93IK96D_round_5_0002.rst7' as Amber NC Restart
	Reading '../../1g9o06_E92SS93IK96D/no_restraint_new_protocol/min_NoH_6_5_8_6_mut_E92SS93IK96D_round_5_0006.rst7' as Amber NC Restart
	Reading '../../1g9o06_E92SS93IK96D/no_restraint_new_protocol/min_NoH_6_5_8_6_mut_E92SS93IK96D_round_5_0019.rst7' as Amber NC Restart
	Reading '../../1g9o06_E92SS93IK96D/no_restraint_new_protocol/min_NoH_6_5_8_6_mut_E92SS93IK96D_round_5_0024.rst7' as Amber NC Restart
	Reading '../../1g9o06_E92SS93IK96D/no_restraint_new_protocol/min_NoH_9_2_1_9_mut_E92SS93IK96D_round_2_0004.rst7' as Amber NC Restart
	Reading '../../1g9o06_E92SS93IK96D/no_restraint_new_protocol/min_NoH_9_2_1_9_mut_E92SS93IK96D_round_2_0009.rst7' as Amber NC Restart
	Reading '../../1g9o06_E92SS93IK96D/no_restraint_new_protocol/min_NoH_9_2_1_9_mut_E92SS93IK96D_round_2_0011.rst7' as Amber NC Restart
	Reading '../../1g9o06_E92SS93IK96D/no_restraint_new_protocol/min_NoH_9_2_1_9_mut_E92SS93IK96D_round_2_0024.rst7' as Amber NC Restart
	Reading '../../1g9o06_E92SS93IK96D/no_restraint_new_protocol/min_NoH_9_2_2_9_mut_E92SS93IK96D_round_2_0023.rst7' as Amber NC Restart
	Reading '../../1g9o06_E92SS93IK96D/no_restraint_new_protocol/min_NoH_9_2_2_9_mut_E92SS93IK96D_round_2_0025.rst7' as Amber NC Restart
	Reading '../../1g9o06_E92SS93IK96D/no_restraint_new_protocol/min_NoH_9_2_3_9_mut_E92SS93IK96D_round_2_0009.rst7' as Amber NC Restart
	Reading '../../1g9o06_E92SS93IK96D/no_restraint_new_protocol/min_NoH_9_2_3_9_mut_E92SS93IK96D_round_2_0010.rst7' as Amber NC Restart
	Reading '../../1g9o06_E92SS93IK96D/no_restraint_new_protocol/min_NoH_9_2_3_9_mut_E92SS93IK96D_round_2_0014.rst7' as Amber NC Restart
	Reading '../../1g9o06_E92SS93IK96D/no_restraint_new_protocol/min_NoH_9_2_3_9_mut_E92SS93IK96D_round_2_0016.rst7' as Amber NC Restart
	Reading '../../1g9o06_E92SS93IK96D/no_restraint_new_protocol/min_NoH_9_2_5_9_mut_E92SS93IK96D_round_2_0013.rst7' as Amber NC Restart
	Reading '../../1g9o06_E92SS93IK96D/no_restraint_new_protocol/min_NoH_9_2_5_9_mut_E92SS93IK96D_round_2_0023.rst7' as Amber NC Restart
	Reading '../../1g9o06_E92SS93IK96D/no_restraint_new_protocol/min_NoH_9_2_5_9_mut_E92SS93IK96D_round_2_0024.rst7' as Amber NC Restart
	Reading '../../1g9o06_E92SS93IK96D/no_restraint_new_protocol/min_NoH_9_2_6_9_mut_E92SS93IK96D_round_2_0002.rst7' as Amber NC Restart
	Reading '../../1g9o06_E92SS93IK96D/no_restraint_new_protocol/min_NoH_9_2_6_9_mut_E92SS93IK96D_round_2_0004.rst7' as Amber NC Restart
	Reading '../../1g9o06_E92SS93IK96D/no_restraint_new_protocol/min_NoH_9_2_6_9_mut_E92SS93IK96D_round_2_0021.rst7' as Amber NC Restart
	Reading '../../1g9o06_E92SS93IK96D/no_restraint_new_protocol/min_NoH_9_2_6_9_mut_E92SS93IK96D_round_2_0025.rst7' as Amber NC Restart
	Reading '../../1g9o06_E92SS93IK96D/no_restraint_new_protocol/min_NoH_9_2_7_9_mut_E92SS93IK96D_round_2_0020.rst7' as Amber NC Restart
	Reading '../../1g9o06_E92SS93IK96D/no_restraint_new_protocol/min_NoH_9_2_8_9_mut_E92SS93IK96D_round_2_0006.rst7' as Amber NC Restart
	Reading '../../1g9o06_E92SS93IK96D/no_restraint_new_protocol/min_NoH_9_2_8_9_mut_E92SS93IK96D_round_2_0011.rst7' as Amber NC Restart
	Reading '../../1g9o06_E92SS93IK96D/no_restraint_new_protocol/min_NoH_9_2_8_9_mut_E92SS93IK96D_round_2_0025.rst7' as Amber NC Restart
	Reading '../../1g9o06_E92SS93IK96D/no_restraint_new_protocol/min_NoH_9_3_1_9_mut_E92SS93IK96D_round_3_0025.rst7' as Amber NC Restart
	Reading '../../1g9o06_E92SS93IK96D/no_restraint_new_protocol/min_NoH_9_3_2_9_mut_E92SS93IK96D_round_3_0018.rst7' as Amber NC Restart
	Reading '../../1g9o06_E92SS93IK96D/no_restraint_new_protocol/min_NoH_9_3_2_9_mut_E92SS93IK96D_round_3_0024.rst7' as Amber NC Restart
	Reading '../../1g9o06_E92SS93IK96D/no_restraint_new_protocol/min_NoH_9_3_3_9_mut_E92SS93IK96D_round_3_0004.rst7' as Amber NC Restart
	Reading '../../1g9o06_E92SS93IK96D/no_restraint_new_protocol/min_NoH_9_3_3_9_mut_E92SS93IK96D_round_3_0013.rst7' as Amber NC Restart
	Reading '../../1g9o06_E92SS93IK96D/no_restraint_new_protocol/min_NoH_9_3_3_9_mut_E92SS93IK96D_round_3_0018.rst7' as Amber NC Restart
	Reading '../../1g9o06_E92SS93IK96D/no_restraint_new_protocol/min_NoH_9_3_3_9_mut_E92SS93IK96D_round_3_0025.rst7' as Amber NC Restart
	Reading '../../1g9o06_E92SS93IK96D/no_restraint_new_protocol/min_NoH_9_3_5_9_mut_E92SS93IK96D_round_3_0002.rst7' as Amber NC Restart
	Reading '../../1g9o06_E92SS93IK96D/no_restraint_new_protocol/min_NoH_9_3_5_9_mut_E92SS93IK96D_round_3_0010.rst7' as Amber NC Restart
	Reading '../../1g9o06_E92SS93IK96D/no_restraint_new_protocol/min_NoH_9_3_5_9_mut_E92SS93IK96D_round_3_0021.rst7' as Amber NC Restart
	Reading '../../1g9o06_E92SS93IK96D/no_restraint_new_protocol/min_NoH_9_3_6_9_mut_E92SS93IK96D_round_3_0013.rst7' as Amber NC Restart
	Reading '../../1g9o06_E92SS93IK96D/no_restraint_new_protocol/min_NoH_9_3_7_9_mut_E92SS93IK96D_round_3_0023.rst7' as Amber NC Restart
	Reading '../../1g9o06_E92SS93IK96D/no_restraint_new_protocol/min_NoH_9_3_8_9_mut_E92SS93IK96D_round_3_0020.rst7' as Amber NC Restart
	Reading '../../1g9o06_E92SS93IK96D/no_restraint_new_protocol/min_NoH_9_3_8_9_mut_E92SS93IK96D_round_3_0025.rst7' as Amber NC Restart
TIME: Total execution time: 1.1887 seconds.
--------------------------------------------------------------------------------
To cite CPPTRAJ use:
Daniel R. Roe and Thomas E. Cheatham, III, "PTRAJ and CPPTRAJ: Software for
  Processing and Analysis of Molecular Dynamics Trajectory Data". J. Chem.
  Theory Comput., 2013, 9 (7), pp 3084-3095.

