
CPPTRAJ: Trajectory Analysis. V16.00
    ___  ___  ___  ___
     | \/ | \/ | \/ | 
    _|_/\_|_/\_|_/\_|_

| Date/time: 06/20/16 16:26:56
| Available memory: 215.737 GB

INPUT: Reading input from 'cpptraj.in'
  [parm ../../3qdo06_E102YS103KE104KS105TK106E/prmtop]
	Reading '../../3qdo06_E102YS103KE104KS105TK106E/prmtop' as Amber Topology
  [trajin ../../3qdo06_E102YS103KE104KS105TK106E/no_restraint_new_protocol/min_NoH_*rst7"]
	Reading '../../3qdo06_E102YS103KE104KS105TK106E/no_restraint_new_protocol/min_NoH_10_5_1_10_mut_E102YS103KE104KS105TK106E_round_5_0009.rst7' as Amber NC Restart
	Reading '../../3qdo06_E102YS103KE104KS105TK106E/no_restraint_new_protocol/min_NoH_10_5_2_10_mut_E102YS103KE104KS105TK106E_round_5_0008.rst7' as Amber NC Restart
	Reading '../../3qdo06_E102YS103KE104KS105TK106E/no_restraint_new_protocol/min_NoH_10_5_3_10_mut_E102YS103KE104KS105TK106E_round_5_0019.rst7' as Amber NC Restart
	Reading '../../3qdo06_E102YS103KE104KS105TK106E/no_restraint_new_protocol/min_NoH_10_5_3_10_mut_E102YS103KE104KS105TK106E_round_5_0020.rst7' as Amber NC Restart
	Reading '../../3qdo06_E102YS103KE104KS105TK106E/no_restraint_new_protocol/min_NoH_10_5_4_10_mut_E102YS103KE104KS105TK106E_round_5_0022.rst7' as Amber NC Restart
	Reading '../../3qdo06_E102YS103KE104KS105TK106E/no_restraint_new_protocol/min_NoH_10_5_6_10_mut_E102YS103KE104KS105TK106E_round_5_0006.rst7' as Amber NC Restart
	Reading '../../3qdo06_E102YS103KE104KS105TK106E/no_restraint_new_protocol/min_NoH_10_5_6_10_mut_E102YS103KE104KS105TK106E_round_5_0018.rst7' as Amber NC Restart
	Reading '../../3qdo06_E102YS103KE104KS105TK106E/no_restraint_new_protocol/min_NoH_10_5_7_10_mut_E102YS103KE104KS105TK106E_round_5_0019.rst7' as Amber NC Restart
	Reading '../../3qdo06_E102YS103KE104KS105TK106E/no_restraint_new_protocol/min_NoH_10_5_8_10_mut_E102YS103KE104KS105TK106E_round_5_0013.rst7' as Amber NC Restart
	Reading '../../3qdo06_E102YS103KE104KS105TK106E/no_restraint_new_protocol/min_NoH_10_5_8_10_mut_E102YS103KE104KS105TK106E_round_5_0018.rst7' as Amber NC Restart
	Reading '../../3qdo06_E102YS103KE104KS105TK106E/no_restraint_new_protocol/min_NoH_4_4_1_4_mut_E102YS103KE104KS105TK106E_round_4_0023.rst7' as Amber NC Restart
	Reading '../../3qdo06_E102YS103KE104KS105TK106E/no_restraint_new_protocol/min_NoH_4_4_2_4_mut_E102YS103KE104KS105TK106E_round_4_0011.rst7' as Amber NC Restart
	Reading '../../3qdo06_E102YS103KE104KS105TK106E/no_restraint_new_protocol/min_NoH_4_4_2_4_mut_E102YS103KE104KS105TK106E_round_4_0017.rst7' as Amber NC Restart
	Reading '../../3qdo06_E102YS103KE104KS105TK106E/no_restraint_new_protocol/min_NoH_4_4_3_4_mut_E102YS103KE104KS105TK106E_round_4_0009.rst7' as Amber NC Restart
	Reading '../../3qdo06_E102YS103KE104KS105TK106E/no_restraint_new_protocol/min_NoH_4_4_3_4_mut_E102YS103KE104KS105TK106E_round_4_0010.rst7' as Amber NC Restart
	Reading '../../3qdo06_E102YS103KE104KS105TK106E/no_restraint_new_protocol/min_NoH_4_4_3_4_mut_E102YS103KE104KS105TK106E_round_4_0021.rst7' as Amber NC Restart
	Reading '../../3qdo06_E102YS103KE104KS105TK106E/no_restraint_new_protocol/min_NoH_4_4_4_4_mut_E102YS103KE104KS105TK106E_round_4_0004.rst7' as Amber NC Restart
	Reading '../../3qdo06_E102YS103KE104KS105TK106E/no_restraint_new_protocol/min_NoH_4_4_4_4_mut_E102YS103KE104KS105TK106E_round_4_0012.rst7' as Amber NC Restart
	Reading '../../3qdo06_E102YS103KE104KS105TK106E/no_restraint_new_protocol/min_NoH_4_4_5_4_mut_E102YS103KE104KS105TK106E_round_4_0007.rst7' as Amber NC Restart
	Reading '../../3qdo06_E102YS103KE104KS105TK106E/no_restraint_new_protocol/min_NoH_4_4_5_4_mut_E102YS103KE104KS105TK106E_round_4_0009.rst7' as Amber NC Restart
	Reading '../../3qdo06_E102YS103KE104KS105TK106E/no_restraint_new_protocol/min_NoH_4_4_5_4_mut_E102YS103KE104KS105TK106E_round_4_0011.rst7' as Amber NC Restart
	Reading '../../3qdo06_E102YS103KE104KS105TK106E/no_restraint_new_protocol/min_NoH_4_4_5_4_mut_E102YS103KE104KS105TK106E_round_4_0013.rst7' as Amber NC Restart
	Reading '../../3qdo06_E102YS103KE104KS105TK106E/no_restraint_new_protocol/min_NoH_4_4_5_4_mut_E102YS103KE104KS105TK106E_round_4_0016.rst7' as Amber NC Restart
	Reading '../../3qdo06_E102YS103KE104KS105TK106E/no_restraint_new_protocol/min_NoH_4_4_5_4_mut_E102YS103KE104KS105TK106E_round_4_0017.rst7' as Amber NC Restart
	Reading '../../3qdo06_E102YS103KE104KS105TK106E/no_restraint_new_protocol/min_NoH_4_4_5_4_mut_E102YS103KE104KS105TK106E_round_4_0023.rst7' as Amber NC Restart
	Reading '../../3qdo06_E102YS103KE104KS105TK106E/no_restraint_new_protocol/min_NoH_4_4_5_4_mut_E102YS103KE104KS105TK106E_round_4_0024.rst7' as Amber NC Restart
	Reading '../../3qdo06_E102YS103KE104KS105TK106E/no_restraint_new_protocol/min_NoH_4_4_6_4_mut_E102YS103KE104KS105TK106E_round_4_0006.rst7' as Amber NC Restart
	Reading '../../3qdo06_E102YS103KE104KS105TK106E/no_restraint_new_protocol/min_NoH_4_4_7_4_mut_E102YS103KE104KS105TK106E_round_4_0012.rst7' as Amber NC Restart
	Reading '../../3qdo06_E102YS103KE104KS105TK106E/no_restraint_new_protocol/min_NoH_4_4_7_4_mut_E102YS103KE104KS105TK106E_round_4_0017.rst7' as Amber NC Restart
	Reading '../../3qdo06_E102YS103KE104KS105TK106E/no_restraint_new_protocol/min_NoH_4_4_7_4_mut_E102YS103KE104KS105TK106E_round_4_0018.rst7' as Amber NC Restart
	Reading '../../3qdo06_E102YS103KE104KS105TK106E/no_restraint_new_protocol/min_NoH_4_4_7_4_mut_E102YS103KE104KS105TK106E_round_4_0021.rst7' as Amber NC Restart
	Reading '../../3qdo06_E102YS103KE104KS105TK106E/no_restraint_new_protocol/min_NoH_4_4_8_4_mut_E102YS103KE104KS105TK106E_round_4_0011.rst7' as Amber NC Restart
	Reading '../../3qdo06_E102YS103KE104KS105TK106E/no_restraint_new_protocol/min_NoH_4_4_8_4_mut_E102YS103KE104KS105TK106E_round_4_0019.rst7' as Amber NC Restart
	Reading '../../3qdo06_E102YS103KE104KS105TK106E/no_restraint_new_protocol/min_NoH_9_2_1_9_mut_E102YS103KE104KS105TK106E_round_2_0001.rst7' as Amber NC Restart
	Reading '../../3qdo06_E102YS103KE104KS105TK106E/no_restraint_new_protocol/min_NoH_9_2_1_9_mut_E102YS103KE104KS105TK106E_round_2_0018.rst7' as Amber NC Restart
	Reading '../../3qdo06_E102YS103KE104KS105TK106E/no_restraint_new_protocol/min_NoH_9_2_2_9_mut_E102YS103KE104KS105TK106E_round_2_0008.rst7' as Amber NC Restart
	Reading '../../3qdo06_E102YS103KE104KS105TK106E/no_restraint_new_protocol/min_NoH_9_2_2_9_mut_E102YS103KE104KS105TK106E_round_2_0025.rst7' as Amber NC Restart
	Reading '../../3qdo06_E102YS103KE104KS105TK106E/no_restraint_new_protocol/min_NoH_9_2_3_9_mut_E102YS103KE104KS105TK106E_round_2_0007.rst7' as Amber NC Restart
	Reading '../../3qdo06_E102YS103KE104KS105TK106E/no_restraint_new_protocol/min_NoH_9_2_3_9_mut_E102YS103KE104KS105TK106E_round_2_0009.rst7' as Amber NC Restart
	Reading '../../3qdo06_E102YS103KE104KS105TK106E/no_restraint_new_protocol/min_NoH_9_2_3_9_mut_E102YS103KE104KS105TK106E_round_2_0012.rst7' as Amber NC Restart
	Reading '../../3qdo06_E102YS103KE104KS105TK106E/no_restraint_new_protocol/min_NoH_9_2_3_9_mut_E102YS103KE104KS105TK106E_round_2_0025.rst7' as Amber NC Restart
	Reading '../../3qdo06_E102YS103KE104KS105TK106E/no_restraint_new_protocol/min_NoH_9_2_4_9_mut_E102YS103KE104KS105TK106E_round_2_0001.rst7' as Amber NC Restart
	Reading '../../3qdo06_E102YS103KE104KS105TK106E/no_restraint_new_protocol/min_NoH_9_2_4_9_mut_E102YS103KE104KS105TK106E_round_2_0009.rst7' as Amber NC Restart
	Reading '../../3qdo06_E102YS103KE104KS105TK106E/no_restraint_new_protocol/min_NoH_9_2_4_9_mut_E102YS103KE104KS105TK106E_round_2_0013.rst7' as Amber NC Restart
	Reading '../../3qdo06_E102YS103KE104KS105TK106E/no_restraint_new_protocol/min_NoH_9_2_6_9_mut_E102YS103KE104KS105TK106E_round_2_0006.rst7' as Amber NC Restart
	Reading '../../3qdo06_E102YS103KE104KS105TK106E/no_restraint_new_protocol/min_NoH_9_2_6_9_mut_E102YS103KE104KS105TK106E_round_2_0025.rst7' as Amber NC Restart
	Reading '../../3qdo06_E102YS103KE104KS105TK106E/no_restraint_new_protocol/min_NoH_9_2_7_9_mut_E102YS103KE104KS105TK106E_round_2_0002.rst7' as Amber NC Restart
	Reading '../../3qdo06_E102YS103KE104KS105TK106E/no_restraint_new_protocol/min_NoH_9_2_8_9_mut_E102YS103KE104KS105TK106E_round_2_0002.rst7' as Amber NC Restart
	Reading '../../3qdo06_E102YS103KE104KS105TK106E/no_restraint_new_protocol/min_NoH_9_2_8_9_mut_E102YS103KE104KS105TK106E_round_2_0008.rst7' as Amber NC Restart
	Reading '../../3qdo06_E102YS103KE104KS105TK106E/no_restraint_new_protocol/min_NoH_9_2_8_9_mut_E102YS103KE104KS105TK106E_round_2_0013.rst7' as Amber NC Restart
TIME: Total execution time: 0.7257 seconds.
--------------------------------------------------------------------------------
To cite CPPTRAJ use:
Daniel R. Roe and Thomas E. Cheatham, III, "PTRAJ and CPPTRAJ: Software for
  Processing and Analysis of Molecular Dynamics Trajectory Data". J. Chem.
  Theory Comput., 2013, 9 (7), pp 3084-3095.

