
CPPTRAJ: Trajectory Analysis. V16.00
    ___  ___  ___  ___
     | \/ | \/ | \/ | 
    _|_/\_|_/\_|_/\_|_

| Date/time: 06/20/16 16:27:21
| Available memory: 215.800 GB

INPUT: Reading input from 'cpptraj.in'
  [parm ../../1qav06_H68FH185SL186IT188MT189DF190V/prmtop]
	Reading '../../1qav06_H68FH185SL186IT188MT189DF190V/prmtop' as Amber Topology
  [trajin ../../1qav06_H68FH185SL186IT188MT189DF190V/no_restraint_new_protocol/min_NoH_*rst7"]
	Reading '../../1qav06_H68FH185SL186IT188MT189DF190V/no_restraint_new_protocol/min_NoH_3_1_10_3_mut_H68FH185SL186IT188MT189DF190V_round_1_0007.rst7' as Amber NC Restart
	Reading '../../1qav06_H68FH185SL186IT188MT189DF190V/no_restraint_new_protocol/min_NoH_3_1_1_3_mut_H68FH185SL186IT188MT189DF190V_round_1_0007.rst7' as Amber NC Restart
	Reading '../../1qav06_H68FH185SL186IT188MT189DF190V/no_restraint_new_protocol/min_NoH_3_1_1_3_mut_H68FH185SL186IT188MT189DF190V_round_1_0012.rst7' as Amber NC Restart
	Reading '../../1qav06_H68FH185SL186IT188MT189DF190V/no_restraint_new_protocol/min_NoH_3_1_2_3_mut_H68FH185SL186IT188MT189DF190V_round_1_0004.rst7' as Amber NC Restart
	Reading '../../1qav06_H68FH185SL186IT188MT189DF190V/no_restraint_new_protocol/min_NoH_3_1_3_3_mut_H68FH185SL186IT188MT189DF190V_round_1_0005.rst7' as Amber NC Restart
	Reading '../../1qav06_H68FH185SL186IT188MT189DF190V/no_restraint_new_protocol/min_NoH_3_1_3_3_mut_H68FH185SL186IT188MT189DF190V_round_1_0006.rst7' as Amber NC Restart
	Reading '../../1qav06_H68FH185SL186IT188MT189DF190V/no_restraint_new_protocol/min_NoH_3_1_4_3_mut_H68FH185SL186IT188MT189DF190V_round_1_0002.rst7' as Amber NC Restart
	Reading '../../1qav06_H68FH185SL186IT188MT189DF190V/no_restraint_new_protocol/min_NoH_3_1_4_3_mut_H68FH185SL186IT188MT189DF190V_round_1_0005.rst7' as Amber NC Restart
	Reading '../../1qav06_H68FH185SL186IT188MT189DF190V/no_restraint_new_protocol/min_NoH_3_1_4_3_mut_H68FH185SL186IT188MT189DF190V_round_1_0010.rst7' as Amber NC Restart
	Reading '../../1qav06_H68FH185SL186IT188MT189DF190V/no_restraint_new_protocol/min_NoH_3_1_5_3_mut_H68FH185SL186IT188MT189DF190V_round_1_0003.rst7' as Amber NC Restart
	Reading '../../1qav06_H68FH185SL186IT188MT189DF190V/no_restraint_new_protocol/min_NoH_3_1_5_3_mut_H68FH185SL186IT188MT189DF190V_round_1_0009.rst7' as Amber NC Restart
	Reading '../../1qav06_H68FH185SL186IT188MT189DF190V/no_restraint_new_protocol/min_NoH_3_1_5_3_mut_H68FH185SL186IT188MT189DF190V_round_1_0019.rst7' as Amber NC Restart
	Reading '../../1qav06_H68FH185SL186IT188MT189DF190V/no_restraint_new_protocol/min_NoH_3_1_7_3_mut_H68FH185SL186IT188MT189DF190V_round_1_0013.rst7' as Amber NC Restart
	Reading '../../1qav06_H68FH185SL186IT188MT189DF190V/no_restraint_new_protocol/min_NoH_3_1_7_3_mut_H68FH185SL186IT188MT189DF190V_round_1_0018.rst7' as Amber NC Restart
	Reading '../../1qav06_H68FH185SL186IT188MT189DF190V/no_restraint_new_protocol/min_NoH_3_1_8_3_mut_H68FH185SL186IT188MT189DF190V_round_1_0018.rst7' as Amber NC Restart
	Reading '../../1qav06_H68FH185SL186IT188MT189DF190V/no_restraint_new_protocol/min_NoH_3_1_9_3_mut_H68FH185SL186IT188MT189DF190V_round_1_0002.rst7' as Amber NC Restart
	Reading '../../1qav06_H68FH185SL186IT188MT189DF190V/no_restraint_new_protocol/min_NoH_3_1_9_3_mut_H68FH185SL186IT188MT189DF190V_round_1_0003.rst7' as Amber NC Restart
	Reading '../../1qav06_H68FH185SL186IT188MT189DF190V/no_restraint_new_protocol/min_NoH_3_1_9_3_mut_H68FH185SL186IT188MT189DF190V_round_1_0012.rst7' as Amber NC Restart
	Reading '../../1qav06_H68FH185SL186IT188MT189DF190V/no_restraint_new_protocol/min_NoH_4_1_10_4_mut_H68FH185SL186IT188MT189DF190V_round_1_0004.rst7' as Amber NC Restart
	Reading '../../1qav06_H68FH185SL186IT188MT189DF190V/no_restraint_new_protocol/min_NoH_4_1_10_4_mut_H68FH185SL186IT188MT189DF190V_round_1_0008.rst7' as Amber NC Restart
	Reading '../../1qav06_H68FH185SL186IT188MT189DF190V/no_restraint_new_protocol/min_NoH_4_1_10_4_mut_H68FH185SL186IT188MT189DF190V_round_1_0011.rst7' as Amber NC Restart
	Reading '../../1qav06_H68FH185SL186IT188MT189DF190V/no_restraint_new_protocol/min_NoH_4_1_10_4_mut_H68FH185SL186IT188MT189DF190V_round_1_0018.rst7' as Amber NC Restart
	Reading '../../1qav06_H68FH185SL186IT188MT189DF190V/no_restraint_new_protocol/min_NoH_4_1_10_4_mut_H68FH185SL186IT188MT189DF190V_round_1_0019.rst7' as Amber NC Restart
	Reading '../../1qav06_H68FH185SL186IT188MT189DF190V/no_restraint_new_protocol/min_NoH_4_1_1_4_mut_H68FH185SL186IT188MT189DF190V_round_1_0012.rst7' as Amber NC Restart
	Reading '../../1qav06_H68FH185SL186IT188MT189DF190V/no_restraint_new_protocol/min_NoH_4_1_2_4_mut_H68FH185SL186IT188MT189DF190V_round_1_0012.rst7' as Amber NC Restart
	Reading '../../1qav06_H68FH185SL186IT188MT189DF190V/no_restraint_new_protocol/min_NoH_4_1_3_4_mut_H68FH185SL186IT188MT189DF190V_round_1_0006.rst7' as Amber NC Restart
	Reading '../../1qav06_H68FH185SL186IT188MT189DF190V/no_restraint_new_protocol/min_NoH_4_1_3_4_mut_H68FH185SL186IT188MT189DF190V_round_1_0014.rst7' as Amber NC Restart
	Reading '../../1qav06_H68FH185SL186IT188MT189DF190V/no_restraint_new_protocol/min_NoH_4_1_4_4_mut_H68FH185SL186IT188MT189DF190V_round_1_0012.rst7' as Amber NC Restart
	Reading '../../1qav06_H68FH185SL186IT188MT189DF190V/no_restraint_new_protocol/min_NoH_4_1_4_4_mut_H68FH185SL186IT188MT189DF190V_round_1_0015.rst7' as Amber NC Restart
	Reading '../../1qav06_H68FH185SL186IT188MT189DF190V/no_restraint_new_protocol/min_NoH_4_1_4_4_mut_H68FH185SL186IT188MT189DF190V_round_1_0017.rst7' as Amber NC Restart
	Reading '../../1qav06_H68FH185SL186IT188MT189DF190V/no_restraint_new_protocol/min_NoH_4_1_4_4_mut_H68FH185SL186IT188MT189DF190V_round_1_0019.rst7' as Amber NC Restart
	Reading '../../1qav06_H68FH185SL186IT188MT189DF190V/no_restraint_new_protocol/min_NoH_4_1_5_4_mut_H68FH185SL186IT188MT189DF190V_round_1_0005.rst7' as Amber NC Restart
	Reading '../../1qav06_H68FH185SL186IT188MT189DF190V/no_restraint_new_protocol/min_NoH_4_1_5_4_mut_H68FH185SL186IT188MT189DF190V_round_1_0009.rst7' as Amber NC Restart
	Reading '../../1qav06_H68FH185SL186IT188MT189DF190V/no_restraint_new_protocol/min_NoH_4_1_6_4_mut_H68FH185SL186IT188MT189DF190V_round_1_0009.rst7' as Amber NC Restart
	Reading '../../1qav06_H68FH185SL186IT188MT189DF190V/no_restraint_new_protocol/min_NoH_4_1_6_4_mut_H68FH185SL186IT188MT189DF190V_round_1_0014.rst7' as Amber NC Restart
	Reading '../../1qav06_H68FH185SL186IT188MT189DF190V/no_restraint_new_protocol/min_NoH_4_1_7_4_mut_H68FH185SL186IT188MT189DF190V_round_1_0016.rst7' as Amber NC Restart
	Reading '../../1qav06_H68FH185SL186IT188MT189DF190V/no_restraint_new_protocol/min_NoH_4_1_8_4_mut_H68FH185SL186IT188MT189DF190V_round_1_0018.rst7' as Amber NC Restart
	Reading '../../1qav06_H68FH185SL186IT188MT189DF190V/no_restraint_new_protocol/min_NoH_4_1_8_4_mut_H68FH185SL186IT188MT189DF190V_round_1_0019.rst7' as Amber NC Restart
	Reading '../../1qav06_H68FH185SL186IT188MT189DF190V/no_restraint_new_protocol/min_NoH_4_1_9_4_mut_H68FH185SL186IT188MT189DF190V_round_1_0016.rst7' as Amber NC Restart
	Reading '../../1qav06_H68FH185SL186IT188MT189DF190V/no_restraint_new_protocol/min_NoH_4_2_10_4_mut_H68FH185SL186IT188MT189DF190V_round_2_0008.rst7' as Amber NC Restart
	Reading '../../1qav06_H68FH185SL186IT188MT189DF190V/no_restraint_new_protocol/min_NoH_4_2_1_4_mut_H68FH185SL186IT188MT189DF190V_round_2_0007.rst7' as Amber NC Restart
	Reading '../../1qav06_H68FH185SL186IT188MT189DF190V/no_restraint_new_protocol/min_NoH_4_2_3_4_mut_H68FH185SL186IT188MT189DF190V_round_2_0012.rst7' as Amber NC Restart
	Reading '../../1qav06_H68FH185SL186IT188MT189DF190V/no_restraint_new_protocol/min_NoH_4_2_3_4_mut_H68FH185SL186IT188MT189DF190V_round_2_0015.rst7' as Amber NC Restart
	Reading '../../1qav06_H68FH185SL186IT188MT189DF190V/no_restraint_new_protocol/min_NoH_4_2_3_4_mut_H68FH185SL186IT188MT189DF190V_round_2_0017.rst7' as Amber NC Restart
	Reading '../../1qav06_H68FH185SL186IT188MT189DF190V/no_restraint_new_protocol/min_NoH_4_2_4_4_mut_H68FH185SL186IT188MT189DF190V_round_2_0011.rst7' as Amber NC Restart
	Reading '../../1qav06_H68FH185SL186IT188MT189DF190V/no_restraint_new_protocol/min_NoH_4_2_6_4_mut_H68FH185SL186IT188MT189DF190V_round_2_0003.rst7' as Amber NC Restart
	Reading '../../1qav06_H68FH185SL186IT188MT189DF190V/no_restraint_new_protocol/min_NoH_4_2_6_4_mut_H68FH185SL186IT188MT189DF190V_round_2_0005.rst7' as Amber NC Restart
	Reading '../../1qav06_H68FH185SL186IT188MT189DF190V/no_restraint_new_protocol/min_NoH_4_2_6_4_mut_H68FH185SL186IT188MT189DF190V_round_2_0019.rst7' as Amber NC Restart
	Reading '../../1qav06_H68FH185SL186IT188MT189DF190V/no_restraint_new_protocol/min_NoH_4_2_7_4_mut_H68FH185SL186IT188MT189DF190V_round_2_0005.rst7' as Amber NC Restart
	Reading '../../1qav06_H68FH185SL186IT188MT189DF190V/no_restraint_new_protocol/min_NoH_4_2_9_4_mut_H68FH185SL186IT188MT189DF190V_round_2_0007.rst7' as Amber NC Restart
TIME: Total execution time: 0.9549 seconds.
--------------------------------------------------------------------------------
To cite CPPTRAJ use:
Daniel R. Roe and Thomas E. Cheatham, III, "PTRAJ and CPPTRAJ: Software for
  Processing and Analysis of Molecular Dynamics Trajectory Data". J. Chem.
  Theory Comput., 2013, 9 (7), pp 3084-3095.

