
CPPTRAJ: Trajectory Analysis. V16.00
    ___  ___  ___  ___
     | \/ | \/ | \/ | 
    _|_/\_|_/\_|_/\_|_

| Date/time: 06/20/16 16:27:20
| Available memory: 215.798 GB

INPUT: Reading input from 'cpptraj.in'
  [parm ../../1be908_H72FA117NA118YA119K/prmtop]
	Reading '../../1be908_H72FA117NA118YA119K/prmtop' as Amber Topology
  [trajin ../../1be908_H72FA117NA118YA119K/no_restraint_new_protocol/min_NoH_*rst7"]
	Reading '../../1be908_H72FA117NA118YA119K/no_restraint_new_protocol/min_NoH_10_2_1_10_mut_H72FA117NA118YA119K_round_2_0011.rst7' as Amber NC Restart
	Reading '../../1be908_H72FA117NA118YA119K/no_restraint_new_protocol/min_NoH_10_2_2_10_mut_H72FA117NA118YA119K_round_2_0010.rst7' as Amber NC Restart
	Reading '../../1be908_H72FA117NA118YA119K/no_restraint_new_protocol/min_NoH_10_2_3_10_mut_H72FA117NA118YA119K_round_2_0013.rst7' as Amber NC Restart
	Reading '../../1be908_H72FA117NA118YA119K/no_restraint_new_protocol/min_NoH_10_2_4_10_mut_H72FA117NA118YA119K_round_2_0014.rst7' as Amber NC Restart
	Reading '../../1be908_H72FA117NA118YA119K/no_restraint_new_protocol/min_NoH_10_2_5_10_mut_H72FA117NA118YA119K_round_2_0005.rst7' as Amber NC Restart
	Reading '../../1be908_H72FA117NA118YA119K/no_restraint_new_protocol/min_NoH_10_2_7_10_mut_H72FA117NA118YA119K_round_2_0015.rst7' as Amber NC Restart
	Reading '../../1be908_H72FA117NA118YA119K/no_restraint_new_protocol/min_NoH_10_2_7_10_mut_H72FA117NA118YA119K_round_2_0019.rst7' as Amber NC Restart
	Reading '../../1be908_H72FA117NA118YA119K/no_restraint_new_protocol/min_NoH_10_2_8_10_mut_H72FA117NA118YA119K_round_2_0002.rst7' as Amber NC Restart
	Reading '../../1be908_H72FA117NA118YA119K/no_restraint_new_protocol/min_NoH_10_2_9_10_mut_H72FA117NA118YA119K_round_2_0015.rst7' as Amber NC Restart
	Reading '../../1be908_H72FA117NA118YA119K/no_restraint_new_protocol/min_NoH_1_3_10_1_mut_H72FA117NA118YA119K_round_3_0002.rst7' as Amber NC Restart
	Reading '../../1be908_H72FA117NA118YA119K/no_restraint_new_protocol/min_NoH_1_3_1_1_mut_H72FA117NA118YA119K_round_3_0004.rst7' as Amber NC Restart
	Reading '../../1be908_H72FA117NA118YA119K/no_restraint_new_protocol/min_NoH_1_3_1_1_mut_H72FA117NA118YA119K_round_3_0017.rst7' as Amber NC Restart
	Reading '../../1be908_H72FA117NA118YA119K/no_restraint_new_protocol/min_NoH_1_3_2_1_mut_H72FA117NA118YA119K_round_3_0008.rst7' as Amber NC Restart
	Reading '../../1be908_H72FA117NA118YA119K/no_restraint_new_protocol/min_NoH_1_3_3_1_mut_H72FA117NA118YA119K_round_3_0003.rst7' as Amber NC Restart
	Reading '../../1be908_H72FA117NA118YA119K/no_restraint_new_protocol/min_NoH_1_3_3_1_mut_H72FA117NA118YA119K_round_3_0014.rst7' as Amber NC Restart
	Reading '../../1be908_H72FA117NA118YA119K/no_restraint_new_protocol/min_NoH_1_3_3_1_mut_H72FA117NA118YA119K_round_3_0017.rst7' as Amber NC Restart
	Reading '../../1be908_H72FA117NA118YA119K/no_restraint_new_protocol/min_NoH_1_3_3_1_mut_H72FA117NA118YA119K_round_3_0020.rst7' as Amber NC Restart
	Reading '../../1be908_H72FA117NA118YA119K/no_restraint_new_protocol/min_NoH_1_3_4_1_mut_H72FA117NA118YA119K_round_3_0014.rst7' as Amber NC Restart
	Reading '../../1be908_H72FA117NA118YA119K/no_restraint_new_protocol/min_NoH_1_3_5_1_mut_H72FA117NA118YA119K_round_3_0005.rst7' as Amber NC Restart
	Reading '../../1be908_H72FA117NA118YA119K/no_restraint_new_protocol/min_NoH_1_3_8_1_mut_H72FA117NA118YA119K_round_3_0019.rst7' as Amber NC Restart
	Reading '../../1be908_H72FA117NA118YA119K/no_restraint_new_protocol/min_NoH_1_3_9_1_mut_H72FA117NA118YA119K_round_3_0005.rst7' as Amber NC Restart
	Reading '../../1be908_H72FA117NA118YA119K/no_restraint_new_protocol/min_NoH_9_1_10_9_mut_H72FA117NA118YA119K_round_1_0003.rst7' as Amber NC Restart
	Reading '../../1be908_H72FA117NA118YA119K/no_restraint_new_protocol/min_NoH_9_1_10_9_mut_H72FA117NA118YA119K_round_1_0013.rst7' as Amber NC Restart
	Reading '../../1be908_H72FA117NA118YA119K/no_restraint_new_protocol/min_NoH_9_1_10_9_mut_H72FA117NA118YA119K_round_1_0016.rst7' as Amber NC Restart
	Reading '../../1be908_H72FA117NA118YA119K/no_restraint_new_protocol/min_NoH_9_1_10_9_mut_H72FA117NA118YA119K_round_1_0018.rst7' as Amber NC Restart
	Reading '../../1be908_H72FA117NA118YA119K/no_restraint_new_protocol/min_NoH_9_1_1_9_mut_H72FA117NA118YA119K_round_1_0001.rst7' as Amber NC Restart
	Reading '../../1be908_H72FA117NA118YA119K/no_restraint_new_protocol/min_NoH_9_1_1_9_mut_H72FA117NA118YA119K_round_1_0014.rst7' as Amber NC Restart
	Reading '../../1be908_H72FA117NA118YA119K/no_restraint_new_protocol/min_NoH_9_1_1_9_mut_H72FA117NA118YA119K_round_1_0019.rst7' as Amber NC Restart
	Reading '../../1be908_H72FA117NA118YA119K/no_restraint_new_protocol/min_NoH_9_1_2_9_mut_H72FA117NA118YA119K_round_1_0013.rst7' as Amber NC Restart
	Reading '../../1be908_H72FA117NA118YA119K/no_restraint_new_protocol/min_NoH_9_1_3_9_mut_H72FA117NA118YA119K_round_1_0003.rst7' as Amber NC Restart
	Reading '../../1be908_H72FA117NA118YA119K/no_restraint_new_protocol/min_NoH_9_1_3_9_mut_H72FA117NA118YA119K_round_1_0011.rst7' as Amber NC Restart
	Reading '../../1be908_H72FA117NA118YA119K/no_restraint_new_protocol/min_NoH_9_1_4_9_mut_H72FA117NA118YA119K_round_1_0003.rst7' as Amber NC Restart
	Reading '../../1be908_H72FA117NA118YA119K/no_restraint_new_protocol/min_NoH_9_1_4_9_mut_H72FA117NA118YA119K_round_1_0006.rst7' as Amber NC Restart
	Reading '../../1be908_H72FA117NA118YA119K/no_restraint_new_protocol/min_NoH_9_1_4_9_mut_H72FA117NA118YA119K_round_1_0009.rst7' as Amber NC Restart
	Reading '../../1be908_H72FA117NA118YA119K/no_restraint_new_protocol/min_NoH_9_1_4_9_mut_H72FA117NA118YA119K_round_1_0010.rst7' as Amber NC Restart
	Reading '../../1be908_H72FA117NA118YA119K/no_restraint_new_protocol/min_NoH_9_1_5_9_mut_H72FA117NA118YA119K_round_1_0005.rst7' as Amber NC Restart
	Reading '../../1be908_H72FA117NA118YA119K/no_restraint_new_protocol/min_NoH_9_1_5_9_mut_H72FA117NA118YA119K_round_1_0014.rst7' as Amber NC Restart
	Reading '../../1be908_H72FA117NA118YA119K/no_restraint_new_protocol/min_NoH_9_1_6_9_mut_H72FA117NA118YA119K_round_1_0014.rst7' as Amber NC Restart
	Reading '../../1be908_H72FA117NA118YA119K/no_restraint_new_protocol/min_NoH_9_1_6_9_mut_H72FA117NA118YA119K_round_1_0020.rst7' as Amber NC Restart
	Reading '../../1be908_H72FA117NA118YA119K/no_restraint_new_protocol/min_NoH_9_1_7_9_mut_H72FA117NA118YA119K_round_1_0001.rst7' as Amber NC Restart
	Reading '../../1be908_H72FA117NA118YA119K/no_restraint_new_protocol/min_NoH_9_1_7_9_mut_H72FA117NA118YA119K_round_1_0005.rst7' as Amber NC Restart
	Reading '../../1be908_H72FA117NA118YA119K/no_restraint_new_protocol/min_NoH_9_1_7_9_mut_H72FA117NA118YA119K_round_1_0010.rst7' as Amber NC Restart
	Reading '../../1be908_H72FA117NA118YA119K/no_restraint_new_protocol/min_NoH_9_1_7_9_mut_H72FA117NA118YA119K_round_1_0016.rst7' as Amber NC Restart
	Reading '../../1be908_H72FA117NA118YA119K/no_restraint_new_protocol/min_NoH_9_1_7_9_mut_H72FA117NA118YA119K_round_1_0017.rst7' as Amber NC Restart
	Reading '../../1be908_H72FA117NA118YA119K/no_restraint_new_protocol/min_NoH_9_1_7_9_mut_H72FA117NA118YA119K_round_1_0019.rst7' as Amber NC Restart
	Reading '../../1be908_H72FA117NA118YA119K/no_restraint_new_protocol/min_NoH_9_1_8_9_mut_H72FA117NA118YA119K_round_1_0003.rst7' as Amber NC Restart
	Reading '../../1be908_H72FA117NA118YA119K/no_restraint_new_protocol/min_NoH_9_1_8_9_mut_H72FA117NA118YA119K_round_1_0006.rst7' as Amber NC Restart
	Reading '../../1be908_H72FA117NA118YA119K/no_restraint_new_protocol/min_NoH_9_1_8_9_mut_H72FA117NA118YA119K_round_1_0008.rst7' as Amber NC Restart
	Reading '../../1be908_H72FA117NA118YA119K/no_restraint_new_protocol/min_NoH_9_1_9_9_mut_H72FA117NA118YA119K_round_1_0004.rst7' as Amber NC Restart
	Reading '../../1be908_H72FA117NA118YA119K/no_restraint_new_protocol/min_NoH_9_1_9_9_mut_H72FA117NA118YA119K_round_1_0019.rst7' as Amber NC Restart
TIME: Total execution time: 1.0006 seconds.
--------------------------------------------------------------------------------
To cite CPPTRAJ use:
Daniel R. Roe and Thomas E. Cheatham, III, "PTRAJ and CPPTRAJ: Software for
  Processing and Analysis of Molecular Dynamics Trajectory Data". J. Chem.
  Theory Comput., 2013, 9 (7), pp 3084-3095.

