
CPPTRAJ: Trajectory Analysis. V16.00
    ___  ___  ___  ___
     | \/ | \/ | \/ | 
    _|_/\_|_/\_|_/\_|_

| Date/time: 06/20/16 16:27:26
| Available memory: 215.804 GB

INPUT: Reading input from 'cpptraj.in'
  [parm ../../1qav06_H68FH185SL186IT188AT189DF190V/prmtop]
	Reading '../../1qav06_H68FH185SL186IT188AT189DF190V/prmtop' as Amber Topology
  [trajin ../../1qav06_H68FH185SL186IT188AT189DF190V/no_restraint_new_protocol/min_NoH_*rst7"]
	Reading '../../1qav06_H68FH185SL186IT188AT189DF190V/no_restraint_new_protocol/min_NoH_2_5_10_2_mut_H68FH185SL186IT188AT189DF190V_round_5_0009.rst7' as Amber NC Restart
	Reading '../../1qav06_H68FH185SL186IT188AT189DF190V/no_restraint_new_protocol/min_NoH_2_5_10_2_mut_H68FH185SL186IT188AT189DF190V_round_5_0010.rst7' as Amber NC Restart
	Reading '../../1qav06_H68FH185SL186IT188AT189DF190V/no_restraint_new_protocol/min_NoH_2_5_10_2_mut_H68FH185SL186IT188AT189DF190V_round_5_0011.rst7' as Amber NC Restart
	Reading '../../1qav06_H68FH185SL186IT188AT189DF190V/no_restraint_new_protocol/min_NoH_2_5_1_2_mut_H68FH185SL186IT188AT189DF190V_round_5_0006.rst7' as Amber NC Restart
	Reading '../../1qav06_H68FH185SL186IT188AT189DF190V/no_restraint_new_protocol/min_NoH_2_5_1_2_mut_H68FH185SL186IT188AT189DF190V_round_5_0014.rst7' as Amber NC Restart
	Reading '../../1qav06_H68FH185SL186IT188AT189DF190V/no_restraint_new_protocol/min_NoH_2_5_1_2_mut_H68FH185SL186IT188AT189DF190V_round_5_0016.rst7' as Amber NC Restart
	Reading '../../1qav06_H68FH185SL186IT188AT189DF190V/no_restraint_new_protocol/min_NoH_2_5_2_2_mut_H68FH185SL186IT188AT189DF190V_round_5_0019.rst7' as Amber NC Restart
	Reading '../../1qav06_H68FH185SL186IT188AT189DF190V/no_restraint_new_protocol/min_NoH_2_5_3_2_mut_H68FH185SL186IT188AT189DF190V_round_5_0002.rst7' as Amber NC Restart
	Reading '../../1qav06_H68FH185SL186IT188AT189DF190V/no_restraint_new_protocol/min_NoH_2_5_3_2_mut_H68FH185SL186IT188AT189DF190V_round_5_0010.rst7' as Amber NC Restart
	Reading '../../1qav06_H68FH185SL186IT188AT189DF190V/no_restraint_new_protocol/min_NoH_2_5_3_2_mut_H68FH185SL186IT188AT189DF190V_round_5_0013.rst7' as Amber NC Restart
	Reading '../../1qav06_H68FH185SL186IT188AT189DF190V/no_restraint_new_protocol/min_NoH_2_5_3_2_mut_H68FH185SL186IT188AT189DF190V_round_5_0019.rst7' as Amber NC Restart
	Reading '../../1qav06_H68FH185SL186IT188AT189DF190V/no_restraint_new_protocol/min_NoH_2_5_4_2_mut_H68FH185SL186IT188AT189DF190V_round_5_0013.rst7' as Amber NC Restart
	Reading '../../1qav06_H68FH185SL186IT188AT189DF190V/no_restraint_new_protocol/min_NoH_2_5_4_2_mut_H68FH185SL186IT188AT189DF190V_round_5_0017.rst7' as Amber NC Restart
	Reading '../../1qav06_H68FH185SL186IT188AT189DF190V/no_restraint_new_protocol/min_NoH_2_5_5_2_mut_H68FH185SL186IT188AT189DF190V_round_5_0002.rst7' as Amber NC Restart
	Reading '../../1qav06_H68FH185SL186IT188AT189DF190V/no_restraint_new_protocol/min_NoH_2_5_5_2_mut_H68FH185SL186IT188AT189DF190V_round_5_0017.rst7' as Amber NC Restart
	Reading '../../1qav06_H68FH185SL186IT188AT189DF190V/no_restraint_new_protocol/min_NoH_2_5_7_2_mut_H68FH185SL186IT188AT189DF190V_round_5_0014.rst7' as Amber NC Restart
	Reading '../../1qav06_H68FH185SL186IT188AT189DF190V/no_restraint_new_protocol/min_NoH_2_5_9_2_mut_H68FH185SL186IT188AT189DF190V_round_5_0004.rst7' as Amber NC Restart
	Reading '../../1qav06_H68FH185SL186IT188AT189DF190V/no_restraint_new_protocol/min_NoH_2_5_9_2_mut_H68FH185SL186IT188AT189DF190V_round_5_0010.rst7' as Amber NC Restart
	Reading '../../1qav06_H68FH185SL186IT188AT189DF190V/no_restraint_new_protocol/min_NoH_6_4_10_6_mut_H68FH185SL186IT188AT189DF190V_round_4_0011.rst7' as Amber NC Restart
	Reading '../../1qav06_H68FH185SL186IT188AT189DF190V/no_restraint_new_protocol/min_NoH_6_4_1_6_mut_H68FH185SL186IT188AT189DF190V_round_4_0009.rst7' as Amber NC Restart
	Reading '../../1qav06_H68FH185SL186IT188AT189DF190V/no_restraint_new_protocol/min_NoH_6_4_2_6_mut_H68FH185SL186IT188AT189DF190V_round_4_0012.rst7' as Amber NC Restart
	Reading '../../1qav06_H68FH185SL186IT188AT189DF190V/no_restraint_new_protocol/min_NoH_6_4_2_6_mut_H68FH185SL186IT188AT189DF190V_round_4_0014.rst7' as Amber NC Restart
	Reading '../../1qav06_H68FH185SL186IT188AT189DF190V/no_restraint_new_protocol/min_NoH_6_4_3_6_mut_H68FH185SL186IT188AT189DF190V_round_4_0007.rst7' as Amber NC Restart
	Reading '../../1qav06_H68FH185SL186IT188AT189DF190V/no_restraint_new_protocol/min_NoH_6_4_3_6_mut_H68FH185SL186IT188AT189DF190V_round_4_0009.rst7' as Amber NC Restart
	Reading '../../1qav06_H68FH185SL186IT188AT189DF190V/no_restraint_new_protocol/min_NoH_6_4_3_6_mut_H68FH185SL186IT188AT189DF190V_round_4_0013.rst7' as Amber NC Restart
	Reading '../../1qav06_H68FH185SL186IT188AT189DF190V/no_restraint_new_protocol/min_NoH_6_4_3_6_mut_H68FH185SL186IT188AT189DF190V_round_4_0018.rst7' as Amber NC Restart
	Reading '../../1qav06_H68FH185SL186IT188AT189DF190V/no_restraint_new_protocol/min_NoH_6_4_4_6_mut_H68FH185SL186IT188AT189DF190V_round_4_0006.rst7' as Amber NC Restart
	Reading '../../1qav06_H68FH185SL186IT188AT189DF190V/no_restraint_new_protocol/min_NoH_6_4_4_6_mut_H68FH185SL186IT188AT189DF190V_round_4_0018.rst7' as Amber NC Restart
	Reading '../../1qav06_H68FH185SL186IT188AT189DF190V/no_restraint_new_protocol/min_NoH_6_4_6_6_mut_H68FH185SL186IT188AT189DF190V_round_4_0005.rst7' as Amber NC Restart
	Reading '../../1qav06_H68FH185SL186IT188AT189DF190V/no_restraint_new_protocol/min_NoH_6_4_6_6_mut_H68FH185SL186IT188AT189DF190V_round_4_0017.rst7' as Amber NC Restart
	Reading '../../1qav06_H68FH185SL186IT188AT189DF190V/no_restraint_new_protocol/min_NoH_6_4_6_6_mut_H68FH185SL186IT188AT189DF190V_round_4_0019.rst7' as Amber NC Restart
	Reading '../../1qav06_H68FH185SL186IT188AT189DF190V/no_restraint_new_protocol/min_NoH_6_4_7_6_mut_H68FH185SL186IT188AT189DF190V_round_4_0005.rst7' as Amber NC Restart
	Reading '../../1qav06_H68FH185SL186IT188AT189DF190V/no_restraint_new_protocol/min_NoH_6_4_9_6_mut_H68FH185SL186IT188AT189DF190V_round_4_0017.rst7' as Amber NC Restart
	Reading '../../1qav06_H68FH185SL186IT188AT189DF190V/no_restraint_new_protocol/min_NoH_7_2_10_7_mut_H68FH185SL186IT188AT189DF190V_round_2_0012.rst7' as Amber NC Restart
	Reading '../../1qav06_H68FH185SL186IT188AT189DF190V/no_restraint_new_protocol/min_NoH_7_2_10_7_mut_H68FH185SL186IT188AT189DF190V_round_2_0018.rst7' as Amber NC Restart
	Reading '../../1qav06_H68FH185SL186IT188AT189DF190V/no_restraint_new_protocol/min_NoH_7_2_1_7_mut_H68FH185SL186IT188AT189DF190V_round_2_0009.rst7' as Amber NC Restart
	Reading '../../1qav06_H68FH185SL186IT188AT189DF190V/no_restraint_new_protocol/min_NoH_7_2_2_7_mut_H68FH185SL186IT188AT189DF190V_round_2_0003.rst7' as Amber NC Restart
	Reading '../../1qav06_H68FH185SL186IT188AT189DF190V/no_restraint_new_protocol/min_NoH_7_2_2_7_mut_H68FH185SL186IT188AT189DF190V_round_2_0015.rst7' as Amber NC Restart
	Reading '../../1qav06_H68FH185SL186IT188AT189DF190V/no_restraint_new_protocol/min_NoH_7_2_3_7_mut_H68FH185SL186IT188AT189DF190V_round_2_0016.rst7' as Amber NC Restart
	Reading '../../1qav06_H68FH185SL186IT188AT189DF190V/no_restraint_new_protocol/min_NoH_7_2_4_7_mut_H68FH185SL186IT188AT189DF190V_round_2_0002.rst7' as Amber NC Restart
	Reading '../../1qav06_H68FH185SL186IT188AT189DF190V/no_restraint_new_protocol/min_NoH_7_2_4_7_mut_H68FH185SL186IT188AT189DF190V_round_2_0008.rst7' as Amber NC Restart
	Reading '../../1qav06_H68FH185SL186IT188AT189DF190V/no_restraint_new_protocol/min_NoH_7_2_4_7_mut_H68FH185SL186IT188AT189DF190V_round_2_0015.rst7' as Amber NC Restart
	Reading '../../1qav06_H68FH185SL186IT188AT189DF190V/no_restraint_new_protocol/min_NoH_7_2_6_7_mut_H68FH185SL186IT188AT189DF190V_round_2_0007.rst7' as Amber NC Restart
	Reading '../../1qav06_H68FH185SL186IT188AT189DF190V/no_restraint_new_protocol/min_NoH_7_2_6_7_mut_H68FH185SL186IT188AT189DF190V_round_2_0009.rst7' as Amber NC Restart
	Reading '../../1qav06_H68FH185SL186IT188AT189DF190V/no_restraint_new_protocol/min_NoH_7_2_6_7_mut_H68FH185SL186IT188AT189DF190V_round_2_0017.rst7' as Amber NC Restart
	Reading '../../1qav06_H68FH185SL186IT188AT189DF190V/no_restraint_new_protocol/min_NoH_7_2_7_7_mut_H68FH185SL186IT188AT189DF190V_round_2_0007.rst7' as Amber NC Restart
	Reading '../../1qav06_H68FH185SL186IT188AT189DF190V/no_restraint_new_protocol/min_NoH_7_2_7_7_mut_H68FH185SL186IT188AT189DF190V_round_2_0008.rst7' as Amber NC Restart
	Reading '../../1qav06_H68FH185SL186IT188AT189DF190V/no_restraint_new_protocol/min_NoH_7_2_7_7_mut_H68FH185SL186IT188AT189DF190V_round_2_0012.rst7' as Amber NC Restart
	Reading '../../1qav06_H68FH185SL186IT188AT189DF190V/no_restraint_new_protocol/min_NoH_7_2_8_7_mut_H68FH185SL186IT188AT189DF190V_round_2_0002.rst7' as Amber NC Restart
	Reading '../../1qav06_H68FH185SL186IT188AT189DF190V/no_restraint_new_protocol/min_NoH_7_2_9_7_mut_H68FH185SL186IT188AT189DF190V_round_2_0019.rst7' as Amber NC Restart
TIME: Total execution time: 0.9099 seconds.
--------------------------------------------------------------------------------
To cite CPPTRAJ use:
Daniel R. Roe and Thomas E. Cheatham, III, "PTRAJ and CPPTRAJ: Software for
  Processing and Analysis of Molecular Dynamics Trajectory Data". J. Chem.
  Theory Comput., 2013, 9 (7), pp 3084-3095.

