
CPPTRAJ: Trajectory Analysis. V16.00
    ___  ___  ___  ___
     | \/ | \/ | \/ | 
    _|_/\_|_/\_|_/\_|_

| Date/time: 06/20/16 16:27:15
| Available memory: 215.789 GB

INPUT: Reading input from 'cpptraj.in'
  [parm ../../1vj606_wt/prmtop]
	Reading '../../1vj606_wt/prmtop' as Amber Topology
  [trajin ../../1vj606_wt/no_restraint_new_protocol/min_NoH_*rst7"]
	Reading '../../1vj606_wt/no_restraint_new_protocol/min_NoH_0002_4_3_2_4_repacked_wt_round_3_0001.rst7' as Amber NC Restart
	Reading '../../1vj606_wt/no_restraint_new_protocol/min_NoH_0002_4_3_8_4_repacked_wt_round_3_0001.rst7' as Amber NC Restart
	Reading '../../1vj606_wt/no_restraint_new_protocol/min_NoH_0002_4_3_9_4_repacked_wt_round_3_0001.rst7' as Amber NC Restart
	Reading '../../1vj606_wt/no_restraint_new_protocol/min_NoH_0002_7_1_2_7_repacked_wt_round_1_0001.rst7' as Amber NC Restart
	Reading '../../1vj606_wt/no_restraint_new_protocol/min_NoH_0002_7_1_3_7_repacked_wt_round_1_0001.rst7' as Amber NC Restart
	Reading '../../1vj606_wt/no_restraint_new_protocol/min_NoH_0002_7_5_10_7_repacked_wt_round_5_0001.rst7' as Amber NC Restart
	Reading '../../1vj606_wt/no_restraint_new_protocol/min_NoH_0002_7_5_1_7_repacked_wt_round_5_0001.rst7' as Amber NC Restart
	Reading '../../1vj606_wt/no_restraint_new_protocol/min_NoH_0002_7_5_2_7_repacked_wt_round_5_0001.rst7' as Amber NC Restart
	Reading '../../1vj606_wt/no_restraint_new_protocol/min_NoH_0002_7_5_3_7_repacked_wt_round_5_0001.rst7' as Amber NC Restart
	Reading '../../1vj606_wt/no_restraint_new_protocol/min_NoH_0002_7_5_9_7_repacked_wt_round_5_0001.rst7' as Amber NC Restart
	Reading '../../1vj606_wt/no_restraint_new_protocol/min_NoH_0003_7_5_7_7_repacked_wt_round_5_0001.rst7' as Amber NC Restart
	Reading '../../1vj606_wt/no_restraint_new_protocol/min_NoH_0003_8_2_9_8_repacked_wt_round_2_0001.rst7' as Amber NC Restart
	Reading '../../1vj606_wt/no_restraint_new_protocol/min_NoH_0018_10_1_5_10_repacked_wt_round_1_0001.rst7' as Amber NC Restart
	Reading '../../1vj606_wt/no_restraint_new_protocol/min_NoH_0018_10_1_7_10_repacked_wt_round_1_0001.rst7' as Amber NC Restart
	Reading '../../1vj606_wt/no_restraint_new_protocol/min_NoH_0018_1_5_3_1_repacked_wt_round_5_0001.rst7' as Amber NC Restart
	Reading '../../1vj606_wt/no_restraint_new_protocol/min_NoH_0018_1_5_4_1_repacked_wt_round_5_0001.rst7' as Amber NC Restart
	Reading '../../1vj606_wt/no_restraint_new_protocol/min_NoH_0018_1_5_7_1_repacked_wt_round_5_0001.rst7' as Amber NC Restart
	Reading '../../1vj606_wt/no_restraint_new_protocol/min_NoH_0018_1_5_9_1_repacked_wt_round_5_0001.rst7' as Amber NC Restart
	Reading '../../1vj606_wt/no_restraint_new_protocol/min_NoH_0018_9_3_3_9_repacked_wt_round_3_0001.rst7' as Amber NC Restart
	Reading '../../1vj606_wt/no_restraint_new_protocol/min_NoH_0019_3_3_4_3_repacked_wt_round_3_0001.rst7' as Amber NC Restart
	Reading '../../1vj606_wt/no_restraint_new_protocol/min_NoH_0021_10_4_2_10_repacked_wt_round_4_0001.rst7' as Amber NC Restart
	Reading '../../1vj606_wt/no_restraint_new_protocol/min_NoH_0021_10_4_7_10_repacked_wt_round_4_0001.rst7' as Amber NC Restart
	Reading '../../1vj606_wt/no_restraint_new_protocol/min_NoH_0021_7_4_8_7_repacked_wt_round_4_0001.rst7' as Amber NC Restart
	Reading '../../1vj606_wt/no_restraint_new_protocol/min_NoH_0024_2_3_10_2_repacked_wt_round_3_0001.rst7' as Amber NC Restart
	Reading '../../1vj606_wt/no_restraint_new_protocol/min_NoH_0024_2_3_1_2_repacked_wt_round_3_0001.rst7' as Amber NC Restart
	Reading '../../1vj606_wt/no_restraint_new_protocol/min_NoH_0024_5_2_1_5_repacked_wt_round_2_0001.rst7' as Amber NC Restart
	Reading '../../1vj606_wt/no_restraint_new_protocol/min_NoH_0024_5_2_2_5_repacked_wt_round_2_0001.rst7' as Amber NC Restart
	Reading '../../1vj606_wt/no_restraint_new_protocol/min_NoH_0024_5_2_4_5_repacked_wt_round_2_0001.rst7' as Amber NC Restart
	Reading '../../1vj606_wt/no_restraint_new_protocol/min_NoH_0024_9_2_2_9_repacked_wt_round_2_0001.rst7' as Amber NC Restart
	Reading '../../1vj606_wt/no_restraint_new_protocol/min_NoH_0024_9_2_8_9_repacked_wt_round_2_0001.rst7' as Amber NC Restart
	Reading '../../1vj606_wt/no_restraint_new_protocol/min_NoH_0026_1_2_3_1_repacked_wt_round_2_0001.rst7' as Amber NC Restart
	Reading '../../1vj606_wt/no_restraint_new_protocol/min_NoH_0026_3_2_10_3_repacked_wt_round_2_0001.rst7' as Amber NC Restart
	Reading '../../1vj606_wt/no_restraint_new_protocol/min_NoH_0030_3_3_2_3_repacked_wt_round_3_0001.rst7' as Amber NC Restart
	Reading '../../1vj606_wt/no_restraint_new_protocol/min_NoH_0030_3_3_9_3_repacked_wt_round_3_0001.rst7' as Amber NC Restart
	Reading '../../1vj606_wt/no_restraint_new_protocol/min_NoH_0030_8_1_8_8_repacked_wt_round_1_0001.rst7' as Amber NC Restart
	Reading '../../1vj606_wt/no_restraint_new_protocol/min_NoH_0032_10_4_1_10_repacked_wt_round_4_0001.rst7' as Amber NC Restart
	Reading '../../1vj606_wt/no_restraint_new_protocol/min_NoH_0032_10_4_2_10_repacked_wt_round_4_0001.rst7' as Amber NC Restart
	Reading '../../1vj606_wt/no_restraint_new_protocol/min_NoH_0032_10_4_4_10_repacked_wt_round_4_0001.rst7' as Amber NC Restart
	Reading '../../1vj606_wt/no_restraint_new_protocol/min_NoH_0032_3_3_2_3_repacked_wt_round_3_0001.rst7' as Amber NC Restart
	Reading '../../1vj606_wt/no_restraint_new_protocol/min_NoH_0032_3_3_5_3_repacked_wt_round_3_0001.rst7' as Amber NC Restart
	Reading '../../1vj606_wt/no_restraint_new_protocol/min_NoH_0032_8_3_10_8_repacked_wt_round_3_0001.rst7' as Amber NC Restart
	Reading '../../1vj606_wt/no_restraint_new_protocol/min_NoH_0032_8_3_4_8_repacked_wt_round_3_0001.rst7' as Amber NC Restart
	Reading '../../1vj606_wt/no_restraint_new_protocol/min_NoH_0032_8_3_6_8_repacked_wt_round_3_0001.rst7' as Amber NC Restart
	Reading '../../1vj606_wt/no_restraint_new_protocol/min_NoH_0032_8_3_7_8_repacked_wt_round_3_0001.rst7' as Amber NC Restart
	Reading '../../1vj606_wt/no_restraint_new_protocol/min_NoH_0033_4_2_4_4_repacked_wt_round_2_0001.rst7' as Amber NC Restart
	Reading '../../1vj606_wt/no_restraint_new_protocol/min_NoH_0033_4_2_5_4_repacked_wt_round_2_0001.rst7' as Amber NC Restart
	Reading '../../1vj606_wt/no_restraint_new_protocol/min_NoH_0033_4_2_9_4_repacked_wt_round_2_0001.rst7' as Amber NC Restart
	Reading '../../1vj606_wt/no_restraint_new_protocol/min_NoH_0033_5_1_5_5_repacked_wt_round_1_0001.rst7' as Amber NC Restart
	Reading '../../1vj606_wt/no_restraint_new_protocol/min_NoH_0033_8_4_7_8_repacked_wt_round_4_0001.rst7' as Amber NC Restart
	Reading '../../1vj606_wt/no_restraint_new_protocol/min_NoH_0033_8_4_8_8_repacked_wt_round_4_0001.rst7' as Amber NC Restart
TIME: Total execution time: 0.8164 seconds.
--------------------------------------------------------------------------------
To cite CPPTRAJ use:
Daniel R. Roe and Thomas E. Cheatham, III, "PTRAJ and CPPTRAJ: Software for
  Processing and Analysis of Molecular Dynamics Trajectory Data". J. Chem.
  Theory Comput., 2013, 9 (7), pp 3084-3095.

