
CPPTRAJ: Trajectory Analysis. V16.00
    ___  ___  ___  ___
     | \/ | \/ | \/ | 
    _|_/\_|_/\_|_/\_|_

| Date/time: 06/20/16 16:27:09
| Available memory: 215.781 GB

INPUT: Reading input from 'cpptraj.in'
  [parm ../../1qav06_wt/prmtop]
	Reading '../../1qav06_wt/prmtop' as Amber Topology
  [trajin ../../1qav06_wt/no_restraint_new_protocol/min_NoH_*rst7"]
	Reading '../../1qav06_wt/no_restraint_new_protocol/min_NoH_5_3_10_5_repacked_wt_round_3_0008.rst7' as Amber NC Restart
	Reading '../../1qav06_wt/no_restraint_new_protocol/min_NoH_5_3_10_5_repacked_wt_round_3_0009.rst7' as Amber NC Restart
	Reading '../../1qav06_wt/no_restraint_new_protocol/min_NoH_5_3_10_5_repacked_wt_round_3_0011.rst7' as Amber NC Restart
	Reading '../../1qav06_wt/no_restraint_new_protocol/min_NoH_5_3_1_5_repacked_wt_round_3_0008.rst7' as Amber NC Restart
	Reading '../../1qav06_wt/no_restraint_new_protocol/min_NoH_5_3_2_5_repacked_wt_round_3_0015.rst7' as Amber NC Restart
	Reading '../../1qav06_wt/no_restraint_new_protocol/min_NoH_5_3_3_5_repacked_wt_round_3_0012.rst7' as Amber NC Restart
	Reading '../../1qav06_wt/no_restraint_new_protocol/min_NoH_5_3_3_5_repacked_wt_round_3_0016.rst7' as Amber NC Restart
	Reading '../../1qav06_wt/no_restraint_new_protocol/min_NoH_5_3_3_5_repacked_wt_round_3_0017.rst7' as Amber NC Restart
	Reading '../../1qav06_wt/no_restraint_new_protocol/min_NoH_5_3_3_5_repacked_wt_round_3_0018.rst7' as Amber NC Restart
	Reading '../../1qav06_wt/no_restraint_new_protocol/min_NoH_5_3_4_5_repacked_wt_round_3_0003.rst7' as Amber NC Restart
	Reading '../../1qav06_wt/no_restraint_new_protocol/min_NoH_5_3_4_5_repacked_wt_round_3_0005.rst7' as Amber NC Restart
	Reading '../../1qav06_wt/no_restraint_new_protocol/min_NoH_5_3_4_5_repacked_wt_round_3_0012.rst7' as Amber NC Restart
	Reading '../../1qav06_wt/no_restraint_new_protocol/min_NoH_5_3_5_5_repacked_wt_round_3_0003.rst7' as Amber NC Restart
	Reading '../../1qav06_wt/no_restraint_new_protocol/min_NoH_5_3_5_5_repacked_wt_round_3_0007.rst7' as Amber NC Restart
	Reading '../../1qav06_wt/no_restraint_new_protocol/min_NoH_5_3_6_5_repacked_wt_round_3_0007.rst7' as Amber NC Restart
	Reading '../../1qav06_wt/no_restraint_new_protocol/min_NoH_5_3_8_5_repacked_wt_round_3_0009.rst7' as Amber NC Restart
	Reading '../../1qav06_wt/no_restraint_new_protocol/min_NoH_5_3_8_5_repacked_wt_round_3_0015.rst7' as Amber NC Restart
	Reading '../../1qav06_wt/no_restraint_new_protocol/min_NoH_5_3_8_5_repacked_wt_round_3_0017.rst7' as Amber NC Restart
	Reading '../../1qav06_wt/no_restraint_new_protocol/min_NoH_5_3_9_5_repacked_wt_round_3_0018.rst7' as Amber NC Restart
	Reading '../../1qav06_wt/no_restraint_new_protocol/min_NoH_7_3_10_7_repacked_wt_round_3_0001.rst7' as Amber NC Restart
	Reading '../../1qav06_wt/no_restraint_new_protocol/min_NoH_7_3_1_7_repacked_wt_round_3_0015.rst7' as Amber NC Restart
	Reading '../../1qav06_wt/no_restraint_new_protocol/min_NoH_7_3_2_7_repacked_wt_round_3_0005.rst7' as Amber NC Restart
	Reading '../../1qav06_wt/no_restraint_new_protocol/min_NoH_7_3_2_7_repacked_wt_round_3_0010.rst7' as Amber NC Restart
	Reading '../../1qav06_wt/no_restraint_new_protocol/min_NoH_7_3_4_7_repacked_wt_round_3_0003.rst7' as Amber NC Restart
	Reading '../../1qav06_wt/no_restraint_new_protocol/min_NoH_7_3_5_7_repacked_wt_round_3_0003.rst7' as Amber NC Restart
	Reading '../../1qav06_wt/no_restraint_new_protocol/min_NoH_7_3_6_7_repacked_wt_round_3_0001.rst7' as Amber NC Restart
	Reading '../../1qav06_wt/no_restraint_new_protocol/min_NoH_7_3_6_7_repacked_wt_round_3_0012.rst7' as Amber NC Restart
	Reading '../../1qav06_wt/no_restraint_new_protocol/min_NoH_7_3_7_7_repacked_wt_round_3_0011.rst7' as Amber NC Restart
	Reading '../../1qav06_wt/no_restraint_new_protocol/min_NoH_7_3_9_7_repacked_wt_round_3_0005.rst7' as Amber NC Restart
	Reading '../../1qav06_wt/no_restraint_new_protocol/min_NoH_7_3_9_7_repacked_wt_round_3_0018.rst7' as Amber NC Restart
	Reading '../../1qav06_wt/no_restraint_new_protocol/min_NoH_8_5_10_8_repacked_wt_round_5_0015.rst7' as Amber NC Restart
	Reading '../../1qav06_wt/no_restraint_new_protocol/min_NoH_8_5_1_8_repacked_wt_round_5_0009.rst7' as Amber NC Restart
	Reading '../../1qav06_wt/no_restraint_new_protocol/min_NoH_8_5_2_8_repacked_wt_round_5_0005.rst7' as Amber NC Restart
	Reading '../../1qav06_wt/no_restraint_new_protocol/min_NoH_8_5_2_8_repacked_wt_round_5_0010.rst7' as Amber NC Restart
	Reading '../../1qav06_wt/no_restraint_new_protocol/min_NoH_8_5_2_8_repacked_wt_round_5_0015.rst7' as Amber NC Restart
	Reading '../../1qav06_wt/no_restraint_new_protocol/min_NoH_8_5_2_8_repacked_wt_round_5_0018.rst7' as Amber NC Restart
	Reading '../../1qav06_wt/no_restraint_new_protocol/min_NoH_8_5_2_8_repacked_wt_round_5_0019.rst7' as Amber NC Restart
	Reading '../../1qav06_wt/no_restraint_new_protocol/min_NoH_8_5_3_8_repacked_wt_round_5_0015.rst7' as Amber NC Restart
	Reading '../../1qav06_wt/no_restraint_new_protocol/min_NoH_8_5_4_8_repacked_wt_round_5_0006.rst7' as Amber NC Restart
	Reading '../../1qav06_wt/no_restraint_new_protocol/min_NoH_8_5_5_8_repacked_wt_round_5_0017.rst7' as Amber NC Restart
	Reading '../../1qav06_wt/no_restraint_new_protocol/min_NoH_8_5_6_8_repacked_wt_round_5_0010.rst7' as Amber NC Restart
	Reading '../../1qav06_wt/no_restraint_new_protocol/min_NoH_8_5_7_8_repacked_wt_round_5_0017.rst7' as Amber NC Restart
	Reading '../../1qav06_wt/no_restraint_new_protocol/min_NoH_8_5_7_8_repacked_wt_round_5_0018.rst7' as Amber NC Restart
	Reading '../../1qav06_wt/no_restraint_new_protocol/min_NoH_8_5_8_8_repacked_wt_round_5_0001.rst7' as Amber NC Restart
	Reading '../../1qav06_wt/no_restraint_new_protocol/min_NoH_8_5_8_8_repacked_wt_round_5_0010.rst7' as Amber NC Restart
	Reading '../../1qav06_wt/no_restraint_new_protocol/min_NoH_8_5_8_8_repacked_wt_round_5_0014.rst7' as Amber NC Restart
	Reading '../../1qav06_wt/no_restraint_new_protocol/min_NoH_8_5_9_8_repacked_wt_round_5_0002.rst7' as Amber NC Restart
	Reading '../../1qav06_wt/no_restraint_new_protocol/min_NoH_8_5_9_8_repacked_wt_round_5_0004.rst7' as Amber NC Restart
	Reading '../../1qav06_wt/no_restraint_new_protocol/min_NoH_8_5_9_8_repacked_wt_round_5_0013.rst7' as Amber NC Restart
	Reading '../../1qav06_wt/no_restraint_new_protocol/min_NoH_8_5_9_8_repacked_wt_round_5_0014.rst7' as Amber NC Restart
TIME: Total execution time: 0.8336 seconds.
--------------------------------------------------------------------------------
To cite CPPTRAJ use:
Daniel R. Roe and Thomas E. Cheatham, III, "PTRAJ and CPPTRAJ: Software for
  Processing and Analysis of Molecular Dynamics Trajectory Data". J. Chem.
  Theory Comput., 2013, 9 (7), pp 3084-3095.

