
CPPTRAJ: Trajectory Analysis. V16.00
    ___  ___  ___  ___
     | \/ | \/ | \/ | 
    _|_/\_|_/\_|_/\_|_

| Date/time: 06/20/16 16:26:39
| Available memory: 215.663 GB

INPUT: Reading input from 'cpptraj.in'
  [parm ../../1g9o08_E92KA93NA94YS95KE96QS97TK98S/prmtop]
	Reading '../../1g9o08_E92KA93NA94YS95KE96QS97TK98S/prmtop' as Amber Topology
  [trajin ../../1g9o08_E92KA93NA94YS95KE96QS97TK98S/no_restraint_new_protocol/min_NoH_*rst7"]
	Reading '../../1g9o08_E92KA93NA94YS95KE96QS97TK98S/no_restraint_new_protocol/min_NoH_10_1_1_10_mut_E92KA93NA94YS95KE96QS97TK98S_round_1_0004.rst7' as Amber NC Restart
	Reading '../../1g9o08_E92KA93NA94YS95KE96QS97TK98S/no_restraint_new_protocol/min_NoH_10_1_1_10_mut_E92KA93NA94YS95KE96QS97TK98S_round_1_0005.rst7' as Amber NC Restart
	Reading '../../1g9o08_E92KA93NA94YS95KE96QS97TK98S/no_restraint_new_protocol/min_NoH_10_1_1_10_mut_E92KA93NA94YS95KE96QS97TK98S_round_1_0007.rst7' as Amber NC Restart
	Reading '../../1g9o08_E92KA93NA94YS95KE96QS97TK98S/no_restraint_new_protocol/min_NoH_10_1_1_10_mut_E92KA93NA94YS95KE96QS97TK98S_round_1_0011.rst7' as Amber NC Restart
	Reading '../../1g9o08_E92KA93NA94YS95KE96QS97TK98S/no_restraint_new_protocol/min_NoH_10_1_1_10_mut_E92KA93NA94YS95KE96QS97TK98S_round_1_0016.rst7' as Amber NC Restart
	Reading '../../1g9o08_E92KA93NA94YS95KE96QS97TK98S/no_restraint_new_protocol/min_NoH_10_1_2_10_mut_E92KA93NA94YS95KE96QS97TK98S_round_1_0006.rst7' as Amber NC Restart
	Reading '../../1g9o08_E92KA93NA94YS95KE96QS97TK98S/no_restraint_new_protocol/min_NoH_10_1_2_10_mut_E92KA93NA94YS95KE96QS97TK98S_round_1_0017.rst7' as Amber NC Restart
	Reading '../../1g9o08_E92KA93NA94YS95KE96QS97TK98S/no_restraint_new_protocol/min_NoH_10_1_3_10_mut_E92KA93NA94YS95KE96QS97TK98S_round_1_0003.rst7' as Amber NC Restart
	Reading '../../1g9o08_E92KA93NA94YS95KE96QS97TK98S/no_restraint_new_protocol/min_NoH_10_1_3_10_mut_E92KA93NA94YS95KE96QS97TK98S_round_1_0009.rst7' as Amber NC Restart
	Reading '../../1g9o08_E92KA93NA94YS95KE96QS97TK98S/no_restraint_new_protocol/min_NoH_10_1_3_10_mut_E92KA93NA94YS95KE96QS97TK98S_round_1_0010.rst7' as Amber NC Restart
	Reading '../../1g9o08_E92KA93NA94YS95KE96QS97TK98S/no_restraint_new_protocol/min_NoH_10_1_4_10_mut_E92KA93NA94YS95KE96QS97TK98S_round_1_0017.rst7' as Amber NC Restart
	Reading '../../1g9o08_E92KA93NA94YS95KE96QS97TK98S/no_restraint_new_protocol/min_NoH_10_1_5_10_mut_E92KA93NA94YS95KE96QS97TK98S_round_1_0015.rst7' as Amber NC Restart
	Reading '../../1g9o08_E92KA93NA94YS95KE96QS97TK98S/no_restraint_new_protocol/min_NoH_10_1_5_10_mut_E92KA93NA94YS95KE96QS97TK98S_round_1_0023.rst7' as Amber NC Restart
	Reading '../../1g9o08_E92KA93NA94YS95KE96QS97TK98S/no_restraint_new_protocol/min_NoH_10_1_6_10_mut_E92KA93NA94YS95KE96QS97TK98S_round_1_0002.rst7' as Amber NC Restart
	Reading '../../1g9o08_E92KA93NA94YS95KE96QS97TK98S/no_restraint_new_protocol/min_NoH_10_1_7_10_mut_E92KA93NA94YS95KE96QS97TK98S_round_1_0002.rst7' as Amber NC Restart
	Reading '../../1g9o08_E92KA93NA94YS95KE96QS97TK98S/no_restraint_new_protocol/min_NoH_10_1_7_10_mut_E92KA93NA94YS95KE96QS97TK98S_round_1_0013.rst7' as Amber NC Restart
	Reading '../../1g9o08_E92KA93NA94YS95KE96QS97TK98S/no_restraint_new_protocol/min_NoH_10_1_8_10_mut_E92KA93NA94YS95KE96QS97TK98S_round_1_0005.rst7' as Amber NC Restart
	Reading '../../1g9o08_E92KA93NA94YS95KE96QS97TK98S/no_restraint_new_protocol/min_NoH_10_1_8_10_mut_E92KA93NA94YS95KE96QS97TK98S_round_1_0008.rst7' as Amber NC Restart
	Reading '../../1g9o08_E92KA93NA94YS95KE96QS97TK98S/no_restraint_new_protocol/min_NoH_10_1_8_10_mut_E92KA93NA94YS95KE96QS97TK98S_round_1_0011.rst7' as Amber NC Restart
	Reading '../../1g9o08_E92KA93NA94YS95KE96QS97TK98S/no_restraint_new_protocol/min_NoH_10_2_1_10_mut_E92KA93NA94YS95KE96QS97TK98S_round_2_0014.rst7' as Amber NC Restart
	Reading '../../1g9o08_E92KA93NA94YS95KE96QS97TK98S/no_restraint_new_protocol/min_NoH_10_2_1_10_mut_E92KA93NA94YS95KE96QS97TK98S_round_2_0024.rst7' as Amber NC Restart
	Reading '../../1g9o08_E92KA93NA94YS95KE96QS97TK98S/no_restraint_new_protocol/min_NoH_10_2_2_10_mut_E92KA93NA94YS95KE96QS97TK98S_round_2_0006.rst7' as Amber NC Restart
	Reading '../../1g9o08_E92KA93NA94YS95KE96QS97TK98S/no_restraint_new_protocol/min_NoH_10_2_2_10_mut_E92KA93NA94YS95KE96QS97TK98S_round_2_0009.rst7' as Amber NC Restart
	Reading '../../1g9o08_E92KA93NA94YS95KE96QS97TK98S/no_restraint_new_protocol/min_NoH_10_2_2_10_mut_E92KA93NA94YS95KE96QS97TK98S_round_2_0017.rst7' as Amber NC Restart
	Reading '../../1g9o08_E92KA93NA94YS95KE96QS97TK98S/no_restraint_new_protocol/min_NoH_10_2_3_10_mut_E92KA93NA94YS95KE96QS97TK98S_round_2_0004.rst7' as Amber NC Restart
	Reading '../../1g9o08_E92KA93NA94YS95KE96QS97TK98S/no_restraint_new_protocol/min_NoH_10_2_5_10_mut_E92KA93NA94YS95KE96QS97TK98S_round_2_0007.rst7' as Amber NC Restart
	Reading '../../1g9o08_E92KA93NA94YS95KE96QS97TK98S/no_restraint_new_protocol/min_NoH_10_2_5_10_mut_E92KA93NA94YS95KE96QS97TK98S_round_2_0020.rst7' as Amber NC Restart
	Reading '../../1g9o08_E92KA93NA94YS95KE96QS97TK98S/no_restraint_new_protocol/min_NoH_10_2_6_10_mut_E92KA93NA94YS95KE96QS97TK98S_round_2_0007.rst7' as Amber NC Restart
	Reading '../../1g9o08_E92KA93NA94YS95KE96QS97TK98S/no_restraint_new_protocol/min_NoH_10_2_6_10_mut_E92KA93NA94YS95KE96QS97TK98S_round_2_0011.rst7' as Amber NC Restart
	Reading '../../1g9o08_E92KA93NA94YS95KE96QS97TK98S/no_restraint_new_protocol/min_NoH_10_2_6_10_mut_E92KA93NA94YS95KE96QS97TK98S_round_2_0012.rst7' as Amber NC Restart
	Reading '../../1g9o08_E92KA93NA94YS95KE96QS97TK98S/no_restraint_new_protocol/min_NoH_10_2_6_10_mut_E92KA93NA94YS95KE96QS97TK98S_round_2_0021.rst7' as Amber NC Restart
	Reading '../../1g9o08_E92KA93NA94YS95KE96QS97TK98S/no_restraint_new_protocol/min_NoH_10_2_7_10_mut_E92KA93NA94YS95KE96QS97TK98S_round_2_0012.rst7' as Amber NC Restart
	Reading '../../1g9o08_E92KA93NA94YS95KE96QS97TK98S/no_restraint_new_protocol/min_NoH_10_2_7_10_mut_E92KA93NA94YS95KE96QS97TK98S_round_2_0024.rst7' as Amber NC Restart
	Reading '../../1g9o08_E92KA93NA94YS95KE96QS97TK98S/no_restraint_new_protocol/min_NoH_10_2_8_10_mut_E92KA93NA94YS95KE96QS97TK98S_round_2_0010.rst7' as Amber NC Restart
	Reading '../../1g9o08_E92KA93NA94YS95KE96QS97TK98S/no_restraint_new_protocol/min_NoH_10_2_8_10_mut_E92KA93NA94YS95KE96QS97TK98S_round_2_0021.rst7' as Amber NC Restart
	Reading '../../1g9o08_E92KA93NA94YS95KE96QS97TK98S/no_restraint_new_protocol/min_NoH_3_5_1_3_mut_E92KA93NA94YS95KE96QS97TK98S_round_5_0006.rst7' as Amber NC Restart
	Reading '../../1g9o08_E92KA93NA94YS95KE96QS97TK98S/no_restraint_new_protocol/min_NoH_3_5_3_3_mut_E92KA93NA94YS95KE96QS97TK98S_round_5_0008.rst7' as Amber NC Restart
	Reading '../../1g9o08_E92KA93NA94YS95KE96QS97TK98S/no_restraint_new_protocol/min_NoH_3_5_3_3_mut_E92KA93NA94YS95KE96QS97TK98S_round_5_0012.rst7' as Amber NC Restart
	Reading '../../1g9o08_E92KA93NA94YS95KE96QS97TK98S/no_restraint_new_protocol/min_NoH_3_5_3_3_mut_E92KA93NA94YS95KE96QS97TK98S_round_5_0014.rst7' as Amber NC Restart
	Reading '../../1g9o08_E92KA93NA94YS95KE96QS97TK98S/no_restraint_new_protocol/min_NoH_3_5_4_3_mut_E92KA93NA94YS95KE96QS97TK98S_round_5_0009.rst7' as Amber NC Restart
	Reading '../../1g9o08_E92KA93NA94YS95KE96QS97TK98S/no_restraint_new_protocol/min_NoH_3_5_4_3_mut_E92KA93NA94YS95KE96QS97TK98S_round_5_0024.rst7' as Amber NC Restart
	Reading '../../1g9o08_E92KA93NA94YS95KE96QS97TK98S/no_restraint_new_protocol/min_NoH_3_5_5_3_mut_E92KA93NA94YS95KE96QS97TK98S_round_5_0013.rst7' as Amber NC Restart
	Reading '../../1g9o08_E92KA93NA94YS95KE96QS97TK98S/no_restraint_new_protocol/min_NoH_3_5_6_3_mut_E92KA93NA94YS95KE96QS97TK98S_round_5_0013.rst7' as Amber NC Restart
	Reading '../../1g9o08_E92KA93NA94YS95KE96QS97TK98S/no_restraint_new_protocol/min_NoH_3_5_7_3_mut_E92KA93NA94YS95KE96QS97TK98S_round_5_0004.rst7' as Amber NC Restart
	Reading '../../1g9o08_E92KA93NA94YS95KE96QS97TK98S/no_restraint_new_protocol/min_NoH_3_5_7_3_mut_E92KA93NA94YS95KE96QS97TK98S_round_5_0018.rst7' as Amber NC Restart
	Reading '../../1g9o08_E92KA93NA94YS95KE96QS97TK98S/no_restraint_new_protocol/min_NoH_3_5_8_3_mut_E92KA93NA94YS95KE96QS97TK98S_round_5_0002.rst7' as Amber NC Restart
	Reading '../../1g9o08_E92KA93NA94YS95KE96QS97TK98S/no_restraint_new_protocol/min_NoH_3_5_8_3_mut_E92KA93NA94YS95KE96QS97TK98S_round_5_0008.rst7' as Amber NC Restart
	Reading '../../1g9o08_E92KA93NA94YS95KE96QS97TK98S/no_restraint_new_protocol/min_NoH_3_5_8_3_mut_E92KA93NA94YS95KE96QS97TK98S_round_5_0009.rst7' as Amber NC Restart
	Reading '../../1g9o08_E92KA93NA94YS95KE96QS97TK98S/no_restraint_new_protocol/min_NoH_3_5_8_3_mut_E92KA93NA94YS95KE96QS97TK98S_round_5_0017.rst7' as Amber NC Restart
	Reading '../../1g9o08_E92KA93NA94YS95KE96QS97TK98S/no_restraint_new_protocol/min_NoH_3_5_8_3_mut_E92KA93NA94YS95KE96QS97TK98S_round_5_0020.rst7' as Amber NC Restart
TIME: Total execution time: 0.7207 seconds.
--------------------------------------------------------------------------------
To cite CPPTRAJ use:
Daniel R. Roe and Thomas E. Cheatham, III, "PTRAJ and CPPTRAJ: Software for
  Processing and Analysis of Molecular Dynamics Trajectory Data". J. Chem.
  Theory Comput., 2013, 9 (7), pp 3084-3095.

