
CPPTRAJ: Trajectory Analysis. V16.00
    ___  ___  ___  ___
     | \/ | \/ | \/ | 
    _|_/\_|_/\_|_/\_|_

| Date/time: 06/20/16 16:26:35
| Available memory: 215.651 GB

INPUT: Reading input from 'cpptraj.in'
  [parm ../../1g9o07_E92KA93QE95SK97TV98L/prmtop]
	Reading '../../1g9o07_E92KA93QE95SK97TV98L/prmtop' as Amber Topology
  [trajin ../../1g9o07_E92KA93QE95SK97TV98L/no_restraint_new_protocol/min_NoH_*rst7"]
	Reading '../../1g9o07_E92KA93QE95SK97TV98L/no_restraint_new_protocol/min_NoH_3_1_1_3_mut_E92KA93QE95SK97TV98L_round_1_0008.rst7' as Amber NC Restart
	Reading '../../1g9o07_E92KA93QE95SK97TV98L/no_restraint_new_protocol/min_NoH_3_1_1_3_mut_E92KA93QE95SK97TV98L_round_1_0014.rst7' as Amber NC Restart
	Reading '../../1g9o07_E92KA93QE95SK97TV98L/no_restraint_new_protocol/min_NoH_3_1_1_3_mut_E92KA93QE95SK97TV98L_round_1_0015.rst7' as Amber NC Restart
	Reading '../../1g9o07_E92KA93QE95SK97TV98L/no_restraint_new_protocol/min_NoH_3_1_1_3_mut_E92KA93QE95SK97TV98L_round_1_0024.rst7' as Amber NC Restart
	Reading '../../1g9o07_E92KA93QE95SK97TV98L/no_restraint_new_protocol/min_NoH_3_1_2_3_mut_E92KA93QE95SK97TV98L_round_1_0004.rst7' as Amber NC Restart
	Reading '../../1g9o07_E92KA93QE95SK97TV98L/no_restraint_new_protocol/min_NoH_3_1_3_3_mut_E92KA93QE95SK97TV98L_round_1_0008.rst7' as Amber NC Restart
	Reading '../../1g9o07_E92KA93QE95SK97TV98L/no_restraint_new_protocol/min_NoH_3_1_5_3_mut_E92KA93QE95SK97TV98L_round_1_0001.rst7' as Amber NC Restart
	Reading '../../1g9o07_E92KA93QE95SK97TV98L/no_restraint_new_protocol/min_NoH_3_1_5_3_mut_E92KA93QE95SK97TV98L_round_1_0005.rst7' as Amber NC Restart
	Reading '../../1g9o07_E92KA93QE95SK97TV98L/no_restraint_new_protocol/min_NoH_3_1_6_3_mut_E92KA93QE95SK97TV98L_round_1_0001.rst7' as Amber NC Restart
	Reading '../../1g9o07_E92KA93QE95SK97TV98L/no_restraint_new_protocol/min_NoH_3_1_6_3_mut_E92KA93QE95SK97TV98L_round_1_0002.rst7' as Amber NC Restart
	Reading '../../1g9o07_E92KA93QE95SK97TV98L/no_restraint_new_protocol/min_NoH_3_1_6_3_mut_E92KA93QE95SK97TV98L_round_1_0006.rst7' as Amber NC Restart
	Reading '../../1g9o07_E92KA93QE95SK97TV98L/no_restraint_new_protocol/min_NoH_3_1_6_3_mut_E92KA93QE95SK97TV98L_round_1_0012.rst7' as Amber NC Restart
	Reading '../../1g9o07_E92KA93QE95SK97TV98L/no_restraint_new_protocol/min_NoH_3_1_7_3_mut_E92KA93QE95SK97TV98L_round_1_0010.rst7' as Amber NC Restart
	Reading '../../1g9o07_E92KA93QE95SK97TV98L/no_restraint_new_protocol/min_NoH_3_1_7_3_mut_E92KA93QE95SK97TV98L_round_1_0014.rst7' as Amber NC Restart
	Reading '../../1g9o07_E92KA93QE95SK97TV98L/no_restraint_new_protocol/min_NoH_3_1_7_3_mut_E92KA93QE95SK97TV98L_round_1_0025.rst7' as Amber NC Restart
	Reading '../../1g9o07_E92KA93QE95SK97TV98L/no_restraint_new_protocol/min_NoH_3_1_8_3_mut_E92KA93QE95SK97TV98L_round_1_0003.rst7' as Amber NC Restart
	Reading '../../1g9o07_E92KA93QE95SK97TV98L/no_restraint_new_protocol/min_NoH_4_5_1_4_mut_E92KA93QE95SK97TV98L_round_5_0007.rst7' as Amber NC Restart
	Reading '../../1g9o07_E92KA93QE95SK97TV98L/no_restraint_new_protocol/min_NoH_4_5_2_4_mut_E92KA93QE95SK97TV98L_round_5_0007.rst7' as Amber NC Restart
	Reading '../../1g9o07_E92KA93QE95SK97TV98L/no_restraint_new_protocol/min_NoH_4_5_2_4_mut_E92KA93QE95SK97TV98L_round_5_0008.rst7' as Amber NC Restart
	Reading '../../1g9o07_E92KA93QE95SK97TV98L/no_restraint_new_protocol/min_NoH_4_5_3_4_mut_E92KA93QE95SK97TV98L_round_5_0012.rst7' as Amber NC Restart
	Reading '../../1g9o07_E92KA93QE95SK97TV98L/no_restraint_new_protocol/min_NoH_4_5_3_4_mut_E92KA93QE95SK97TV98L_round_5_0020.rst7' as Amber NC Restart
	Reading '../../1g9o07_E92KA93QE95SK97TV98L/no_restraint_new_protocol/min_NoH_4_5_3_4_mut_E92KA93QE95SK97TV98L_round_5_0024.rst7' as Amber NC Restart
	Reading '../../1g9o07_E92KA93QE95SK97TV98L/no_restraint_new_protocol/min_NoH_4_5_4_4_mut_E92KA93QE95SK97TV98L_round_5_0014.rst7' as Amber NC Restart
	Reading '../../1g9o07_E92KA93QE95SK97TV98L/no_restraint_new_protocol/min_NoH_4_5_4_4_mut_E92KA93QE95SK97TV98L_round_5_0021.rst7' as Amber NC Restart
	Reading '../../1g9o07_E92KA93QE95SK97TV98L/no_restraint_new_protocol/min_NoH_4_5_5_4_mut_E92KA93QE95SK97TV98L_round_5_0023.rst7' as Amber NC Restart
	Reading '../../1g9o07_E92KA93QE95SK97TV98L/no_restraint_new_protocol/min_NoH_4_5_6_4_mut_E92KA93QE95SK97TV98L_round_5_0022.rst7' as Amber NC Restart
	Reading '../../1g9o07_E92KA93QE95SK97TV98L/no_restraint_new_protocol/min_NoH_4_5_7_4_mut_E92KA93QE95SK97TV98L_round_5_0019.rst7' as Amber NC Restart
	Reading '../../1g9o07_E92KA93QE95SK97TV98L/no_restraint_new_protocol/min_NoH_4_5_7_4_mut_E92KA93QE95SK97TV98L_round_5_0021.rst7' as Amber NC Restart
	Reading '../../1g9o07_E92KA93QE95SK97TV98L/no_restraint_new_protocol/min_NoH_4_5_7_4_mut_E92KA93QE95SK97TV98L_round_5_0022.rst7' as Amber NC Restart
	Reading '../../1g9o07_E92KA93QE95SK97TV98L/no_restraint_new_protocol/min_NoH_4_5_8_4_mut_E92KA93QE95SK97TV98L_round_5_0002.rst7' as Amber NC Restart
	Reading '../../1g9o07_E92KA93QE95SK97TV98L/no_restraint_new_protocol/min_NoH_5_2_1_5_mut_E92KA93QE95SK97TV98L_round_2_0016.rst7' as Amber NC Restart
	Reading '../../1g9o07_E92KA93QE95SK97TV98L/no_restraint_new_protocol/min_NoH_5_2_2_5_mut_E92KA93QE95SK97TV98L_round_2_0002.rst7' as Amber NC Restart
	Reading '../../1g9o07_E92KA93QE95SK97TV98L/no_restraint_new_protocol/min_NoH_5_2_2_5_mut_E92KA93QE95SK97TV98L_round_2_0015.rst7' as Amber NC Restart
	Reading '../../1g9o07_E92KA93QE95SK97TV98L/no_restraint_new_protocol/min_NoH_5_2_2_5_mut_E92KA93QE95SK97TV98L_round_2_0016.rst7' as Amber NC Restart
	Reading '../../1g9o07_E92KA93QE95SK97TV98L/no_restraint_new_protocol/min_NoH_5_2_2_5_mut_E92KA93QE95SK97TV98L_round_2_0023.rst7' as Amber NC Restart
	Reading '../../1g9o07_E92KA93QE95SK97TV98L/no_restraint_new_protocol/min_NoH_5_2_3_5_mut_E92KA93QE95SK97TV98L_round_2_0008.rst7' as Amber NC Restart
	Reading '../../1g9o07_E92KA93QE95SK97TV98L/no_restraint_new_protocol/min_NoH_5_2_3_5_mut_E92KA93QE95SK97TV98L_round_2_0022.rst7' as Amber NC Restart
	Reading '../../1g9o07_E92KA93QE95SK97TV98L/no_restraint_new_protocol/min_NoH_5_2_3_5_mut_E92KA93QE95SK97TV98L_round_2_0025.rst7' as Amber NC Restart
	Reading '../../1g9o07_E92KA93QE95SK97TV98L/no_restraint_new_protocol/min_NoH_5_2_4_5_mut_E92KA93QE95SK97TV98L_round_2_0025.rst7' as Amber NC Restart
	Reading '../../1g9o07_E92KA93QE95SK97TV98L/no_restraint_new_protocol/min_NoH_5_2_5_5_mut_E92KA93QE95SK97TV98L_round_2_0021.rst7' as Amber NC Restart
	Reading '../../1g9o07_E92KA93QE95SK97TV98L/no_restraint_new_protocol/min_NoH_5_2_5_5_mut_E92KA93QE95SK97TV98L_round_2_0025.rst7' as Amber NC Restart
	Reading '../../1g9o07_E92KA93QE95SK97TV98L/no_restraint_new_protocol/min_NoH_5_2_6_5_mut_E92KA93QE95SK97TV98L_round_2_0012.rst7' as Amber NC Restart
	Reading '../../1g9o07_E92KA93QE95SK97TV98L/no_restraint_new_protocol/min_NoH_5_2_6_5_mut_E92KA93QE95SK97TV98L_round_2_0015.rst7' as Amber NC Restart
	Reading '../../1g9o07_E92KA93QE95SK97TV98L/no_restraint_new_protocol/min_NoH_5_2_7_5_mut_E92KA93QE95SK97TV98L_round_2_0006.rst7' as Amber NC Restart
	Reading '../../1g9o07_E92KA93QE95SK97TV98L/no_restraint_new_protocol/min_NoH_5_2_7_5_mut_E92KA93QE95SK97TV98L_round_2_0014.rst7' as Amber NC Restart
	Reading '../../1g9o07_E92KA93QE95SK97TV98L/no_restraint_new_protocol/min_NoH_5_2_7_5_mut_E92KA93QE95SK97TV98L_round_2_0016.rst7' as Amber NC Restart
	Reading '../../1g9o07_E92KA93QE95SK97TV98L/no_restraint_new_protocol/min_NoH_5_2_8_5_mut_E92KA93QE95SK97TV98L_round_2_0012.rst7' as Amber NC Restart
	Reading '../../1g9o07_E92KA93QE95SK97TV98L/no_restraint_new_protocol/min_NoH_5_2_8_5_mut_E92KA93QE95SK97TV98L_round_2_0017.rst7' as Amber NC Restart
	Reading '../../1g9o07_E92KA93QE95SK97TV98L/no_restraint_new_protocol/min_NoH_5_2_8_5_mut_E92KA93QE95SK97TV98L_round_2_0020.rst7' as Amber NC Restart
	Reading '../../1g9o07_E92KA93QE95SK97TV98L/no_restraint_new_protocol/min_NoH_5_2_8_5_mut_E92KA93QE95SK97TV98L_round_2_0021.rst7' as Amber NC Restart
TIME: Total execution time: 1.1010 seconds.
--------------------------------------------------------------------------------
To cite CPPTRAJ use:
Daniel R. Roe and Thomas E. Cheatham, III, "PTRAJ and CPPTRAJ: Software for
  Processing and Analysis of Molecular Dynamics Trajectory Data". J. Chem.
  Theory Comput., 2013, 9 (7), pp 3084-3095.

