
CPPTRAJ: Trajectory Analysis. V16.00
    ___  ___  ___  ___
     | \/ | \/ | \/ | 
    _|_/\_|_/\_|_/\_|_

| Date/time: 06/20/16 16:26:19
| Available memory: 215.568 GB

INPUT: Reading input from 'cpptraj.in'
  [parm ../../1g9o06_E92MS93QE94TV97L/prmtop]
	Reading '../../1g9o06_E92MS93QE94TV97L/prmtop' as Amber Topology
  [trajin ../../1g9o06_E92MS93QE94TV97L/no_restraint_new_protocol/min_NoH_*rst7"]
	Reading '../../1g9o06_E92MS93QE94TV97L/no_restraint_new_protocol/min_NoH_10_1_1_10_mut_E92MS93QE94TV97L_round_1_0003.rst7' as Amber NC Restart
	Reading '../../1g9o06_E92MS93QE94TV97L/no_restraint_new_protocol/min_NoH_10_1_1_10_mut_E92MS93QE94TV97L_round_1_0011.rst7' as Amber NC Restart
	Reading '../../1g9o06_E92MS93QE94TV97L/no_restraint_new_protocol/min_NoH_10_1_1_10_mut_E92MS93QE94TV97L_round_1_0015.rst7' as Amber NC Restart
	Reading '../../1g9o06_E92MS93QE94TV97L/no_restraint_new_protocol/min_NoH_10_1_1_10_mut_E92MS93QE94TV97L_round_1_0022.rst7' as Amber NC Restart
	Reading '../../1g9o06_E92MS93QE94TV97L/no_restraint_new_protocol/min_NoH_10_1_1_10_mut_E92MS93QE94TV97L_round_1_0023.rst7' as Amber NC Restart
	Reading '../../1g9o06_E92MS93QE94TV97L/no_restraint_new_protocol/min_NoH_10_1_2_10_mut_E92MS93QE94TV97L_round_1_0009.rst7' as Amber NC Restart
	Reading '../../1g9o06_E92MS93QE94TV97L/no_restraint_new_protocol/min_NoH_10_1_2_10_mut_E92MS93QE94TV97L_round_1_0015.rst7' as Amber NC Restart
	Reading '../../1g9o06_E92MS93QE94TV97L/no_restraint_new_protocol/min_NoH_10_1_3_10_mut_E92MS93QE94TV97L_round_1_0010.rst7' as Amber NC Restart
	Reading '../../1g9o06_E92MS93QE94TV97L/no_restraint_new_protocol/min_NoH_10_1_4_10_mut_E92MS93QE94TV97L_round_1_0005.rst7' as Amber NC Restart
	Reading '../../1g9o06_E92MS93QE94TV97L/no_restraint_new_protocol/min_NoH_10_1_4_10_mut_E92MS93QE94TV97L_round_1_0008.rst7' as Amber NC Restart
	Reading '../../1g9o06_E92MS93QE94TV97L/no_restraint_new_protocol/min_NoH_10_1_4_10_mut_E92MS93QE94TV97L_round_1_0021.rst7' as Amber NC Restart
	Reading '../../1g9o06_E92MS93QE94TV97L/no_restraint_new_protocol/min_NoH_10_1_5_10_mut_E92MS93QE94TV97L_round_1_0019.rst7' as Amber NC Restart
	Reading '../../1g9o06_E92MS93QE94TV97L/no_restraint_new_protocol/min_NoH_10_1_6_10_mut_E92MS93QE94TV97L_round_1_0005.rst7' as Amber NC Restart
	Reading '../../1g9o06_E92MS93QE94TV97L/no_restraint_new_protocol/min_NoH_10_1_6_10_mut_E92MS93QE94TV97L_round_1_0016.rst7' as Amber NC Restart
	Reading '../../1g9o06_E92MS93QE94TV97L/no_restraint_new_protocol/min_NoH_10_1_7_10_mut_E92MS93QE94TV97L_round_1_0003.rst7' as Amber NC Restart
	Reading '../../1g9o06_E92MS93QE94TV97L/no_restraint_new_protocol/min_NoH_10_1_7_10_mut_E92MS93QE94TV97L_round_1_0014.rst7' as Amber NC Restart
	Reading '../../1g9o06_E92MS93QE94TV97L/no_restraint_new_protocol/min_NoH_10_1_7_10_mut_E92MS93QE94TV97L_round_1_0023.rst7' as Amber NC Restart
	Reading '../../1g9o06_E92MS93QE94TV97L/no_restraint_new_protocol/min_NoH_1_4_1_1_mut_E92MS93QE94TV97L_round_4_0003.rst7' as Amber NC Restart
	Reading '../../1g9o06_E92MS93QE94TV97L/no_restraint_new_protocol/min_NoH_1_4_1_1_mut_E92MS93QE94TV97L_round_4_0005.rst7' as Amber NC Restart
	Reading '../../1g9o06_E92MS93QE94TV97L/no_restraint_new_protocol/min_NoH_1_4_1_1_mut_E92MS93QE94TV97L_round_4_0007.rst7' as Amber NC Restart
	Reading '../../1g9o06_E92MS93QE94TV97L/no_restraint_new_protocol/min_NoH_1_4_1_1_mut_E92MS93QE94TV97L_round_4_0010.rst7' as Amber NC Restart
	Reading '../../1g9o06_E92MS93QE94TV97L/no_restraint_new_protocol/min_NoH_1_4_1_1_mut_E92MS93QE94TV97L_round_4_0014.rst7' as Amber NC Restart
	Reading '../../1g9o06_E92MS93QE94TV97L/no_restraint_new_protocol/min_NoH_1_4_2_1_mut_E92MS93QE94TV97L_round_4_0006.rst7' as Amber NC Restart
	Reading '../../1g9o06_E92MS93QE94TV97L/no_restraint_new_protocol/min_NoH_1_4_2_1_mut_E92MS93QE94TV97L_round_4_0009.rst7' as Amber NC Restart
	Reading '../../1g9o06_E92MS93QE94TV97L/no_restraint_new_protocol/min_NoH_1_4_2_1_mut_E92MS93QE94TV97L_round_4_0011.rst7' as Amber NC Restart
	Reading '../../1g9o06_E92MS93QE94TV97L/no_restraint_new_protocol/min_NoH_1_4_2_1_mut_E92MS93QE94TV97L_round_4_0021.rst7' as Amber NC Restart
	Reading '../../1g9o06_E92MS93QE94TV97L/no_restraint_new_protocol/min_NoH_1_4_2_1_mut_E92MS93QE94TV97L_round_4_0025.rst7' as Amber NC Restart
	Reading '../../1g9o06_E92MS93QE94TV97L/no_restraint_new_protocol/min_NoH_1_4_4_1_mut_E92MS93QE94TV97L_round_4_0005.rst7' as Amber NC Restart
	Reading '../../1g9o06_E92MS93QE94TV97L/no_restraint_new_protocol/min_NoH_1_4_4_1_mut_E92MS93QE94TV97L_round_4_0008.rst7' as Amber NC Restart
	Reading '../../1g9o06_E92MS93QE94TV97L/no_restraint_new_protocol/min_NoH_1_4_4_1_mut_E92MS93QE94TV97L_round_4_0013.rst7' as Amber NC Restart
	Reading '../../1g9o06_E92MS93QE94TV97L/no_restraint_new_protocol/min_NoH_1_4_5_1_mut_E92MS93QE94TV97L_round_4_0004.rst7' as Amber NC Restart
	Reading '../../1g9o06_E92MS93QE94TV97L/no_restraint_new_protocol/min_NoH_1_4_5_1_mut_E92MS93QE94TV97L_round_4_0008.rst7' as Amber NC Restart
	Reading '../../1g9o06_E92MS93QE94TV97L/no_restraint_new_protocol/min_NoH_1_4_5_1_mut_E92MS93QE94TV97L_round_4_0021.rst7' as Amber NC Restart
	Reading '../../1g9o06_E92MS93QE94TV97L/no_restraint_new_protocol/min_NoH_1_4_5_1_mut_E92MS93QE94TV97L_round_4_0022.rst7' as Amber NC Restart
	Reading '../../1g9o06_E92MS93QE94TV97L/no_restraint_new_protocol/min_NoH_1_4_6_1_mut_E92MS93QE94TV97L_round_4_0024.rst7' as Amber NC Restart
	Reading '../../1g9o06_E92MS93QE94TV97L/no_restraint_new_protocol/min_NoH_1_4_6_1_mut_E92MS93QE94TV97L_round_4_0025.rst7' as Amber NC Restart
	Reading '../../1g9o06_E92MS93QE94TV97L/no_restraint_new_protocol/min_NoH_1_4_7_1_mut_E92MS93QE94TV97L_round_4_0009.rst7' as Amber NC Restart
	Reading '../../1g9o06_E92MS93QE94TV97L/no_restraint_new_protocol/min_NoH_3_2_1_3_mut_E92MS93QE94TV97L_round_2_0007.rst7' as Amber NC Restart
	Reading '../../1g9o06_E92MS93QE94TV97L/no_restraint_new_protocol/min_NoH_3_2_1_3_mut_E92MS93QE94TV97L_round_2_0016.rst7' as Amber NC Restart
	Reading '../../1g9o06_E92MS93QE94TV97L/no_restraint_new_protocol/min_NoH_3_2_1_3_mut_E92MS93QE94TV97L_round_2_0021.rst7' as Amber NC Restart
	Reading '../../1g9o06_E92MS93QE94TV97L/no_restraint_new_protocol/min_NoH_3_2_1_3_mut_E92MS93QE94TV97L_round_2_0022.rst7' as Amber NC Restart
	Reading '../../1g9o06_E92MS93QE94TV97L/no_restraint_new_protocol/min_NoH_3_2_2_3_mut_E92MS93QE94TV97L_round_2_0025.rst7' as Amber NC Restart
	Reading '../../1g9o06_E92MS93QE94TV97L/no_restraint_new_protocol/min_NoH_3_2_4_3_mut_E92MS93QE94TV97L_round_2_0010.rst7' as Amber NC Restart
	Reading '../../1g9o06_E92MS93QE94TV97L/no_restraint_new_protocol/min_NoH_3_2_4_3_mut_E92MS93QE94TV97L_round_2_0014.rst7' as Amber NC Restart
	Reading '../../1g9o06_E92MS93QE94TV97L/no_restraint_new_protocol/min_NoH_3_2_4_3_mut_E92MS93QE94TV97L_round_2_0024.rst7' as Amber NC Restart
	Reading '../../1g9o06_E92MS93QE94TV97L/no_restraint_new_protocol/min_NoH_3_2_6_3_mut_E92MS93QE94TV97L_round_2_0014.rst7' as Amber NC Restart
	Reading '../../1g9o06_E92MS93QE94TV97L/no_restraint_new_protocol/min_NoH_3_2_6_3_mut_E92MS93QE94TV97L_round_2_0015.rst7' as Amber NC Restart
	Reading '../../1g9o06_E92MS93QE94TV97L/no_restraint_new_protocol/min_NoH_3_2_7_3_mut_E92MS93QE94TV97L_round_2_0018.rst7' as Amber NC Restart
	Reading '../../1g9o06_E92MS93QE94TV97L/no_restraint_new_protocol/min_NoH_3_2_8_3_mut_E92MS93QE94TV97L_round_2_0011.rst7' as Amber NC Restart
	Reading '../../1g9o06_E92MS93QE94TV97L/no_restraint_new_protocol/min_NoH_3_2_8_3_mut_E92MS93QE94TV97L_round_2_0024.rst7' as Amber NC Restart
TIME: Total execution time: 0.8709 seconds.
--------------------------------------------------------------------------------
To cite CPPTRAJ use:
Daniel R. Roe and Thomas E. Cheatham, III, "PTRAJ and CPPTRAJ: Software for
  Processing and Analysis of Molecular Dynamics Trajectory Data". J. Chem.
  Theory Comput., 2013, 9 (7), pp 3084-3095.

