
CPPTRAJ: Trajectory Analysis. V16.00
    ___  ___  ___  ___
     | \/ | \/ | \/ | 
    _|_/\_|_/\_|_/\_|_

| Date/time: 06/20/16 16:26:22
| Available memory: 215.581 GB

INPUT: Reading input from 'cpptraj.in'
  [parm ../../1g9o06_E92RS93RS95TK96Q/prmtop]
	Reading '../../1g9o06_E92RS93RS95TK96Q/prmtop' as Amber Topology
  [trajin ../../1g9o06_E92RS93RS95TK96Q/no_restraint_new_protocol/min_NoH_*rst7"]
	Reading '../../1g9o06_E92RS93RS95TK96Q/no_restraint_new_protocol/min_NoH_10_2_1_10_mut_E92RS93RS95TK96Q_round_2_0009.rst7' as Amber NC Restart
	Reading '../../1g9o06_E92RS93RS95TK96Q/no_restraint_new_protocol/min_NoH_10_2_1_10_mut_E92RS93RS95TK96Q_round_2_0020.rst7' as Amber NC Restart
	Reading '../../1g9o06_E92RS93RS95TK96Q/no_restraint_new_protocol/min_NoH_10_2_1_10_mut_E92RS93RS95TK96Q_round_2_0021.rst7' as Amber NC Restart
	Reading '../../1g9o06_E92RS93RS95TK96Q/no_restraint_new_protocol/min_NoH_10_2_2_10_mut_E92RS93RS95TK96Q_round_2_0002.rst7' as Amber NC Restart
	Reading '../../1g9o06_E92RS93RS95TK96Q/no_restraint_new_protocol/min_NoH_10_2_3_10_mut_E92RS93RS95TK96Q_round_2_0007.rst7' as Amber NC Restart
	Reading '../../1g9o06_E92RS93RS95TK96Q/no_restraint_new_protocol/min_NoH_10_2_3_10_mut_E92RS93RS95TK96Q_round_2_0009.rst7' as Amber NC Restart
	Reading '../../1g9o06_E92RS93RS95TK96Q/no_restraint_new_protocol/min_NoH_10_2_3_10_mut_E92RS93RS95TK96Q_round_2_0019.rst7' as Amber NC Restart
	Reading '../../1g9o06_E92RS93RS95TK96Q/no_restraint_new_protocol/min_NoH_10_2_3_10_mut_E92RS93RS95TK96Q_round_2_0021.rst7' as Amber NC Restart
	Reading '../../1g9o06_E92RS93RS95TK96Q/no_restraint_new_protocol/min_NoH_10_2_4_10_mut_E92RS93RS95TK96Q_round_2_0019.rst7' as Amber NC Restart
	Reading '../../1g9o06_E92RS93RS95TK96Q/no_restraint_new_protocol/min_NoH_10_2_4_10_mut_E92RS93RS95TK96Q_round_2_0022.rst7' as Amber NC Restart
	Reading '../../1g9o06_E92RS93RS95TK96Q/no_restraint_new_protocol/min_NoH_10_2_5_10_mut_E92RS93RS95TK96Q_round_2_0014.rst7' as Amber NC Restart
	Reading '../../1g9o06_E92RS93RS95TK96Q/no_restraint_new_protocol/min_NoH_10_2_6_10_mut_E92RS93RS95TK96Q_round_2_0022.rst7' as Amber NC Restart
	Reading '../../1g9o06_E92RS93RS95TK96Q/no_restraint_new_protocol/min_NoH_10_2_7_10_mut_E92RS93RS95TK96Q_round_2_0001.rst7' as Amber NC Restart
	Reading '../../1g9o06_E92RS93RS95TK96Q/no_restraint_new_protocol/min_NoH_10_2_7_10_mut_E92RS93RS95TK96Q_round_2_0013.rst7' as Amber NC Restart
	Reading '../../1g9o06_E92RS93RS95TK96Q/no_restraint_new_protocol/min_NoH_10_2_7_10_mut_E92RS93RS95TK96Q_round_2_0015.rst7' as Amber NC Restart
	Reading '../../1g9o06_E92RS93RS95TK96Q/no_restraint_new_protocol/min_NoH_10_2_8_10_mut_E92RS93RS95TK96Q_round_2_0007.rst7' as Amber NC Restart
	Reading '../../1g9o06_E92RS93RS95TK96Q/no_restraint_new_protocol/min_NoH_10_2_8_10_mut_E92RS93RS95TK96Q_round_2_0008.rst7' as Amber NC Restart
	Reading '../../1g9o06_E92RS93RS95TK96Q/no_restraint_new_protocol/min_NoH_10_4_1_10_mut_E92RS93RS95TK96Q_round_4_0023.rst7' as Amber NC Restart
	Reading '../../1g9o06_E92RS93RS95TK96Q/no_restraint_new_protocol/min_NoH_10_4_2_10_mut_E92RS93RS95TK96Q_round_4_0006.rst7' as Amber NC Restart
	Reading '../../1g9o06_E92RS93RS95TK96Q/no_restraint_new_protocol/min_NoH_10_4_2_10_mut_E92RS93RS95TK96Q_round_4_0016.rst7' as Amber NC Restart
	Reading '../../1g9o06_E92RS93RS95TK96Q/no_restraint_new_protocol/min_NoH_10_4_2_10_mut_E92RS93RS95TK96Q_round_4_0024.rst7' as Amber NC Restart
	Reading '../../1g9o06_E92RS93RS95TK96Q/no_restraint_new_protocol/min_NoH_10_4_4_10_mut_E92RS93RS95TK96Q_round_4_0004.rst7' as Amber NC Restart
	Reading '../../1g9o06_E92RS93RS95TK96Q/no_restraint_new_protocol/min_NoH_10_4_4_10_mut_E92RS93RS95TK96Q_round_4_0014.rst7' as Amber NC Restart
	Reading '../../1g9o06_E92RS93RS95TK96Q/no_restraint_new_protocol/min_NoH_10_4_5_10_mut_E92RS93RS95TK96Q_round_4_0022.rst7' as Amber NC Restart
	Reading '../../1g9o06_E92RS93RS95TK96Q/no_restraint_new_protocol/min_NoH_10_4_6_10_mut_E92RS93RS95TK96Q_round_4_0009.rst7' as Amber NC Restart
	Reading '../../1g9o06_E92RS93RS95TK96Q/no_restraint_new_protocol/min_NoH_10_4_6_10_mut_E92RS93RS95TK96Q_round_4_0019.rst7' as Amber NC Restart
	Reading '../../1g9o06_E92RS93RS95TK96Q/no_restraint_new_protocol/min_NoH_10_4_7_10_mut_E92RS93RS95TK96Q_round_4_0005.rst7' as Amber NC Restart
	Reading '../../1g9o06_E92RS93RS95TK96Q/no_restraint_new_protocol/min_NoH_10_4_7_10_mut_E92RS93RS95TK96Q_round_4_0018.rst7' as Amber NC Restart
	Reading '../../1g9o06_E92RS93RS95TK96Q/no_restraint_new_protocol/min_NoH_10_4_7_10_mut_E92RS93RS95TK96Q_round_4_0021.rst7' as Amber NC Restart
	Reading '../../1g9o06_E92RS93RS95TK96Q/no_restraint_new_protocol/min_NoH_10_4_8_10_mut_E92RS93RS95TK96Q_round_4_0006.rst7' as Amber NC Restart
	Reading '../../1g9o06_E92RS93RS95TK96Q/no_restraint_new_protocol/min_NoH_10_4_8_10_mut_E92RS93RS95TK96Q_round_4_0011.rst7' as Amber NC Restart
	Reading '../../1g9o06_E92RS93RS95TK96Q/no_restraint_new_protocol/min_NoH_10_4_8_10_mut_E92RS93RS95TK96Q_round_4_0012.rst7' as Amber NC Restart
	Reading '../../1g9o06_E92RS93RS95TK96Q/no_restraint_new_protocol/min_NoH_10_4_8_10_mut_E92RS93RS95TK96Q_round_4_0021.rst7' as Amber NC Restart
	Reading '../../1g9o06_E92RS93RS95TK96Q/no_restraint_new_protocol/min_NoH_10_5_1_10_mut_E92RS93RS95TK96Q_round_5_0013.rst7' as Amber NC Restart
	Reading '../../1g9o06_E92RS93RS95TK96Q/no_restraint_new_protocol/min_NoH_10_5_1_10_mut_E92RS93RS95TK96Q_round_5_0014.rst7' as Amber NC Restart
	Reading '../../1g9o06_E92RS93RS95TK96Q/no_restraint_new_protocol/min_NoH_10_5_2_10_mut_E92RS93RS95TK96Q_round_5_0006.rst7' as Amber NC Restart
	Reading '../../1g9o06_E92RS93RS95TK96Q/no_restraint_new_protocol/min_NoH_10_5_2_10_mut_E92RS93RS95TK96Q_round_5_0022.rst7' as Amber NC Restart
	Reading '../../1g9o06_E92RS93RS95TK96Q/no_restraint_new_protocol/min_NoH_10_5_4_10_mut_E92RS93RS95TK96Q_round_5_0009.rst7' as Amber NC Restart
	Reading '../../1g9o06_E92RS93RS95TK96Q/no_restraint_new_protocol/min_NoH_10_5_5_10_mut_E92RS93RS95TK96Q_round_5_0010.rst7' as Amber NC Restart
	Reading '../../1g9o06_E92RS93RS95TK96Q/no_restraint_new_protocol/min_NoH_10_5_5_10_mut_E92RS93RS95TK96Q_round_5_0012.rst7' as Amber NC Restart
	Reading '../../1g9o06_E92RS93RS95TK96Q/no_restraint_new_protocol/min_NoH_10_5_5_10_mut_E92RS93RS95TK96Q_round_5_0014.rst7' as Amber NC Restart
	Reading '../../1g9o06_E92RS93RS95TK96Q/no_restraint_new_protocol/min_NoH_10_5_5_10_mut_E92RS93RS95TK96Q_round_5_0020.rst7' as Amber NC Restart
	Reading '../../1g9o06_E92RS93RS95TK96Q/no_restraint_new_protocol/min_NoH_10_5_6_10_mut_E92RS93RS95TK96Q_round_5_0004.rst7' as Amber NC Restart
	Reading '../../1g9o06_E92RS93RS95TK96Q/no_restraint_new_protocol/min_NoH_10_5_6_10_mut_E92RS93RS95TK96Q_round_5_0023.rst7' as Amber NC Restart
	Reading '../../1g9o06_E92RS93RS95TK96Q/no_restraint_new_protocol/min_NoH_10_5_7_10_mut_E92RS93RS95TK96Q_round_5_0010.rst7' as Amber NC Restart
	Reading '../../1g9o06_E92RS93RS95TK96Q/no_restraint_new_protocol/min_NoH_10_5_7_10_mut_E92RS93RS95TK96Q_round_5_0019.rst7' as Amber NC Restart
	Reading '../../1g9o06_E92RS93RS95TK96Q/no_restraint_new_protocol/min_NoH_10_5_8_10_mut_E92RS93RS95TK96Q_round_5_0004.rst7' as Amber NC Restart
	Reading '../../1g9o06_E92RS93RS95TK96Q/no_restraint_new_protocol/min_NoH_10_5_8_10_mut_E92RS93RS95TK96Q_round_5_0007.rst7' as Amber NC Restart
	Reading '../../1g9o06_E92RS93RS95TK96Q/no_restraint_new_protocol/min_NoH_10_5_8_10_mut_E92RS93RS95TK96Q_round_5_0010.rst7' as Amber NC Restart
	Reading '../../1g9o06_E92RS93RS95TK96Q/no_restraint_new_protocol/min_NoH_10_5_8_10_mut_E92RS93RS95TK96Q_round_5_0022.rst7' as Amber NC Restart
TIME: Total execution time: 1.1808 seconds.
--------------------------------------------------------------------------------
To cite CPPTRAJ use:
Daniel R. Roe and Thomas E. Cheatham, III, "PTRAJ and CPPTRAJ: Software for
  Processing and Analysis of Molecular Dynamics Trajectory Data". J. Chem.
  Theory Comput., 2013, 9 (7), pp 3084-3095.

